[0.157s] Invoking command in '/home/bonnie/DynOSAM/build/rviz_dynamic_slam_plugins': AMENT_PREFIX_PATH=/home/bonnie/DynOSAM/install/dynamic_slam_interfaces:${AMENT_PREFIX_PATH} CMAKE_PREFIX_PATH=/home/bonnie/DynOSAM/install/dynamic_slam_interfaces:/opt/ros/humble LD_LIBRARY_PATH=/home/bonnie/DynOSAM/install/dynamic_slam_interfaces/lib:${LD_LIBRARY_PATH} PYTHONPATH=/home/bonnie/DynOSAM/install/dynamic_slam_interfaces/local/lib/python3.10/dist-packages:${PYTHONPATH} /usr/bin/cmake --build /home/bonnie/DynOSAM/build/rviz_dynamic_slam_plugins -- -j16 -l16
[0.193s] ninja: no work to do.
[0.195s] Invoked command in '/home/bonnie/DynOSAM/build/rviz_dynamic_slam_plugins' returned '0': AMENT_PREFIX_PATH=/home/bonnie/DynOSAM/install/dynamic_slam_interfaces:${AMENT_PREFIX_PATH} CMAKE_PREFIX_PATH=/home/bonnie/DynOSAM/install/dynamic_slam_interfaces:/opt/ros/humble LD_LIBRARY_PATH=/home/bonnie/DynOSAM/install/dynamic_slam_interfaces/lib:${LD_LIBRARY_PATH} PYTHONPATH=/home/bonnie/DynOSAM/install/dynamic_slam_interfaces/local/lib/python3.10/dist-packages:${PYTHONPATH} /usr/bin/cmake --build /home/bonnie/DynOSAM/build/rviz_dynamic_slam_plugins -- -j16 -l16
[0.198s] Invoking command in '/home/bonnie/DynOSAM/build/rviz_dynamic_slam_plugins': AMENT_PREFIX_PATH=/home/bonnie/DynOSAM/install/dynamic_slam_interfaces:${AMENT_PREFIX_PATH} CMAKE_PREFIX_PATH=/home/bonnie/DynOSAM/install/dynamic_slam_interfaces:/opt/ros/humble LD_LIBRARY_PATH=/home/bonnie/DynOSAM/install/dynamic_slam_interfaces/lib:${LD_LIBRARY_PATH} PYTHONPATH=/home/bonnie/DynOSAM/install/dynamic_slam_interfaces/local/lib/python3.10/dist-packages:${PYTHONPATH} /usr/bin/cmake --install /home/bonnie/DynOSAM/build/rviz_dynamic_slam_plugins
[0.207s] -- Install configuration: "RelWithDebinfo"
[0.207s] -- Up-to-date: /home/bonnie/DynOSAM/install/rviz_dynamic_slam_plugins/share/rviz_dynamic_slam_plugins/plugins_description.xml
[0.207s] -- Up-to-date: /home/bonnie/DynOSAM/install/rviz_dynamic_slam_plugins/share/rviz_dynamic_slam_plugins/environment/library_path.sh
[0.207s] -- Up-to-date: /home/bonnie/DynOSAM/install/rviz_dynamic_slam_plugins/share/rviz_dynamic_slam_plugins/environment/library_path.dsv
[0.208s] -- Up-to-date: /home/bonnie/DynOSAM/install/rviz_dynamic_slam_plugins/lib/librviz_dynamic_slam_plugins.so
[0.209s] -- Up-to-date: /home/bonnie/DynOSAM/install/rviz_dynamic_slam_plugins/include/rviz_dynamic_slam_plugins
[0.209s] -- Up-to-date: /home/bonnie/DynOSAM/install/rviz_dynamic_slam_plugins/include/rviz_dynamic_slam_plugins/rviz_dynamic_slam_plugins
[0.209s] -- Up-to-date: /home/bonnie/DynOSAM/install/rviz_dynamic_slam_plugins/include/rviz_dynamic_slam_plugins/rviz_dynamic_slam_plugins/object_odometry_path_display.hpp
[0.209s] -- Up-to-date: /home/bonnie/DynOSAM/install/rviz_dynamic_slam_plugins/include/rviz_dynamic_slam_plugins/rviz_dynamic_slam_plugins/object_odometry_display.hpp
[0.209s] -- Up-to-date: /home/bonnie/DynOSAM/install/rviz_dynamic_slam_plugins/share/ament_index/resource_index/package_run_dependencies/rviz_dynamic_slam_plugins
[0.210s] -- Up-to-date: /home/bonnie/DynOSAM/install/rviz_dynamic_slam_plugins/share/ament_index/resource_index/parent_prefix_path/rviz_dynamic_slam_plugins
[0.210s] -- Up-to-date: /home/bonnie/DynOSAM/install/rviz_dynamic_slam_plugins/share/rviz_dynamic_slam_plugins/environment/ament_prefix_path.sh
[0.210s] -- Up-to-date: /home/bonnie/DynOSAM/install/rviz_dynamic_slam_plugins/share/rviz_dynamic_slam_plugins/environment/ament_prefix_path.dsv
[0.210s] -- Up-to-date: /home/bonnie/DynOSAM/install/rviz_dynamic_slam_plugins/share/rviz_dynamic_slam_plugins/environment/path.sh
[0.210s] -- Up-to-date: /home/bonnie/DynOSAM/install/rviz_dynamic_slam_plugins/share/rviz_dynamic_slam_plugins/environment/path.dsv
[0.210s] -- Up-to-date: /home/bonnie/DynOSAM/install/rviz_dynamic_slam_plugins/share/rviz_dynamic_slam_plugins/local_setup.bash
[0.211s] -- Up-to-date: /home/bonnie/DynOSAM/install/rviz_dynamic_slam_plugins/share/rviz_dynamic_slam_plugins/local_setup.sh
[0.211s] -- Up-to-date: /home/bonnie/DynOSAM/install/rviz_dynamic_slam_plugins/share/rviz_dynamic_slam_plugins/local_setup.zsh
[0.211s] -- Up-to-date: /home/bonnie/DynOSAM/install/rviz_dynamic_slam_plugins/share/rviz_dynamic_slam_plugins/local_setup.dsv
[0.211s] -- Installing: /home/bonnie/DynOSAM/install/rviz_dynamic_slam_plugins/share/rviz_dynamic_slam_plugins/package.dsv
[0.212s] -- Up-to-date: /home/bonnie/DynOSAM/install/rviz_dynamic_slam_plugins/share/ament_index/resource_index/packages/rviz_dynamic_slam_plugins
[0.212s] -- Up-to-date: /home/bonnie/DynOSAM/install/rviz_dynamic_slam_plugins/share/ament_index/resource_index/rviz_common__pluginlib__plugin/rviz_dynamic_slam_plugins
[0.212s] -- Up-to-date: /home/bonnie/DynOSAM/install/rviz_dynamic_slam_plugins/share/rviz_dynamic_slam_plugins/cmake/rviz_dynamic_slam_pluginsExport.cmake
[0.212s] -- Up-to-date: /home/bonnie/DynOSAM/install/rviz_dynamic_slam_plugins/share/rviz_dynamic_slam_plugins/cmake/rviz_dynamic_slam_pluginsExport-relwithdebinfo.cmake
[0.212s] -- Up-to-date: /home/bonnie/DynOSAM/install/rviz_dynamic_slam_plugins/share/rviz_dynamic_slam_plugins/cmake/rviz_dynamic_slam_plugins-extras.cmake
[0.212s] -- Up-to-date: /home/bonnie/DynOSAM/install/rviz_dynamic_slam_plugins/share/rviz_dynamic_slam_plugins/cmake/ament_cmake_export_include_directories-extras.cmake
[0.212s] -- Up-to-date: /home/bonnie/DynOSAM/install/rviz_dynamic_slam_plugins/share/rviz_dynamic_slam_plugins/cmake/ament_cmake_export_targets-extras.cmake
[0.212s] -- Up-to-date: /home/bonnie/DynOSAM/install/rviz_dynamic_slam_plugins/share/rviz_dynamic_slam_plugins/cmake/ament_cmake_export_dependencies-extras.cmake
[0.212s] -- Up-to-date: /home/bonnie/DynOSAM/install/rviz_dynamic_slam_plugins/share/rviz_dynamic_slam_plugins/cmake/rviz_dynamic_slam_pluginsConfig.cmake
[0.212s] -- Up-to-date: /home/bonnie/DynOSAM/install/rviz_dynamic_slam_plugins/share/rviz_dynamic_slam_plugins/cmake/rviz_dynamic_slam_pluginsConfig-version.cmake
[0.212s] -- Up-to-date: /home/bonnie/DynOSAM/install/rviz_dynamic_slam_plugins/share/rviz_dynamic_slam_plugins/package.xml
[0.215s] Invoked command in '/home/bonnie/DynOSAM/build/rviz_dynamic_slam_plugins' returned '0': AMENT_PREFIX_PATH=/home/bonnie/DynOSAM/install/dynamic_slam_interfaces:${AMENT_PREFIX_PATH} CMAKE_PREFIX_PATH=/home/bonnie/DynOSAM/install/dynamic_slam_interfaces:/opt/ros/humble LD_LIBRARY_PATH=/home/bonnie/DynOSAM/install/dynamic_slam_interfaces/lib:${LD_LIBRARY_PATH} PYTHONPATH=/home/bonnie/DynOSAM/install/dynamic_slam_interfaces/local/lib/python3.10/dist-packages:${PYTHONPATH} /usr/bin/cmake --install /home/bonnie/DynOSAM/build/rviz_dynamic_slam_plugins
