[0.027s] Invoking command in '/home/bonnie/DynOSAM/src/build/zed_msgs': CMAKE_PREFIX_PATH=/opt/ros/humble /usr/bin/cmake /home/bonnie/DynOSAM/src/zed-ros2-interfaces -DCMAKE_EXPORT_COMPILE_COMMANDS=ON -DCMAKE_BUILD_TYPE=RelWithDebinfo -G Ninja -DCMAKE_INSTALL_PREFIX=/home/bonnie/DynOSAM/src/install/zed_msgs
[0.057s] -- Found ament_cmake_auto: 1.3.11 (/opt/ros/humble/share/ament_cmake_auto/cmake)
[0.632s] Traceback (most recent call last):
[0.637s]   File "/opt/ros/humble/share/ament_cmake_core/cmake/core/package_xml_2_cmake.py", line 22, in <module>
[0.637s]     from catkin_pkg.package import parse_package_string
[0.637s] ModuleNotFoundError: No module named 'catkin_pkg'
[0.656s] [31mCMake Error at /opt/ros/humble/share/ament_cmake_core/cmake/core/ament_package_xml.cmake:95 (message):
[0.656s]   execute_process(/home/linuxbrew/.linuxbrew/bin/python3
[0.656s]   /opt/ros/humble/share/ament_cmake_core/cmake/core/package_xml_2_cmake.py
[0.657s]   /home/bonnie/DynOSAM/src/zed-ros2-interfaces/package.xml
[0.657s]   /home/bonnie/DynOSAM/src/build/zed_msgs/ament_cmake_core/package.cmake)
[0.657s]   returned error code 1
[0.657s] Call Stack (most recent call first):
[0.657s]   /opt/ros/humble/share/ament_cmake_core/cmake/core/ament_package_xml.cmake:49 (_ament_package_xml)
[0.657s]   /opt/ros/humble/share/ament_cmake_auto/cmake/ament_auto_find_build_dependencies.cmake:42 (ament_package_xml)
[0.657s]   CMakeLists.txt:61 (ament_auto_find_build_dependencies)
[0.657s] 
[0.658s] [0m
[0.664s] -- Configuring incomplete, errors occurred!
[0.664s] See also "/home/bonnie/DynOSAM/src/build/zed_msgs/CMakeFiles/CMakeOutput.log".
[0.679s] Invoked command in '/home/bonnie/DynOSAM/src/build/zed_msgs' returned '1': CMAKE_PREFIX_PATH=/opt/ros/humble /usr/bin/cmake /home/bonnie/DynOSAM/src/zed-ros2-interfaces -DCMAKE_EXPORT_COMPILE_COMMANDS=ON -DCMAKE_BUILD_TYPE=RelWithDebinfo -G Ninja -DCMAKE_INSTALL_PREFIX=/home/bonnie/DynOSAM/src/install/zed_msgs
