[0.365s] DEBUG:colcon:Command line arguments: ['/usr/bin/colcon', 'build', '--cmake-args', '-DCMAKE_EXPORT_COMPILE_COMMANDS=ON', '-DCMAKE_BUILD_TYPE=RelWithDebinfo', '-G', 'Ninja']
[0.365s] DEBUG:colcon:Parsed command line arguments: Namespace(log_base=None, log_level=None, verb_name='build', build_base='build', install_base='install', merge_install=False, symlink_install=False, test_result_base=None, continue_on_error=False, executor='parallel', parallel_workers=16, event_handlers=None, ignore_user_meta=False, metas=['./colcon.meta'], base_paths=['.'], packages_ignore=None, packages_ignore_regex=None, paths=None, packages_up_to=None, packages_up_to_regex=None, packages_above=None, packages_above_and_dependencies=None, packages_above_depth=None, packages_select_by_dep=None, packages_skip_by_dep=None, packages_skip_up_to=None, packages_select_build_failed=False, packages_skip_build_finished=False, packages_select_test_failures=False, packages_skip_test_passed=False, packages_select=None, packages_skip=None, packages_select_regex=None, packages_skip_regex=None, packages_start=None, packages_end=None, allow_overriding=[], cmake_args=['-DCMAKE_EXPORT_COMPILE_COMMANDS=ON', '-DCMAKE_BUILD_TYPE=RelWithDebinfo', '-G', 'Ninja'], cmake_target=None, cmake_target_skip_unavailable=False, cmake_clean_cache=False, cmake_clean_first=False, cmake_force_configure=False, ament_cmake_args=None, catkin_cmake_args=None, catkin_skip_building_tests=False, mixin_files=None, mixin=None, verb_parser=<colcon_mixin.mixin.mixin_argument.MixinArgumentDecorator object at 0x7cb52eb2d330>, verb_extension=<colcon_core.verb.build.BuildVerb object at 0x7cb52eb2c9a0>, main=<bound method BuildVerb.main of <colcon_core.verb.build.BuildVerb object at 0x7cb52eb2c9a0>>, mixin_verb=('build',))
[0.629s] Level 1:colcon.colcon_core.package_discovery:discover_packages(colcon_meta) check parameters
[0.630s] Level 1:colcon.colcon_core.package_discovery:discover_packages(recursive) check parameters
[0.630s] Level 1:colcon.colcon_core.package_discovery:discover_packages(ignore) check parameters
[0.630s] Level 1:colcon.colcon_core.package_discovery:discover_packages(path) check parameters
[0.630s] Level 1:colcon.colcon_core.package_discovery:discover_packages(colcon_meta) discover
[0.630s] Level 1:colcon.colcon_core.package_discovery:discover_packages(recursive) discover
[0.630s] INFO:colcon.colcon_core.package_discovery:Crawling recursively for packages in '/home/bonnie/DynOSAM'
[0.630s] Level 1:colcon.colcon_core.package_identification:_identify(.) by extensions ['ignore', 'ignore_ament_install']
[0.630s] Level 1:colcon.colcon_core.package_identification:_identify(.) by extension 'ignore'
[0.630s] Level 1:colcon.colcon_core.package_identification:_identify(.) by extension 'ignore_ament_install'
[0.630s] Level 1:colcon.colcon_core.package_identification:_identify(.) by extensions ['colcon_pkg']
[0.630s] Level 1:colcon.colcon_core.package_identification:_identify(.) by extension 'colcon_pkg'
[0.630s] Level 1:colcon.colcon_core.package_identification:_identify(.) by extensions ['colcon_meta']
[0.630s] Level 1:colcon.colcon_core.package_identification:_identify(.) by extension 'colcon_meta'
[0.630s] Level 1:colcon.colcon_core.package_identification:_identify(.) by extensions ['ros']
[0.630s] Level 1:colcon.colcon_core.package_identification:_identify(.) by extension 'ros'
[0.644s] Level 1:colcon.colcon_core.package_identification:_identify(.) by extensions ['cmake', 'python']
[0.644s] Level 1:colcon.colcon_core.package_identification:_identify(.) by extension 'cmake'
[0.644s] Level 1:colcon.colcon_core.package_identification:_identify(.) by extension 'python'
[0.644s] Level 1:colcon.colcon_core.package_identification:_identify(.) by extensions ['python_setup_py']
[0.644s] Level 1:colcon.colcon_core.package_identification:_identify(.) by extension 'python_setup_py'
[0.644s] Level 1:colcon.colcon_core.package_identification:_identify(build) by extensions ['ignore', 'ignore_ament_install']
[0.644s] Level 1:colcon.colcon_core.package_identification:_identify(build) by extension 'ignore'
[0.644s] Level 1:colcon.colcon_core.package_identification:_identify(build) ignored
[0.644s] Level 1:colcon.colcon_core.package_identification:_identify(docker) by extensions ['ignore', 'ignore_ament_install']
[0.644s] Level 1:colcon.colcon_core.package_identification:_identify(docker) by extension 'ignore'
[0.644s] Level 1:colcon.colcon_core.package_identification:_identify(docker) by extension 'ignore_ament_install'
[0.644s] Level 1:colcon.colcon_core.package_identification:_identify(docker) by extensions ['colcon_pkg']
[0.644s] Level 1:colcon.colcon_core.package_identification:_identify(docker) by extension 'colcon_pkg'
[0.644s] Level 1:colcon.colcon_core.package_identification:_identify(docker) by extensions ['colcon_meta']
[0.644s] Level 1:colcon.colcon_core.package_identification:_identify(docker) by extension 'colcon_meta'
[0.644s] Level 1:colcon.colcon_core.package_identification:_identify(docker) by extensions ['ros']
[0.644s] Level 1:colcon.colcon_core.package_identification:_identify(docker) by extension 'ros'
[0.645s] Level 1:colcon.colcon_core.package_identification:_identify(docker) by extensions ['cmake', 'python']
[0.645s] Level 1:colcon.colcon_core.package_identification:_identify(docker) by extension 'cmake'
[0.645s] Level 1:colcon.colcon_core.package_identification:_identify(docker) by extension 'python'
[0.645s] Level 1:colcon.colcon_core.package_identification:_identify(docker) by extensions ['python_setup_py']
[0.645s] Level 1:colcon.colcon_core.package_identification:_identify(docker) by extension 'python_setup_py'
[0.645s] Level 1:colcon.colcon_core.package_identification:_identify(docs) by extensions ['ignore', 'ignore_ament_install']
[0.645s] Level 1:colcon.colcon_core.package_identification:_identify(docs) by extension 'ignore'
[0.645s] Level 1:colcon.colcon_core.package_identification:_identify(docs) by extension 'ignore_ament_install'
[0.645s] Level 1:colcon.colcon_core.package_identification:_identify(docs) by extensions ['colcon_pkg']
[0.645s] Level 1:colcon.colcon_core.package_identification:_identify(docs) by extension 'colcon_pkg'
[0.645s] Level 1:colcon.colcon_core.package_identification:_identify(docs) by extensions ['colcon_meta']
[0.645s] Level 1:colcon.colcon_core.package_identification:_identify(docs) by extension 'colcon_meta'
[0.645s] Level 1:colcon.colcon_core.package_identification:_identify(docs) by extensions ['ros']
[0.645s] Level 1:colcon.colcon_core.package_identification:_identify(docs) by extension 'ros'
[0.645s] Level 1:colcon.colcon_core.package_identification:_identify(docs) by extensions ['cmake', 'python']
[0.645s] Level 1:colcon.colcon_core.package_identification:_identify(docs) by extension 'cmake'
[0.645s] Level 1:colcon.colcon_core.package_identification:_identify(docs) by extension 'python'
[0.645s] Level 1:colcon.colcon_core.package_identification:_identify(docs) by extensions ['python_setup_py']
[0.645s] Level 1:colcon.colcon_core.package_identification:_identify(docs) by extension 'python_setup_py'
[0.645s] Level 1:colcon.colcon_core.package_identification:_identify(docs/media) by extensions ['ignore', 'ignore_ament_install']
[0.645s] Level 1:colcon.colcon_core.package_identification:_identify(docs/media) by extension 'ignore'
[0.645s] Level 1:colcon.colcon_core.package_identification:_identify(docs/media) by extension 'ignore_ament_install'
[0.645s] Level 1:colcon.colcon_core.package_identification:_identify(docs/media) by extensions ['colcon_pkg']
[0.646s] Level 1:colcon.colcon_core.package_identification:_identify(docs/media) by extension 'colcon_pkg'
[0.646s] Level 1:colcon.colcon_core.package_identification:_identify(docs/media) by extensions ['colcon_meta']
[0.646s] Level 1:colcon.colcon_core.package_identification:_identify(docs/media) by extension 'colcon_meta'
[0.646s] Level 1:colcon.colcon_core.package_identification:_identify(docs/media) by extensions ['ros']
[0.646s] Level 1:colcon.colcon_core.package_identification:_identify(docs/media) by extension 'ros'
[0.646s] Level 1:colcon.colcon_core.package_identification:_identify(docs/media) by extensions ['cmake', 'python']
[0.646s] Level 1:colcon.colcon_core.package_identification:_identify(docs/media) by extension 'cmake'
[0.646s] Level 1:colcon.colcon_core.package_identification:_identify(docs/media) by extension 'python'
[0.646s] Level 1:colcon.colcon_core.package_identification:_identify(docs/media) by extensions ['python_setup_py']
[0.646s] Level 1:colcon.colcon_core.package_identification:_identify(docs/media) by extension 'python_setup_py'
[0.646s] Level 1:colcon.colcon_core.package_identification:_identify(docs/media/results_example) by extensions ['ignore', 'ignore_ament_install']
[0.646s] Level 1:colcon.colcon_core.package_identification:_identify(docs/media/results_example) by extension 'ignore'
[0.646s] Level 1:colcon.colcon_core.package_identification:_identify(docs/media/results_example) by extension 'ignore_ament_install'
[0.646s] Level 1:colcon.colcon_core.package_identification:_identify(docs/media/results_example) by extensions ['colcon_pkg']
[0.646s] Level 1:colcon.colcon_core.package_identification:_identify(docs/media/results_example) by extension 'colcon_pkg'
[0.646s] Level 1:colcon.colcon_core.package_identification:_identify(docs/media/results_example) by extensions ['colcon_meta']
[0.646s] Level 1:colcon.colcon_core.package_identification:_identify(docs/media/results_example) by extension 'colcon_meta'
[0.646s] Level 1:colcon.colcon_core.package_identification:_identify(docs/media/results_example) by extensions ['ros']
[0.646s] Level 1:colcon.colcon_core.package_identification:_identify(docs/media/results_example) by extension 'ros'
[0.646s] Level 1:colcon.colcon_core.package_identification:_identify(docs/media/results_example) by extensions ['cmake', 'python']
[0.646s] Level 1:colcon.colcon_core.package_identification:_identify(docs/media/results_example) by extension 'cmake'
[0.646s] Level 1:colcon.colcon_core.package_identification:_identify(docs/media/results_example) by extension 'python'
[0.646s] Level 1:colcon.colcon_core.package_identification:_identify(docs/media/results_example) by extensions ['python_setup_py']
[0.646s] Level 1:colcon.colcon_core.package_identification:_identify(docs/media/results_example) by extension 'python_setup_py'
[0.647s] Level 1:colcon.colcon_core.package_identification:_identify(dynosam_test) by extensions ['ignore', 'ignore_ament_install']
[0.647s] Level 1:colcon.colcon_core.package_identification:_identify(dynosam_test) by extension 'ignore'
[0.647s] Level 1:colcon.colcon_core.package_identification:_identify(dynosam_test) by extension 'ignore_ament_install'
[0.647s] Level 1:colcon.colcon_core.package_identification:_identify(dynosam_test) by extensions ['colcon_pkg']
[0.647s] Level 1:colcon.colcon_core.package_identification:_identify(dynosam_test) by extension 'colcon_pkg'
[0.647s] Level 1:colcon.colcon_core.package_identification:_identify(dynosam_test) by extensions ['colcon_meta']
[0.647s] Level 1:colcon.colcon_core.package_identification:_identify(dynosam_test) by extension 'colcon_meta'
[0.647s] Level 1:colcon.colcon_core.package_identification:_identify(dynosam_test) by extensions ['ros']
[0.647s] Level 1:colcon.colcon_core.package_identification:_identify(dynosam_test) by extension 'ros'
[0.647s] Level 1:colcon.colcon_core.package_identification:_identify(dynosam_test) by extensions ['cmake', 'python']
[0.647s] Level 1:colcon.colcon_core.package_identification:_identify(dynosam_test) by extension 'cmake'
[0.647s] Level 1:colcon.colcon_core.package_identification:_identify(dynosam_test) by extension 'python'
[0.647s] Level 1:colcon.colcon_core.package_identification:_identify(dynosam_test) by extensions ['python_setup_py']
[0.647s] Level 1:colcon.colcon_core.package_identification:_identify(dynosam_test) by extension 'python_setup_py'
[0.647s] Level 1:colcon.colcon_core.package_identification:_identify(dynosam_test/csv) by extensions ['ignore', 'ignore_ament_install']
[0.647s] Level 1:colcon.colcon_core.package_identification:_identify(dynosam_test/csv) by extension 'ignore'
[0.647s] Level 1:colcon.colcon_core.package_identification:_identify(dynosam_test/csv) by extension 'ignore_ament_install'
[0.647s] Level 1:colcon.colcon_core.package_identification:_identify(dynosam_test/csv) by extensions ['colcon_pkg']
[0.647s] Level 1:colcon.colcon_core.package_identification:_identify(dynosam_test/csv) by extension 'colcon_pkg'
[0.647s] Level 1:colcon.colcon_core.package_identification:_identify(dynosam_test/csv) by extensions ['colcon_meta']
[0.647s] Level 1:colcon.colcon_core.package_identification:_identify(dynosam_test/csv) by extension 'colcon_meta'
[0.647s] Level 1:colcon.colcon_core.package_identification:_identify(dynosam_test/csv) by extensions ['ros']
[0.647s] Level 1:colcon.colcon_core.package_identification:_identify(dynosam_test/csv) by extension 'ros'
[0.647s] Level 1:colcon.colcon_core.package_identification:_identify(dynosam_test/csv) by extensions ['cmake', 'python']
[0.647s] Level 1:colcon.colcon_core.package_identification:_identify(dynosam_test/csv) by extension 'cmake'
[0.648s] Level 1:colcon.colcon_core.package_identification:_identify(dynosam_test/csv) by extension 'python'
[0.648s] Level 1:colcon.colcon_core.package_identification:_identify(dynosam_test/csv) by extensions ['python_setup_py']
[0.648s] Level 1:colcon.colcon_core.package_identification:_identify(dynosam_test/csv) by extension 'python_setup_py'
[0.648s] Level 1:colcon.colcon_core.package_identification:_identify(install) by extensions ['ignore', 'ignore_ament_install']
[0.648s] Level 1:colcon.colcon_core.package_identification:_identify(install) by extension 'ignore'
[0.648s] Level 1:colcon.colcon_core.package_identification:_identify(install) ignored
[0.648s] Level 1:colcon.colcon_core.package_identification:_identify(log) by extensions ['ignore', 'ignore_ament_install']
[0.648s] Level 1:colcon.colcon_core.package_identification:_identify(log) by extension 'ignore'
[0.648s] Level 1:colcon.colcon_core.package_identification:_identify(log) ignored
[0.648s] Level 1:colcon.colcon_core.package_identification:_identify(src) by extensions ['ignore', 'ignore_ament_install']
[0.648s] Level 1:colcon.colcon_core.package_identification:_identify(src) by extension 'ignore'
[0.648s] Level 1:colcon.colcon_core.package_identification:_identify(src) by extension 'ignore_ament_install'
[0.648s] Level 1:colcon.colcon_core.package_identification:_identify(src) by extensions ['colcon_pkg']
[0.648s] Level 1:colcon.colcon_core.package_identification:_identify(src) by extension 'colcon_pkg'
[0.648s] Level 1:colcon.colcon_core.package_identification:_identify(src) by extensions ['colcon_meta']
[0.648s] Level 1:colcon.colcon_core.package_identification:_identify(src) by extension 'colcon_meta'
[0.648s] Level 1:colcon.colcon_core.package_identification:_identify(src) by extensions ['ros']
[0.648s] Level 1:colcon.colcon_core.package_identification:_identify(src) by extension 'ros'
[0.648s] Level 1:colcon.colcon_core.package_identification:_identify(src) by extensions ['cmake', 'python']
[0.648s] Level 1:colcon.colcon_core.package_identification:_identify(src) by extension 'cmake'
[0.648s] Level 1:colcon.colcon_core.package_identification:_identify(src) by extension 'python'
[0.649s] Level 1:colcon.colcon_core.package_identification:_identify(src) by extensions ['python_setup_py']
[0.649s] Level 1:colcon.colcon_core.package_identification:_identify(src) by extension 'python_setup_py'
[0.649s] Level 1:colcon.colcon_core.package_identification:_identify(src/build) by extensions ['ignore', 'ignore_ament_install']
[0.649s] Level 1:colcon.colcon_core.package_identification:_identify(src/build) by extension 'ignore'
[0.649s] Level 1:colcon.colcon_core.package_identification:_identify(src/build) ignored
[0.649s] Level 1:colcon.colcon_core.package_identification:_identify(src/config_utilities) by extensions ['ignore', 'ignore_ament_install']
[0.649s] Level 1:colcon.colcon_core.package_identification:_identify(src/config_utilities) by extension 'ignore'
[0.649s] Level 1:colcon.colcon_core.package_identification:_identify(src/config_utilities) by extension 'ignore_ament_install'
[0.649s] Level 1:colcon.colcon_core.package_identification:_identify(src/config_utilities) by extensions ['colcon_pkg']
[0.649s] Level 1:colcon.colcon_core.package_identification:_identify(src/config_utilities) by extension 'colcon_pkg'
[0.649s] Level 1:colcon.colcon_core.package_identification:_identify(src/config_utilities) by extensions ['colcon_meta']
[0.649s] Level 1:colcon.colcon_core.package_identification:_identify(src/config_utilities) by extension 'colcon_meta'
[0.649s] Level 1:colcon.colcon_core.package_identification:_identify(src/config_utilities) by extensions ['ros']
[0.649s] Level 1:colcon.colcon_core.package_identification:_identify(src/config_utilities) by extension 'ros'
[0.649s] Level 1:colcon.colcon_core.package_identification:_identify(src/config_utilities) by extensions ['cmake', 'python']
[0.649s] Level 1:colcon.colcon_core.package_identification:_identify(src/config_utilities) by extension 'cmake'
[0.649s] Level 1:colcon.colcon_core.package_identification:_identify(src/config_utilities) by extension 'python'
[0.649s] Level 1:colcon.colcon_core.package_identification:_identify(src/config_utilities) by extensions ['python_setup_py']
[0.649s] Level 1:colcon.colcon_core.package_identification:_identify(src/config_utilities) by extension 'python_setup_py'
[0.649s] Level 1:colcon.colcon_core.package_identification:_identify(src/config_utilities/config_utilities) by extensions ['ignore', 'ignore_ament_install']
[0.649s] Level 1:colcon.colcon_core.package_identification:_identify(src/config_utilities/config_utilities) by extension 'ignore'
[0.649s] Level 1:colcon.colcon_core.package_identification:_identify(src/config_utilities/config_utilities) by extension 'ignore_ament_install'
[0.650s] Level 1:colcon.colcon_core.package_identification:_identify(src/config_utilities/config_utilities) by extensions ['colcon_pkg']
[0.650s] Level 1:colcon.colcon_core.package_identification:_identify(src/config_utilities/config_utilities) by extension 'colcon_pkg'
[0.650s] Level 1:colcon.colcon_core.package_identification:_identify(src/config_utilities/config_utilities) by extensions ['colcon_meta']
[0.650s] Level 1:colcon.colcon_core.package_identification:_identify(src/config_utilities/config_utilities) by extension 'colcon_meta'
[0.650s] Level 1:colcon.colcon_core.package_identification:_identify(src/config_utilities/config_utilities) by extensions ['ros']
[0.650s] Level 1:colcon.colcon_core.package_identification:_identify(src/config_utilities/config_utilities) by extension 'ros'
[0.654s] DEBUG:colcon.colcon_core.package_identification:Package 'src/config_utilities/config_utilities' with type 'ros.cmake' and name 'config_utilities'
[0.654s] Level 1:colcon.colcon_core.package_identification:_identify(src/config_utilities/docs) by extensions ['ignore', 'ignore_ament_install']
[0.654s] Level 1:colcon.colcon_core.package_identification:_identify(src/config_utilities/docs) by extension 'ignore'
[0.654s] Level 1:colcon.colcon_core.package_identification:_identify(src/config_utilities/docs) by extension 'ignore_ament_install'
[0.654s] Level 1:colcon.colcon_core.package_identification:_identify(src/config_utilities/docs) by extensions ['colcon_pkg']
[0.654s] Level 1:colcon.colcon_core.package_identification:_identify(src/config_utilities/docs) by extension 'colcon_pkg'
[0.654s] Level 1:colcon.colcon_core.package_identification:_identify(src/config_utilities/docs) by extensions ['colcon_meta']
[0.654s] Level 1:colcon.colcon_core.package_identification:_identify(src/config_utilities/docs) by extension 'colcon_meta'
[0.654s] Level 1:colcon.colcon_core.package_identification:_identify(src/config_utilities/docs) by extensions ['ros']
[0.655s] Level 1:colcon.colcon_core.package_identification:_identify(src/config_utilities/docs) by extension 'ros'
[0.655s] Level 1:colcon.colcon_core.package_identification:_identify(src/config_utilities/docs) by extensions ['cmake', 'python']
[0.655s] Level 1:colcon.colcon_core.package_identification:_identify(src/config_utilities/docs) by extension 'cmake'
[0.655s] Level 1:colcon.colcon_core.package_identification:_identify(src/config_utilities/docs) by extension 'python'
[0.655s] Level 1:colcon.colcon_core.package_identification:_identify(src/config_utilities/docs) by extensions ['python_setup_py']
[0.655s] Level 1:colcon.colcon_core.package_identification:_identify(src/config_utilities/docs) by extension 'python_setup_py'
[0.655s] Level 1:colcon.colcon_core.package_identification:_identify(src/dynamic_slam_interfaces) by extensions ['ignore', 'ignore_ament_install']
[0.655s] Level 1:colcon.colcon_core.package_identification:_identify(src/dynamic_slam_interfaces) by extension 'ignore'
[0.655s] Level 1:colcon.colcon_core.package_identification:_identify(src/dynamic_slam_interfaces) by extension 'ignore_ament_install'
[0.655s] Level 1:colcon.colcon_core.package_identification:_identify(src/dynamic_slam_interfaces) by extensions ['colcon_pkg']
[0.655s] Level 1:colcon.colcon_core.package_identification:_identify(src/dynamic_slam_interfaces) by extension 'colcon_pkg'
[0.655s] Level 1:colcon.colcon_core.package_identification:_identify(src/dynamic_slam_interfaces) by extensions ['colcon_meta']
[0.655s] Level 1:colcon.colcon_core.package_identification:_identify(src/dynamic_slam_interfaces) by extension 'colcon_meta'
[0.655s] Level 1:colcon.colcon_core.package_identification:_identify(src/dynamic_slam_interfaces) by extensions ['ros']
[0.655s] Level 1:colcon.colcon_core.package_identification:_identify(src/dynamic_slam_interfaces) by extension 'ros'
[0.656s] DEBUG:colcon.colcon_core.package_identification:Package 'src/dynamic_slam_interfaces' with type 'ros.ament_cmake' and name 'dynamic_slam_interfaces'
[0.656s] Level 1:colcon.colcon_core.package_identification:_identify(src/dynosam) by extensions ['ignore', 'ignore_ament_install']
[0.656s] Level 1:colcon.colcon_core.package_identification:_identify(src/dynosam) by extension 'ignore'
[0.657s] Level 1:colcon.colcon_core.package_identification:_identify(src/dynosam) by extension 'ignore_ament_install'
[0.657s] Level 1:colcon.colcon_core.package_identification:_identify(src/dynosam) by extensions ['colcon_pkg']
[0.657s] Level 1:colcon.colcon_core.package_identification:_identify(src/dynosam) by extension 'colcon_pkg'
[0.657s] Level 1:colcon.colcon_core.package_identification:_identify(src/dynosam) by extensions ['colcon_meta']
[0.657s] Level 1:colcon.colcon_core.package_identification:_identify(src/dynosam) by extension 'colcon_meta'
[0.657s] Level 1:colcon.colcon_core.package_identification:_identify(src/dynosam) by extensions ['ros']
[0.657s] Level 1:colcon.colcon_core.package_identification:_identify(src/dynosam) by extension 'ros'
[0.658s] DEBUG:colcon.colcon_core.package_identification:Package 'src/dynosam' with type 'ros.ament_cmake' and name 'dynosam'
[0.658s] Level 1:colcon.colcon_core.package_identification:_identify(src/dynosam_ros) by extensions ['ignore', 'ignore_ament_install']
[0.658s] Level 1:colcon.colcon_core.package_identification:_identify(src/dynosam_ros) by extension 'ignore'
[0.659s] Level 1:colcon.colcon_core.package_identification:_identify(src/dynosam_ros) by extension 'ignore_ament_install'
[0.659s] Level 1:colcon.colcon_core.package_identification:_identify(src/dynosam_ros) by extensions ['colcon_pkg']
[0.659s] Level 1:colcon.colcon_core.package_identification:_identify(src/dynosam_ros) by extension 'colcon_pkg'
[0.659s] Level 1:colcon.colcon_core.package_identification:_identify(src/dynosam_ros) by extensions ['colcon_meta']
[0.659s] Level 1:colcon.colcon_core.package_identification:_identify(src/dynosam_ros) by extension 'colcon_meta'
[0.659s] Level 1:colcon.colcon_core.package_identification:_identify(src/dynosam_ros) by extensions ['ros']
[0.659s] Level 1:colcon.colcon_core.package_identification:_identify(src/dynosam_ros) by extension 'ros'
[0.660s] DEBUG:colcon.colcon_core.package_identification:Package 'src/dynosam_ros' with type 'ros.ament_cmake' and name 'dynosam_ros'
[0.660s] Level 1:colcon.colcon_core.package_identification:_identify(src/dynosam_utils) by extensions ['ignore', 'ignore_ament_install']
[0.660s] Level 1:colcon.colcon_core.package_identification:_identify(src/dynosam_utils) by extension 'ignore'
[0.660s] Level 1:colcon.colcon_core.package_identification:_identify(src/dynosam_utils) by extension 'ignore_ament_install'
[0.660s] Level 1:colcon.colcon_core.package_identification:_identify(src/dynosam_utils) by extensions ['colcon_pkg']
[0.660s] Level 1:colcon.colcon_core.package_identification:_identify(src/dynosam_utils) by extension 'colcon_pkg'
[0.660s] Level 1:colcon.colcon_core.package_identification:_identify(src/dynosam_utils) by extensions ['colcon_meta']
[0.660s] Level 1:colcon.colcon_core.package_identification:_identify(src/dynosam_utils) by extension 'colcon_meta'
[0.660s] Level 1:colcon.colcon_core.package_identification:_identify(src/dynosam_utils) by extensions ['ros']
[0.660s] Level 1:colcon.colcon_core.package_identification:_identify(src/dynosam_utils) by extension 'ros'
[0.661s] DEBUG:colcon.colcon_core.package_identification:Package 'src/dynosam_utils' with type 'ros.ament_cmake' and name 'dynosam_utils'
[0.661s] Level 1:colcon.colcon_core.package_identification:_identify(src/install) by extensions ['ignore', 'ignore_ament_install']
[0.662s] Level 1:colcon.colcon_core.package_identification:_identify(src/install) by extension 'ignore'
[0.662s] Level 1:colcon.colcon_core.package_identification:_identify(src/install) ignored
[0.662s] Level 1:colcon.colcon_core.package_identification:_identify(src/log) by extensions ['ignore', 'ignore_ament_install']
[0.662s] Level 1:colcon.colcon_core.package_identification:_identify(src/log) by extension 'ignore'
[0.662s] Level 1:colcon.colcon_core.package_identification:_identify(src/log) ignored
[0.662s] Level 1:colcon.colcon_core.package_identification:_identify(src/rviz_dynamic_slam_plugins) by extensions ['ignore', 'ignore_ament_install']
[0.662s] Level 1:colcon.colcon_core.package_identification:_identify(src/rviz_dynamic_slam_plugins) by extension 'ignore'
[0.662s] Level 1:colcon.colcon_core.package_identification:_identify(src/rviz_dynamic_slam_plugins) by extension 'ignore_ament_install'
[0.662s] Level 1:colcon.colcon_core.package_identification:_identify(src/rviz_dynamic_slam_plugins) by extensions ['colcon_pkg']
[0.662s] Level 1:colcon.colcon_core.package_identification:_identify(src/rviz_dynamic_slam_plugins) by extension 'colcon_pkg'
[0.662s] Level 1:colcon.colcon_core.package_identification:_identify(src/rviz_dynamic_slam_plugins) by extensions ['colcon_meta']
[0.662s] Level 1:colcon.colcon_core.package_identification:_identify(src/rviz_dynamic_slam_plugins) by extension 'colcon_meta'
[0.662s] Level 1:colcon.colcon_core.package_identification:_identify(src/rviz_dynamic_slam_plugins) by extensions ['ros']
[0.662s] Level 1:colcon.colcon_core.package_identification:_identify(src/rviz_dynamic_slam_plugins) by extension 'ros'
[0.664s] DEBUG:colcon.colcon_core.package_identification:Package 'src/rviz_dynamic_slam_plugins' with type 'ros.ament_cmake' and name 'rviz_dynamic_slam_plugins'
[0.664s] Level 1:colcon.colcon_core.package_identification:_identify(src/zed-ros2-interfaces) by extensions ['ignore', 'ignore_ament_install']
[0.664s] Level 1:colcon.colcon_core.package_identification:_identify(src/zed-ros2-interfaces) by extension 'ignore'
[0.664s] Level 1:colcon.colcon_core.package_identification:_identify(src/zed-ros2-interfaces) by extension 'ignore_ament_install'
[0.664s] Level 1:colcon.colcon_core.package_identification:_identify(src/zed-ros2-interfaces) by extensions ['colcon_pkg']
[0.664s] Level 1:colcon.colcon_core.package_identification:_identify(src/zed-ros2-interfaces) by extension 'colcon_pkg'
[0.664s] Level 1:colcon.colcon_core.package_identification:_identify(src/zed-ros2-interfaces) by extensions ['colcon_meta']
[0.664s] Level 1:colcon.colcon_core.package_identification:_identify(src/zed-ros2-interfaces) by extension 'colcon_meta'
[0.664s] Level 1:colcon.colcon_core.package_identification:_identify(src/zed-ros2-interfaces) by extensions ['ros']
[0.664s] Level 1:colcon.colcon_core.package_identification:_identify(src/zed-ros2-interfaces) by extension 'ros'
[0.665s] DEBUG:colcon.colcon_core.package_identification:Package 'src/zed-ros2-interfaces' with type 'ros.ament_cmake' and name 'zed_msgs'
[0.665s] Level 1:colcon.colcon_core.package_discovery:discover_packages(recursive) using defaults
[0.665s] Level 1:colcon.colcon_core.package_discovery:discover_packages(ignore) discover
[0.665s] Level 1:colcon.colcon_core.package_discovery:discover_packages(ignore) using defaults
[0.665s] Level 1:colcon.colcon_core.package_discovery:discover_packages(path) discover
[0.665s] Level 1:colcon.colcon_core.package_discovery:discover_packages(path) using defaults
[0.703s] Level 1:colcon.colcon_core.package_discovery:discover_packages(prefix_path) check parameters
[0.703s] Level 1:colcon.colcon_core.package_discovery:discover_packages(prefix_path) discover
[0.707s] DEBUG:colcon.colcon_installed_package_information.package_discovery:Found 291 installed packages in /opt/ros/humble
[0.708s] Level 1:colcon.colcon_core.package_discovery:discover_packages(prefix_path) using defaults
[0.744s] Level 5:colcon.colcon_core.verb:set package 'config_utilities' build argument 'cmake_args' from command line to '['-DCMAKE_EXPORT_COMPILE_COMMANDS=ON', '-DCMAKE_BUILD_TYPE=RelWithDebinfo', '-G', 'Ninja']'
[0.744s] Level 5:colcon.colcon_core.verb:set package 'config_utilities' build argument 'cmake_target' from command line to 'None'
[0.744s] Level 5:colcon.colcon_core.verb:set package 'config_utilities' build argument 'cmake_target_skip_unavailable' from command line to 'False'
[0.744s] Level 5:colcon.colcon_core.verb:set package 'config_utilities' build argument 'cmake_clean_cache' from command line to 'False'
[0.744s] Level 5:colcon.colcon_core.verb:set package 'config_utilities' build argument 'cmake_clean_first' from command line to 'False'
[0.744s] Level 5:colcon.colcon_core.verb:set package 'config_utilities' build argument 'cmake_force_configure' from command line to 'False'
[0.744s] Level 5:colcon.colcon_core.verb:set package 'config_utilities' build argument 'ament_cmake_args' from command line to 'None'
[0.744s] Level 5:colcon.colcon_core.verb:set package 'config_utilities' build argument 'catkin_cmake_args' from command line to 'None'
[0.744s] Level 5:colcon.colcon_core.verb:set package 'config_utilities' build argument 'catkin_skip_building_tests' from command line to 'False'
[0.744s] DEBUG:colcon.colcon_core.verb:Building package 'config_utilities' with the following arguments: {'ament_cmake_args': None, 'build_base': '/home/bonnie/DynOSAM/build/config_utilities', 'catkin_cmake_args': None, 'catkin_skip_building_tests': False, 'cmake_args': ['-DCMAKE_EXPORT_COMPILE_COMMANDS=ON', '-DCMAKE_BUILD_TYPE=RelWithDebinfo', '-G', 'Ninja'], 'cmake_clean_cache': False, 'cmake_clean_first': False, 'cmake_force_configure': False, 'cmake_target': None, 'cmake_target_skip_unavailable': False, 'install_base': '/home/bonnie/DynOSAM/install/config_utilities', 'merge_install': False, 'path': '/home/bonnie/DynOSAM/src/config_utilities/config_utilities', 'symlink_install': False, 'test_result_base': None}
[0.745s] Level 5:colcon.colcon_core.verb:set package 'dynamic_slam_interfaces' build argument 'cmake_args' from command line to '['-DCMAKE_EXPORT_COMPILE_COMMANDS=ON', '-DCMAKE_BUILD_TYPE=RelWithDebinfo', '-G', 'Ninja']'
[0.745s] Level 5:colcon.colcon_core.verb:set package 'dynamic_slam_interfaces' build argument 'cmake_target' from command line to 'None'
[0.745s] Level 5:colcon.colcon_core.verb:set package 'dynamic_slam_interfaces' build argument 'cmake_target_skip_unavailable' from command line to 'False'
[0.745s] Level 5:colcon.colcon_core.verb:set package 'dynamic_slam_interfaces' build argument 'cmake_clean_cache' from command line to 'False'
[0.745s] Level 5:colcon.colcon_core.verb:set package 'dynamic_slam_interfaces' build argument 'cmake_clean_first' from command line to 'False'
[0.745s] Level 5:colcon.colcon_core.verb:set package 'dynamic_slam_interfaces' build argument 'cmake_force_configure' from command line to 'False'
[0.745s] Level 5:colcon.colcon_core.verb:set package 'dynamic_slam_interfaces' build argument 'ament_cmake_args' from command line to 'None'
[0.745s] Level 5:colcon.colcon_core.verb:set package 'dynamic_slam_interfaces' build argument 'catkin_cmake_args' from command line to 'None'
[0.745s] Level 5:colcon.colcon_core.verb:set package 'dynamic_slam_interfaces' build argument 'catkin_skip_building_tests' from command line to 'False'
[0.745s] DEBUG:colcon.colcon_core.verb:Building package 'dynamic_slam_interfaces' with the following arguments: {'ament_cmake_args': None, 'build_base': '/home/bonnie/DynOSAM/build/dynamic_slam_interfaces', 'catkin_cmake_args': None, 'catkin_skip_building_tests': False, 'cmake_args': ['-DCMAKE_EXPORT_COMPILE_COMMANDS=ON', '-DCMAKE_BUILD_TYPE=RelWithDebinfo', '-G', 'Ninja'], 'cmake_clean_cache': False, 'cmake_clean_first': False, 'cmake_force_configure': False, 'cmake_target': None, 'cmake_target_skip_unavailable': False, 'install_base': '/home/bonnie/DynOSAM/install/dynamic_slam_interfaces', 'merge_install': False, 'path': '/home/bonnie/DynOSAM/src/dynamic_slam_interfaces', 'symlink_install': False, 'test_result_base': None}
[0.745s] Level 5:colcon.colcon_core.verb:set package 'dynosam' build argument 'cmake_args' from command line to '['-DCMAKE_EXPORT_COMPILE_COMMANDS=ON', '-DCMAKE_BUILD_TYPE=RelWithDebinfo', '-G', 'Ninja']'
[0.745s] Level 5:colcon.colcon_core.verb:set package 'dynosam' build argument 'cmake_target' from command line to 'None'
[0.745s] Level 5:colcon.colcon_core.verb:set package 'dynosam' build argument 'cmake_target_skip_unavailable' from command line to 'False'
[0.745s] Level 5:colcon.colcon_core.verb:set package 'dynosam' build argument 'cmake_clean_cache' from command line to 'False'
[0.745s] Level 5:colcon.colcon_core.verb:set package 'dynosam' build argument 'cmake_clean_first' from command line to 'False'
[0.745s] Level 5:colcon.colcon_core.verb:set package 'dynosam' build argument 'cmake_force_configure' from command line to 'False'
[0.745s] Level 5:colcon.colcon_core.verb:set package 'dynosam' build argument 'ament_cmake_args' from command line to 'None'
[0.745s] Level 5:colcon.colcon_core.verb:set package 'dynosam' build argument 'catkin_cmake_args' from command line to 'None'
[0.745s] Level 5:colcon.colcon_core.verb:set package 'dynosam' build argument 'catkin_skip_building_tests' from command line to 'False'
[0.745s] DEBUG:colcon.colcon_core.verb:Building package 'dynosam' with the following arguments: {'ament_cmake_args': None, 'build_base': '/home/bonnie/DynOSAM/build/dynosam', 'catkin_cmake_args': None, 'catkin_skip_building_tests': False, 'cmake_args': ['-DCMAKE_EXPORT_COMPILE_COMMANDS=ON', '-DCMAKE_BUILD_TYPE=RelWithDebinfo', '-G', 'Ninja'], 'cmake_clean_cache': False, 'cmake_clean_first': False, 'cmake_force_configure': False, 'cmake_target': None, 'cmake_target_skip_unavailable': False, 'install_base': '/home/bonnie/DynOSAM/install/dynosam', 'merge_install': False, 'path': '/home/bonnie/DynOSAM/src/dynosam', 'symlink_install': False, 'test_result_base': None}
[0.746s] Level 5:colcon.colcon_core.verb:set package 'zed_msgs' build argument 'cmake_args' from command line to '['-DCMAKE_EXPORT_COMPILE_COMMANDS=ON', '-DCMAKE_BUILD_TYPE=RelWithDebinfo', '-G', 'Ninja']'
[0.746s] Level 5:colcon.colcon_core.verb:set package 'zed_msgs' build argument 'cmake_target' from command line to 'None'
[0.746s] Level 5:colcon.colcon_core.verb:set package 'zed_msgs' build argument 'cmake_target_skip_unavailable' from command line to 'False'
[0.746s] Level 5:colcon.colcon_core.verb:set package 'zed_msgs' build argument 'cmake_clean_cache' from command line to 'False'
[0.746s] Level 5:colcon.colcon_core.verb:set package 'zed_msgs' build argument 'cmake_clean_first' from command line to 'False'
[0.746s] Level 5:colcon.colcon_core.verb:set package 'zed_msgs' build argument 'cmake_force_configure' from command line to 'False'
[0.746s] Level 5:colcon.colcon_core.verb:set package 'zed_msgs' build argument 'ament_cmake_args' from command line to 'None'
[0.746s] Level 5:colcon.colcon_core.verb:set package 'zed_msgs' build argument 'catkin_cmake_args' from command line to 'None'
[0.746s] Level 5:colcon.colcon_core.verb:set package 'zed_msgs' build argument 'catkin_skip_building_tests' from command line to 'False'
[0.746s] DEBUG:colcon.colcon_core.verb:Building package 'zed_msgs' with the following arguments: {'ament_cmake_args': None, 'build_base': '/home/bonnie/DynOSAM/build/zed_msgs', 'catkin_cmake_args': None, 'catkin_skip_building_tests': False, 'cmake_args': ['-DCMAKE_EXPORT_COMPILE_COMMANDS=ON', '-DCMAKE_BUILD_TYPE=RelWithDebinfo', '-G', 'Ninja'], 'cmake_clean_cache': False, 'cmake_clean_first': False, 'cmake_force_configure': False, 'cmake_target': None, 'cmake_target_skip_unavailable': False, 'install_base': '/home/bonnie/DynOSAM/install/zed_msgs', 'merge_install': False, 'path': '/home/bonnie/DynOSAM/src/zed-ros2-interfaces', 'symlink_install': False, 'test_result_base': None}
[0.746s] Level 5:colcon.colcon_core.verb:set package 'dynosam_ros' build argument 'cmake_args' from command line to '['-DCMAKE_EXPORT_COMPILE_COMMANDS=ON', '-DCMAKE_BUILD_TYPE=RelWithDebinfo', '-G', 'Ninja']'
[0.746s] Level 5:colcon.colcon_core.verb:set package 'dynosam_ros' build argument 'cmake_target' from command line to 'None'
[0.746s] Level 5:colcon.colcon_core.verb:set package 'dynosam_ros' build argument 'cmake_target_skip_unavailable' from command line to 'False'
[0.746s] Level 5:colcon.colcon_core.verb:set package 'dynosam_ros' build argument 'cmake_clean_cache' from command line to 'False'
[0.746s] Level 5:colcon.colcon_core.verb:set package 'dynosam_ros' build argument 'cmake_clean_first' from command line to 'False'
[0.746s] Level 5:colcon.colcon_core.verb:set package 'dynosam_ros' build argument 'cmake_force_configure' from command line to 'False'
[0.746s] Level 5:colcon.colcon_core.verb:set package 'dynosam_ros' build argument 'ament_cmake_args' from command line to 'None'
[0.746s] Level 5:colcon.colcon_core.verb:set package 'dynosam_ros' build argument 'catkin_cmake_args' from command line to 'None'
[0.746s] Level 5:colcon.colcon_core.verb:set package 'dynosam_ros' build argument 'catkin_skip_building_tests' from command line to 'False'
[0.746s] DEBUG:colcon.colcon_core.verb:Building package 'dynosam_ros' with the following arguments: {'ament_cmake_args': None, 'build_base': '/home/bonnie/DynOSAM/build/dynosam_ros', 'catkin_cmake_args': None, 'catkin_skip_building_tests': False, 'cmake_args': ['-DCMAKE_EXPORT_COMPILE_COMMANDS=ON', '-DCMAKE_BUILD_TYPE=RelWithDebinfo', '-G', 'Ninja'], 'cmake_clean_cache': False, 'cmake_clean_first': False, 'cmake_force_configure': False, 'cmake_target': None, 'cmake_target_skip_unavailable': False, 'install_base': '/home/bonnie/DynOSAM/install/dynosam_ros', 'merge_install': False, 'path': '/home/bonnie/DynOSAM/src/dynosam_ros', 'symlink_install': False, 'test_result_base': None}
[0.747s] Level 5:colcon.colcon_core.verb:set package 'dynosam_utils' build argument 'cmake_args' from command line to '['-DCMAKE_EXPORT_COMPILE_COMMANDS=ON', '-DCMAKE_BUILD_TYPE=RelWithDebinfo', '-G', 'Ninja']'
[0.747s] Level 5:colcon.colcon_core.verb:set package 'dynosam_utils' build argument 'cmake_target' from command line to 'None'
[0.747s] Level 5:colcon.colcon_core.verb:set package 'dynosam_utils' build argument 'cmake_target_skip_unavailable' from command line to 'False'
[0.747s] Level 5:colcon.colcon_core.verb:set package 'dynosam_utils' build argument 'cmake_clean_cache' from command line to 'False'
[0.747s] Level 5:colcon.colcon_core.verb:set package 'dynosam_utils' build argument 'cmake_clean_first' from command line to 'False'
[0.747s] Level 5:colcon.colcon_core.verb:set package 'dynosam_utils' build argument 'cmake_force_configure' from command line to 'False'
[0.747s] Level 5:colcon.colcon_core.verb:set package 'dynosam_utils' build argument 'ament_cmake_args' from command line to 'None'
[0.747s] Level 5:colcon.colcon_core.verb:set package 'dynosam_utils' build argument 'catkin_cmake_args' from command line to 'None'
[0.747s] Level 5:colcon.colcon_core.verb:set package 'dynosam_utils' build argument 'catkin_skip_building_tests' from command line to 'False'
[0.747s] DEBUG:colcon.colcon_core.verb:Building package 'dynosam_utils' with the following arguments: {'ament_cmake_args': None, 'build_base': '/home/bonnie/DynOSAM/build/dynosam_utils', 'catkin_cmake_args': None, 'catkin_skip_building_tests': False, 'cmake_args': ['-DCMAKE_EXPORT_COMPILE_COMMANDS=ON', '-DCMAKE_BUILD_TYPE=RelWithDebinfo', '-G', 'Ninja'], 'cmake_clean_cache': False, 'cmake_clean_first': False, 'cmake_force_configure': False, 'cmake_target': None, 'cmake_target_skip_unavailable': False, 'install_base': '/home/bonnie/DynOSAM/install/dynosam_utils', 'merge_install': False, 'path': '/home/bonnie/DynOSAM/src/dynosam_utils', 'symlink_install': False, 'test_result_base': None}
[0.747s] Level 5:colcon.colcon_core.verb:set package 'rviz_dynamic_slam_plugins' build argument 'cmake_args' from command line to '['-DCMAKE_EXPORT_COMPILE_COMMANDS=ON', '-DCMAKE_BUILD_TYPE=RelWithDebinfo', '-G', 'Ninja']'
[0.747s] Level 5:colcon.colcon_core.verb:set package 'rviz_dynamic_slam_plugins' build argument 'cmake_target' from command line to 'None'
[0.747s] Level 5:colcon.colcon_core.verb:set package 'rviz_dynamic_slam_plugins' build argument 'cmake_target_skip_unavailable' from command line to 'False'
[0.747s] Level 5:colcon.colcon_core.verb:set package 'rviz_dynamic_slam_plugins' build argument 'cmake_clean_cache' from command line to 'False'
[0.747s] Level 5:colcon.colcon_core.verb:set package 'rviz_dynamic_slam_plugins' build argument 'cmake_clean_first' from command line to 'False'
[0.747s] Level 5:colcon.colcon_core.verb:set package 'rviz_dynamic_slam_plugins' build argument 'cmake_force_configure' from command line to 'False'
[0.747s] Level 5:colcon.colcon_core.verb:set package 'rviz_dynamic_slam_plugins' build argument 'ament_cmake_args' from command line to 'None'
[0.747s] Level 5:colcon.colcon_core.verb:set package 'rviz_dynamic_slam_plugins' build argument 'catkin_cmake_args' from command line to 'None'
[0.747s] Level 5:colcon.colcon_core.verb:set package 'rviz_dynamic_slam_plugins' build argument 'catkin_skip_building_tests' from command line to 'False'
[0.747s] DEBUG:colcon.colcon_core.verb:Building package 'rviz_dynamic_slam_plugins' with the following arguments: {'ament_cmake_args': None, 'build_base': '/home/bonnie/DynOSAM/build/rviz_dynamic_slam_plugins', 'catkin_cmake_args': None, 'catkin_skip_building_tests': False, 'cmake_args': ['-DCMAKE_EXPORT_COMPILE_COMMANDS=ON', '-DCMAKE_BUILD_TYPE=RelWithDebinfo', '-G', 'Ninja'], 'cmake_clean_cache': False, 'cmake_clean_first': False, 'cmake_force_configure': False, 'cmake_target': None, 'cmake_target_skip_unavailable': False, 'install_base': '/home/bonnie/DynOSAM/install/rviz_dynamic_slam_plugins', 'merge_install': False, 'path': '/home/bonnie/DynOSAM/src/rviz_dynamic_slam_plugins', 'symlink_install': False, 'test_result_base': None}
[0.747s] INFO:colcon.colcon_core.executor:Executing jobs using 'parallel' executor
[0.748s] DEBUG:colcon.colcon_parallel_executor.executor.parallel:run_until_complete
[0.749s] INFO:colcon.colcon_ros.task.ament_cmake.build:Building ROS package in '/home/bonnie/DynOSAM/src/dynamic_slam_interfaces' with build type 'ament_cmake'
[0.749s] INFO:colcon.colcon_cmake.task.cmake.build:Building CMake package in '/home/bonnie/DynOSAM/src/dynamic_slam_interfaces'
[0.756s] INFO:colcon.colcon_core.plugin_system:Skipping extension 'colcon_core.shell.bat': Not used on non-Windows systems
[0.756s] INFO:colcon.colcon_core.shell:Skip shell extension 'powershell' for command environment: Not usable outside of PowerShell
[0.756s] DEBUG:colcon.colcon_core.shell:Skip shell extension 'dsv' for command environment
[0.759s] INFO:colcon.colcon_ros.task.ament_cmake.build:Building ROS package in '/home/bonnie/DynOSAM/src/dynosam' with build type 'ament_cmake'
[0.759s] INFO:colcon.colcon_cmake.task.cmake.build:Building CMake package in '/home/bonnie/DynOSAM/src/dynosam'
[0.760s] INFO:colcon.colcon_core.shell:Skip shell extension 'powershell' for command environment: Not usable outside of PowerShell
[0.760s] DEBUG:colcon.colcon_core.shell:Skip shell extension 'dsv' for command environment
[0.763s] INFO:colcon.colcon_ros.task.ament_cmake.build:Building ROS package in '/home/bonnie/DynOSAM/src/zed-ros2-interfaces' with build type 'ament_cmake'
[0.764s] INFO:colcon.colcon_cmake.task.cmake.build:Building CMake package in '/home/bonnie/DynOSAM/src/zed-ros2-interfaces'
[0.764s] INFO:colcon.colcon_core.shell:Skip shell extension 'powershell' for command environment: Not usable outside of PowerShell
[0.764s] DEBUG:colcon.colcon_core.shell:Skip shell extension 'dsv' for command environment
[0.767s] INFO:colcon.colcon_ros.task.cmake.build:Building ROS package in '/home/bonnie/DynOSAM/src/config_utilities/config_utilities' with build type 'cmake'
[0.767s] INFO:colcon.colcon_cmake.task.cmake.build:Building CMake package in '/home/bonnie/DynOSAM/src/config_utilities/config_utilities'
[0.767s] INFO:colcon.colcon_core.shell:Skip shell extension 'powershell' for command environment: Not usable outside of PowerShell
[0.767s] DEBUG:colcon.colcon_core.shell:Skip shell extension 'dsv' for command environment
[0.777s] DEBUG:colcon.colcon_core.event_handler.log_command:Invoking command in '/home/bonnie/DynOSAM/build/dynamic_slam_interfaces': CMAKE_PREFIX_PATH=/opt/ros/humble /usr/bin/cmake --build /home/bonnie/DynOSAM/build/dynamic_slam_interfaces -- -j16 -l16
[0.784s] DEBUG:colcon.colcon_core.event_handler.log_command:Invoking command in '/home/bonnie/DynOSAM/build/dynosam': CMAKE_PREFIX_PATH=/opt/ros/humble /usr/bin/cmake --build /home/bonnie/DynOSAM/build/dynosam -- -j16 -l16
[0.792s] DEBUG:colcon.colcon_core.event_handler.log_command:Invoking command in '/home/bonnie/DynOSAM/build/zed_msgs': CMAKE_PREFIX_PATH=/opt/ros/humble /usr/bin/cmake --build /home/bonnie/DynOSAM/build/zed_msgs -- -j16 -l16
[0.796s] DEBUG:colcon.colcon_core.event_handler.log_command:Invoking command in '/home/bonnie/DynOSAM/build/config_utilities': CMAKE_PREFIX_PATH=/opt/ros/humble /usr/bin/cmake --build /home/bonnie/DynOSAM/build/config_utilities -- -j16 -l16
[0.828s] DEBUG:colcon.colcon_core.event_handler.log_command:Invoked command in '/home/bonnie/DynOSAM/build/config_utilities' returned '0': CMAKE_PREFIX_PATH=/opt/ros/humble /usr/bin/cmake --build /home/bonnie/DynOSAM/build/config_utilities -- -j16 -l16
[0.840s] DEBUG:colcon.colcon_core.event_handler.log_command:Invoking command in '/home/bonnie/DynOSAM/build/config_utilities': CMAKE_PREFIX_PATH=/opt/ros/humble /usr/bin/cmake --install /home/bonnie/DynOSAM/build/config_utilities
[0.861s] DEBUG:colcon.colcon_core.event_handler.log_command:Invoked command in '/home/bonnie/DynOSAM/build/config_utilities' returned '0': CMAKE_PREFIX_PATH=/opt/ros/humble /usr/bin/cmake --install /home/bonnie/DynOSAM/build/config_utilities
[0.861s] Level 1:colcon.colcon_core.shell:create_environment_hook('config_utilities', 'pkg_config_path')
[0.861s] INFO:colcon.colcon_core.shell:Creating environment hook '/home/bonnie/DynOSAM/install/config_utilities/share/config_utilities/hook/pkg_config_path.ps1'
[0.862s] INFO:colcon.colcon_core.shell:Creating environment descriptor '/home/bonnie/DynOSAM/install/config_utilities/share/config_utilities/hook/pkg_config_path.dsv'
[0.863s] INFO:colcon.colcon_core.shell:Creating environment hook '/home/bonnie/DynOSAM/install/config_utilities/share/config_utilities/hook/pkg_config_path.sh'
[0.866s] Level 1:colcon.colcon_core.shell:create_environment_hook('config_utilities', 'pkg_config_path_multiarch')
[0.867s] INFO:colcon.colcon_core.shell:Creating environment hook '/home/bonnie/DynOSAM/install/config_utilities/share/config_utilities/hook/pkg_config_path_multiarch.ps1'
[0.868s] INFO:colcon.colcon_core.shell:Creating environment descriptor '/home/bonnie/DynOSAM/install/config_utilities/share/config_utilities/hook/pkg_config_path_multiarch.dsv'
[0.868s] INFO:colcon.colcon_core.shell:Creating environment hook '/home/bonnie/DynOSAM/install/config_utilities/share/config_utilities/hook/pkg_config_path_multiarch.sh'
[0.869s] Level 1:colcon.colcon_core.environment:create_environment_scripts_only(config_utilities)
[0.877s] Level 1:colcon.colcon_core.environment:checking '/home/bonnie/DynOSAM/install/config_utilities' for CMake module files
[0.878s] Level 1:colcon.colcon_core.environment:checking '/home/bonnie/DynOSAM/install/config_utilities' for CMake config files
[0.878s] Level 1:colcon.colcon_core.shell:create_environment_hook('config_utilities', 'cmake_prefix_path')
[0.878s] INFO:colcon.colcon_core.shell:Creating environment hook '/home/bonnie/DynOSAM/install/config_utilities/share/config_utilities/hook/cmake_prefix_path.ps1'
[0.879s] INFO:colcon.colcon_core.shell:Creating environment descriptor '/home/bonnie/DynOSAM/install/config_utilities/share/config_utilities/hook/cmake_prefix_path.dsv'
[0.879s] INFO:colcon.colcon_core.shell:Creating environment hook '/home/bonnie/DynOSAM/install/config_utilities/share/config_utilities/hook/cmake_prefix_path.sh'
[0.880s] Level 1:colcon.colcon_core.environment:checking '/home/bonnie/DynOSAM/install/config_utilities/lib'
[0.880s] Level 1:colcon.colcon_core.shell:create_environment_hook('config_utilities', 'ld_library_path_lib')
[0.880s] INFO:colcon.colcon_core.shell:Creating environment hook '/home/bonnie/DynOSAM/install/config_utilities/share/config_utilities/hook/ld_library_path_lib.ps1'
[0.882s] INFO:colcon.colcon_core.shell:Creating environment descriptor '/home/bonnie/DynOSAM/install/config_utilities/share/config_utilities/hook/ld_library_path_lib.dsv'
[0.882s] INFO:colcon.colcon_core.shell:Creating environment hook '/home/bonnie/DynOSAM/install/config_utilities/share/config_utilities/hook/ld_library_path_lib.sh'
[0.883s] Level 1:colcon.colcon_core.environment:checking '/home/bonnie/DynOSAM/install/config_utilities/bin'
[0.883s] Level 1:colcon.colcon_core.shell:create_environment_hook('config_utilities', 'path')
[0.883s] INFO:colcon.colcon_core.shell:Creating environment hook '/home/bonnie/DynOSAM/install/config_utilities/share/config_utilities/hook/path.ps1'
[0.884s] INFO:colcon.colcon_core.shell:Creating environment descriptor '/home/bonnie/DynOSAM/install/config_utilities/share/config_utilities/hook/path.dsv'
[0.884s] INFO:colcon.colcon_core.shell:Creating environment hook '/home/bonnie/DynOSAM/install/config_utilities/share/config_utilities/hook/path.sh'
[0.884s] Level 1:colcon.colcon_core.environment:checking '/home/bonnie/DynOSAM/install/config_utilities/lib/pkgconfig/config_utilities.pc'
[0.885s] Level 1:colcon.colcon_core.environment:checking '/home/bonnie/DynOSAM/install/config_utilities/lib/python3.10/site-packages'
[0.885s] Level 1:colcon.colcon_core.environment:checking '/home/bonnie/DynOSAM/install/config_utilities/bin'
[0.885s] Level 1:colcon.colcon_core.shell:create_environment_hook('config_utilities', 'pythonscriptspath')
[0.885s] INFO:colcon.colcon_core.shell:Creating environment hook '/home/bonnie/DynOSAM/install/config_utilities/share/config_utilities/hook/pythonscriptspath.ps1'
[0.886s] INFO:colcon.colcon_core.shell:Creating environment descriptor '/home/bonnie/DynOSAM/install/config_utilities/share/config_utilities/hook/pythonscriptspath.dsv'
[0.886s] INFO:colcon.colcon_core.shell:Creating environment hook '/home/bonnie/DynOSAM/install/config_utilities/share/config_utilities/hook/pythonscriptspath.sh'
[0.887s] INFO:colcon.colcon_core.shell:Creating package script '/home/bonnie/DynOSAM/install/config_utilities/share/config_utilities/package.ps1'
[0.888s] INFO:colcon.colcon_core.shell:Creating package descriptor '/home/bonnie/DynOSAM/install/config_utilities/share/config_utilities/package.dsv'
[0.889s] INFO:colcon.colcon_core.shell:Creating package script '/home/bonnie/DynOSAM/install/config_utilities/share/config_utilities/package.sh'
[0.890s] INFO:colcon.colcon_core.shell:Creating package script '/home/bonnie/DynOSAM/install/config_utilities/share/config_utilities/package.bash'
[0.890s] INFO:colcon.colcon_core.shell:Creating package script '/home/bonnie/DynOSAM/install/config_utilities/share/config_utilities/package.zsh'
[0.891s] Level 1:colcon.colcon_core.environment:create_file_with_runtime_dependencies(/home/bonnie/DynOSAM/install/config_utilities/share/colcon-core/packages/config_utilities)
[1.139s] DEBUG:colcon.colcon_core.event_handler.log_command:Invoked command in '/home/bonnie/DynOSAM/build/dynamic_slam_interfaces' returned '0': CMAKE_PREFIX_PATH=/opt/ros/humble /usr/bin/cmake --build /home/bonnie/DynOSAM/build/dynamic_slam_interfaces -- -j16 -l16
[1.143s] DEBUG:colcon.colcon_core.event_handler.log_command:Invoking command in '/home/bonnie/DynOSAM/build/dynamic_slam_interfaces': CMAKE_PREFIX_PATH=/opt/ros/humble /usr/bin/cmake --install /home/bonnie/DynOSAM/build/dynamic_slam_interfaces
[1.146s] DEBUG:colcon.colcon_core.event_handler.log_command:Invoked command in '/home/bonnie/DynOSAM/build/zed_msgs' returned '0': CMAKE_PREFIX_PATH=/opt/ros/humble /usr/bin/cmake --build /home/bonnie/DynOSAM/build/zed_msgs -- -j16 -l16
[1.148s] DEBUG:colcon.colcon_core.event_handler.log_command:Invoking command in '/home/bonnie/DynOSAM/build/zed_msgs': CMAKE_PREFIX_PATH=/opt/ros/humble /usr/bin/cmake --install /home/bonnie/DynOSAM/build/zed_msgs
[1.227s] Level 1:colcon.colcon_core.environment:create_environment_scripts_only(dynamic_slam_interfaces)
[1.228s] Level 1:colcon.colcon_core.environment:checking '/home/bonnie/DynOSAM/install/dynamic_slam_interfaces' for CMake module files
[1.228s] DEBUG:colcon.colcon_core.event_handler.log_command:Invoked command in '/home/bonnie/DynOSAM/build/dynamic_slam_interfaces' returned '0': CMAKE_PREFIX_PATH=/opt/ros/humble /usr/bin/cmake --install /home/bonnie/DynOSAM/build/dynamic_slam_interfaces
[1.229s] Level 1:colcon.colcon_core.environment:checking '/home/bonnie/DynOSAM/install/dynamic_slam_interfaces' for CMake config files
[1.229s] Level 1:colcon.colcon_core.shell:create_environment_hook('dynamic_slam_interfaces', 'cmake_prefix_path')
[1.229s] INFO:colcon.colcon_core.shell:Creating environment hook '/home/bonnie/DynOSAM/install/dynamic_slam_interfaces/share/dynamic_slam_interfaces/hook/cmake_prefix_path.ps1'
[1.230s] INFO:colcon.colcon_core.shell:Creating environment descriptor '/home/bonnie/DynOSAM/install/dynamic_slam_interfaces/share/dynamic_slam_interfaces/hook/cmake_prefix_path.dsv'
[1.230s] INFO:colcon.colcon_core.shell:Creating environment hook '/home/bonnie/DynOSAM/install/dynamic_slam_interfaces/share/dynamic_slam_interfaces/hook/cmake_prefix_path.sh'
[1.231s] Level 1:colcon.colcon_core.environment:checking '/home/bonnie/DynOSAM/install/dynamic_slam_interfaces/lib'
[1.231s] Level 1:colcon.colcon_core.shell:create_environment_hook('dynamic_slam_interfaces', 'ld_library_path_lib')
[1.231s] INFO:colcon.colcon_core.shell:Creating environment hook '/home/bonnie/DynOSAM/install/dynamic_slam_interfaces/share/dynamic_slam_interfaces/hook/ld_library_path_lib.ps1'
[1.232s] INFO:colcon.colcon_core.shell:Creating environment descriptor '/home/bonnie/DynOSAM/install/dynamic_slam_interfaces/share/dynamic_slam_interfaces/hook/ld_library_path_lib.dsv'
[1.236s] INFO:colcon.colcon_core.shell:Creating environment hook '/home/bonnie/DynOSAM/install/dynamic_slam_interfaces/share/dynamic_slam_interfaces/hook/ld_library_path_lib.sh'
[1.240s] Level 1:colcon.colcon_core.environment:checking '/home/bonnie/DynOSAM/install/dynamic_slam_interfaces/bin'
[1.240s] Level 1:colcon.colcon_core.environment:checking '/home/bonnie/DynOSAM/install/dynamic_slam_interfaces/lib/pkgconfig/dynamic_slam_interfaces.pc'
[1.240s] Level 1:colcon.colcon_core.environment:checking '/home/bonnie/DynOSAM/install/dynamic_slam_interfaces/lib/python3.10/site-packages'
[1.240s] Level 1:colcon.colcon_core.environment:checking '/home/bonnie/DynOSAM/install/dynamic_slam_interfaces/bin'
[1.241s] INFO:colcon.colcon_core.shell:Creating package script '/home/bonnie/DynOSAM/install/dynamic_slam_interfaces/share/dynamic_slam_interfaces/package.ps1'
[1.245s] INFO:colcon.colcon_core.shell:Creating package descriptor '/home/bonnie/DynOSAM/install/dynamic_slam_interfaces/share/dynamic_slam_interfaces/package.dsv'
[1.254s] INFO:colcon.colcon_core.shell:Creating package script '/home/bonnie/DynOSAM/install/dynamic_slam_interfaces/share/dynamic_slam_interfaces/package.sh'
[1.257s] INFO:colcon.colcon_core.shell:Creating package script '/home/bonnie/DynOSAM/install/dynamic_slam_interfaces/share/dynamic_slam_interfaces/package.bash'
[1.260s] INFO:colcon.colcon_core.shell:Creating package script '/home/bonnie/DynOSAM/install/dynamic_slam_interfaces/share/dynamic_slam_interfaces/package.zsh'
[1.260s] Level 1:colcon.colcon_core.environment:create_file_with_runtime_dependencies(/home/bonnie/DynOSAM/install/dynamic_slam_interfaces/share/colcon-core/packages/dynamic_slam_interfaces)
[1.261s] Level 1:colcon.colcon_core.environment:create_environment_scripts_only(dynamic_slam_interfaces)
[1.261s] Level 1:colcon.colcon_core.environment:checking '/home/bonnie/DynOSAM/install/dynamic_slam_interfaces' for CMake module files
[1.261s] Level 1:colcon.colcon_core.environment:checking '/home/bonnie/DynOSAM/install/dynamic_slam_interfaces' for CMake config files
[1.262s] Level 1:colcon.colcon_core.shell:create_environment_hook('dynamic_slam_interfaces', 'cmake_prefix_path')
[1.262s] INFO:colcon.colcon_core.shell:Creating environment hook '/home/bonnie/DynOSAM/install/dynamic_slam_interfaces/share/dynamic_slam_interfaces/hook/cmake_prefix_path.ps1'
[1.263s] INFO:colcon.colcon_core.shell:Creating environment descriptor '/home/bonnie/DynOSAM/install/dynamic_slam_interfaces/share/dynamic_slam_interfaces/hook/cmake_prefix_path.dsv'
[1.263s] INFO:colcon.colcon_core.shell:Creating environment hook '/home/bonnie/DynOSAM/install/dynamic_slam_interfaces/share/dynamic_slam_interfaces/hook/cmake_prefix_path.sh'
[1.263s] Level 1:colcon.colcon_core.environment:checking '/home/bonnie/DynOSAM/install/dynamic_slam_interfaces/lib'
[1.263s] Level 1:colcon.colcon_core.shell:create_environment_hook('dynamic_slam_interfaces', 'ld_library_path_lib')
[1.264s] INFO:colcon.colcon_core.shell:Creating environment hook '/home/bonnie/DynOSAM/install/dynamic_slam_interfaces/share/dynamic_slam_interfaces/hook/ld_library_path_lib.ps1'
[1.264s] INFO:colcon.colcon_core.shell:Creating environment descriptor '/home/bonnie/DynOSAM/install/dynamic_slam_interfaces/share/dynamic_slam_interfaces/hook/ld_library_path_lib.dsv'
[1.264s] INFO:colcon.colcon_core.shell:Creating environment hook '/home/bonnie/DynOSAM/install/dynamic_slam_interfaces/share/dynamic_slam_interfaces/hook/ld_library_path_lib.sh'
[1.265s] Level 1:colcon.colcon_core.environment:checking '/home/bonnie/DynOSAM/install/dynamic_slam_interfaces/bin'
[1.265s] Level 1:colcon.colcon_core.environment:checking '/home/bonnie/DynOSAM/install/dynamic_slam_interfaces/lib/pkgconfig/dynamic_slam_interfaces.pc'
[1.265s] Level 1:colcon.colcon_core.environment:checking '/home/bonnie/DynOSAM/install/dynamic_slam_interfaces/lib/python3.10/site-packages'
[1.265s] Level 1:colcon.colcon_core.environment:checking '/home/bonnie/DynOSAM/install/dynamic_slam_interfaces/bin'
[1.265s] INFO:colcon.colcon_core.shell:Creating package script '/home/bonnie/DynOSAM/install/dynamic_slam_interfaces/share/dynamic_slam_interfaces/package.ps1'
[1.266s] INFO:colcon.colcon_core.shell:Creating package descriptor '/home/bonnie/DynOSAM/install/dynamic_slam_interfaces/share/dynamic_slam_interfaces/package.dsv'
[1.266s] INFO:colcon.colcon_core.shell:Creating package script '/home/bonnie/DynOSAM/install/dynamic_slam_interfaces/share/dynamic_slam_interfaces/package.sh'
[1.267s] INFO:colcon.colcon_core.shell:Creating package script '/home/bonnie/DynOSAM/install/dynamic_slam_interfaces/share/dynamic_slam_interfaces/package.bash'
[1.267s] INFO:colcon.colcon_core.shell:Creating package script '/home/bonnie/DynOSAM/install/dynamic_slam_interfaces/share/dynamic_slam_interfaces/package.zsh'
[1.268s] Level 1:colcon.colcon_core.environment:create_file_with_runtime_dependencies(/home/bonnie/DynOSAM/install/dynamic_slam_interfaces/share/colcon-core/packages/dynamic_slam_interfaces)
[1.268s] INFO:colcon.colcon_ros.task.ament_cmake.build:Building ROS package in '/home/bonnie/DynOSAM/src/rviz_dynamic_slam_plugins' with build type 'ament_cmake'
[1.269s] INFO:colcon.colcon_cmake.task.cmake.build:Building CMake package in '/home/bonnie/DynOSAM/src/rviz_dynamic_slam_plugins'
[1.270s] INFO:colcon.colcon_core.shell:Skip shell extension 'powershell' for command environment: Not usable outside of PowerShell
[1.270s] DEBUG:colcon.colcon_core.shell:Skip shell extension 'dsv' for command environment
[1.275s] Level 1:colcon.colcon_core.environment:create_environment_scripts_only(zed_msgs)
[1.275s] Level 1:colcon.colcon_core.environment:checking '/home/bonnie/DynOSAM/install/zed_msgs' for CMake module files
[1.276s] DEBUG:colcon.colcon_core.event_handler.log_command:Invoked command in '/home/bonnie/DynOSAM/build/zed_msgs' returned '0': CMAKE_PREFIX_PATH=/opt/ros/humble /usr/bin/cmake --install /home/bonnie/DynOSAM/build/zed_msgs
[1.276s] Level 1:colcon.colcon_core.environment:checking '/home/bonnie/DynOSAM/install/zed_msgs' for CMake config files
[1.277s] Level 1:colcon.colcon_core.shell:create_environment_hook('zed_msgs', 'cmake_prefix_path')
[1.277s] INFO:colcon.colcon_core.shell:Creating environment hook '/home/bonnie/DynOSAM/install/zed_msgs/share/zed_msgs/hook/cmake_prefix_path.ps1'
[1.278s] INFO:colcon.colcon_core.shell:Creating environment descriptor '/home/bonnie/DynOSAM/install/zed_msgs/share/zed_msgs/hook/cmake_prefix_path.dsv'
[1.278s] INFO:colcon.colcon_core.shell:Creating environment hook '/home/bonnie/DynOSAM/install/zed_msgs/share/zed_msgs/hook/cmake_prefix_path.sh'
[1.279s] Level 1:colcon.colcon_core.environment:checking '/home/bonnie/DynOSAM/install/zed_msgs/lib'
[1.279s] Level 1:colcon.colcon_core.shell:create_environment_hook('zed_msgs', 'ld_library_path_lib')
[1.279s] INFO:colcon.colcon_core.shell:Creating environment hook '/home/bonnie/DynOSAM/install/zed_msgs/share/zed_msgs/hook/ld_library_path_lib.ps1'
[1.280s] INFO:colcon.colcon_core.shell:Creating environment descriptor '/home/bonnie/DynOSAM/install/zed_msgs/share/zed_msgs/hook/ld_library_path_lib.dsv'
[1.280s] INFO:colcon.colcon_core.shell:Creating environment hook '/home/bonnie/DynOSAM/install/zed_msgs/share/zed_msgs/hook/ld_library_path_lib.sh'
[1.281s] Level 1:colcon.colcon_core.environment:checking '/home/bonnie/DynOSAM/install/zed_msgs/bin'
[1.281s] Level 1:colcon.colcon_core.environment:checking '/home/bonnie/DynOSAM/install/zed_msgs/lib/pkgconfig/zed_msgs.pc'
[1.281s] Level 1:colcon.colcon_core.environment:checking '/home/bonnie/DynOSAM/install/zed_msgs/lib/python3.10/site-packages'
[1.281s] Level 1:colcon.colcon_core.environment:checking '/home/bonnie/DynOSAM/install/zed_msgs/bin'
[1.282s] INFO:colcon.colcon_core.shell:Creating package script '/home/bonnie/DynOSAM/install/zed_msgs/share/zed_msgs/package.ps1'
[1.283s] INFO:colcon.colcon_core.shell:Creating package descriptor '/home/bonnie/DynOSAM/install/zed_msgs/share/zed_msgs/package.dsv'
[1.284s] INFO:colcon.colcon_core.shell:Creating package script '/home/bonnie/DynOSAM/install/zed_msgs/share/zed_msgs/package.sh'
[1.284s] INFO:colcon.colcon_core.shell:Creating package script '/home/bonnie/DynOSAM/install/zed_msgs/share/zed_msgs/package.bash'
[1.284s] INFO:colcon.colcon_core.shell:Creating package script '/home/bonnie/DynOSAM/install/zed_msgs/share/zed_msgs/package.zsh'
[1.285s] Level 1:colcon.colcon_core.environment:create_file_with_runtime_dependencies(/home/bonnie/DynOSAM/install/zed_msgs/share/colcon-core/packages/zed_msgs)
[1.286s] Level 1:colcon.colcon_core.environment:create_environment_scripts_only(zed_msgs)
[1.286s] Level 1:colcon.colcon_core.environment:checking '/home/bonnie/DynOSAM/install/zed_msgs' for CMake module files
[1.288s] Level 1:colcon.colcon_core.environment:checking '/home/bonnie/DynOSAM/install/zed_msgs' for CMake config files
[1.288s] Level 1:colcon.colcon_core.shell:create_environment_hook('zed_msgs', 'cmake_prefix_path')
[1.289s] INFO:colcon.colcon_core.shell:Creating environment hook '/home/bonnie/DynOSAM/install/zed_msgs/share/zed_msgs/hook/cmake_prefix_path.ps1'
[1.290s] INFO:colcon.colcon_core.shell:Creating environment descriptor '/home/bonnie/DynOSAM/install/zed_msgs/share/zed_msgs/hook/cmake_prefix_path.dsv'
[1.290s] INFO:colcon.colcon_core.shell:Creating environment hook '/home/bonnie/DynOSAM/install/zed_msgs/share/zed_msgs/hook/cmake_prefix_path.sh'
[1.291s] Level 1:colcon.colcon_core.environment:checking '/home/bonnie/DynOSAM/install/zed_msgs/lib'
[1.291s] Level 1:colcon.colcon_core.shell:create_environment_hook('zed_msgs', 'ld_library_path_lib')
[1.291s] INFO:colcon.colcon_core.shell:Creating environment hook '/home/bonnie/DynOSAM/install/zed_msgs/share/zed_msgs/hook/ld_library_path_lib.ps1'
[1.292s] INFO:colcon.colcon_core.shell:Creating environment descriptor '/home/bonnie/DynOSAM/install/zed_msgs/share/zed_msgs/hook/ld_library_path_lib.dsv'
[1.292s] INFO:colcon.colcon_core.shell:Creating environment hook '/home/bonnie/DynOSAM/install/zed_msgs/share/zed_msgs/hook/ld_library_path_lib.sh'
[1.293s] Level 1:colcon.colcon_core.environment:checking '/home/bonnie/DynOSAM/install/zed_msgs/bin'
[1.293s] Level 1:colcon.colcon_core.environment:checking '/home/bonnie/DynOSAM/install/zed_msgs/lib/pkgconfig/zed_msgs.pc'
[1.293s] Level 1:colcon.colcon_core.environment:checking '/home/bonnie/DynOSAM/install/zed_msgs/lib/python3.10/site-packages'
[1.293s] Level 1:colcon.colcon_core.environment:checking '/home/bonnie/DynOSAM/install/zed_msgs/bin'
[1.294s] INFO:colcon.colcon_core.shell:Creating package script '/home/bonnie/DynOSAM/install/zed_msgs/share/zed_msgs/package.ps1'
[1.294s] INFO:colcon.colcon_core.shell:Creating package descriptor '/home/bonnie/DynOSAM/install/zed_msgs/share/zed_msgs/package.dsv'
[1.295s] INFO:colcon.colcon_core.shell:Creating package script '/home/bonnie/DynOSAM/install/zed_msgs/share/zed_msgs/package.sh'
[1.295s] INFO:colcon.colcon_core.shell:Creating package script '/home/bonnie/DynOSAM/install/zed_msgs/share/zed_msgs/package.bash'
[1.295s] INFO:colcon.colcon_core.shell:Creating package script '/home/bonnie/DynOSAM/install/zed_msgs/share/zed_msgs/package.zsh'
[1.296s] Level 1:colcon.colcon_core.environment:create_file_with_runtime_dependencies(/home/bonnie/DynOSAM/install/zed_msgs/share/colcon-core/packages/zed_msgs)
[1.428s] DEBUG:colcon.colcon_core.event_handler.log_command:Invoking command in '/home/bonnie/DynOSAM/build/rviz_dynamic_slam_plugins': AMENT_PREFIX_PATH=/home/bonnie/DynOSAM/install/dynamic_slam_interfaces:${AMENT_PREFIX_PATH} CMAKE_PREFIX_PATH=/home/bonnie/DynOSAM/install/dynamic_slam_interfaces:/opt/ros/humble LD_LIBRARY_PATH=/home/bonnie/DynOSAM/install/dynamic_slam_interfaces/lib:${LD_LIBRARY_PATH} PYTHONPATH=/home/bonnie/DynOSAM/install/dynamic_slam_interfaces/local/lib/python3.10/dist-packages:${PYTHONPATH} /usr/bin/cmake --build /home/bonnie/DynOSAM/build/rviz_dynamic_slam_plugins -- -j16 -l16
[1.467s] DEBUG:colcon.colcon_core.event_handler.log_command:Invoked command in '/home/bonnie/DynOSAM/build/rviz_dynamic_slam_plugins' returned '0': AMENT_PREFIX_PATH=/home/bonnie/DynOSAM/install/dynamic_slam_interfaces:${AMENT_PREFIX_PATH} CMAKE_PREFIX_PATH=/home/bonnie/DynOSAM/install/dynamic_slam_interfaces:/opt/ros/humble LD_LIBRARY_PATH=/home/bonnie/DynOSAM/install/dynamic_slam_interfaces/lib:${LD_LIBRARY_PATH} PYTHONPATH=/home/bonnie/DynOSAM/install/dynamic_slam_interfaces/local/lib/python3.10/dist-packages:${PYTHONPATH} /usr/bin/cmake --build /home/bonnie/DynOSAM/build/rviz_dynamic_slam_plugins -- -j16 -l16
[1.469s] DEBUG:colcon.colcon_core.event_handler.log_command:Invoking command in '/home/bonnie/DynOSAM/build/rviz_dynamic_slam_plugins': AMENT_PREFIX_PATH=/home/bonnie/DynOSAM/install/dynamic_slam_interfaces:${AMENT_PREFIX_PATH} CMAKE_PREFIX_PATH=/home/bonnie/DynOSAM/install/dynamic_slam_interfaces:/opt/ros/humble LD_LIBRARY_PATH=/home/bonnie/DynOSAM/install/dynamic_slam_interfaces/lib:${LD_LIBRARY_PATH} PYTHONPATH=/home/bonnie/DynOSAM/install/dynamic_slam_interfaces/local/lib/python3.10/dist-packages:${PYTHONPATH} /usr/bin/cmake --install /home/bonnie/DynOSAM/build/rviz_dynamic_slam_plugins
[1.485s] Level 1:colcon.colcon_core.environment:create_environment_scripts_only(rviz_dynamic_slam_plugins)
[1.486s] Level 1:colcon.colcon_core.environment:checking '/home/bonnie/DynOSAM/install/rviz_dynamic_slam_plugins' for CMake module files
[1.487s] DEBUG:colcon.colcon_core.event_handler.log_command:Invoked command in '/home/bonnie/DynOSAM/build/rviz_dynamic_slam_plugins' returned '0': AMENT_PREFIX_PATH=/home/bonnie/DynOSAM/install/dynamic_slam_interfaces:${AMENT_PREFIX_PATH} CMAKE_PREFIX_PATH=/home/bonnie/DynOSAM/install/dynamic_slam_interfaces:/opt/ros/humble LD_LIBRARY_PATH=/home/bonnie/DynOSAM/install/dynamic_slam_interfaces/lib:${LD_LIBRARY_PATH} PYTHONPATH=/home/bonnie/DynOSAM/install/dynamic_slam_interfaces/local/lib/python3.10/dist-packages:${PYTHONPATH} /usr/bin/cmake --install /home/bonnie/DynOSAM/build/rviz_dynamic_slam_plugins
[1.488s] Level 1:colcon.colcon_core.environment:checking '/home/bonnie/DynOSAM/install/rviz_dynamic_slam_plugins' for CMake config files
[1.488s] Level 1:colcon.colcon_core.shell:create_environment_hook('rviz_dynamic_slam_plugins', 'cmake_prefix_path')
[1.488s] INFO:colcon.colcon_core.shell:Creating environment hook '/home/bonnie/DynOSAM/install/rviz_dynamic_slam_plugins/share/rviz_dynamic_slam_plugins/hook/cmake_prefix_path.ps1'
[1.489s] INFO:colcon.colcon_core.shell:Creating environment descriptor '/home/bonnie/DynOSAM/install/rviz_dynamic_slam_plugins/share/rviz_dynamic_slam_plugins/hook/cmake_prefix_path.dsv'
[1.489s] INFO:colcon.colcon_core.shell:Creating environment hook '/home/bonnie/DynOSAM/install/rviz_dynamic_slam_plugins/share/rviz_dynamic_slam_plugins/hook/cmake_prefix_path.sh'
[1.490s] Level 1:colcon.colcon_core.environment:checking '/home/bonnie/DynOSAM/install/rviz_dynamic_slam_plugins/lib'
[1.490s] Level 1:colcon.colcon_core.shell:create_environment_hook('rviz_dynamic_slam_plugins', 'ld_library_path_lib')
[1.490s] INFO:colcon.colcon_core.shell:Creating environment hook '/home/bonnie/DynOSAM/install/rviz_dynamic_slam_plugins/share/rviz_dynamic_slam_plugins/hook/ld_library_path_lib.ps1'
[1.490s] INFO:colcon.colcon_core.shell:Creating environment descriptor '/home/bonnie/DynOSAM/install/rviz_dynamic_slam_plugins/share/rviz_dynamic_slam_plugins/hook/ld_library_path_lib.dsv'
[1.490s] INFO:colcon.colcon_core.shell:Creating environment hook '/home/bonnie/DynOSAM/install/rviz_dynamic_slam_plugins/share/rviz_dynamic_slam_plugins/hook/ld_library_path_lib.sh'
[1.491s] Level 1:colcon.colcon_core.environment:checking '/home/bonnie/DynOSAM/install/rviz_dynamic_slam_plugins/bin'
[1.491s] Level 1:colcon.colcon_core.environment:checking '/home/bonnie/DynOSAM/install/rviz_dynamic_slam_plugins/lib/pkgconfig/rviz_dynamic_slam_plugins.pc'
[1.491s] Level 1:colcon.colcon_core.environment:checking '/home/bonnie/DynOSAM/install/rviz_dynamic_slam_plugins/lib/python3.10/site-packages'
[1.491s] Level 1:colcon.colcon_core.environment:checking '/home/bonnie/DynOSAM/install/rviz_dynamic_slam_plugins/bin'
[1.491s] INFO:colcon.colcon_core.shell:Creating package script '/home/bonnie/DynOSAM/install/rviz_dynamic_slam_plugins/share/rviz_dynamic_slam_plugins/package.ps1'
[1.492s] INFO:colcon.colcon_core.shell:Creating package descriptor '/home/bonnie/DynOSAM/install/rviz_dynamic_slam_plugins/share/rviz_dynamic_slam_plugins/package.dsv'
[1.492s] INFO:colcon.colcon_core.shell:Creating package script '/home/bonnie/DynOSAM/install/rviz_dynamic_slam_plugins/share/rviz_dynamic_slam_plugins/package.sh'
[1.493s] INFO:colcon.colcon_core.shell:Creating package script '/home/bonnie/DynOSAM/install/rviz_dynamic_slam_plugins/share/rviz_dynamic_slam_plugins/package.bash'
[1.493s] INFO:colcon.colcon_core.shell:Creating package script '/home/bonnie/DynOSAM/install/rviz_dynamic_slam_plugins/share/rviz_dynamic_slam_plugins/package.zsh'
[1.493s] Level 1:colcon.colcon_core.environment:create_file_with_runtime_dependencies(/home/bonnie/DynOSAM/install/rviz_dynamic_slam_plugins/share/colcon-core/packages/rviz_dynamic_slam_plugins)
[1.494s] Level 1:colcon.colcon_core.environment:create_environment_scripts_only(rviz_dynamic_slam_plugins)
[1.494s] Level 1:colcon.colcon_core.environment:checking '/home/bonnie/DynOSAM/install/rviz_dynamic_slam_plugins' for CMake module files
[1.495s] Level 1:colcon.colcon_core.environment:checking '/home/bonnie/DynOSAM/install/rviz_dynamic_slam_plugins' for CMake config files
[1.495s] Level 1:colcon.colcon_core.shell:create_environment_hook('rviz_dynamic_slam_plugins', 'cmake_prefix_path')
[1.495s] INFO:colcon.colcon_core.shell:Creating environment hook '/home/bonnie/DynOSAM/install/rviz_dynamic_slam_plugins/share/rviz_dynamic_slam_plugins/hook/cmake_prefix_path.ps1'
[1.495s] INFO:colcon.colcon_core.shell:Creating environment descriptor '/home/bonnie/DynOSAM/install/rviz_dynamic_slam_plugins/share/rviz_dynamic_slam_plugins/hook/cmake_prefix_path.dsv'
[1.496s] INFO:colcon.colcon_core.shell:Creating environment hook '/home/bonnie/DynOSAM/install/rviz_dynamic_slam_plugins/share/rviz_dynamic_slam_plugins/hook/cmake_prefix_path.sh'
[1.496s] Level 1:colcon.colcon_core.environment:checking '/home/bonnie/DynOSAM/install/rviz_dynamic_slam_plugins/lib'
[1.497s] Level 1:colcon.colcon_core.shell:create_environment_hook('rviz_dynamic_slam_plugins', 'ld_library_path_lib')
[1.497s] INFO:colcon.colcon_core.shell:Creating environment hook '/home/bonnie/DynOSAM/install/rviz_dynamic_slam_plugins/share/rviz_dynamic_slam_plugins/hook/ld_library_path_lib.ps1'
[1.497s] INFO:colcon.colcon_core.shell:Creating environment descriptor '/home/bonnie/DynOSAM/install/rviz_dynamic_slam_plugins/share/rviz_dynamic_slam_plugins/hook/ld_library_path_lib.dsv'
[1.498s] INFO:colcon.colcon_core.shell:Creating environment hook '/home/bonnie/DynOSAM/install/rviz_dynamic_slam_plugins/share/rviz_dynamic_slam_plugins/hook/ld_library_path_lib.sh'
[1.498s] Level 1:colcon.colcon_core.environment:checking '/home/bonnie/DynOSAM/install/rviz_dynamic_slam_plugins/bin'
[1.498s] Level 1:colcon.colcon_core.environment:checking '/home/bonnie/DynOSAM/install/rviz_dynamic_slam_plugins/lib/pkgconfig/rviz_dynamic_slam_plugins.pc'
[1.499s] Level 1:colcon.colcon_core.environment:checking '/home/bonnie/DynOSAM/install/rviz_dynamic_slam_plugins/lib/python3.10/site-packages'
[1.499s] Level 1:colcon.colcon_core.environment:checking '/home/bonnie/DynOSAM/install/rviz_dynamic_slam_plugins/bin'
[1.499s] INFO:colcon.colcon_core.shell:Creating package script '/home/bonnie/DynOSAM/install/rviz_dynamic_slam_plugins/share/rviz_dynamic_slam_plugins/package.ps1'
[1.500s] INFO:colcon.colcon_core.shell:Creating package descriptor '/home/bonnie/DynOSAM/install/rviz_dynamic_slam_plugins/share/rviz_dynamic_slam_plugins/package.dsv'
[1.501s] INFO:colcon.colcon_core.shell:Creating package script '/home/bonnie/DynOSAM/install/rviz_dynamic_slam_plugins/share/rviz_dynamic_slam_plugins/package.sh'
[1.501s] INFO:colcon.colcon_core.shell:Creating package script '/home/bonnie/DynOSAM/install/rviz_dynamic_slam_plugins/share/rviz_dynamic_slam_plugins/package.bash'
[1.503s] INFO:colcon.colcon_core.shell:Creating package script '/home/bonnie/DynOSAM/install/rviz_dynamic_slam_plugins/share/rviz_dynamic_slam_plugins/package.zsh'
[1.505s] Level 1:colcon.colcon_core.environment:create_file_with_runtime_dependencies(/home/bonnie/DynOSAM/install/rviz_dynamic_slam_plugins/share/colcon-core/packages/rviz_dynamic_slam_plugins)
[394.031s] DEBUG:colcon.colcon_core.event_handler.log_command:Invoked command in '/home/bonnie/DynOSAM/build/dynosam' returned '0': CMAKE_PREFIX_PATH=/opt/ros/humble /usr/bin/cmake --build /home/bonnie/DynOSAM/build/dynosam -- -j16 -l16
[394.047s] DEBUG:colcon.colcon_core.event_handler.log_command:Invoking command in '/home/bonnie/DynOSAM/build/dynosam': CMAKE_PREFIX_PATH=/opt/ros/humble /usr/bin/cmake --install /home/bonnie/DynOSAM/build/dynosam
[394.879s] Level 1:colcon.colcon_core.environment:create_environment_scripts_only(dynosam)
[394.883s] Level 1:colcon.colcon_core.environment:checking '/home/bonnie/DynOSAM/install/dynosam' for CMake module files
[394.884s] DEBUG:colcon.colcon_core.event_handler.log_command:Invoked command in '/home/bonnie/DynOSAM/build/dynosam' returned '0': CMAKE_PREFIX_PATH=/opt/ros/humble /usr/bin/cmake --install /home/bonnie/DynOSAM/build/dynosam
[394.885s] Level 1:colcon.colcon_core.environment:checking '/home/bonnie/DynOSAM/install/dynosam' for CMake config files
[394.886s] Level 1:colcon.colcon_core.shell:create_environment_hook('dynosam', 'cmake_prefix_path')
[394.887s] INFO:colcon.colcon_core.shell:Creating environment hook '/home/bonnie/DynOSAM/install/dynosam/share/dynosam/hook/cmake_prefix_path.ps1'
[394.891s] INFO:colcon.colcon_core.shell:Creating environment descriptor '/home/bonnie/DynOSAM/install/dynosam/share/dynosam/hook/cmake_prefix_path.dsv'
[394.892s] INFO:colcon.colcon_core.shell:Creating environment hook '/home/bonnie/DynOSAM/install/dynosam/share/dynosam/hook/cmake_prefix_path.sh'
[394.894s] Level 1:colcon.colcon_core.environment:checking '/home/bonnie/DynOSAM/install/dynosam/lib'
[394.894s] Level 1:colcon.colcon_core.shell:create_environment_hook('dynosam', 'ld_library_path_lib')
[394.894s] INFO:colcon.colcon_core.shell:Creating environment hook '/home/bonnie/DynOSAM/install/dynosam/share/dynosam/hook/ld_library_path_lib.ps1'
[394.895s] INFO:colcon.colcon_core.shell:Creating environment descriptor '/home/bonnie/DynOSAM/install/dynosam/share/dynosam/hook/ld_library_path_lib.dsv'
[394.895s] INFO:colcon.colcon_core.shell:Creating environment hook '/home/bonnie/DynOSAM/install/dynosam/share/dynosam/hook/ld_library_path_lib.sh'
[394.896s] Level 1:colcon.colcon_core.environment:checking '/home/bonnie/DynOSAM/install/dynosam/bin'
[394.896s] Level 1:colcon.colcon_core.environment:checking '/home/bonnie/DynOSAM/install/dynosam/lib/pkgconfig/dynosam.pc'
[394.898s] Level 1:colcon.colcon_core.environment:checking '/home/bonnie/DynOSAM/install/dynosam/lib/python3.10/site-packages'
[394.899s] Level 1:colcon.colcon_core.environment:checking '/home/bonnie/DynOSAM/install/dynosam/bin'
[394.899s] INFO:colcon.colcon_core.shell:Creating package script '/home/bonnie/DynOSAM/install/dynosam/share/dynosam/package.ps1'
[394.900s] INFO:colcon.colcon_core.shell:Creating package descriptor '/home/bonnie/DynOSAM/install/dynosam/share/dynosam/package.dsv'
[394.901s] INFO:colcon.colcon_core.shell:Creating package script '/home/bonnie/DynOSAM/install/dynosam/share/dynosam/package.sh'
[394.901s] INFO:colcon.colcon_core.shell:Creating package script '/home/bonnie/DynOSAM/install/dynosam/share/dynosam/package.bash'
[394.902s] INFO:colcon.colcon_core.shell:Creating package script '/home/bonnie/DynOSAM/install/dynosam/share/dynosam/package.zsh'
[394.903s] Level 1:colcon.colcon_core.environment:create_file_with_runtime_dependencies(/home/bonnie/DynOSAM/install/dynosam/share/colcon-core/packages/dynosam)
[394.904s] Level 1:colcon.colcon_core.environment:create_environment_scripts_only(dynosam)
[394.905s] Level 1:colcon.colcon_core.environment:checking '/home/bonnie/DynOSAM/install/dynosam' for CMake module files
[394.905s] Level 1:colcon.colcon_core.environment:checking '/home/bonnie/DynOSAM/install/dynosam' for CMake config files
[394.905s] Level 1:colcon.colcon_core.shell:create_environment_hook('dynosam', 'cmake_prefix_path')
[394.905s] INFO:colcon.colcon_core.shell:Creating environment hook '/home/bonnie/DynOSAM/install/dynosam/share/dynosam/hook/cmake_prefix_path.ps1'
[394.906s] INFO:colcon.colcon_core.shell:Creating environment descriptor '/home/bonnie/DynOSAM/install/dynosam/share/dynosam/hook/cmake_prefix_path.dsv'
[394.906s] INFO:colcon.colcon_core.shell:Creating environment hook '/home/bonnie/DynOSAM/install/dynosam/share/dynosam/hook/cmake_prefix_path.sh'
[394.907s] Level 1:colcon.colcon_core.environment:checking '/home/bonnie/DynOSAM/install/dynosam/lib'
[394.907s] Level 1:colcon.colcon_core.shell:create_environment_hook('dynosam', 'ld_library_path_lib')
[394.907s] INFO:colcon.colcon_core.shell:Creating environment hook '/home/bonnie/DynOSAM/install/dynosam/share/dynosam/hook/ld_library_path_lib.ps1'
[394.907s] INFO:colcon.colcon_core.shell:Creating environment descriptor '/home/bonnie/DynOSAM/install/dynosam/share/dynosam/hook/ld_library_path_lib.dsv'
[394.908s] INFO:colcon.colcon_core.shell:Creating environment hook '/home/bonnie/DynOSAM/install/dynosam/share/dynosam/hook/ld_library_path_lib.sh'
[394.908s] Level 1:colcon.colcon_core.environment:checking '/home/bonnie/DynOSAM/install/dynosam/bin'
[394.908s] Level 1:colcon.colcon_core.environment:checking '/home/bonnie/DynOSAM/install/dynosam/lib/pkgconfig/dynosam.pc'
[394.909s] Level 1:colcon.colcon_core.environment:checking '/home/bonnie/DynOSAM/install/dynosam/lib/python3.10/site-packages'
[394.909s] Level 1:colcon.colcon_core.environment:checking '/home/bonnie/DynOSAM/install/dynosam/bin'
[394.909s] INFO:colcon.colcon_core.shell:Creating package script '/home/bonnie/DynOSAM/install/dynosam/share/dynosam/package.ps1'
[394.910s] INFO:colcon.colcon_core.shell:Creating package descriptor '/home/bonnie/DynOSAM/install/dynosam/share/dynosam/package.dsv'
[394.910s] INFO:colcon.colcon_core.shell:Creating package script '/home/bonnie/DynOSAM/install/dynosam/share/dynosam/package.sh'
[394.911s] INFO:colcon.colcon_core.shell:Creating package script '/home/bonnie/DynOSAM/install/dynosam/share/dynosam/package.bash'
[394.911s] INFO:colcon.colcon_core.shell:Creating package script '/home/bonnie/DynOSAM/install/dynosam/share/dynosam/package.zsh'
[394.911s] Level 1:colcon.colcon_core.environment:create_file_with_runtime_dependencies(/home/bonnie/DynOSAM/install/dynosam/share/colcon-core/packages/dynosam)
[394.913s] INFO:colcon.colcon_ros.task.ament_cmake.build:Building ROS package in '/home/bonnie/DynOSAM/src/dynosam_ros' with build type 'ament_cmake'
[394.913s] INFO:colcon.colcon_cmake.task.cmake.build:Building CMake package in '/home/bonnie/DynOSAM/src/dynosam_ros'
[394.913s] INFO:colcon.colcon_core.shell:Skip shell extension 'powershell' for command environment: Not usable outside of PowerShell
[394.913s] DEBUG:colcon.colcon_core.shell:Skip shell extension 'dsv' for command environment
[394.921s] INFO:colcon.colcon_ros.task.ament_cmake.build:Building ROS package in '/home/bonnie/DynOSAM/src/dynosam_utils' with build type 'ament_cmake'
[394.922s] INFO:colcon.colcon_cmake.task.cmake.build:Building CMake package in '/home/bonnie/DynOSAM/src/dynosam_utils'
[394.922s] INFO:colcon.colcon_core.shell:Skip shell extension 'powershell' for command environment: Not usable outside of PowerShell
[394.922s] DEBUG:colcon.colcon_core.shell:Skip shell extension 'dsv' for command environment
[395.047s] DEBUG:colcon.colcon_core.event_handler.log_command:Invoking command in '/home/bonnie/DynOSAM/build/dynosam_utils': AMENT_PREFIX_PATH=/home/bonnie/DynOSAM/install/dynosam:${AMENT_PREFIX_PATH} CMAKE_PREFIX_PATH=/home/bonnie/DynOSAM/install/dynosam:/opt/ros/humble LD_LIBRARY_PATH=/home/bonnie/DynOSAM/install/dynosam/lib:${LD_LIBRARY_PATH} /usr/bin/cmake --build /home/bonnie/DynOSAM/build/dynosam_utils -- -j16 -l16
[395.362s] DEBUG:colcon.colcon_core.event_handler.log_command:Invoking command in '/home/bonnie/DynOSAM/build/dynosam_ros': AMENT_PREFIX_PATH=/home/bonnie/DynOSAM/install/zed_msgs:/home/bonnie/DynOSAM/install/dynosam:/home/bonnie/DynOSAM/install/dynamic_slam_interfaces:${AMENT_PREFIX_PATH} CMAKE_PREFIX_PATH=/home/bonnie/DynOSAM/install/zed_msgs:/home/bonnie/DynOSAM/install/dynosam:/home/bonnie/DynOSAM/install/dynamic_slam_interfaces:/opt/ros/humble LD_LIBRARY_PATH=/home/bonnie/DynOSAM/install/zed_msgs/lib:/home/bonnie/DynOSAM/install/dynosam/lib:/home/bonnie/DynOSAM/install/dynamic_slam_interfaces/lib:${LD_LIBRARY_PATH} PYTHONPATH=/home/bonnie/DynOSAM/install/zed_msgs/local/lib/python3.10/dist-packages:/home/bonnie/DynOSAM/install/dynamic_slam_interfaces/local/lib/python3.10/dist-packages:${PYTHONPATH} /usr/bin/cmake --build /home/bonnie/DynOSAM/build/dynosam_ros -- -j16 -l16
[407.286s] DEBUG:colcon.colcon_core.event_handler.log_command:Invoked command in '/home/bonnie/DynOSAM/build/dynosam_utils' returned '0': AMENT_PREFIX_PATH=/home/bonnie/DynOSAM/install/dynosam:${AMENT_PREFIX_PATH} CMAKE_PREFIX_PATH=/home/bonnie/DynOSAM/install/dynosam:/opt/ros/humble LD_LIBRARY_PATH=/home/bonnie/DynOSAM/install/dynosam/lib:${LD_LIBRARY_PATH} /usr/bin/cmake --build /home/bonnie/DynOSAM/build/dynosam_utils -- -j16 -l16
[407.289s] DEBUG:colcon.colcon_core.event_handler.log_command:Invoking command in '/home/bonnie/DynOSAM/build/dynosam_utils': AMENT_PREFIX_PATH=/home/bonnie/DynOSAM/install/dynosam:${AMENT_PREFIX_PATH} CMAKE_PREFIX_PATH=/home/bonnie/DynOSAM/install/dynosam:/opt/ros/humble LD_LIBRARY_PATH=/home/bonnie/DynOSAM/install/dynosam/lib:${LD_LIBRARY_PATH} /usr/bin/cmake --install /home/bonnie/DynOSAM/build/dynosam_utils
[407.345s] Level 1:colcon.colcon_core.environment:create_environment_scripts_only(dynosam_utils)
[407.345s] Level 1:colcon.colcon_core.environment:checking '/home/bonnie/DynOSAM/install/dynosam_utils' for CMake module files
[407.346s] DEBUG:colcon.colcon_core.event_handler.log_command:Invoked command in '/home/bonnie/DynOSAM/build/dynosam_utils' returned '0': AMENT_PREFIX_PATH=/home/bonnie/DynOSAM/install/dynosam:${AMENT_PREFIX_PATH} CMAKE_PREFIX_PATH=/home/bonnie/DynOSAM/install/dynosam:/opt/ros/humble LD_LIBRARY_PATH=/home/bonnie/DynOSAM/install/dynosam/lib:${LD_LIBRARY_PATH} /usr/bin/cmake --install /home/bonnie/DynOSAM/build/dynosam_utils
[407.346s] Level 1:colcon.colcon_core.environment:checking '/home/bonnie/DynOSAM/install/dynosam_utils' for CMake config files
[407.347s] Level 1:colcon.colcon_core.shell:create_environment_hook('dynosam_utils', 'cmake_prefix_path')
[407.347s] INFO:colcon.colcon_core.shell:Creating environment hook '/home/bonnie/DynOSAM/install/dynosam_utils/share/dynosam_utils/hook/cmake_prefix_path.ps1'
[407.347s] INFO:colcon.colcon_core.shell:Creating environment descriptor '/home/bonnie/DynOSAM/install/dynosam_utils/share/dynosam_utils/hook/cmake_prefix_path.dsv'
[407.347s] INFO:colcon.colcon_core.shell:Creating environment hook '/home/bonnie/DynOSAM/install/dynosam_utils/share/dynosam_utils/hook/cmake_prefix_path.sh'
[407.348s] Level 1:colcon.colcon_core.environment:checking '/home/bonnie/DynOSAM/install/dynosam_utils/lib'
[407.348s] Level 1:colcon.colcon_core.environment:checking '/home/bonnie/DynOSAM/install/dynosam_utils/bin'
[407.348s] Level 1:colcon.colcon_core.environment:checking '/home/bonnie/DynOSAM/install/dynosam_utils/lib/pkgconfig/dynosam_utils.pc'
[407.348s] Level 1:colcon.colcon_core.environment:checking '/home/bonnie/DynOSAM/install/dynosam_utils/lib/python3.10/site-packages'
[407.349s] Level 1:colcon.colcon_core.environment:checking '/home/bonnie/DynOSAM/install/dynosam_utils/bin'
[407.349s] INFO:colcon.colcon_core.shell:Creating package script '/home/bonnie/DynOSAM/install/dynosam_utils/share/dynosam_utils/package.ps1'
[407.349s] INFO:colcon.colcon_core.shell:Creating package descriptor '/home/bonnie/DynOSAM/install/dynosam_utils/share/dynosam_utils/package.dsv'
[407.350s] INFO:colcon.colcon_core.shell:Creating package script '/home/bonnie/DynOSAM/install/dynosam_utils/share/dynosam_utils/package.sh'
[407.350s] INFO:colcon.colcon_core.shell:Creating package script '/home/bonnie/DynOSAM/install/dynosam_utils/share/dynosam_utils/package.bash'
[407.350s] INFO:colcon.colcon_core.shell:Creating package script '/home/bonnie/DynOSAM/install/dynosam_utils/share/dynosam_utils/package.zsh'
[407.351s] Level 1:colcon.colcon_core.environment:create_file_with_runtime_dependencies(/home/bonnie/DynOSAM/install/dynosam_utils/share/colcon-core/packages/dynosam_utils)
[407.351s] Level 1:colcon.colcon_core.environment:create_environment_scripts_only(dynosam_utils)
[407.351s] Level 1:colcon.colcon_core.environment:checking '/home/bonnie/DynOSAM/install/dynosam_utils' for CMake module files
[407.352s] Level 1:colcon.colcon_core.environment:checking '/home/bonnie/DynOSAM/install/dynosam_utils' for CMake config files
[407.352s] Level 1:colcon.colcon_core.shell:create_environment_hook('dynosam_utils', 'cmake_prefix_path')
[407.353s] INFO:colcon.colcon_core.shell:Creating environment hook '/home/bonnie/DynOSAM/install/dynosam_utils/share/dynosam_utils/hook/cmake_prefix_path.ps1'
[407.353s] INFO:colcon.colcon_core.shell:Creating environment descriptor '/home/bonnie/DynOSAM/install/dynosam_utils/share/dynosam_utils/hook/cmake_prefix_path.dsv'
[407.353s] INFO:colcon.colcon_core.shell:Creating environment hook '/home/bonnie/DynOSAM/install/dynosam_utils/share/dynosam_utils/hook/cmake_prefix_path.sh'
[407.354s] Level 1:colcon.colcon_core.environment:checking '/home/bonnie/DynOSAM/install/dynosam_utils/lib'
[407.354s] Level 1:colcon.colcon_core.environment:checking '/home/bonnie/DynOSAM/install/dynosam_utils/bin'
[407.354s] Level 1:colcon.colcon_core.environment:checking '/home/bonnie/DynOSAM/install/dynosam_utils/lib/pkgconfig/dynosam_utils.pc'
[407.354s] Level 1:colcon.colcon_core.environment:checking '/home/bonnie/DynOSAM/install/dynosam_utils/lib/python3.10/site-packages'
[407.354s] Level 1:colcon.colcon_core.environment:checking '/home/bonnie/DynOSAM/install/dynosam_utils/bin'
[407.354s] INFO:colcon.colcon_core.shell:Creating package script '/home/bonnie/DynOSAM/install/dynosam_utils/share/dynosam_utils/package.ps1'
[407.355s] INFO:colcon.colcon_core.shell:Creating package descriptor '/home/bonnie/DynOSAM/install/dynosam_utils/share/dynosam_utils/package.dsv'
[407.355s] INFO:colcon.colcon_core.shell:Creating package script '/home/bonnie/DynOSAM/install/dynosam_utils/share/dynosam_utils/package.sh'
[407.356s] INFO:colcon.colcon_core.shell:Creating package script '/home/bonnie/DynOSAM/install/dynosam_utils/share/dynosam_utils/package.bash'
[407.356s] INFO:colcon.colcon_core.shell:Creating package script '/home/bonnie/DynOSAM/install/dynosam_utils/share/dynosam_utils/package.zsh'
[407.356s] Level 1:colcon.colcon_core.environment:create_file_with_runtime_dependencies(/home/bonnie/DynOSAM/install/dynosam_utils/share/colcon-core/packages/dynosam_utils)
[531.145s] Level 1:colcon.colcon_core.environment:create_environment_scripts_only(dynosam_ros)
[531.146s] Level 1:colcon.colcon_core.environment:checking '/home/bonnie/DynOSAM/install/dynosam_ros' for CMake module files
[531.162s] Level 1:colcon.colcon_core.environment:checking '/home/bonnie/DynOSAM/install/dynosam_ros' for CMake config files
[531.165s] DEBUG:colcon.colcon_core.event_handler.log_command:Invoked command in '/home/bonnie/DynOSAM/build/dynosam_ros' returned '1': AMENT_PREFIX_PATH=/home/bonnie/DynOSAM/install/zed_msgs:/home/bonnie/DynOSAM/install/dynosam:/home/bonnie/DynOSAM/install/dynamic_slam_interfaces:${AMENT_PREFIX_PATH} CMAKE_PREFIX_PATH=/home/bonnie/DynOSAM/install/zed_msgs:/home/bonnie/DynOSAM/install/dynosam:/home/bonnie/DynOSAM/install/dynamic_slam_interfaces:/opt/ros/humble LD_LIBRARY_PATH=/home/bonnie/DynOSAM/install/zed_msgs/lib:/home/bonnie/DynOSAM/install/dynosam/lib:/home/bonnie/DynOSAM/install/dynamic_slam_interfaces/lib:${LD_LIBRARY_PATH} PYTHONPATH=/home/bonnie/DynOSAM/install/zed_msgs/local/lib/python3.10/dist-packages:/home/bonnie/DynOSAM/install/dynamic_slam_interfaces/local/lib/python3.10/dist-packages:${PYTHONPATH} /usr/bin/cmake --build /home/bonnie/DynOSAM/build/dynosam_ros -- -j16 -l16
[531.167s] Level 1:colcon.colcon_core.shell:create_environment_hook('dynosam_ros', 'cmake_prefix_path')
[531.168s] INFO:colcon.colcon_core.shell:Creating environment hook '/home/bonnie/DynOSAM/install/dynosam_ros/share/dynosam_ros/hook/cmake_prefix_path.ps1'
[531.170s] INFO:colcon.colcon_core.shell:Creating environment descriptor '/home/bonnie/DynOSAM/install/dynosam_ros/share/dynosam_ros/hook/cmake_prefix_path.dsv'
[531.170s] INFO:colcon.colcon_core.shell:Creating environment hook '/home/bonnie/DynOSAM/install/dynosam_ros/share/dynosam_ros/hook/cmake_prefix_path.sh'
[531.171s] Level 1:colcon.colcon_core.environment:checking '/home/bonnie/DynOSAM/install/dynosam_ros/lib'
[531.171s] Level 1:colcon.colcon_core.shell:create_environment_hook('dynosam_ros', 'ld_library_path_lib')
[531.172s] INFO:colcon.colcon_core.shell:Creating environment hook '/home/bonnie/DynOSAM/install/dynosam_ros/share/dynosam_ros/hook/ld_library_path_lib.ps1'
[531.172s] INFO:colcon.colcon_core.shell:Creating environment descriptor '/home/bonnie/DynOSAM/install/dynosam_ros/share/dynosam_ros/hook/ld_library_path_lib.dsv'
[531.172s] INFO:colcon.colcon_core.shell:Creating environment hook '/home/bonnie/DynOSAM/install/dynosam_ros/share/dynosam_ros/hook/ld_library_path_lib.sh'
[531.173s] Level 1:colcon.colcon_core.environment:checking '/home/bonnie/DynOSAM/install/dynosam_ros/bin'
[531.173s] Level 1:colcon.colcon_core.environment:checking '/home/bonnie/DynOSAM/install/dynosam_ros/lib/pkgconfig/dynosam_ros.pc'
[531.173s] Level 1:colcon.colcon_core.environment:checking '/home/bonnie/DynOSAM/install/dynosam_ros/lib/python3.10/site-packages'
[531.173s] Level 1:colcon.colcon_core.environment:checking '/home/bonnie/DynOSAM/install/dynosam_ros/bin'
[531.174s] INFO:colcon.colcon_core.shell:Creating package script '/home/bonnie/DynOSAM/install/dynosam_ros/share/dynosam_ros/package.ps1'
[531.175s] INFO:colcon.colcon_core.shell:Creating package descriptor '/home/bonnie/DynOSAM/install/dynosam_ros/share/dynosam_ros/package.dsv'
[531.175s] INFO:colcon.colcon_core.shell:Creating package script '/home/bonnie/DynOSAM/install/dynosam_ros/share/dynosam_ros/package.sh'
[531.176s] INFO:colcon.colcon_core.shell:Creating package script '/home/bonnie/DynOSAM/install/dynosam_ros/share/dynosam_ros/package.bash'
[531.177s] INFO:colcon.colcon_core.shell:Creating package script '/home/bonnie/DynOSAM/install/dynosam_ros/share/dynosam_ros/package.zsh'
[531.178s] Level 1:colcon.colcon_core.environment:create_file_with_runtime_dependencies(/home/bonnie/DynOSAM/install/dynosam_ros/share/colcon-core/packages/dynosam_ros)
[531.190s] DEBUG:colcon.colcon_parallel_executor.executor.parallel:closing loop
[531.190s] DEBUG:colcon.colcon_parallel_executor.executor.parallel:loop closed
[531.190s] DEBUG:colcon.colcon_parallel_executor.executor.parallel:run_until_complete finished with '1'
[531.191s] DEBUG:colcon.colcon_core.event_reactor:joining thread
[531.283s] INFO:colcon.colcon_core.plugin_system:Skipping extension 'colcon_notification.desktop_notification.notify_send': Could not find 'notify-send'
[531.283s] INFO:colcon.colcon_core.plugin_system:Skipping extension 'colcon_notification.desktop_notification.terminal_notifier': Not used on non-Darwin systems
[531.283s] INFO:colcon.colcon_core.plugin_system:Skipping extension 'colcon_notification.desktop_notification.win32': Not used on non-Windows systems
[531.283s] INFO:colcon.colcon_notification.desktop_notification:Sending desktop notification using 'notify2'
[531.283s] DEBUG:colcon.colcon_notification.desktop_notification.notify2:Failed to initialize notify2: org.freedesktop.DBus.Error.FileNotFound: Failed to connect to socket /run/user/1000/bus: No such file or directory
[531.284s] DEBUG:colcon.colcon_core.event_reactor:joined thread
[531.284s] INFO:colcon.colcon_core.shell:Creating prefix script '/home/bonnie/DynOSAM/install/local_setup.ps1'
[531.286s] INFO:colcon.colcon_core.shell:Creating prefix util module '/home/bonnie/DynOSAM/install/_local_setup_util_ps1.py'
[531.288s] INFO:colcon.colcon_core.shell:Creating prefix chain script '/home/bonnie/DynOSAM/install/setup.ps1'
[531.289s] INFO:colcon.colcon_core.shell:Creating prefix script '/home/bonnie/DynOSAM/install/local_setup.sh'
[531.289s] INFO:colcon.colcon_core.shell:Creating prefix util module '/home/bonnie/DynOSAM/install/_local_setup_util_sh.py'
[531.290s] INFO:colcon.colcon_core.shell:Creating prefix chain script '/home/bonnie/DynOSAM/install/setup.sh'
[531.291s] INFO:colcon.colcon_core.shell:Creating prefix script '/home/bonnie/DynOSAM/install/local_setup.bash'
[531.292s] INFO:colcon.colcon_core.shell:Creating prefix chain script '/home/bonnie/DynOSAM/install/setup.bash'
[531.293s] INFO:colcon.colcon_core.shell:Creating prefix script '/home/bonnie/DynOSAM/install/local_setup.zsh'
[531.294s] INFO:colcon.colcon_core.shell:Creating prefix chain script '/home/bonnie/DynOSAM/install/setup.zsh'
