[0.024s] Invoking command in '/home/bonnie/DynOSAM/src/build/dynamic_slam_interfaces': CMAKE_PREFIX_PATH=/opt/ros/humble /usr/bin/cmake /home/bonnie/DynOSAM/src/dynamic_slam_interfaces -DCMAKE_EXPORT_COMPILE_COMMANDS=ON -DCMAKE_BUILD_TYPE=RelWithDebinfo -G Ninja -DCMAKE_INSTALL_PREFIX=/home/bonnie/DynOSAM/src/install/dynamic_slam_interfaces
[0.263s] -- The C compiler identification is GNU 11.4.0
[1.056s] -- The CXX compiler identification is GNU 11.4.0
[1.523s] -- Detecting C compiler ABI info
[1.713s] -- Detecting C compiler ABI info - done
[1.720s] -- Check for working C compiler: /usr/bin/cc - skipped
[1.720s] -- Detecting C compile features
[1.720s] -- Detecting C compile features - done
[1.723s] -- Detecting CXX compiler ABI info
[1.927s] -- Detecting CXX compiler ABI info - done
[1.933s] -- Check for working CXX compiler: /usr/bin/c++ - skipped
[1.933s] -- Detecting CXX compile features
[1.933s] -- Detecting CXX compile features - done
[1.935s] -- Found ament_cmake: 1.3.11 (/opt/ros/humble/share/ament_cmake/cmake)
[2.090s] -- Found Python3: /home/linuxbrew/.linuxbrew/bin/python3 (found version "3.13.3") found components: Interpreter 
[2.267s] -- Found builtin_interfaces: 1.2.1 (/opt/ros/humble/share/builtin_interfaces/cmake)
[2.517s] -- Found rosidl_generator_c: 3.1.6 (/opt/ros/humble/share/rosidl_generator_c/cmake)
[2.524s] -- Found rosidl_adapter: 3.1.6 (/opt/ros/humble/share/rosidl_adapter/cmake)
[2.536s] -- Found rosidl_generator_cpp: 3.1.6 (/opt/ros/humble/share/rosidl_generator_cpp/cmake)
[2.559s] -- Using all available rosidl_typesupport_c: rosidl_typesupport_fastrtps_c;rosidl_typesupport_introspection_c
[2.582s] -- Using all available rosidl_typesupport_cpp: rosidl_typesupport_fastrtps_cpp;rosidl_typesupport_introspection_cpp
[2.605s] -- Found nav_msgs: 4.8.0 (/opt/ros/humble/share/nav_msgs/cmake)
[2.677s] -- Found rosidl_default_generators: 1.2.0 (/opt/ros/humble/share/rosidl_default_generators/cmake)
[2.692s] -- Found message_filters: 4.3.7 (/opt/ros/humble/share/message_filters/cmake)
[2.761s] -- Found rmw_implementation_cmake: 6.1.2 (/opt/ros/humble/share/rmw_implementation_cmake/cmake)
[2.765s] -- Found rmw_fastrtps_cpp: 6.2.7 (/opt/ros/humble/share/rmw_fastrtps_cpp/cmake)
[4.826s] -- Found OpenSSL: /usr/lib/x86_64-linux-gnu/libcrypto.so (found version "3.0.2")  
[7.022s] -- Found FastRTPS: /opt/ros/humble/include  
