[0.019s] Invoking command in '/home/bonnie/DynOSAM/build/config_utilities': CMAKE_PREFIX_PATH=/opt/ros/humble /usr/bin/cmake --build /home/bonnie/DynOSAM/build/config_utilities -- -j16 -l16
[0.042s] ninja: no work to do.
[0.045s] Invoked command in '/home/bonnie/DynOSAM/build/config_utilities' returned '0': CMAKE_PREFIX_PATH=/opt/ros/humble /usr/bin/cmake --build /home/bonnie/DynOSAM/build/config_utilities -- -j16 -l16
[0.057s] Invoking command in '/home/bonnie/DynOSAM/build/config_utilities': CMAKE_PREFIX_PATH=/opt/ros/humble /usr/bin/cmake --install /home/bonnie/DynOSAM/build/config_utilities
[0.066s] -- Install configuration: "RelWithDebinfo"
[0.067s] -- Up-to-date: /home/bonnie/DynOSAM/install/config_utilities/lib/libconfig_utilities.so
[0.068s] -- Up-to-date: /home/bonnie/DynOSAM/install/config_utilities/bin/composite-configs
[0.068s] -- Up-to-date: /home/bonnie/DynOSAM/install/config_utilities/include
[0.068s] -- Up-to-date: /home/bonnie/DynOSAM/install/config_utilities/include/config_utilities
[0.069s] -- Up-to-date: /home/bonnie/DynOSAM/install/config_utilities/include/config_utilities/virtual_config.h
[0.069s] -- Up-to-date: /home/bonnie/DynOSAM/install/config_utilities/include/config_utilities/external_registry.h
[0.069s] -- Up-to-date: /home/bonnie/DynOSAM/install/config_utilities/include/config_utilities/internal
[0.070s] -- Up-to-date: /home/bonnie/DynOSAM/install/config_utilities/include/config_utilities/internal/visitor_impl.hpp
[0.070s] -- Up-to-date: /home/bonnie/DynOSAM/install/config_utilities/include/config_utilities/internal/meta_data.h
[0.070s] -- Up-to-date: /home/bonnie/DynOSAM/install/config_utilities/include/config_utilities/internal/yaml_utils.h
[0.070s] -- Up-to-date: /home/bonnie/DynOSAM/install/config_utilities/include/config_utilities/internal/namespacing.h
[0.070s] -- Up-to-date: /home/bonnie/DynOSAM/install/config_utilities/include/config_utilities/internal/yaml_parser.h
[0.070s] -- Up-to-date: /home/bonnie/DynOSAM/install/config_utilities/include/config_utilities/internal/formatter.h
[0.070s] -- Up-to-date: /home/bonnie/DynOSAM/install/config_utilities/include/config_utilities/internal/checks.h
[0.070s] -- Up-to-date: /home/bonnie/DynOSAM/install/config_utilities/include/config_utilities/internal/config_context.h
[0.071s] -- Up-to-date: /home/bonnie/DynOSAM/install/config_utilities/include/config_utilities/internal/visitor.h
[0.071s] -- Up-to-date: /home/bonnie/DynOSAM/install/config_utilities/include/config_utilities/internal/logger.h
[0.071s] -- Up-to-date: /home/bonnie/DynOSAM/install/config_utilities/include/config_utilities/internal/string_utils.h
[0.071s] -- Up-to-date: /home/bonnie/DynOSAM/install/config_utilities/include/config_utilities/settings.h
[0.071s] -- Up-to-date: /home/bonnie/DynOSAM/install/config_utilities/include/config_utilities/substitution_parsers.h
[0.072s] -- Up-to-date: /home/bonnie/DynOSAM/install/config_utilities/include/config_utilities/types
[0.072s] -- Up-to-date: /home/bonnie/DynOSAM/install/config_utilities/include/config_utilities/types/path.h
[0.072s] -- Up-to-date: /home/bonnie/DynOSAM/install/config_utilities/include/config_utilities/types/enum.h
[0.072s] -- Up-to-date: /home/bonnie/DynOSAM/install/config_utilities/include/config_utilities/types/conversions.h
[0.072s] -- Up-to-date: /home/bonnie/DynOSAM/install/config_utilities/include/config_utilities/types/eigen_matrix.h
[0.072s] -- Up-to-date: /home/bonnie/DynOSAM/install/config_utilities/include/config_utilities/getters.h
[0.072s] -- Up-to-date: /home/bonnie/DynOSAM/install/config_utilities/include/config_utilities/printing.h
[0.072s] -- Up-to-date: /home/bonnie/DynOSAM/install/config_utilities/include/config_utilities/validation.h
[0.073s] -- Up-to-date: /home/bonnie/DynOSAM/install/config_utilities/include/config_utilities/update.h
[0.073s] -- Up-to-date: /home/bonnie/DynOSAM/install/config_utilities/include/config_utilities/factory.h
[0.073s] -- Up-to-date: /home/bonnie/DynOSAM/install/config_utilities/include/config_utilities/parsing
[0.073s] -- Up-to-date: /home/bonnie/DynOSAM/install/config_utilities/include/config_utilities/parsing/context.h
[0.073s] -- Up-to-date: /home/bonnie/DynOSAM/install/config_utilities/include/config_utilities/parsing/yaml.h
[0.073s] -- Up-to-date: /home/bonnie/DynOSAM/install/config_utilities/include/config_utilities/parsing/commandline.h
[0.073s] -- Up-to-date: /home/bonnie/DynOSAM/install/config_utilities/include/config_utilities/parsing/ros.h
[0.073s] -- Up-to-date: /home/bonnie/DynOSAM/install/config_utilities/include/config_utilities/config.h
[0.074s] -- Up-to-date: /home/bonnie/DynOSAM/install/config_utilities/include/config_utilities/globals.h
[0.074s] -- Up-to-date: /home/bonnie/DynOSAM/install/config_utilities/include/config_utilities/formatting
[0.074s] -- Up-to-date: /home/bonnie/DynOSAM/install/config_utilities/include/config_utilities/formatting/asl.h
[0.074s] -- Up-to-date: /home/bonnie/DynOSAM/install/config_utilities/include/config_utilities/traits.h
[0.074s] -- Up-to-date: /home/bonnie/DynOSAM/install/config_utilities/include/config_utilities/substitutions.h
[0.074s] -- Up-to-date: /home/bonnie/DynOSAM/install/config_utilities/include/config_utilities/logging
[0.074s] -- Up-to-date: /home/bonnie/DynOSAM/install/config_utilities/include/config_utilities/logging/log_to_stdout.h
[0.074s] -- Up-to-date: /home/bonnie/DynOSAM/install/config_utilities/include/config_utilities/logging/log_to_ros.h
[0.074s] -- Up-to-date: /home/bonnie/DynOSAM/install/config_utilities/include/config_utilities/logging/log_to_glog.h
[0.074s] -- Up-to-date: /home/bonnie/DynOSAM/install/config_utilities/include/config_utilities/config_utilities.h
[0.074s] -- Up-to-date: /home/bonnie/DynOSAM/install/config_utilities/lib/cmake/config_utilities/config_utilitiesTargets.cmake
[0.074s] -- Up-to-date: /home/bonnie/DynOSAM/install/config_utilities/lib/cmake/config_utilities/config_utilitiesTargets-relwithdebinfo.cmake
[0.074s] -- Up-to-date: /home/bonnie/DynOSAM/install/config_utilities/lib/cmake/config_utilities/config_utilitiesConfig.cmake
[0.074s] -- Up-to-date: /home/bonnie/DynOSAM/install/config_utilities/lib/cmake/config_utilities/config_utilitiesConfigVersion.cmake
[0.075s] Invoked command in '/home/bonnie/DynOSAM/build/config_utilities' returned '0': CMAKE_PREFIX_PATH=/opt/ros/humble /usr/bin/cmake --install /home/bonnie/DynOSAM/build/config_utilities
