[0.025s] Invoking command in '/home/bonnie/DynOSAM/build/dynosam': CMAKE_PREFIX_PATH=/opt/ros/humble /usr/bin/cmake --build /home/bonnie/DynOSAM/build/dynosam -- -j16 -l16
[0.120s] ninja: no work to do.
[0.146s] Invoked command in '/home/bonnie/DynOSAM/build/dynosam' returned '0': CMAKE_PREFIX_PATH=/opt/ros/humble /usr/bin/cmake --build /home/bonnie/DynOSAM/build/dynosam -- -j16 -l16
[0.147s] Invoking command in '/home/bonnie/DynOSAM/build/dynosam': CMAKE_PREFIX_PATH=/opt/ros/humble /usr/bin/cmake --install /home/bonnie/DynOSAM/build/dynosam
[0.156s] -- Install configuration: "RelWithDebinfo"
[0.156s] -- Up-to-date: /home/bonnie/DynOSAM/install/dynosam/share/dynosam/environment/library_path.sh
[0.156s] -- Up-to-date: /home/bonnie/DynOSAM/install/dynosam/share/dynosam/environment/library_path.dsv
[0.156s] -- Up-to-date: /home/bonnie/DynOSAM/install/dynosam/include
[0.156s] -- Up-to-date: /home/bonnie/DynOSAM/install/dynosam/include/dynosam
[0.157s] -- Up-to-date: /home/bonnie/DynOSAM/install/dynosam/include/dynosam/backend
[0.157s] -- Up-to-date: /home/bonnie/DynOSAM/install/dynosam/include/dynosam/backend/Accessor.hpp
[0.157s] -- Up-to-date: /home/bonnie/DynOSAM/install/dynosam/include/dynosam/backend/RGBDBackendModule.hpp
[0.157s] -- Up-to-date: /home/bonnie/DynOSAM/install/dynosam/include/dynosam/backend/BackendModule.hpp
[0.158s] -- Up-to-date: /home/bonnie/DynOSAM/install/dynosam/include/dynosam/backend/BackendDefinitions.hpp
[0.158s] -- Up-to-date: /home/bonnie/DynOSAM/install/dynosam/include/dynosam/backend/DynamicPointSymbol.hpp
[0.158s] -- Up-to-date: /home/bonnie/DynOSAM/install/dynosam/include/dynosam/backend/BackendInputPacket.hpp
[0.158s] -- Up-to-date: /home/bonnie/DynOSAM/install/dynosam/include/dynosam/backend/Formulation-impl.hpp
[0.159s] -- Up-to-date: /home/bonnie/DynOSAM/install/dynosam/include/dynosam/backend/BackendParams.hpp
[0.159s] -- Up-to-date: /home/bonnie/DynOSAM/install/dynosam/include/dynosam/backend/Accessor-impl.hpp
[0.159s] -- Up-to-date: /home/bonnie/DynOSAM/install/dynosam/include/dynosam/backend/Formulation.hpp
[0.160s] -- Up-to-date: /home/bonnie/DynOSAM/install/dynosam/include/dynosam/backend/rgbd
[0.160s] -- Up-to-date: /home/bonnie/DynOSAM/install/dynosam/include/dynosam/backend/rgbd/WorldMotionEstimator.hpp
[0.160s] -- Up-to-date: /home/bonnie/DynOSAM/install/dynosam/include/dynosam/backend/rgbd/WorldPoseEstimator.hpp
[0.160s] -- Up-to-date: /home/bonnie/DynOSAM/install/dynosam/include/dynosam/backend/BackendPipeline.hpp
[0.160s] -- Up-to-date: /home/bonnie/DynOSAM/install/dynosam/include/dynosam/backend/FactorGraphTools.hpp
[0.160s] -- Up-to-date: /home/bonnie/DynOSAM/install/dynosam/include/dynosam/backend/BackendOutputPacket.hpp
[0.160s] -- Up-to-date: /home/bonnie/DynOSAM/install/dynosam/include/dynosam/logger
[0.161s] -- Up-to-date: /home/bonnie/DynOSAM/install/dynosam/include/dynosam/logger/Logger.hpp
[0.161s] -- Up-to-date: /home/bonnie/DynOSAM/install/dynosam/include/dynosam/visualizer
[0.161s] -- Up-to-date: /home/bonnie/DynOSAM/install/dynosam/include/dynosam/visualizer/Visualizer-Definitions.hpp
[0.161s] -- Up-to-date: /home/bonnie/DynOSAM/install/dynosam/include/dynosam/visualizer/VisualizerPipelines.hpp
[0.161s] -- Up-to-date: /home/bonnie/DynOSAM/install/dynosam/include/dynosam/visualizer/ColourMap.hpp
[0.161s] -- Up-to-date: /home/bonnie/DynOSAM/install/dynosam/include/dynosam/visualizer/Colour.hpp
[0.162s] -- Up-to-date: /home/bonnie/DynOSAM/install/dynosam/include/dynosam/visualizer/OpenCVFrontendDisplay.hpp
[0.162s] -- Up-to-date: /home/bonnie/DynOSAM/install/dynosam/include/dynosam/visualizer/Display.hpp
[0.162s] -- Up-to-date: /home/bonnie/DynOSAM/install/dynosam/include/dynosam/pipeline
[0.162s] -- Up-to-date: /home/bonnie/DynOSAM/install/dynosam/include/dynosam/pipeline/ThreadSafeTemporalBuffer.hpp
[0.162s] -- Up-to-date: /home/bonnie/DynOSAM/install/dynosam/include/dynosam/pipeline/ThreadSafeQueue.hpp
[0.162s] -- Up-to-date: /home/bonnie/DynOSAM/install/dynosam/include/dynosam/pipeline/PipelineParams.hpp
[0.163s] -- Up-to-date: /home/bonnie/DynOSAM/install/dynosam/include/dynosam/pipeline/PipelineModuleProcessor.hpp
[0.164s] -- Up-to-date: /home/bonnie/DynOSAM/install/dynosam/include/dynosam/pipeline/PipelineBase.hpp
[0.164s] -- Up-to-date: /home/bonnie/DynOSAM/install/dynosam/include/dynosam/pipeline/PipelinePayload.hpp
[0.164s] -- Up-to-date: /home/bonnie/DynOSAM/install/dynosam/include/dynosam/pipeline/PipelineBase-inl.hpp
[0.165s] -- Up-to-date: /home/bonnie/DynOSAM/install/dynosam/include/dynosam/pipeline/PipelineManager.hpp
[0.165s] -- Up-to-date: /home/bonnie/DynOSAM/install/dynosam/include/dynosam/pipeline/ThreadSafeTemporalBuffer-inl.hpp
[0.165s] -- Up-to-date: /home/bonnie/DynOSAM/install/dynosam/include/dynosam/pipeline/PipelineSpinner.hpp
[0.165s] -- Up-to-date: /home/bonnie/DynOSAM/install/dynosam/include/dynosam/utils
[0.165s] -- Up-to-date: /home/bonnie/DynOSAM/install/dynosam/include/dynosam/utils/YamlParser.hpp
[0.165s] -- Up-to-date: /home/bonnie/DynOSAM/install/dynosam/include/dynosam/utils/Metrics.hpp
[0.165s] -- Up-to-date: /home/bonnie/DynOSAM/install/dynosam/include/dynosam/utils/GtsamUtils.hpp
[0.166s] -- Up-to-date: /home/bonnie/DynOSAM/install/dynosam/include/dynosam/utils/CsvParser.hpp
[0.166s] -- Up-to-date: /home/bonnie/DynOSAM/install/dynosam/include/dynosam/utils/Tuple.hpp
[0.166s] -- Up-to-date: /home/bonnie/DynOSAM/install/dynosam/include/dynosam/utils/OpenCVUtils.hpp
[0.166s] -- Up-to-date: /home/bonnie/DynOSAM/install/dynosam/include/dynosam/utils/Variant.hpp
[0.166s] -- Up-to-date: /home/bonnie/DynOSAM/install/dynosam/include/dynosam/utils/SafeCast.hpp
[0.166s] -- Up-to-date: /home/bonnie/DynOSAM/install/dynosam/include/dynosam/utils/JsonUtils.hpp
[0.166s] -- Up-to-date: /home/bonnie/DynOSAM/install/dynosam/include/dynosam/utils/Numerical.hpp
[0.167s] -- Up-to-date: /home/bonnie/DynOSAM/install/dynosam/include/dynosam/utils/Histogram.hpp
[0.167s] -- Up-to-date: /home/bonnie/DynOSAM/install/dynosam/include/dynosam/utils/Macros.hpp
[0.167s] -- Up-to-date: /home/bonnie/DynOSAM/install/dynosam/include/dynosam/utils/TimingStats.hpp
[0.167s] -- Up-to-date: /home/bonnie/DynOSAM/install/dynosam/include/dynosam/utils/Spinner.hpp
[0.167s] -- Up-to-date: /home/bonnie/DynOSAM/install/dynosam/include/dynosam/utils/Timing.hpp
[0.167s] -- Up-to-date: /home/bonnie/DynOSAM/install/dynosam/include/dynosam/utils/Statistics.hpp
[0.167s] -- Up-to-date: /home/bonnie/DynOSAM/install/dynosam/include/dynosam/utils/Accumulator.hpp
[0.167s] -- Up-to-date: /home/bonnie/DynOSAM/install/dynosam/include/dynosam/dataprovider
[0.167s] -- Up-to-date: /home/bonnie/DynOSAM/install/dynosam/include/dynosam/dataprovider/DataProviderUtils.hpp
[0.167s] -- Up-to-date: /home/bonnie/DynOSAM/install/dynosam/include/dynosam/dataprovider/DataInterfacePipeline.hpp
[0.167s] -- Up-to-date: /home/bonnie/DynOSAM/install/dynosam/include/dynosam/dataprovider/DatasetLoader.hpp
[0.167s] -- Up-to-date: /home/bonnie/DynOSAM/install/dynosam/include/dynosam/dataprovider/OMDDataProvider.hpp
[0.167s] -- Up-to-date: /home/bonnie/DynOSAM/install/dynosam/include/dynosam/dataprovider/ZEDDataProvider.hpp
[0.167s] -- Up-to-date: /home/bonnie/DynOSAM/install/dynosam/include/dynosam/dataprovider/DataProviderFactory.hpp
[0.167s] -- Up-to-date: /home/bonnie/DynOSAM/install/dynosam/include/dynosam/dataprovider/DataProvider.hpp
[0.167s] -- Up-to-date: /home/bonnie/DynOSAM/install/dynosam/include/dynosam/dataprovider/VirtualKittiDataProvider.hpp
[0.167s] -- Up-to-date: /home/bonnie/DynOSAM/install/dynosam/include/dynosam/dataprovider/ProjectAriaDataProvider.hpp
[0.167s] -- Up-to-date: /home/bonnie/DynOSAM/install/dynosam/include/dynosam/dataprovider/DatasetProvider.hpp
[0.168s] -- Up-to-date: /home/bonnie/DynOSAM/install/dynosam/include/dynosam/dataprovider/KittiDataProvider.hpp
[0.168s] -- Up-to-date: /home/bonnie/DynOSAM/install/dynosam/include/dynosam/dataprovider/ClusterSlamDataProvider.hpp
[0.168s] -- Up-to-date: /home/bonnie/DynOSAM/install/dynosam/include/dynosam/common
[0.168s] -- Up-to-date: /home/bonnie/DynOSAM/install/dynosam/include/dynosam/common/ImageTypes-inl.hpp
[0.168s] -- Up-to-date: /home/bonnie/DynOSAM/install/dynosam/include/dynosam/common/ModuleBase.hpp
[0.168s] -- Up-to-date: /home/bonnie/DynOSAM/install/dynosam/include/dynosam/common/ModuleFactory.hpp
[0.168s] -- Up-to-date: /home/bonnie/DynOSAM/install/dynosam/include/dynosam/common/ImageContainer.hpp
[0.168s] -- Up-to-date: /home/bonnie/DynOSAM/install/dynosam/include/dynosam/common/StereoCamera.hpp
[0.168s] -- Up-to-date: /home/bonnie/DynOSAM/install/dynosam/include/dynosam/common/ImageTypes.hpp
[0.168s] -- Up-to-date: /home/bonnie/DynOSAM/install/dynosam/include/dynosam/common/StructuredContainers.hpp
[0.168s] -- Up-to-date: /home/bonnie/DynOSAM/install/dynosam/include/dynosam/common/ImageContainer-inl.hpp
[0.168s] -- Up-to-date: /home/bonnie/DynOSAM/install/dynosam/include/dynosam/common/Flags.hpp
[0.169s] -- Up-to-date: /home/bonnie/DynOSAM/install/dynosam/include/dynosam/common/CameraParams.hpp
[0.169s] -- Up-to-date: /home/bonnie/DynOSAM/install/dynosam/include/dynosam/common/byte_tracker
[0.169s] -- Up-to-date: /home/bonnie/DynOSAM/install/dynosam/include/dynosam/common/byte_tracker/Lapjv.hpp
[0.169s] -- Up-to-date: /home/bonnie/DynOSAM/install/dynosam/include/dynosam/common/byte_tracker/README.md
[0.169s] -- Up-to-date: /home/bonnie/DynOSAM/install/dynosam/include/dynosam/common/byte_tracker/Track.hpp
[0.169s] -- Up-to-date: /home/bonnie/DynOSAM/install/dynosam/include/dynosam/common/byte_tracker/Rect.hpp
[0.169s] -- Up-to-date: /home/bonnie/DynOSAM/install/dynosam/include/dynosam/common/byte_tracker/KalmanFilter.hpp
[0.169s] -- Up-to-date: /home/bonnie/DynOSAM/install/dynosam/include/dynosam/common/byte_tracker/Detection.hpp
[0.169s] -- Up-to-date: /home/bonnie/DynOSAM/install/dynosam/include/dynosam/common/byte_tracker/ByteTracker.hpp
[0.169s] -- Up-to-date: /home/bonnie/DynOSAM/install/dynosam/include/dynosam/common/Types.hpp
[0.170s] -- Up-to-date: /home/bonnie/DynOSAM/install/dynosam/include/dynosam/common/ZEDCamera.hpp
[0.170s] -- Up-to-date: /home/bonnie/DynOSAM/install/dynosam/include/dynosam/common/MapNodes.hpp
[0.170s] -- Up-to-date: /home/bonnie/DynOSAM/install/dynosam/include/dynosam/common/SensorModels.hpp
[0.170s] -- Up-to-date: /home/bonnie/DynOSAM/install/dynosam/include/dynosam/common/PointCloudProcess.hpp
[0.170s] -- Up-to-date: /home/bonnie/DynOSAM/install/dynosam/include/dynosam/common/ZEDCameraConfig.hpp
[0.170s] -- Up-to-date: /home/bonnie/DynOSAM/install/dynosam/include/dynosam/common/Exceptions.hpp
[0.170s] -- Up-to-date: /home/bonnie/DynOSAM/install/dynosam/include/dynosam/common/GroundTruthPacket.hpp
[0.170s] -- Up-to-date: /home/bonnie/DynOSAM/install/dynosam/include/dynosam/common/Camera.hpp
[0.170s] -- Up-to-date: /home/bonnie/DynOSAM/install/dynosam/include/dynosam/common/DynamicObjects.hpp
[0.170s] -- Up-to-date: /home/bonnie/DynOSAM/install/dynosam/include/dynosam/common/Algorithms.hpp
[0.170s] -- Up-to-date: /home/bonnie/DynOSAM/install/dynosam/include/dynosam/common/MapNodes-inl.hpp
[0.170s] -- Up-to-date: /home/bonnie/DynOSAM/install/dynosam/include/dynosam/common/Map.hpp
[0.170s] -- Up-to-date: /home/bonnie/DynOSAM/install/dynosam/include/dynosam/frontend
[0.170s] -- Up-to-date: /home/bonnie/DynOSAM/install/dynosam/include/dynosam/frontend/FrontendOutputPacket.hpp
[0.170s] -- Up-to-date: /home/bonnie/DynOSAM/install/dynosam/include/dynosam/frontend/anms
[0.170s] -- Up-to-date: /home/bonnie/DynOSAM/install/dynosam/include/dynosam/frontend/anms/anms
[0.170s] -- Up-to-date: /home/bonnie/DynOSAM/install/dynosam/include/dynosam/frontend/anms/anms/nanoflann.hpp
[0.170s] -- Up-to-date: /home/bonnie/DynOSAM/install/dynosam/include/dynosam/frontend/anms/anms/range-tree
[0.170s] -- Up-to-date: /home/bonnie/DynOSAM/install/dynosam/include/dynosam/frontend/anms/anms/range-tree/ranget.h
[0.170s] -- Up-to-date: /home/bonnie/DynOSAM/install/dynosam/include/dynosam/frontend/anms/anms/range-tree/lrtypes.h
[0.171s] -- Up-to-date: /home/bonnie/DynOSAM/install/dynosam/include/dynosam/frontend/anms/anms/anms.h
[0.171s] -- Up-to-date: /home/bonnie/DynOSAM/install/dynosam/include/dynosam/frontend/anms/README.md
[0.171s] -- Up-to-date: /home/bonnie/DynOSAM/install/dynosam/include/dynosam/frontend/anms/LICENSE
[0.171s] -- Up-to-date: /home/bonnie/DynOSAM/install/dynosam/include/dynosam/frontend/anms/NonMaximumSuppression.h
[0.171s] -- Up-to-date: /home/bonnie/DynOSAM/install/dynosam/include/dynosam/frontend/RGBDInstanceFrontendModule.hpp
[0.171s] -- Up-to-date: /home/bonnie/DynOSAM/install/dynosam/include/dynosam/frontend/vision
[0.171s] -- Up-to-date: /home/bonnie/DynOSAM/install/dynosam/include/dynosam/frontend/vision/UndistortRectifier.hpp
[0.171s] -- Up-to-date: /home/bonnie/DynOSAM/install/dynosam/include/dynosam/frontend/vision/OccupancyGrid2D.hpp
[0.171s] -- Up-to-date: /home/bonnie/DynOSAM/install/dynosam/include/dynosam/frontend/vision/FeatureTrackerBase.hpp
[0.171s] -- Up-to-date: /home/bonnie/DynOSAM/install/dynosam/include/dynosam/frontend/vision/Vision-Definitions.hpp
[0.171s] -- Up-to-date: /home/bonnie/DynOSAM/install/dynosam/include/dynosam/frontend/vision/VisionTools-inl.hpp
[0.172s] -- Up-to-date: /home/bonnie/DynOSAM/install/dynosam/include/dynosam/frontend/vision/ORBextractor.hpp
[0.172s] -- Up-to-date: /home/bonnie/DynOSAM/install/dynosam/include/dynosam/frontend/vision/StereoMatchingParams.hpp
[0.172s] -- Up-to-date: /home/bonnie/DynOSAM/install/dynosam/include/dynosam/frontend/vision/TrackerParams.hpp
[0.172s] -- Up-to-date: /home/bonnie/DynOSAM/install/dynosam/include/dynosam/frontend/vision/Frame-inl.hpp
[0.172s] -- Up-to-date: /home/bonnie/DynOSAM/install/dynosam/include/dynosam/frontend/vision/Frame.hpp
[0.172s] -- Up-to-date: /home/bonnie/DynOSAM/install/dynosam/include/dynosam/frontend/vision/MotionSolver-inl.hpp
[0.173s] -- Up-to-date: /home/bonnie/DynOSAM/install/dynosam/include/dynosam/frontend/vision/VisionTools.hpp
[0.173s] -- Up-to-date: /home/bonnie/DynOSAM/install/dynosam/include/dynosam/frontend/vision/MotionSolver.hpp
[0.173s] -- Up-to-date: /home/bonnie/DynOSAM/install/dynosam/include/dynosam/frontend/vision/StereoMatcher.hpp
[0.173s] -- Up-to-date: /home/bonnie/DynOSAM/install/dynosam/include/dynosam/frontend/vision/FeatureDetector.hpp
[0.173s] -- Up-to-date: /home/bonnie/DynOSAM/install/dynosam/include/dynosam/frontend/vision/ObjectTracker.hpp
[0.173s] -- Up-to-date: /home/bonnie/DynOSAM/install/dynosam/include/dynosam/frontend/vision/FeatureTracker.hpp
[0.173s] -- Up-to-date: /home/bonnie/DynOSAM/install/dynosam/include/dynosam/frontend/vision/StaticFeatureTracker.hpp
[0.173s] -- Up-to-date: /home/bonnie/DynOSAM/install/dynosam/include/dynosam/frontend/vision/Feature.hpp
[0.174s] -- Up-to-date: /home/bonnie/DynOSAM/install/dynosam/include/dynosam/frontend/FrontendInputPacket.hpp
[0.174s] -- Up-to-date: /home/bonnie/DynOSAM/install/dynosam/include/dynosam/frontend/RGBDInstance-Definitions.hpp
[0.174s] -- Up-to-date: /home/bonnie/DynOSAM/install/dynosam/include/dynosam/frontend/FrontendParams.hpp
[0.174s] -- Up-to-date: /home/bonnie/DynOSAM/install/dynosam/include/dynosam/frontend/Frontend-Definitions.hpp
[0.174s] -- Up-to-date: /home/bonnie/DynOSAM/install/dynosam/include/dynosam/frontend/FrontendModule.hpp
[0.174s] -- Up-to-date: /home/bonnie/DynOSAM/install/dynosam/include/dynosam/frontend/imu
[0.175s] -- Up-to-date: /home/bonnie/DynOSAM/install/dynosam/include/dynosam/frontend/imu/ThreadSafeImuBuffer-inl.hpp
[0.175s] -- Up-to-date: /home/bonnie/DynOSAM/install/dynosam/include/dynosam/frontend/imu/ThreadSafeImuBuffer.hpp
[0.175s] -- Up-to-date: /home/bonnie/DynOSAM/install/dynosam/include/dynosam/frontend/imu/Imu-Definitions.hpp
[0.175s] -- Up-to-date: /home/bonnie/DynOSAM/install/dynosam/include/dynosam/frontend/imu/ImuMeasurements.hpp
[0.175s] -- Up-to-date: /home/bonnie/DynOSAM/install/dynosam/include/dynosam/frontend/FrontendPipeline.hpp
[0.176s] -- Up-to-date: /home/bonnie/DynOSAM/install/dynosam/include/dynosam/factors
[0.176s] -- Up-to-date: /home/bonnie/DynOSAM/install/dynosam/include/dynosam/factors/LandmarkMotionTernaryFactor.hpp
[0.176s] -- Up-to-date: /home/bonnie/DynOSAM/install/dynosam/include/dynosam/factors/LandmarkMotionPoseFactor.hpp
[0.176s] -- Up-to-date: /home/bonnie/DynOSAM/install/dynosam/include/dynosam/factors/ObjectKinematicFactor.hpp
[0.176s] -- Up-to-date: /home/bonnie/DynOSAM/install/dynosam/include/dynosam/factors/LandmarkPoseSmoothingFactor.hpp
[0.176s] -- Up-to-date: /home/bonnie/DynOSAM/install/dynosam/include/dynosam/factors/Pose3FlowProjectionFactor.h
[0.176s] -- Up-to-date: /home/bonnie/DynOSAM/install/dynosam/include/dynosam/test
[0.176s] -- Up-to-date: /home/bonnie/DynOSAM/install/dynosam/include/dynosam/test/simulator.hpp
[0.176s] -- Up-to-date: /home/bonnie/DynOSAM/install/dynosam/include/dynosam/test/helpers.hpp
[0.176s] -- Up-to-date: /home/bonnie/DynOSAM/install/dynosam/include/dynosam/test/tmp_file.hpp
[0.176s] -- Up-to-date: /home/bonnie/DynOSAM/install/dynosam/lib/libdynosam.so
[0.177s] -- Up-to-date: /home/bonnie/DynOSAM/install/dynosam/share/dynosam/params
[0.177s] -- Up-to-date: /home/bonnie/DynOSAM/install/dynosam/share/dynosam/params/frontend.flags
[0.177s] -- Up-to-date: /home/bonnie/DynOSAM/install/dynosam/share/dynosam/params/DatasetParams.yaml
[0.177s] -- Up-to-date: /home/bonnie/DynOSAM/install/dynosam/share/dynosam/params/PipelineParams.yaml
[0.177s] -- Up-to-date: /home/bonnie/DynOSAM/install/dynosam/share/dynosam/params/CameraParams.yaml
[0.177s] -- Up-to-date: /home/bonnie/DynOSAM/install/dynosam/share/dynosam/params/pipeline.flags
[0.177s] -- Up-to-date: /home/bonnie/DynOSAM/install/dynosam/share/dynosam/params/FrontendParams.yaml
[0.177s] -- Up-to-date: /home/bonnie/DynOSAM/install/dynosam/share/dynosam/params/backend.flags
[0.177s] -- Up-to-date: /home/bonnie/DynOSAM/install/dynosam/lib/dynosam/dyno_sam
[0.177s] -- Up-to-date: /home/bonnie/DynOSAM/install/dynosam/test/dynosam_test_core_utils
[0.178s] -- Up-to-date: /home/bonnie/DynOSAM/install/dynosam/test/dynosam_test_camera
[0.178s] -- Up-to-date: /home/bonnie/DynOSAM/install/dynosam/test/dynosam_test_thread_safety
[0.178s] -- Up-to-date: /home/bonnie/DynOSAM/install/dynosam/test/dynosam_test_dataproviders
[0.178s] -- Up-to-date: /home/bonnie/DynOSAM/install/dynosam/test/dynosam_test_backend
[0.178s] -- Up-to-date: /home/bonnie/DynOSAM/install/dynosam/test/dynosam_test_algorithms
[0.178s] -- Up-to-date: /home/bonnie/DynOSAM/install/dynosam/test/dynosam_test_vision_map
[0.178s] -- Up-to-date: /home/bonnie/DynOSAM/install/dynosam/test/dynosam_test_pipelines_params
[0.179s] -- Up-to-date: /home/bonnie/DynOSAM/install/dynosam/test/dynosam_test_visualization
[0.179s] -- Up-to-date: /home/bonnie/DynOSAM/install/dynosam/test/dynosam_test_zed_camera
[0.179s] -- Up-to-date: /home/bonnie/DynOSAM/install/dynosam/test/data/
[0.180s] -- Up-to-date: /home/bonnie/DynOSAM/install/dynosam/test/data//sensor.yaml
[0.180s] -- Up-to-date: /home/bonnie/DynOSAM/install/dynosam/test/data//tracking_params.yaml
[0.180s] -- Up-to-date: /home/bonnie/DynOSAM/install/dynosam/share/ament_index/resource_index/package_run_dependencies/dynosam
[0.180s] -- Up-to-date: /home/bonnie/DynOSAM/install/dynosam/share/ament_index/resource_index/parent_prefix_path/dynosam
[0.180s] -- Up-to-date: /home/bonnie/DynOSAM/install/dynosam/share/dynosam/environment/ament_prefix_path.sh
[0.180s] -- Up-to-date: /home/bonnie/DynOSAM/install/dynosam/share/dynosam/environment/ament_prefix_path.dsv
[0.181s] -- Up-to-date: /home/bonnie/DynOSAM/install/dynosam/share/dynosam/environment/path.sh
[0.181s] -- Up-to-date: /home/bonnie/DynOSAM/install/dynosam/share/dynosam/environment/path.dsv
[0.181s] -- Up-to-date: /home/bonnie/DynOSAM/install/dynosam/share/dynosam/local_setup.bash
[0.181s] -- Up-to-date: /home/bonnie/DynOSAM/install/dynosam/share/dynosam/local_setup.sh
[0.181s] -- Up-to-date: /home/bonnie/DynOSAM/install/dynosam/share/dynosam/local_setup.zsh
[0.181s] -- Up-to-date: /home/bonnie/DynOSAM/install/dynosam/share/dynosam/local_setup.dsv
[0.182s] -- Installing: /home/bonnie/DynOSAM/install/dynosam/share/dynosam/package.dsv
[0.182s] -- Up-to-date: /home/bonnie/DynOSAM/install/dynosam/share/ament_index/resource_index/packages/dynosam
[0.182s] -- Up-to-date: /home/bonnie/DynOSAM/install/dynosam/share/dynosam/cmake/ament_cmake_export_libraries-extras.cmake
[0.182s] -- Up-to-date: /home/bonnie/DynOSAM/install/dynosam/share/dynosam/cmake/ament_cmake_export_dependencies-extras.cmake
[0.182s] -- Up-to-date: /home/bonnie/DynOSAM/install/dynosam/share/dynosam/cmake/ament_cmake_export_include_directories-extras.cmake
[0.183s] -- Up-to-date: /home/bonnie/DynOSAM/install/dynosam/share/dynosam/cmake/dynosamConfig.cmake
[0.183s] -- Up-to-date: /home/bonnie/DynOSAM/install/dynosam/share/dynosam/cmake/dynosamConfig-version.cmake
[0.183s] -- Up-to-date: /home/bonnie/DynOSAM/install/dynosam/share/dynosam/package.xml
[0.184s] Invoked command in '/home/bonnie/DynOSAM/build/dynosam' returned '0': CMAKE_PREFIX_PATH=/opt/ros/humble /usr/bin/cmake --install /home/bonnie/DynOSAM/build/dynosam
