
[0/2] cd /home/bonnie/DynOSAM/build/dynamic_slam_interfaces && /usr/bin/cmake -E copy_directory /home/bonnie/DynOSAM/build/dynamic_slam_interfaces/rosidl_generator_py/dynamic_slam_interfaces /home/bonnie/DynOSAM/build/dynamic_slam_interfaces/ament_cmake_python/dynamic_slam_interfaces/dynamic_slam_interfaces[K
[1/2] cd /home/bonnie/DynOSAM/build/dynamic_slam_interfaces && /usr/bin/cmake -E copy_directory /home/bonnie/DynOSAM/build/dynamic_slam_interfaces/rosidl_generator_py/dynamic_slam_interfaces /home/bonnie/DynOSAM/build/dynamic_slam_interfaces/ament_cmake_python/dynamic_slam_interfaces/dynamic_slam_interfaces[K
[1/2] cd /home/bonnie/DynOSAM/build/dynamic_slam_interfaces/ament_cmake_python/dynamic_slam_interfaces && /usr/bin/python3 setup.py egg_info[K
[2/2] cd /home/bonnie/DynOSAM/build/dynamic_slam_interfaces/ament_cmake_python/dynamic_slam_interfaces && /usr/bin/python3 setup.py egg_info[K
running egg_info
writing dynamic_slam_interfaces.egg-info/PKG-INFO
writing dependency_links to dynamic_slam_interfaces.egg-info/dependency_links.txt
writing top-level names to dynamic_slam_interfaces.egg-info/top_level.txt
reading manifest file 'dynamic_slam_interfaces.egg-info/SOURCES.txt'
writing manifest file 'dynamic_slam_interfaces.egg-info/SOURCES.txt'
-- Install configuration: "RelWithDebinfo"
-- Up-to-date: /home/bonnie/DynOSAM/install/dynamic_slam_interfaces/share/ament_index/resource_index/rosidl_interfaces/dynamic_slam_interfaces
-- Up-to-date: /home/bonnie/DynOSAM/install/dynamic_slam_interfaces/include/dynamic_slam_interfaces/dynamic_slam_interfaces
-- Up-to-date: /home/bonnie/DynOSAM/install/dynamic_slam_interfaces/include/dynamic_slam_interfaces/dynamic_slam_interfaces/msg
-- Up-to-date: /home/bonnie/DynOSAM/install/dynamic_slam_interfaces/include/dynamic_slam_interfaces/dynamic_slam_interfaces/msg/object_odometry_path.h
-- Up-to-date: /home/bonnie/DynOSAM/install/dynamic_slam_interfaces/include/dynamic_slam_interfaces/dynamic_slam_interfaces/msg/multi_object_odometry_path.h
-- Up-to-date: /home/bonnie/DynOSAM/install/dynamic_slam_interfaces/include/dynamic_slam_interfaces/dynamic_slam_interfaces/msg/object_odometry.h
-- Up-to-date: /home/bonnie/DynOSAM/install/dynamic_slam_interfaces/include/dynamic_slam_interfaces/dynamic_slam_interfaces/msg/rosidl_generator_c__visibility_control.h
-- Up-to-date: /home/bonnie/DynOSAM/install/dynamic_slam_interfaces/include/dynamic_slam_interfaces/dynamic_slam_interfaces/msg/detail
-- Up-to-date: /home/bonnie/DynOSAM/install/dynamic_slam_interfaces/include/dynamic_slam_interfaces/dynamic_slam_interfaces/msg/detail/object_odometry_path__struct.h
-- Up-to-date: /home/bonnie/DynOSAM/install/dynamic_slam_interfaces/include/dynamic_slam_interfaces/dynamic_slam_interfaces/msg/detail/object_odometry_path__functions.h
-- Up-to-date: /home/bonnie/DynOSAM/install/dynamic_slam_interfaces/include/dynamic_slam_interfaces/dynamic_slam_interfaces/msg/detail/multi_object_odometry_path__struct.h
-- Up-to-date: /home/bonnie/DynOSAM/install/dynamic_slam_interfaces/include/dynamic_slam_interfaces/dynamic_slam_interfaces/msg/detail/object_odometry_path__functions.c
-- Up-to-date: /home/bonnie/DynOSAM/install/dynamic_slam_interfaces/include/dynamic_slam_interfaces/dynamic_slam_interfaces/msg/detail/object_odometry_path__type_support.h
-- Up-to-date: /home/bonnie/DynOSAM/install/dynamic_slam_interfaces/include/dynamic_slam_interfaces/dynamic_slam_interfaces/msg/detail/object_odometry__type_support.h
-- Up-to-date: /home/bonnie/DynOSAM/install/dynamic_slam_interfaces/include/dynamic_slam_interfaces/dynamic_slam_interfaces/msg/detail/multi_object_odometry_path__functions.h
-- Up-to-date: /home/bonnie/DynOSAM/install/dynamic_slam_interfaces/include/dynamic_slam_interfaces/dynamic_slam_interfaces/msg/detail/multi_object_odometry_path__functions.c
-- Up-to-date: /home/bonnie/DynOSAM/install/dynamic_slam_interfaces/include/dynamic_slam_interfaces/dynamic_slam_interfaces/msg/detail/object_odometry__struct.h
-- Up-to-date: /home/bonnie/DynOSAM/install/dynamic_slam_interfaces/include/dynamic_slam_interfaces/dynamic_slam_interfaces/msg/detail/object_odometry__functions.h
-- Up-to-date: /home/bonnie/DynOSAM/install/dynamic_slam_interfaces/include/dynamic_slam_interfaces/dynamic_slam_interfaces/msg/detail/multi_object_odometry_path__type_support.h
-- Up-to-date: /home/bonnie/DynOSAM/install/dynamic_slam_interfaces/include/dynamic_slam_interfaces/dynamic_slam_interfaces/msg/detail/object_odometry__functions.c
-- Up-to-date: /home/bonnie/DynOSAM/install/dynamic_slam_interfaces/share/dynamic_slam_interfaces/environment/library_path.sh
-- Up-to-date: /home/bonnie/DynOSAM/install/dynamic_slam_interfaces/share/dynamic_slam_interfaces/environment/library_path.dsv
-- Up-to-date: /home/bonnie/DynOSAM/install/dynamic_slam_interfaces/lib/libdynamic_slam_interfaces__rosidl_generator_c.so
-- Up-to-date: /home/bonnie/DynOSAM/install/dynamic_slam_interfaces/include/dynamic_slam_interfaces/dynamic_slam_interfaces
-- Up-to-date: /home/bonnie/DynOSAM/install/dynamic_slam_interfaces/include/dynamic_slam_interfaces/dynamic_slam_interfaces/msg
-- Up-to-date: /home/bonnie/DynOSAM/install/dynamic_slam_interfaces/include/dynamic_slam_interfaces/dynamic_slam_interfaces/msg/rosidl_typesupport_fastrtps_c__visibility_control.h
-- Up-to-date: /home/bonnie/DynOSAM/install/dynamic_slam_interfaces/include/dynamic_slam_interfaces/dynamic_slam_interfaces/msg/detail
-- Up-to-date: /home/bonnie/DynOSAM/install/dynamic_slam_interfaces/include/dynamic_slam_interfaces/dynamic_slam_interfaces/msg/detail/object_odometry_path__rosidl_typesupport_fastrtps_c.h
-- Up-to-date: /home/bonnie/DynOSAM/install/dynamic_slam_interfaces/include/dynamic_slam_interfaces/dynamic_slam_interfaces/msg/detail/multi_object_odometry_path__rosidl_typesupport_fastrtps_c.h
-- Up-to-date: /home/bonnie/DynOSAM/install/dynamic_slam_interfaces/include/dynamic_slam_interfaces/dynamic_slam_interfaces/msg/detail/object_odometry__rosidl_typesupport_fastrtps_c.h
-- Up-to-date: /home/bonnie/DynOSAM/install/dynamic_slam_interfaces/lib/libdynamic_slam_interfaces__rosidl_typesupport_fastrtps_c.so
-- Up-to-date: /home/bonnie/DynOSAM/install/dynamic_slam_interfaces/include/dynamic_slam_interfaces/dynamic_slam_interfaces
-- Up-to-date: /home/bonnie/DynOSAM/install/dynamic_slam_interfaces/include/dynamic_slam_interfaces/dynamic_slam_interfaces/msg
-- Up-to-date: /home/bonnie/DynOSAM/install/dynamic_slam_interfaces/include/dynamic_slam_interfaces/dynamic_slam_interfaces/msg/rosidl_generator_cpp__visibility_control.hpp
-- Up-to-date: /home/bonnie/DynOSAM/install/dynamic_slam_interfaces/include/dynamic_slam_interfaces/dynamic_slam_interfaces/msg/object_odometry_path.hpp
-- Up-to-date: /home/bonnie/DynOSAM/install/dynamic_slam_interfaces/include/dynamic_slam_interfaces/dynamic_slam_interfaces/msg/multi_object_odometry_path.hpp
-- Up-to-date: /home/bonnie/DynOSAM/install/dynamic_slam_interfaces/include/dynamic_slam_interfaces/dynamic_slam_interfaces/msg/object_odometry.hpp
-- Up-to-date: /home/bonnie/DynOSAM/install/dynamic_slam_interfaces/include/dynamic_slam_interfaces/dynamic_slam_interfaces/msg/detail
-- Up-to-date: /home/bonnie/DynOSAM/install/dynamic_slam_interfaces/include/dynamic_slam_interfaces/dynamic_slam_interfaces/msg/detail/object_odometry_path__traits.hpp
-- Up-to-date: /home/bonnie/DynOSAM/install/dynamic_slam_interfaces/include/dynamic_slam_interfaces/dynamic_slam_interfaces/msg/detail/multi_object_odometry_path__traits.hpp
-- Up-to-date: /home/bonnie/DynOSAM/install/dynamic_slam_interfaces/include/dynamic_slam_interfaces/dynamic_slam_interfaces/msg/detail/multi_object_odometry_path__builder.hpp
-- Up-to-date: /home/bonnie/DynOSAM/install/dynamic_slam_interfaces/include/dynamic_slam_interfaces/dynamic_slam_interfaces/msg/detail/object_odometry_path__struct.hpp
-- Up-to-date: /home/bonnie/DynOSAM/install/dynamic_slam_interfaces/include/dynamic_slam_interfaces/dynamic_slam_interfaces/msg/detail/multi_object_odometry_path__type_support.hpp
-- Up-to-date: /home/bonnie/DynOSAM/install/dynamic_slam_interfaces/include/dynamic_slam_interfaces/dynamic_slam_interfaces/msg/detail/object_odometry__struct.hpp
-- Up-to-date: /home/bonnie/DynOSAM/install/dynamic_slam_interfaces/include/dynamic_slam_interfaces/dynamic_slam_interfaces/msg/detail/object_odometry__traits.hpp
-- Up-to-date: /home/bonnie/DynOSAM/install/dynamic_slam_interfaces/include/dynamic_slam_interfaces/dynamic_slam_interfaces/msg/detail/object_odometry_path__type_support.hpp
-- Up-to-date: /home/bonnie/DynOSAM/install/dynamic_slam_interfaces/include/dynamic_slam_interfaces/dynamic_slam_interfaces/msg/detail/multi_object_odometry_path__struct.hpp
-- Up-to-date: /home/bonnie/DynOSAM/install/dynamic_slam_interfaces/include/dynamic_slam_interfaces/dynamic_slam_interfaces/msg/detail/object_odometry__type_support.hpp
-- Up-to-date: /home/bonnie/DynOSAM/install/dynamic_slam_interfaces/include/dynamic_slam_interfaces/dynamic_slam_interfaces/msg/detail/object_odometry__builder.hpp
-- Up-to-date: /home/bonnie/DynOSAM/install/dynamic_slam_interfaces/include/dynamic_slam_interfaces/dynamic_slam_interfaces/msg/detail/object_odometry_path__builder.hpp
-- Up-to-date: /home/bonnie/DynOSAM/install/dynamic_slam_interfaces/include/dynamic_slam_interfaces/dynamic_slam_interfaces
-- Up-to-date: /home/bonnie/DynOSAM/install/dynamic_slam_interfaces/include/dynamic_slam_interfaces/dynamic_slam_interfaces/msg
-- Up-to-date: /home/bonnie/DynOSAM/install/dynamic_slam_interfaces/include/dynamic_slam_interfaces/dynamic_slam_interfaces/msg/rosidl_typesupport_fastrtps_cpp__visibility_control.h
-- Up-to-date: /home/bonnie/DynOSAM/install/dynamic_slam_interfaces/include/dynamic_slam_interfaces/dynamic_slam_interfaces/msg/detail
-- Up-to-date: /home/bonnie/DynOSAM/install/dynamic_slam_interfaces/include/dynamic_slam_interfaces/dynamic_slam_interfaces/msg/detail/object_odometry_path__rosidl_typesupport_fastrtps_cpp.hpp
-- Up-to-date: /home/bonnie/DynOSAM/install/dynamic_slam_interfaces/include/dynamic_slam_interfaces/dynamic_slam_interfaces/msg/detail/object_odometry__rosidl_typesupport_fastrtps_cpp.hpp
-- Up-to-date: /home/bonnie/DynOSAM/install/dynamic_slam_interfaces/include/dynamic_slam_interfaces/dynamic_slam_interfaces/msg/detail/dds_fastrtps
-- Up-to-date: /home/bonnie/DynOSAM/install/dynamic_slam_interfaces/include/dynamic_slam_interfaces/dynamic_slam_interfaces/msg/detail/multi_object_odometry_path__rosidl_typesupport_fastrtps_cpp.hpp
-- Up-to-date: /home/bonnie/DynOSAM/install/dynamic_slam_interfaces/lib/libdynamic_slam_interfaces__rosidl_typesupport_fastrtps_cpp.so
-- Up-to-date: /home/bonnie/DynOSAM/install/dynamic_slam_interfaces/include/dynamic_slam_interfaces/dynamic_slam_interfaces
-- Up-to-date: /home/bonnie/DynOSAM/install/dynamic_slam_interfaces/include/dynamic_slam_interfaces/dynamic_slam_interfaces/msg
-- Up-to-date: /home/bonnie/DynOSAM/install/dynamic_slam_interfaces/include/dynamic_slam_interfaces/dynamic_slam_interfaces/msg/rosidl_typesupport_introspection_c__visibility_control.h
-- Up-to-date: /home/bonnie/DynOSAM/install/dynamic_slam_interfaces/include/dynamic_slam_interfaces/dynamic_slam_interfaces/msg/detail
-- Up-to-date: /home/bonnie/DynOSAM/install/dynamic_slam_interfaces/include/dynamic_slam_interfaces/dynamic_slam_interfaces/msg/detail/multi_object_odometry_path__type_support.c
-- Up-to-date: /home/bonnie/DynOSAM/install/dynamic_slam_interfaces/include/dynamic_slam_interfaces/dynamic_slam_interfaces/msg/detail/object_odometry__type_support.c
-- Up-to-date: /home/bonnie/DynOSAM/install/dynamic_slam_interfaces/include/dynamic_slam_interfaces/dynamic_slam_interfaces/msg/detail/object_odometry__rosidl_typesupport_introspection_c.h
-- Up-to-date: /home/bonnie/DynOSAM/install/dynamic_slam_interfaces/include/dynamic_slam_interfaces/dynamic_slam_interfaces/msg/detail/object_odometry_path__type_support.c
-- Up-to-date: /home/bonnie/DynOSAM/install/dynamic_slam_interfaces/include/dynamic_slam_interfaces/dynamic_slam_interfaces/msg/detail/object_odometry_path__rosidl_typesupport_introspection_c.h
-- Up-to-date: /home/bonnie/DynOSAM/install/dynamic_slam_interfaces/include/dynamic_slam_interfaces/dynamic_slam_interfaces/msg/detail/multi_object_odometry_path__rosidl_typesupport_introspection_c.h
-- Up-to-date: /home/bonnie/DynOSAM/install/dynamic_slam_interfaces/lib/libdynamic_slam_interfaces__rosidl_typesupport_introspection_c.so
-- Up-to-date: /home/bonnie/DynOSAM/install/dynamic_slam_interfaces/lib/libdynamic_slam_interfaces__rosidl_typesupport_c.so
-- Up-to-date: /home/bonnie/DynOSAM/install/dynamic_slam_interfaces/include/dynamic_slam_interfaces/dynamic_slam_interfaces
-- Up-to-date: /home/bonnie/DynOSAM/install/dynamic_slam_interfaces/include/dynamic_slam_interfaces/dynamic_slam_interfaces/msg
-- Up-to-date: /home/bonnie/DynOSAM/install/dynamic_slam_interfaces/include/dynamic_slam_interfaces/dynamic_slam_interfaces/msg/detail
-- Up-to-date: /home/bonnie/DynOSAM/install/dynamic_slam_interfaces/include/dynamic_slam_interfaces/dynamic_slam_interfaces/msg/detail/object_odometry_path__rosidl_typesupport_introspection_cpp.hpp
-- Up-to-date: /home/bonnie/DynOSAM/install/dynamic_slam_interfaces/include/dynamic_slam_interfaces/dynamic_slam_interfaces/msg/detail/multi_object_odometry_path__type_support.cpp
-- Up-to-date: /home/bonnie/DynOSAM/install/dynamic_slam_interfaces/include/dynamic_slam_interfaces/dynamic_slam_interfaces/msg/detail/multi_object_odometry_path__rosidl_typesupport_introspection_cpp.hpp
-- Up-to-date: /home/bonnie/DynOSAM/install/dynamic_slam_interfaces/include/dynamic_slam_interfaces/dynamic_slam_interfaces/msg/detail/object_odometry__rosidl_typesupport_introspection_cpp.hpp
-- Up-to-date: /home/bonnie/DynOSAM/install/dynamic_slam_interfaces/include/dynamic_slam_interfaces/dynamic_slam_interfaces/msg/detail/object_odometry_path__type_support.cpp
-- Up-to-date: /home/bonnie/DynOSAM/install/dynamic_slam_interfaces/include/dynamic_slam_interfaces/dynamic_slam_interfaces/msg/detail/object_odometry__type_support.cpp
-- Up-to-date: /home/bonnie/DynOSAM/install/dynamic_slam_interfaces/lib/libdynamic_slam_interfaces__rosidl_typesupport_introspection_cpp.so
-- Up-to-date: /home/bonnie/DynOSAM/install/dynamic_slam_interfaces/lib/libdynamic_slam_interfaces__rosidl_typesupport_cpp.so
-- Up-to-date: /home/bonnie/DynOSAM/install/dynamic_slam_interfaces/share/dynamic_slam_interfaces/environment/pythonpath.sh
-- Up-to-date: /home/bonnie/DynOSAM/install/dynamic_slam_interfaces/share/dynamic_slam_interfaces/environment/pythonpath.dsv
-- Up-to-date: /home/bonnie/DynOSAM/install/dynamic_slam_interfaces/local/lib/python3.10/dist-packages/dynamic_slam_interfaces-1.0.0-py3.10.egg-info
-- Installing: /home/bonnie/DynOSAM/install/dynamic_slam_interfaces/local/lib/python3.10/dist-packages/dynamic_slam_interfaces-1.0.0-py3.10.egg-info/top_level.txt
-- Installing: /home/bonnie/DynOSAM/install/dynamic_slam_interfaces/local/lib/python3.10/dist-packages/dynamic_slam_interfaces-1.0.0-py3.10.egg-info/dependency_links.txt
-- Installing: /home/bonnie/DynOSAM/install/dynamic_slam_interfaces/local/lib/python3.10/dist-packages/dynamic_slam_interfaces-1.0.0-py3.10.egg-info/PKG-INFO
-- Installing: /home/bonnie/DynOSAM/install/dynamic_slam_interfaces/local/lib/python3.10/dist-packages/dynamic_slam_interfaces-1.0.0-py3.10.egg-info/SOURCES.txt
-- Up-to-date: /home/bonnie/DynOSAM/install/dynamic_slam_interfaces/local/lib/python3.10/dist-packages/dynamic_slam_interfaces
-- Up-to-date: /home/bonnie/DynOSAM/install/dynamic_slam_interfaces/local/lib/python3.10/dist-packages/dynamic_slam_interfaces/_dynamic_slam_interfaces_s.ep.rosidl_typesupport_c.c
-- Up-to-date: /home/bonnie/DynOSAM/install/dynamic_slam_interfaces/local/lib/python3.10/dist-packages/dynamic_slam_interfaces/dynamic_slam_interfaces_s__rosidl_typesupport_c.cpython-310-x86_64-linux-gnu.so
-- Up-to-date: /home/bonnie/DynOSAM/install/dynamic_slam_interfaces/local/lib/python3.10/dist-packages/dynamic_slam_interfaces/_dynamic_slam_interfaces_s.ep.rosidl_typesupport_introspection_c.c
-- Up-to-date: /home/bonnie/DynOSAM/install/dynamic_slam_interfaces/local/lib/python3.10/dist-packages/dynamic_slam_interfaces/libdynamic_slam_interfaces__rosidl_generator_py.so
-- Up-to-date: /home/bonnie/DynOSAM/install/dynamic_slam_interfaces/local/lib/python3.10/dist-packages/dynamic_slam_interfaces/dynamic_slam_interfaces_s__rosidl_typesupport_fastrtps_c.cpython-310-x86_64-linux-gnu.so
-- Up-to-date: /home/bonnie/DynOSAM/install/dynamic_slam_interfaces/local/lib/python3.10/dist-packages/dynamic_slam_interfaces/_dynamic_slam_interfaces_s.ep.rosidl_typesupport_fastrtps_c.c
-- Up-to-date: /home/bonnie/DynOSAM/install/dynamic_slam_interfaces/local/lib/python3.10/dist-packages/dynamic_slam_interfaces/dynamic_slam_interfaces_s__rosidl_typesupport_introspection_c.cpython-310-x86_64-linux-gnu.so
-- Up-to-date: /home/bonnie/DynOSAM/install/dynamic_slam_interfaces/local/lib/python3.10/dist-packages/dynamic_slam_interfaces/msg
-- Up-to-date: /home/bonnie/DynOSAM/install/dynamic_slam_interfaces/local/lib/python3.10/dist-packages/dynamic_slam_interfaces/msg/_object_odometry_s.c
-- Up-to-date: /home/bonnie/DynOSAM/install/dynamic_slam_interfaces/local/lib/python3.10/dist-packages/dynamic_slam_interfaces/msg/_object_odometry.py
-- Up-to-date: /home/bonnie/DynOSAM/install/dynamic_slam_interfaces/local/lib/python3.10/dist-packages/dynamic_slam_interfaces/msg/_object_odometry_path.py
-- Up-to-date: /home/bonnie/DynOSAM/install/dynamic_slam_interfaces/local/lib/python3.10/dist-packages/dynamic_slam_interfaces/msg/_multi_object_odometry_path.py
-- Up-to-date: /home/bonnie/DynOSAM/install/dynamic_slam_interfaces/local/lib/python3.10/dist-packages/dynamic_slam_interfaces/msg/_multi_object_odometry_path_s.c
-- Up-to-date: /home/bonnie/DynOSAM/install/dynamic_slam_interfaces/local/lib/python3.10/dist-packages/dynamic_slam_interfaces/msg/_object_odometry_path_s.c
-- Up-to-date: /home/bonnie/DynOSAM/install/dynamic_slam_interfaces/local/lib/python3.10/dist-packages/dynamic_slam_interfaces/msg/__init__.py
-- Up-to-date: /home/bonnie/DynOSAM/install/dynamic_slam_interfaces/local/lib/python3.10/dist-packages/dynamic_slam_interfaces/__init__.py
Listing '/home/bonnie/DynOSAM/install/dynamic_slam_interfaces/local/lib/python3.10/dist-packages/dynamic_slam_interfaces'...
Listing '/home/bonnie/DynOSAM/install/dynamic_slam_interfaces/local/lib/python3.10/dist-packages/dynamic_slam_interfaces/msg'...
-- Up-to-date: /home/bonnie/DynOSAM/install/dynamic_slam_interfaces/local/lib/python3.10/dist-packages/dynamic_slam_interfaces/dynamic_slam_interfaces_s__rosidl_typesupport_fastrtps_c.cpython-310-x86_64-linux-gnu.so
-- Up-to-date: /home/bonnie/DynOSAM/install/dynamic_slam_interfaces/local/lib/python3.10/dist-packages/dynamic_slam_interfaces/dynamic_slam_interfaces_s__rosidl_typesupport_introspection_c.cpython-310-x86_64-linux-gnu.so
-- Up-to-date: /home/bonnie/DynOSAM/install/dynamic_slam_interfaces/local/lib/python3.10/dist-packages/dynamic_slam_interfaces/dynamic_slam_interfaces_s__rosidl_typesupport_c.cpython-310-x86_64-linux-gnu.so
-- Up-to-date: /home/bonnie/DynOSAM/install/dynamic_slam_interfaces/lib/libdynamic_slam_interfaces__rosidl_generator_py.so
-- Up-to-date: /home/bonnie/DynOSAM/install/dynamic_slam_interfaces/share/dynamic_slam_interfaces/msg/ObjectOdometry.idl
-- Up-to-date: /home/bonnie/DynOSAM/install/dynamic_slam_interfaces/share/dynamic_slam_interfaces/msg/ObjectOdometryPath.idl
-- Up-to-date: /home/bonnie/DynOSAM/install/dynamic_slam_interfaces/share/dynamic_slam_interfaces/msg/MultiObjectOdometryPath.idl
-- Up-to-date: /home/bonnie/DynOSAM/install/dynamic_slam_interfaces/share/dynamic_slam_interfaces/msg/ObjectOdometry.msg
-- Up-to-date: /home/bonnie/DynOSAM/install/dynamic_slam_interfaces/share/dynamic_slam_interfaces/msg/ObjectOdometryPath.msg
-- Up-to-date: /home/bonnie/DynOSAM/install/dynamic_slam_interfaces/share/dynamic_slam_interfaces/msg/MultiObjectOdometryPath.msg
-- Up-to-date: /home/bonnie/DynOSAM/install/dynamic_slam_interfaces/include/dynamic_slam_interfaces
-- Up-to-date: /home/bonnie/DynOSAM/install/dynamic_slam_interfaces/include/dynamic_slam_interfaces/dynamic_slam_interfaces
-- Up-to-date: /home/bonnie/DynOSAM/install/dynamic_slam_interfaces/include/dynamic_slam_interfaces/dynamic_slam_interfaces/message_traits.hpp
-- Up-to-date: /home/bonnie/DynOSAM/install/dynamic_slam_interfaces/share/ament_index/resource_index/package_run_dependencies/dynamic_slam_interfaces
-- Up-to-date: /home/bonnie/DynOSAM/install/dynamic_slam_interfaces/share/ament_index/resource_index/parent_prefix_path/dynamic_slam_interfaces
-- Up-to-date: /home/bonnie/DynOSAM/install/dynamic_slam_interfaces/share/dynamic_slam_interfaces/environment/ament_prefix_path.sh
-- Up-to-date: /home/bonnie/DynOSAM/install/dynamic_slam_interfaces/share/dynamic_slam_interfaces/environment/ament_prefix_path.dsv
-- Up-to-date: /home/bonnie/DynOSAM/install/dynamic_slam_interfaces/share/dynamic_slam_interfaces/environment/path.sh
-- Up-to-date: /home/bonnie/DynOSAM/install/dynamic_slam_interfaces/share/dynamic_slam_interfaces/environment/path.dsv
-- Up-to-date: /home/bonnie/DynOSAM/install/dynamic_slam_interfaces/share/dynamic_slam_interfaces/local_setup.bash
-- Up-to-date: /home/bonnie/DynOSAM/install/dynamic_slam_interfaces/share/dynamic_slam_interfaces/local_setup.sh
-- Up-to-date: /home/bonnie/DynOSAM/install/dynamic_slam_interfaces/share/dynamic_slam_interfaces/local_setup.zsh
-- Up-to-date: /home/bonnie/DynOSAM/install/dynamic_slam_interfaces/share/dynamic_slam_interfaces/local_setup.dsv
-- Installing: /home/bonnie/DynOSAM/install/dynamic_slam_interfaces/share/dynamic_slam_interfaces/package.dsv
-- Up-to-date: /home/bonnie/DynOSAM/install/dynamic_slam_interfaces/share/ament_index/resource_index/packages/dynamic_slam_interfaces
-- Up-to-date: /home/bonnie/DynOSAM/install/dynamic_slam_interfaces/share/dynamic_slam_interfaces/cmake/export_dynamic_slam_interfaces__rosidl_generator_cExport.cmake
-- Up-to-date: /home/bonnie/DynOSAM/install/dynamic_slam_interfaces/share/dynamic_slam_interfaces/cmake/export_dynamic_slam_interfaces__rosidl_generator_cExport-relwithdebinfo.cmake
-- Up-to-date: /home/bonnie/DynOSAM/install/dynamic_slam_interfaces/share/dynamic_slam_interfaces/cmake/export_dynamic_slam_interfaces__rosidl_typesupport_fastrtps_cExport.cmake
-- Up-to-date: /home/bonnie/DynOSAM/install/dynamic_slam_interfaces/share/dynamic_slam_interfaces/cmake/export_dynamic_slam_interfaces__rosidl_typesupport_fastrtps_cExport-relwithdebinfo.cmake
-- Up-to-date: /home/bonnie/DynOSAM/install/dynamic_slam_interfaces/share/dynamic_slam_interfaces/cmake/export_dynamic_slam_interfaces__rosidl_generator_cppExport.cmake
-- Up-to-date: /home/bonnie/DynOSAM/install/dynamic_slam_interfaces/share/dynamic_slam_interfaces/cmake/export_dynamic_slam_interfaces__rosidl_typesupport_fastrtps_cppExport.cmake
-- Up-to-date: /home/bonnie/DynOSAM/install/dynamic_slam_interfaces/share/dynamic_slam_interfaces/cmake/export_dynamic_slam_interfaces__rosidl_typesupport_fastrtps_cppExport-relwithdebinfo.cmake
-- Up-to-date: /home/bonnie/DynOSAM/install/dynamic_slam_interfaces/share/dynamic_slam_interfaces/cmake/dynamic_slam_interfaces__rosidl_typesupport_introspection_cExport.cmake
-- Up-to-date: /home/bonnie/DynOSAM/install/dynamic_slam_interfaces/share/dynamic_slam_interfaces/cmake/dynamic_slam_interfaces__rosidl_typesupport_introspection_cExport-relwithdebinfo.cmake
-- Up-to-date: /home/bonnie/DynOSAM/install/dynamic_slam_interfaces/share/dynamic_slam_interfaces/cmake/dynamic_slam_interfaces__rosidl_typesupport_cExport.cmake
-- Up-to-date: /home/bonnie/DynOSAM/install/dynamic_slam_interfaces/share/dynamic_slam_interfaces/cmake/dynamic_slam_interfaces__rosidl_typesupport_cExport-relwithdebinfo.cmake
-- Up-to-date: /home/bonnie/DynOSAM/install/dynamic_slam_interfaces/share/dynamic_slam_interfaces/cmake/dynamic_slam_interfaces__rosidl_typesupport_introspection_cppExport.cmake
-- Up-to-date: /home/bonnie/DynOSAM/install/dynamic_slam_interfaces/share/dynamic_slam_interfaces/cmake/dynamic_slam_interfaces__rosidl_typesupport_introspection_cppExport-relwithdebinfo.cmake
-- Up-to-date: /home/bonnie/DynOSAM/install/dynamic_slam_interfaces/share/dynamic_slam_interfaces/cmake/dynamic_slam_interfaces__rosidl_typesupport_cppExport.cmake
-- Up-to-date: /home/bonnie/DynOSAM/install/dynamic_slam_interfaces/share/dynamic_slam_interfaces/cmake/dynamic_slam_interfaces__rosidl_typesupport_cppExport-relwithdebinfo.cmake
-- Up-to-date: /home/bonnie/DynOSAM/install/dynamic_slam_interfaces/share/dynamic_slam_interfaces/cmake/export_dynamic_slam_interfaces__rosidl_generator_pyExport.cmake
-- Up-to-date: /home/bonnie/DynOSAM/install/dynamic_slam_interfaces/share/dynamic_slam_interfaces/cmake/export_dynamic_slam_interfaces__rosidl_generator_pyExport-relwithdebinfo.cmake
-- Up-to-date: /home/bonnie/DynOSAM/install/dynamic_slam_interfaces/share/dynamic_slam_interfaces/cmake/export_dynamic_slam_interfacesExport.cmake
-- Up-to-date: /home/bonnie/DynOSAM/install/dynamic_slam_interfaces/share/dynamic_slam_interfaces/cmake/rosidl_cmake-extras.cmake
-- Up-to-date: /home/bonnie/DynOSAM/install/dynamic_slam_interfaces/share/dynamic_slam_interfaces/cmake/ament_cmake_export_dependencies-extras.cmake
-- Up-to-date: /home/bonnie/DynOSAM/install/dynamic_slam_interfaces/share/dynamic_slam_interfaces/cmake/ament_cmake_export_include_directories-extras.cmake
-- Up-to-date: /home/bonnie/DynOSAM/install/dynamic_slam_interfaces/share/dynamic_slam_interfaces/cmake/ament_cmake_export_libraries-extras.cmake
-- Up-to-date: /home/bonnie/DynOSAM/install/dynamic_slam_interfaces/share/dynamic_slam_interfaces/cmake/ament_cmake_export_targets-extras.cmake
-- Up-to-date: /home/bonnie/DynOSAM/install/dynamic_slam_interfaces/share/dynamic_slam_interfaces/cmake/rosidl_cmake_export_typesupport_targets-extras.cmake
-- Up-to-date: /home/bonnie/DynOSAM/install/dynamic_slam_interfaces/share/dynamic_slam_interfaces/cmake/rosidl_cmake_export_typesupport_libraries-extras.cmake
-- Up-to-date: /home/bonnie/DynOSAM/install/dynamic_slam_interfaces/share/dynamic_slam_interfaces/cmake/dynamic_slam_interfacesConfig.cmake
-- Up-to-date: /home/bonnie/DynOSAM/install/dynamic_slam_interfaces/share/dynamic_slam_interfaces/cmake/dynamic_slam_interfacesConfig-version.cmake
-- Up-to-date: /home/bonnie/DynOSAM/install/dynamic_slam_interfaces/share/dynamic_slam_interfaces/package.xml
