[0.028s] Invoking command in '/home/bonnie/DynOSAM/build/config_utilities': CMAKE_PREFIX_PATH=/opt/ros/humble /usr/bin/cmake --build /home/bonnie/DynOSAM/build/config_utilities -- -j16 -l16
[0.057s] ninja: no work to do.
[0.060s] Invoked command in '/home/bonnie/DynOSAM/build/config_utilities' returned '0': CMAKE_PREFIX_PATH=/opt/ros/humble /usr/bin/cmake --build /home/bonnie/DynOSAM/build/config_utilities -- -j16 -l16
[0.072s] Invoking command in '/home/bonnie/DynOSAM/build/config_utilities': CMAKE_PREFIX_PATH=/opt/ros/humble /usr/bin/cmake --install /home/bonnie/DynOSAM/build/config_utilities
[0.080s] -- Install configuration: "RelWithDebinfo"
[0.082s] -- Up-to-date: /home/bonnie/DynOSAM/install/config_utilities/lib/libconfig_utilities.so
[0.082s] -- Up-to-date: /home/bonnie/DynOSAM/install/config_utilities/bin/composite-configs
[0.083s] -- Up-to-date: /home/bonnie/DynOSAM/install/config_utilities/include
[0.083s] -- Up-to-date: /home/bonnie/DynOSAM/install/config_utilities/include/config_utilities
[0.083s] -- Up-to-date: /home/bonnie/DynOSAM/install/config_utilities/include/config_utilities/virtual_config.h
[0.084s] -- Up-to-date: /home/bonnie/DynOSAM/install/config_utilities/include/config_utilities/external_registry.h
[0.084s] -- Up-to-date: /home/bonnie/DynOSAM/install/config_utilities/include/config_utilities/internal
[0.084s] -- Up-to-date: /home/bonnie/DynOSAM/install/config_utilities/include/config_utilities/internal/visitor_impl.hpp
[0.084s] -- Up-to-date: /home/bonnie/DynOSAM/install/config_utilities/include/config_utilities/internal/meta_data.h
[0.085s] -- Up-to-date: /home/bonnie/DynOSAM/install/config_utilities/include/config_utilities/internal/yaml_utils.h
[0.085s] -- Up-to-date: /home/bonnie/DynOSAM/install/config_utilities/include/config_utilities/internal/namespacing.h
[0.085s] -- Up-to-date: /home/bonnie/DynOSAM/install/config_utilities/include/config_utilities/internal/yaml_parser.h
[0.085s] -- Up-to-date: /home/bonnie/DynOSAM/install/config_utilities/include/config_utilities/internal/formatter.h
[0.086s] -- Up-to-date: /home/bonnie/DynOSAM/install/config_utilities/include/config_utilities/internal/checks.h
[0.086s] -- Up-to-date: /home/bonnie/DynOSAM/install/config_utilities/include/config_utilities/internal/config_context.h
[0.086s] -- Up-to-date: /home/bonnie/DynOSAM/install/config_utilities/include/config_utilities/internal/visitor.h
[0.087s] -- Up-to-date: /home/bonnie/DynOSAM/install/config_utilities/include/config_utilities/internal/logger.h
[0.087s] -- Up-to-date: /home/bonnie/DynOSAM/install/config_utilities/include/config_utilities/internal/string_utils.h
[0.087s] -- Up-to-date: /home/bonnie/DynOSAM/install/config_utilities/include/config_utilities/settings.h
[0.087s] -- Up-to-date: /home/bonnie/DynOSAM/install/config_utilities/include/config_utilities/substitution_parsers.h
[0.087s] -- Up-to-date: /home/bonnie/DynOSAM/install/config_utilities/include/config_utilities/types
[0.087s] -- Up-to-date: /home/bonnie/DynOSAM/install/config_utilities/include/config_utilities/types/path.h
[0.087s] -- Up-to-date: /home/bonnie/DynOSAM/install/config_utilities/include/config_utilities/types/enum.h
[0.087s] -- Up-to-date: /home/bonnie/DynOSAM/install/config_utilities/include/config_utilities/types/conversions.h
[0.087s] -- Up-to-date: /home/bonnie/DynOSAM/install/config_utilities/include/config_utilities/types/eigen_matrix.h
[0.087s] -- Up-to-date: /home/bonnie/DynOSAM/install/config_utilities/include/config_utilities/getters.h
[0.088s] -- Up-to-date: /home/bonnie/DynOSAM/install/config_utilities/include/config_utilities/printing.h
[0.088s] -- Up-to-date: /home/bonnie/DynOSAM/install/config_utilities/include/config_utilities/validation.h
[0.088s] -- Up-to-date: /home/bonnie/DynOSAM/install/config_utilities/include/config_utilities/update.h
[0.088s] -- Up-to-date: /home/bonnie/DynOSAM/install/config_utilities/include/config_utilities/factory.h
[0.088s] -- Up-to-date: /home/bonnie/DynOSAM/install/config_utilities/include/config_utilities/parsing
[0.089s] -- Up-to-date: /home/bonnie/DynOSAM/install/config_utilities/include/config_utilities/parsing/context.h
[0.089s] -- Up-to-date: /home/bonnie/DynOSAM/install/config_utilities/include/config_utilities/parsing/yaml.h
[0.089s] -- Up-to-date: /home/bonnie/DynOSAM/install/config_utilities/include/config_utilities/parsing/commandline.h
[0.089s] -- Up-to-date: /home/bonnie/DynOSAM/install/config_utilities/include/config_utilities/parsing/ros.h
[0.089s] -- Up-to-date: /home/bonnie/DynOSAM/install/config_utilities/include/config_utilities/config.h
[0.089s] -- Up-to-date: /home/bonnie/DynOSAM/install/config_utilities/include/config_utilities/globals.h
[0.089s] -- Up-to-date: /home/bonnie/DynOSAM/install/config_utilities/include/config_utilities/formatting
[0.089s] -- Up-to-date: /home/bonnie/DynOSAM/install/config_utilities/include/config_utilities/formatting/asl.h
[0.089s] -- Up-to-date: /home/bonnie/DynOSAM/install/config_utilities/include/config_utilities/traits.h
[0.089s] -- Up-to-date: /home/bonnie/DynOSAM/install/config_utilities/include/config_utilities/substitutions.h
[0.090s] -- Up-to-date: /home/bonnie/DynOSAM/install/config_utilities/include/config_utilities/logging
[0.090s] -- Up-to-date: /home/bonnie/DynOSAM/install/config_utilities/include/config_utilities/logging/log_to_stdout.h
[0.090s] -- Up-to-date: /home/bonnie/DynOSAM/install/config_utilities/include/config_utilities/logging/log_to_ros.h
[0.090s] -- Up-to-date: /home/bonnie/DynOSAM/install/config_utilities/include/config_utilities/logging/log_to_glog.h
[0.090s] -- Up-to-date: /home/bonnie/DynOSAM/install/config_utilities/include/config_utilities/config_utilities.h
[0.091s] -- Up-to-date: /home/bonnie/DynOSAM/install/config_utilities/lib/cmake/config_utilities/config_utilitiesTargets.cmake
[0.092s] -- Up-to-date: /home/bonnie/DynOSAM/install/config_utilities/lib/cmake/config_utilities/config_utilitiesTargets-relwithdebinfo.cmake
[0.092s] -- Up-to-date: /home/bonnie/DynOSAM/install/config_utilities/lib/cmake/config_utilities/config_utilitiesConfig.cmake
[0.092s] -- Up-to-date: /home/bonnie/DynOSAM/install/config_utilities/lib/cmake/config_utilities/config_utilitiesConfigVersion.cmake
[0.093s] Invoked command in '/home/bonnie/DynOSAM/build/config_utilities' returned '0': CMAKE_PREFIX_PATH=/opt/ros/humble /usr/bin/cmake --install /home/bonnie/DynOSAM/build/config_utilities
