[0.019s] Invoking command in '/home/bonnie/DynOSAM/src/dynosam_ros/build/dynosam_ros': CMAKE_PREFIX_PATH=/opt/ros/humble /usr/bin/cmake /home/bonnie/DynOSAM/src/dynosam_ros -DCMAKE_EXPORT_COMPILE_COMMANDS=ON -DCMAKE_BUILD_TYPE=RelWithDebinfo -G Ninja -DCMAKE_INSTALL_PREFIX=/home/bonnie/DynOSAM/src/dynosam_ros/install/dynosam_ros
[0.354s] -- The C compiler identification is GNU 11.4.0
[1.354s] -- The CXX compiler identification is GNU 11.4.0
[2.093s] -- Detecting C compiler ABI info
[2.321s] -- Detecting C compiler ABI info - done
[2.327s] -- Check for working C compiler: /usr/bin/cc - skipped
[2.327s] -- Detecting C compile features
[2.328s] -- Detecting C compile features - done
[2.332s] -- Detecting CXX compiler ABI info
[2.548s] -- Detecting CXX compiler ABI info - done
[2.554s] -- Check for working CXX compiler: /usr/bin/c++ - skipped
[2.554s] -- Detecting CXX compile features
[2.554s] -- Detecting CXX compile features - done
[2.561s] -- Found ament_cmake: 1.3.11 (/opt/ros/humble/share/ament_cmake/cmake)
[2.764s] -- Found Python3: /home/linuxbrew/.linuxbrew/bin/python3 (found version "3.13.3") found components: Interpreter 
[2.924s] -- Found rclcpp: 16.0.12 (/opt/ros/humble/share/rclcpp/cmake)
[3.184s] -- Found rosidl_generator_c: 3.1.6 (/opt/ros/humble/share/rosidl_generator_c/cmake)
[3.189s] -- Found rosidl_adapter: 3.1.6 (/opt/ros/humble/share/rosidl_adapter/cmake)
[3.197s] -- Found rosidl_generator_cpp: 3.1.6 (/opt/ros/humble/share/rosidl_generator_cpp/cmake)
[3.211s] -- Using all available rosidl_typesupport_c: rosidl_typesupport_fastrtps_c;rosidl_typesupport_introspection_c
[3.227s] -- Using all available rosidl_typesupport_cpp: rosidl_typesupport_fastrtps_cpp;rosidl_typesupport_introspection_cpp
[3.270s] -- Found rmw_implementation_cmake: 6.1.2 (/opt/ros/humble/share/rmw_implementation_cmake/cmake)
[3.273s] -- Found rmw_fastrtps_cpp: 6.2.7 (/opt/ros/humble/share/rmw_fastrtps_cpp/cmake)
[5.798s] -- Found OpenSSL: /usr/lib/x86_64-linux-gnu/libcrypto.so (found version "3.0.2")  
[8.820s] -- Found FastRTPS: /opt/ros/humble/include  
[14.253s] -- Using RMW implementation 'rmw_fastrtps_cpp' as default
[14.263s] -- Looking for pthread.h
[14.473s] -- Looking for pthread.h - found
[14.473s] -- Performing Test CMAKE_HAVE_LIBC_PTHREAD
[14.700s] -- Performing Test CMAKE_HAVE_LIBC_PTHREAD - Success
[14.701s] -- Found Threads: TRUE  
[14.754s] -- Found sensor_msgs: 4.8.0 (/opt/ros/humble/share/sensor_msgs/cmake)
[14.786s] -- Found visualization_msgs: 4.8.0 (/opt/ros/humble/share/visualization_msgs/cmake)
[14.808s] -- Found nav_msgs: 4.8.0 (/opt/ros/humble/share/nav_msgs/cmake)
[14.825s] -- Found tf2_ros: 0.25.12 (/opt/ros/humble/share/tf2_ros/cmake)
[14.943s] -- Found image_transport: 3.1.11 (/opt/ros/humble/share/image_transport/cmake)
[17.659s] -- Found pcl_conversions: 2.4.5 (/opt/ros/humble/share/pcl_conversions/cmake)
[17.714s] -- Checking for module 'eigen3'
[17.727s] --   Found eigen3, version 3.4.0
[17.758s] -- Found Eigen: /usr/include/eigen3 (Required is at least version "3.1") 
[17.758s] -- Eigen found (include: /usr/include/eigen3, version: 3.4.0)
[20.258s] -- Checking for module 'flann'
[20.270s] --   Found flann, version 1.9.1
[21.078s] -- Found FLANN: /usr/lib/x86_64-linux-gnu/libflann_cpp.so  
[21.079s] -- FLANN found (include: /usr/include, lib: /usr/lib/x86_64-linux-gnu/libflann_cpp.so)
[30.501s] -- Checking for module 'libusb-1.0'
[30.513s] --   Found libusb-1.0, version 1.0.25
[30.714s] -- Found libusb: /usr/lib/x86_64-linux-gnu/libusb-1.0.so  
[30.715s] -- OpenNI found (version: 1.5.4.0, include: /usr/include/ni, lib: /usr/lib/libOpenNI.so;libusb::libusb)
[31.106s] -- OpenNI2 found (version: 2.2.0.33, include: /usr/include/openni2, lib: /usr/lib/x86_64-linux-gnu/libOpenNI2.so;libusb::libusb)
[35.342s] -- Eigen found (include: /usr/include/eigen3, version: 3.4.0)
[35.348s] -- OpenNI found (version: 1.5.4.0, include: /usr/include/ni, lib: /usr/lib/libOpenNI.so;libusb::libusb)
[35.353s] -- OpenNI2 found (version: 2.2.0.33, include: /usr/include/openni2, lib: /usr/lib/x86_64-linux-gnu/libOpenNI2.so;libusb::libusb)
[39.680s] -- Found Qhull version 8.0.2
[43.961s] -- OpenNI found (version: 1.5.4.0, include: /usr/include/ni, lib: /usr/lib/libOpenNI.so;libusb::libusb)
[48.127s] -- Found PCL_COMMON: /usr/lib/x86_64-linux-gnu/libpcl_common.so  
[48.127s] -- Found PCL_KDTREE: /usr/lib/x86_64-linux-gnu/libpcl_kdtree.so  
[48.128s] -- Found PCL_OCTREE: /usr/lib/x86_64-linux-gnu/libpcl_octree.so  
[48.129s] -- Found PCL_SEARCH: /usr/lib/x86_64-linux-gnu/libpcl_search.so  
[48.130s] -- Found PCL_SAMPLE_CONSENSUS: /usr/lib/x86_64-linux-gnu/libpcl_sample_consensus.so  
[48.131s] -- Found PCL_FILTERS: /usr/lib/x86_64-linux-gnu/libpcl_filters.so  
[48.131s] -- Found PCL_2D: /usr/include/pcl-1.12  
[48.131s] -- Found PCL_GEOMETRY: /usr/include/pcl-1.12  
[48.132s] -- Found PCL_IO: /usr/lib/x86_64-linux-gnu/libpcl_io.so  
[48.133s] -- Found PCL_FEATURES: /usr/lib/x86_64-linux-gnu/libpcl_features.so  
[48.134s] -- Found PCL_ML: /usr/lib/x86_64-linux-gnu/libpcl_ml.so  
[48.134s] -- Found PCL_SEGMENTATION: /usr/lib/x86_64-linux-gnu/libpcl_segmentation.so  
[48.135s] -- Found PCL_VISUALIZATION: /usr/lib/x86_64-linux-gnu/libpcl_visualization.so  
[48.136s] -- Found PCL_SURFACE: /usr/lib/x86_64-linux-gnu/libpcl_surface.so  
[48.137s] -- Found PCL_REGISTRATION: /usr/lib/x86_64-linux-gnu/libpcl_registration.so  
[48.138s] -- Found PCL_KEYPOINTS: /usr/lib/x86_64-linux-gnu/libpcl_keypoints.so  
[48.139s] -- Found PCL_TRACKING: /usr/lib/x86_64-linux-gnu/libpcl_tracking.so  
[48.140s] -- Found PCL_RECOGNITION: /usr/lib/x86_64-linux-gnu/libpcl_recognition.so  
[48.141s] -- Found PCL_STEREO: /usr/lib/x86_64-linux-gnu/libpcl_stereo.so  
[48.141s] -- Found PCL_APPS: /usr/lib/x86_64-linux-gnu/libpcl_apps.so  
[48.142s] -- Found PCL_IN_HAND_SCANNER: /usr/include/pcl-1.12  
[48.143s] -- Found PCL_MODELER: /usr/include/pcl-1.12  
[48.143s] -- Found PCL_POINT_CLOUD_EDITOR: /usr/include/pcl-1.12  
[48.144s] -- Found PCL_OUTOFCORE: /usr/lib/x86_64-linux-gnu/libpcl_outofcore.so  
[48.145s] -- Found PCL_PEOPLE: /usr/lib/x86_64-linux-gnu/libpcl_people.so  
[48.149s] -- Found cv_bridge: 3.2.1 (/opt/ros/humble/share/cv_bridge/cmake)
[48.162s] -- Found eigen3_cmake_module: 0.1.1 (/opt/ros/humble/share/eigen3_cmake_module/cmake)
[48.168s] -- Found Eigen3: TRUE (found version "3.4.0") 
[50.465s] [31mCMake Error at CMakeLists.txt:32 (find_package):
[50.465s]   By not providing "Finddynosam.cmake" in CMAKE_MODULE_PATH this project has
[50.465s]   asked CMake to find a package configuration file provided by "dynosam", but
[50.465s]   CMake did not find one.
[50.465s] 
[50.465s]   Could not find a package configuration file provided by "dynosam" with any
[50.465s]   of the following names:
[50.465s] 
[50.465s]     dynosamConfig.cmake
[50.465s]     dynosam-config.cmake
[50.465s] 
[50.465s]   Add the installation prefix of "dynosam" to CMAKE_PREFIX_PATH or set
[50.466s]   "dynosam_DIR" to a directory containing one of the above files.  If
[50.466s]   "dynosam" provides a separate development package or SDK, be sure it has
[50.466s]   been installed.
[50.466s] 
[50.466s] [0m
[50.466s] -- Configuring incomplete, errors occurred!
[50.466s] See also "/home/bonnie/DynOSAM/src/dynosam_ros/build/dynosam_ros/CMakeFiles/CMakeOutput.log".
[50.483s] Invoked command in '/home/bonnie/DynOSAM/src/dynosam_ros/build/dynosam_ros' returned '1': CMAKE_PREFIX_PATH=/opt/ros/humble /usr/bin/cmake /home/bonnie/DynOSAM/src/dynosam_ros -DCMAKE_EXPORT_COMPILE_COMMANDS=ON -DCMAKE_BUILD_TYPE=RelWithDebinfo -G Ninja -DCMAKE_INSTALL_PREFIX=/home/bonnie/DynOSAM/src/dynosam_ros/install/dynosam_ros
