[0.301s] DEBUG:colcon:Command line arguments: ['/usr/bin/colcon', 'build', '--cmake-args', '-DCMAKE_EXPORT_COMPILE_COMMANDS=ON', '-DCMAKE_BUILD_TYPE=RelWithDebinfo', '-G', 'Ninja']
[0.301s] DEBUG:colcon:Parsed command line arguments: Namespace(log_base=None, log_level=None, verb_name='build', build_base='build', install_base='install', merge_install=False, symlink_install=False, test_result_base=None, continue_on_error=False, executor='parallel', parallel_workers=16, event_handlers=None, ignore_user_meta=False, metas=['./colcon.meta'], base_paths=['.'], packages_ignore=None, packages_ignore_regex=None, paths=None, packages_up_to=None, packages_up_to_regex=None, packages_above=None, packages_above_and_dependencies=None, packages_above_depth=None, packages_select_by_dep=None, packages_skip_by_dep=None, packages_skip_up_to=None, packages_select_build_failed=False, packages_skip_build_finished=False, packages_select_test_failures=False, packages_skip_test_passed=False, packages_select=None, packages_skip=None, packages_select_regex=None, packages_skip_regex=None, packages_start=None, packages_end=None, allow_overriding=[], cmake_args=['-DCMAKE_EXPORT_COMPILE_COMMANDS=ON', '-DCMAKE_BUILD_TYPE=RelWithDebinfo', '-G', 'Ninja'], cmake_target=None, cmake_target_skip_unavailable=False, cmake_clean_cache=False, cmake_clean_first=False, cmake_force_configure=False, ament_cmake_args=None, catkin_cmake_args=None, catkin_skip_building_tests=False, mixin_files=None, mixin=None, verb_parser=<colcon_mixin.mixin.mixin_argument.MixinArgumentDecorator object at 0x7010bf7f9330>, verb_extension=<colcon_core.verb.build.BuildVerb object at 0x7010bf7f89a0>, main=<bound method BuildVerb.main of <colcon_core.verb.build.BuildVerb object at 0x7010bf7f89a0>>, mixin_verb=('build',))
[0.486s] Level 1:colcon.colcon_core.package_discovery:discover_packages(colcon_meta) check parameters
[0.487s] Level 1:colcon.colcon_core.package_discovery:discover_packages(recursive) check parameters
[0.487s] Level 1:colcon.colcon_core.package_discovery:discover_packages(ignore) check parameters
[0.487s] Level 1:colcon.colcon_core.package_discovery:discover_packages(path) check parameters
[0.487s] Level 1:colcon.colcon_core.package_discovery:discover_packages(colcon_meta) discover
[0.487s] Level 1:colcon.colcon_core.package_discovery:discover_packages(recursive) discover
[0.487s] INFO:colcon.colcon_core.package_discovery:Crawling recursively for packages in '/home/bonnie/DynOSAM'
[0.487s] Level 1:colcon.colcon_core.package_identification:_identify(.) by extensions ['ignore', 'ignore_ament_install']
[0.488s] Level 1:colcon.colcon_core.package_identification:_identify(.) by extension 'ignore'
[0.488s] Level 1:colcon.colcon_core.package_identification:_identify(.) by extension 'ignore_ament_install'
[0.488s] Level 1:colcon.colcon_core.package_identification:_identify(.) by extensions ['colcon_pkg']
[0.488s] Level 1:colcon.colcon_core.package_identification:_identify(.) by extension 'colcon_pkg'
[0.488s] Level 1:colcon.colcon_core.package_identification:_identify(.) by extensions ['colcon_meta']
[0.488s] Level 1:colcon.colcon_core.package_identification:_identify(.) by extension 'colcon_meta'
[0.488s] Level 1:colcon.colcon_core.package_identification:_identify(.) by extensions ['ros']
[0.488s] Level 1:colcon.colcon_core.package_identification:_identify(.) by extension 'ros'
[0.501s] Level 1:colcon.colcon_core.package_identification:_identify(.) by extensions ['cmake', 'python']
[0.501s] Level 1:colcon.colcon_core.package_identification:_identify(.) by extension 'cmake'
[0.501s] Level 1:colcon.colcon_core.package_identification:_identify(.) by extension 'python'
[0.501s] Level 1:colcon.colcon_core.package_identification:_identify(.) by extensions ['python_setup_py']
[0.501s] Level 1:colcon.colcon_core.package_identification:_identify(.) by extension 'python_setup_py'
[0.501s] Level 1:colcon.colcon_core.package_identification:_identify(build) by extensions ['ignore', 'ignore_ament_install']
[0.501s] Level 1:colcon.colcon_core.package_identification:_identify(build) by extension 'ignore'
[0.501s] Level 1:colcon.colcon_core.package_identification:_identify(build) ignored
[0.502s] Level 1:colcon.colcon_core.package_identification:_identify(docker) by extensions ['ignore', 'ignore_ament_install']
[0.502s] Level 1:colcon.colcon_core.package_identification:_identify(docker) by extension 'ignore'
[0.502s] Level 1:colcon.colcon_core.package_identification:_identify(docker) by extension 'ignore_ament_install'
[0.502s] Level 1:colcon.colcon_core.package_identification:_identify(docker) by extensions ['colcon_pkg']
[0.502s] Level 1:colcon.colcon_core.package_identification:_identify(docker) by extension 'colcon_pkg'
[0.502s] Level 1:colcon.colcon_core.package_identification:_identify(docker) by extensions ['colcon_meta']
[0.502s] Level 1:colcon.colcon_core.package_identification:_identify(docker) by extension 'colcon_meta'
[0.502s] Level 1:colcon.colcon_core.package_identification:_identify(docker) by extensions ['ros']
[0.502s] Level 1:colcon.colcon_core.package_identification:_identify(docker) by extension 'ros'
[0.502s] Level 1:colcon.colcon_core.package_identification:_identify(docker) by extensions ['cmake', 'python']
[0.502s] Level 1:colcon.colcon_core.package_identification:_identify(docker) by extension 'cmake'
[0.502s] Level 1:colcon.colcon_core.package_identification:_identify(docker) by extension 'python'
[0.502s] Level 1:colcon.colcon_core.package_identification:_identify(docker) by extensions ['python_setup_py']
[0.502s] Level 1:colcon.colcon_core.package_identification:_identify(docker) by extension 'python_setup_py'
[0.502s] Level 1:colcon.colcon_core.package_identification:_identify(docs) by extensions ['ignore', 'ignore_ament_install']
[0.502s] Level 1:colcon.colcon_core.package_identification:_identify(docs) by extension 'ignore'
[0.503s] Level 1:colcon.colcon_core.package_identification:_identify(docs) by extension 'ignore_ament_install'
[0.503s] Level 1:colcon.colcon_core.package_identification:_identify(docs) by extensions ['colcon_pkg']
[0.503s] Level 1:colcon.colcon_core.package_identification:_identify(docs) by extension 'colcon_pkg'
[0.503s] Level 1:colcon.colcon_core.package_identification:_identify(docs) by extensions ['colcon_meta']
[0.503s] Level 1:colcon.colcon_core.package_identification:_identify(docs) by extension 'colcon_meta'
[0.503s] Level 1:colcon.colcon_core.package_identification:_identify(docs) by extensions ['ros']
[0.503s] Level 1:colcon.colcon_core.package_identification:_identify(docs) by extension 'ros'
[0.503s] Level 1:colcon.colcon_core.package_identification:_identify(docs) by extensions ['cmake', 'python']
[0.503s] Level 1:colcon.colcon_core.package_identification:_identify(docs) by extension 'cmake'
[0.503s] Level 1:colcon.colcon_core.package_identification:_identify(docs) by extension 'python'
[0.503s] Level 1:colcon.colcon_core.package_identification:_identify(docs) by extensions ['python_setup_py']
[0.503s] Level 1:colcon.colcon_core.package_identification:_identify(docs) by extension 'python_setup_py'
[0.504s] Level 1:colcon.colcon_core.package_identification:_identify(docs/media) by extensions ['ignore', 'ignore_ament_install']
[0.504s] Level 1:colcon.colcon_core.package_identification:_identify(docs/media) by extension 'ignore'
[0.504s] Level 1:colcon.colcon_core.package_identification:_identify(docs/media) by extension 'ignore_ament_install'
[0.504s] Level 1:colcon.colcon_core.package_identification:_identify(docs/media) by extensions ['colcon_pkg']
[0.504s] Level 1:colcon.colcon_core.package_identification:_identify(docs/media) by extension 'colcon_pkg'
[0.504s] Level 1:colcon.colcon_core.package_identification:_identify(docs/media) by extensions ['colcon_meta']
[0.504s] Level 1:colcon.colcon_core.package_identification:_identify(docs/media) by extension 'colcon_meta'
[0.504s] Level 1:colcon.colcon_core.package_identification:_identify(docs/media) by extensions ['ros']
[0.504s] Level 1:colcon.colcon_core.package_identification:_identify(docs/media) by extension 'ros'
[0.504s] Level 1:colcon.colcon_core.package_identification:_identify(docs/media) by extensions ['cmake', 'python']
[0.504s] Level 1:colcon.colcon_core.package_identification:_identify(docs/media) by extension 'cmake'
[0.504s] Level 1:colcon.colcon_core.package_identification:_identify(docs/media) by extension 'python'
[0.504s] Level 1:colcon.colcon_core.package_identification:_identify(docs/media) by extensions ['python_setup_py']
[0.504s] Level 1:colcon.colcon_core.package_identification:_identify(docs/media) by extension 'python_setup_py'
[0.504s] Level 1:colcon.colcon_core.package_identification:_identify(docs/media/results_example) by extensions ['ignore', 'ignore_ament_install']
[0.505s] Level 1:colcon.colcon_core.package_identification:_identify(docs/media/results_example) by extension 'ignore'
[0.505s] Level 1:colcon.colcon_core.package_identification:_identify(docs/media/results_example) by extension 'ignore_ament_install'
[0.505s] Level 1:colcon.colcon_core.package_identification:_identify(docs/media/results_example) by extensions ['colcon_pkg']
[0.505s] Level 1:colcon.colcon_core.package_identification:_identify(docs/media/results_example) by extension 'colcon_pkg'
[0.505s] Level 1:colcon.colcon_core.package_identification:_identify(docs/media/results_example) by extensions ['colcon_meta']
[0.505s] Level 1:colcon.colcon_core.package_identification:_identify(docs/media/results_example) by extension 'colcon_meta'
[0.505s] Level 1:colcon.colcon_core.package_identification:_identify(docs/media/results_example) by extensions ['ros']
[0.505s] Level 1:colcon.colcon_core.package_identification:_identify(docs/media/results_example) by extension 'ros'
[0.505s] Level 1:colcon.colcon_core.package_identification:_identify(docs/media/results_example) by extensions ['cmake', 'python']
[0.505s] Level 1:colcon.colcon_core.package_identification:_identify(docs/media/results_example) by extension 'cmake'
[0.505s] Level 1:colcon.colcon_core.package_identification:_identify(docs/media/results_example) by extension 'python'
[0.505s] Level 1:colcon.colcon_core.package_identification:_identify(docs/media/results_example) by extensions ['python_setup_py']
[0.505s] Level 1:colcon.colcon_core.package_identification:_identify(docs/media/results_example) by extension 'python_setup_py'
[0.505s] Level 1:colcon.colcon_core.package_identification:_identify(dynosam_test) by extensions ['ignore', 'ignore_ament_install']
[0.506s] Level 1:colcon.colcon_core.package_identification:_identify(dynosam_test) by extension 'ignore'
[0.506s] Level 1:colcon.colcon_core.package_identification:_identify(dynosam_test) by extension 'ignore_ament_install'
[0.506s] Level 1:colcon.colcon_core.package_identification:_identify(dynosam_test) by extensions ['colcon_pkg']
[0.506s] Level 1:colcon.colcon_core.package_identification:_identify(dynosam_test) by extension 'colcon_pkg'
[0.506s] Level 1:colcon.colcon_core.package_identification:_identify(dynosam_test) by extensions ['colcon_meta']
[0.506s] Level 1:colcon.colcon_core.package_identification:_identify(dynosam_test) by extension 'colcon_meta'
[0.506s] Level 1:colcon.colcon_core.package_identification:_identify(dynosam_test) by extensions ['ros']
[0.506s] Level 1:colcon.colcon_core.package_identification:_identify(dynosam_test) by extension 'ros'
[0.506s] Level 1:colcon.colcon_core.package_identification:_identify(dynosam_test) by extensions ['cmake', 'python']
[0.506s] Level 1:colcon.colcon_core.package_identification:_identify(dynosam_test) by extension 'cmake'
[0.506s] Level 1:colcon.colcon_core.package_identification:_identify(dynosam_test) by extension 'python'
[0.506s] Level 1:colcon.colcon_core.package_identification:_identify(dynosam_test) by extensions ['python_setup_py']
[0.506s] Level 1:colcon.colcon_core.package_identification:_identify(dynosam_test) by extension 'python_setup_py'
[0.506s] Level 1:colcon.colcon_core.package_identification:_identify(dynosam_test/csv) by extensions ['ignore', 'ignore_ament_install']
[0.506s] Level 1:colcon.colcon_core.package_identification:_identify(dynosam_test/csv) by extension 'ignore'
[0.506s] Level 1:colcon.colcon_core.package_identification:_identify(dynosam_test/csv) by extension 'ignore_ament_install'
[0.507s] Level 1:colcon.colcon_core.package_identification:_identify(dynosam_test/csv) by extensions ['colcon_pkg']
[0.507s] Level 1:colcon.colcon_core.package_identification:_identify(dynosam_test/csv) by extension 'colcon_pkg'
[0.507s] Level 1:colcon.colcon_core.package_identification:_identify(dynosam_test/csv) by extensions ['colcon_meta']
[0.507s] Level 1:colcon.colcon_core.package_identification:_identify(dynosam_test/csv) by extension 'colcon_meta'
[0.507s] Level 1:colcon.colcon_core.package_identification:_identify(dynosam_test/csv) by extensions ['ros']
[0.507s] Level 1:colcon.colcon_core.package_identification:_identify(dynosam_test/csv) by extension 'ros'
[0.507s] Level 1:colcon.colcon_core.package_identification:_identify(dynosam_test/csv) by extensions ['cmake', 'python']
[0.507s] Level 1:colcon.colcon_core.package_identification:_identify(dynosam_test/csv) by extension 'cmake'
[0.507s] Level 1:colcon.colcon_core.package_identification:_identify(dynosam_test/csv) by extension 'python'
[0.507s] Level 1:colcon.colcon_core.package_identification:_identify(dynosam_test/csv) by extensions ['python_setup_py']
[0.507s] Level 1:colcon.colcon_core.package_identification:_identify(dynosam_test/csv) by extension 'python_setup_py'
[0.507s] Level 1:colcon.colcon_core.package_identification:_identify(install) by extensions ['ignore', 'ignore_ament_install']
[0.507s] Level 1:colcon.colcon_core.package_identification:_identify(install) by extension 'ignore'
[0.507s] Level 1:colcon.colcon_core.package_identification:_identify(install) ignored
[0.507s] Level 1:colcon.colcon_core.package_identification:_identify(log) by extensions ['ignore', 'ignore_ament_install']
[0.508s] Level 1:colcon.colcon_core.package_identification:_identify(log) by extension 'ignore'
[0.508s] Level 1:colcon.colcon_core.package_identification:_identify(log) ignored
[0.508s] Level 1:colcon.colcon_core.package_identification:_identify(src) by extensions ['ignore', 'ignore_ament_install']
[0.508s] Level 1:colcon.colcon_core.package_identification:_identify(src) by extension 'ignore'
[0.508s] Level 1:colcon.colcon_core.package_identification:_identify(src) by extension 'ignore_ament_install'
[0.508s] Level 1:colcon.colcon_core.package_identification:_identify(src) by extensions ['colcon_pkg']
[0.508s] Level 1:colcon.colcon_core.package_identification:_identify(src) by extension 'colcon_pkg'
[0.508s] Level 1:colcon.colcon_core.package_identification:_identify(src) by extensions ['colcon_meta']
[0.508s] Level 1:colcon.colcon_core.package_identification:_identify(src) by extension 'colcon_meta'
[0.508s] Level 1:colcon.colcon_core.package_identification:_identify(src) by extensions ['ros']
[0.508s] Level 1:colcon.colcon_core.package_identification:_identify(src) by extension 'ros'
[0.508s] Level 1:colcon.colcon_core.package_identification:_identify(src) by extensions ['cmake', 'python']
[0.508s] Level 1:colcon.colcon_core.package_identification:_identify(src) by extension 'cmake'
[0.508s] Level 1:colcon.colcon_core.package_identification:_identify(src) by extension 'python'
[0.508s] Level 1:colcon.colcon_core.package_identification:_identify(src) by extensions ['python_setup_py']
[0.508s] Level 1:colcon.colcon_core.package_identification:_identify(src) by extension 'python_setup_py'
[0.509s] Level 1:colcon.colcon_core.package_identification:_identify(src/build) by extensions ['ignore', 'ignore_ament_install']
[0.509s] Level 1:colcon.colcon_core.package_identification:_identify(src/build) by extension 'ignore'
[0.509s] Level 1:colcon.colcon_core.package_identification:_identify(src/build) ignored
[0.509s] Level 1:colcon.colcon_core.package_identification:_identify(src/config_utilities) by extensions ['ignore', 'ignore_ament_install']
[0.509s] Level 1:colcon.colcon_core.package_identification:_identify(src/config_utilities) by extension 'ignore'
[0.509s] Level 1:colcon.colcon_core.package_identification:_identify(src/config_utilities) by extension 'ignore_ament_install'
[0.509s] Level 1:colcon.colcon_core.package_identification:_identify(src/config_utilities) by extensions ['colcon_pkg']
[0.509s] Level 1:colcon.colcon_core.package_identification:_identify(src/config_utilities) by extension 'colcon_pkg'
[0.509s] Level 1:colcon.colcon_core.package_identification:_identify(src/config_utilities) by extensions ['colcon_meta']
[0.509s] Level 1:colcon.colcon_core.package_identification:_identify(src/config_utilities) by extension 'colcon_meta'
[0.509s] Level 1:colcon.colcon_core.package_identification:_identify(src/config_utilities) by extensions ['ros']
[0.509s] Level 1:colcon.colcon_core.package_identification:_identify(src/config_utilities) by extension 'ros'
[0.509s] Level 1:colcon.colcon_core.package_identification:_identify(src/config_utilities) by extensions ['cmake', 'python']
[0.509s] Level 1:colcon.colcon_core.package_identification:_identify(src/config_utilities) by extension 'cmake'
[0.509s] Level 1:colcon.colcon_core.package_identification:_identify(src/config_utilities) by extension 'python'
[0.509s] Level 1:colcon.colcon_core.package_identification:_identify(src/config_utilities) by extensions ['python_setup_py']
[0.509s] Level 1:colcon.colcon_core.package_identification:_identify(src/config_utilities) by extension 'python_setup_py'
[0.510s] Level 1:colcon.colcon_core.package_identification:_identify(src/config_utilities/config_utilities) by extensions ['ignore', 'ignore_ament_install']
[0.510s] Level 1:colcon.colcon_core.package_identification:_identify(src/config_utilities/config_utilities) by extension 'ignore'
[0.510s] Level 1:colcon.colcon_core.package_identification:_identify(src/config_utilities/config_utilities) by extension 'ignore_ament_install'
[0.510s] Level 1:colcon.colcon_core.package_identification:_identify(src/config_utilities/config_utilities) by extensions ['colcon_pkg']
[0.510s] Level 1:colcon.colcon_core.package_identification:_identify(src/config_utilities/config_utilities) by extension 'colcon_pkg'
[0.510s] Level 1:colcon.colcon_core.package_identification:_identify(src/config_utilities/config_utilities) by extensions ['colcon_meta']
[0.510s] Level 1:colcon.colcon_core.package_identification:_identify(src/config_utilities/config_utilities) by extension 'colcon_meta'
[0.510s] Level 1:colcon.colcon_core.package_identification:_identify(src/config_utilities/config_utilities) by extensions ['ros']
[0.510s] Level 1:colcon.colcon_core.package_identification:_identify(src/config_utilities/config_utilities) by extension 'ros'
[0.513s] DEBUG:colcon.colcon_core.package_identification:Package 'src/config_utilities/config_utilities' with type 'ros.cmake' and name 'config_utilities'
[0.513s] Level 1:colcon.colcon_core.package_identification:_identify(src/config_utilities/docs) by extensions ['ignore', 'ignore_ament_install']
[0.513s] Level 1:colcon.colcon_core.package_identification:_identify(src/config_utilities/docs) by extension 'ignore'
[0.513s] Level 1:colcon.colcon_core.package_identification:_identify(src/config_utilities/docs) by extension 'ignore_ament_install'
[0.514s] Level 1:colcon.colcon_core.package_identification:_identify(src/config_utilities/docs) by extensions ['colcon_pkg']
[0.514s] Level 1:colcon.colcon_core.package_identification:_identify(src/config_utilities/docs) by extension 'colcon_pkg'
[0.514s] Level 1:colcon.colcon_core.package_identification:_identify(src/config_utilities/docs) by extensions ['colcon_meta']
[0.514s] Level 1:colcon.colcon_core.package_identification:_identify(src/config_utilities/docs) by extension 'colcon_meta'
[0.514s] Level 1:colcon.colcon_core.package_identification:_identify(src/config_utilities/docs) by extensions ['ros']
[0.514s] Level 1:colcon.colcon_core.package_identification:_identify(src/config_utilities/docs) by extension 'ros'
[0.514s] Level 1:colcon.colcon_core.package_identification:_identify(src/config_utilities/docs) by extensions ['cmake', 'python']
[0.514s] Level 1:colcon.colcon_core.package_identification:_identify(src/config_utilities/docs) by extension 'cmake'
[0.514s] Level 1:colcon.colcon_core.package_identification:_identify(src/config_utilities/docs) by extension 'python'
[0.514s] Level 1:colcon.colcon_core.package_identification:_identify(src/config_utilities/docs) by extensions ['python_setup_py']
[0.514s] Level 1:colcon.colcon_core.package_identification:_identify(src/config_utilities/docs) by extension 'python_setup_py'
[0.514s] Level 1:colcon.colcon_core.package_identification:_identify(src/dynamic_slam_interfaces) by extensions ['ignore', 'ignore_ament_install']
[0.514s] Level 1:colcon.colcon_core.package_identification:_identify(src/dynamic_slam_interfaces) by extension 'ignore'
[0.515s] Level 1:colcon.colcon_core.package_identification:_identify(src/dynamic_slam_interfaces) by extension 'ignore_ament_install'
[0.515s] Level 1:colcon.colcon_core.package_identification:_identify(src/dynamic_slam_interfaces) by extensions ['colcon_pkg']
[0.515s] Level 1:colcon.colcon_core.package_identification:_identify(src/dynamic_slam_interfaces) by extension 'colcon_pkg'
[0.515s] Level 1:colcon.colcon_core.package_identification:_identify(src/dynamic_slam_interfaces) by extensions ['colcon_meta']
[0.515s] Level 1:colcon.colcon_core.package_identification:_identify(src/dynamic_slam_interfaces) by extension 'colcon_meta'
[0.515s] Level 1:colcon.colcon_core.package_identification:_identify(src/dynamic_slam_interfaces) by extensions ['ros']
[0.515s] Level 1:colcon.colcon_core.package_identification:_identify(src/dynamic_slam_interfaces) by extension 'ros'
[0.516s] DEBUG:colcon.colcon_core.package_identification:Package 'src/dynamic_slam_interfaces' with type 'ros.ament_cmake' and name 'dynamic_slam_interfaces'
[0.516s] Level 1:colcon.colcon_core.package_identification:_identify(src/dynosam) by extensions ['ignore', 'ignore_ament_install']
[0.516s] Level 1:colcon.colcon_core.package_identification:_identify(src/dynosam) by extension 'ignore'
[0.516s] Level 1:colcon.colcon_core.package_identification:_identify(src/dynosam) by extension 'ignore_ament_install'
[0.516s] Level 1:colcon.colcon_core.package_identification:_identify(src/dynosam) by extensions ['colcon_pkg']
[0.516s] Level 1:colcon.colcon_core.package_identification:_identify(src/dynosam) by extension 'colcon_pkg'
[0.516s] Level 1:colcon.colcon_core.package_identification:_identify(src/dynosam) by extensions ['colcon_meta']
[0.516s] Level 1:colcon.colcon_core.package_identification:_identify(src/dynosam) by extension 'colcon_meta'
[0.516s] Level 1:colcon.colcon_core.package_identification:_identify(src/dynosam) by extensions ['ros']
[0.516s] Level 1:colcon.colcon_core.package_identification:_identify(src/dynosam) by extension 'ros'
[0.517s] DEBUG:colcon.colcon_core.package_identification:Package 'src/dynosam' with type 'ros.ament_cmake' and name 'dynosam'
[0.517s] Level 1:colcon.colcon_core.package_identification:_identify(src/dynosam_ros) by extensions ['ignore', 'ignore_ament_install']
[0.517s] Level 1:colcon.colcon_core.package_identification:_identify(src/dynosam_ros) by extension 'ignore'
[0.517s] Level 1:colcon.colcon_core.package_identification:_identify(src/dynosam_ros) by extension 'ignore_ament_install'
[0.517s] Level 1:colcon.colcon_core.package_identification:_identify(src/dynosam_ros) by extensions ['colcon_pkg']
[0.517s] Level 1:colcon.colcon_core.package_identification:_identify(src/dynosam_ros) by extension 'colcon_pkg'
[0.517s] Level 1:colcon.colcon_core.package_identification:_identify(src/dynosam_ros) by extensions ['colcon_meta']
[0.517s] Level 1:colcon.colcon_core.package_identification:_identify(src/dynosam_ros) by extension 'colcon_meta'
[0.517s] Level 1:colcon.colcon_core.package_identification:_identify(src/dynosam_ros) by extensions ['ros']
[0.517s] Level 1:colcon.colcon_core.package_identification:_identify(src/dynosam_ros) by extension 'ros'
[0.519s] DEBUG:colcon.colcon_core.package_identification:Package 'src/dynosam_ros' with type 'ros.ament_cmake' and name 'dynosam_ros'
[0.519s] Level 1:colcon.colcon_core.package_identification:_identify(src/dynosam_utils) by extensions ['ignore', 'ignore_ament_install']
[0.519s] Level 1:colcon.colcon_core.package_identification:_identify(src/dynosam_utils) by extension 'ignore'
[0.519s] Level 1:colcon.colcon_core.package_identification:_identify(src/dynosam_utils) by extension 'ignore_ament_install'
[0.520s] Level 1:colcon.colcon_core.package_identification:_identify(src/dynosam_utils) by extensions ['colcon_pkg']
[0.520s] Level 1:colcon.colcon_core.package_identification:_identify(src/dynosam_utils) by extension 'colcon_pkg'
[0.520s] Level 1:colcon.colcon_core.package_identification:_identify(src/dynosam_utils) by extensions ['colcon_meta']
[0.520s] Level 1:colcon.colcon_core.package_identification:_identify(src/dynosam_utils) by extension 'colcon_meta'
[0.520s] Level 1:colcon.colcon_core.package_identification:_identify(src/dynosam_utils) by extensions ['ros']
[0.520s] Level 1:colcon.colcon_core.package_identification:_identify(src/dynosam_utils) by extension 'ros'
[0.520s] DEBUG:colcon.colcon_core.package_identification:Package 'src/dynosam_utils' with type 'ros.ament_cmake' and name 'dynosam_utils'
[0.521s] Level 1:colcon.colcon_core.package_identification:_identify(src/install) by extensions ['ignore', 'ignore_ament_install']
[0.521s] Level 1:colcon.colcon_core.package_identification:_identify(src/install) by extension 'ignore'
[0.521s] Level 1:colcon.colcon_core.package_identification:_identify(src/install) ignored
[0.521s] Level 1:colcon.colcon_core.package_identification:_identify(src/log) by extensions ['ignore', 'ignore_ament_install']
[0.521s] Level 1:colcon.colcon_core.package_identification:_identify(src/log) by extension 'ignore'
[0.521s] Level 1:colcon.colcon_core.package_identification:_identify(src/log) ignored
[0.521s] Level 1:colcon.colcon_core.package_identification:_identify(src/rviz_dynamic_slam_plugins) by extensions ['ignore', 'ignore_ament_install']
[0.521s] Level 1:colcon.colcon_core.package_identification:_identify(src/rviz_dynamic_slam_plugins) by extension 'ignore'
[0.521s] Level 1:colcon.colcon_core.package_identification:_identify(src/rviz_dynamic_slam_plugins) by extension 'ignore_ament_install'
[0.521s] Level 1:colcon.colcon_core.package_identification:_identify(src/rviz_dynamic_slam_plugins) by extensions ['colcon_pkg']
[0.521s] Level 1:colcon.colcon_core.package_identification:_identify(src/rviz_dynamic_slam_plugins) by extension 'colcon_pkg'
[0.521s] Level 1:colcon.colcon_core.package_identification:_identify(src/rviz_dynamic_slam_plugins) by extensions ['colcon_meta']
[0.521s] Level 1:colcon.colcon_core.package_identification:_identify(src/rviz_dynamic_slam_plugins) by extension 'colcon_meta'
[0.521s] Level 1:colcon.colcon_core.package_identification:_identify(src/rviz_dynamic_slam_plugins) by extensions ['ros']
[0.521s] Level 1:colcon.colcon_core.package_identification:_identify(src/rviz_dynamic_slam_plugins) by extension 'ros'
[0.523s] DEBUG:colcon.colcon_core.package_identification:Package 'src/rviz_dynamic_slam_plugins' with type 'ros.ament_cmake' and name 'rviz_dynamic_slam_plugins'
[0.523s] Level 1:colcon.colcon_core.package_identification:_identify(src/zed-ros2-interfaces) by extensions ['ignore', 'ignore_ament_install']
[0.523s] Level 1:colcon.colcon_core.package_identification:_identify(src/zed-ros2-interfaces) by extension 'ignore'
[0.523s] Level 1:colcon.colcon_core.package_identification:_identify(src/zed-ros2-interfaces) by extension 'ignore_ament_install'
[0.523s] Level 1:colcon.colcon_core.package_identification:_identify(src/zed-ros2-interfaces) by extensions ['colcon_pkg']
[0.523s] Level 1:colcon.colcon_core.package_identification:_identify(src/zed-ros2-interfaces) by extension 'colcon_pkg'
[0.523s] Level 1:colcon.colcon_core.package_identification:_identify(src/zed-ros2-interfaces) by extensions ['colcon_meta']
[0.523s] Level 1:colcon.colcon_core.package_identification:_identify(src/zed-ros2-interfaces) by extension 'colcon_meta'
[0.523s] Level 1:colcon.colcon_core.package_identification:_identify(src/zed-ros2-interfaces) by extensions ['ros']
[0.523s] Level 1:colcon.colcon_core.package_identification:_identify(src/zed-ros2-interfaces) by extension 'ros'
[0.524s] DEBUG:colcon.colcon_core.package_identification:Package 'src/zed-ros2-interfaces' with type 'ros.ament_cmake' and name 'zed_msgs'
[0.524s] Level 1:colcon.colcon_core.package_discovery:discover_packages(recursive) using defaults
[0.524s] Level 1:colcon.colcon_core.package_discovery:discover_packages(ignore) discover
[0.524s] Level 1:colcon.colcon_core.package_discovery:discover_packages(ignore) using defaults
[0.524s] Level 1:colcon.colcon_core.package_discovery:discover_packages(path) discover
[0.524s] Level 1:colcon.colcon_core.package_discovery:discover_packages(path) using defaults
[0.557s] Level 1:colcon.colcon_core.package_discovery:discover_packages(prefix_path) check parameters
[0.557s] Level 1:colcon.colcon_core.package_discovery:discover_packages(prefix_path) discover
[0.559s] DEBUG:colcon.colcon_installed_package_information.package_discovery:Found 291 installed packages in /opt/ros/humble
[0.560s] Level 1:colcon.colcon_core.package_discovery:discover_packages(prefix_path) using defaults
[0.596s] Level 5:colcon.colcon_core.verb:set package 'config_utilities' build argument 'cmake_args' from command line to '['-DCMAKE_EXPORT_COMPILE_COMMANDS=ON', '-DCMAKE_BUILD_TYPE=RelWithDebinfo', '-G', 'Ninja']'
[0.596s] Level 5:colcon.colcon_core.verb:set package 'config_utilities' build argument 'cmake_target' from command line to 'None'
[0.596s] Level 5:colcon.colcon_core.verb:set package 'config_utilities' build argument 'cmake_target_skip_unavailable' from command line to 'False'
[0.596s] Level 5:colcon.colcon_core.verb:set package 'config_utilities' build argument 'cmake_clean_cache' from command line to 'False'
[0.596s] Level 5:colcon.colcon_core.verb:set package 'config_utilities' build argument 'cmake_clean_first' from command line to 'False'
[0.596s] Level 5:colcon.colcon_core.verb:set package 'config_utilities' build argument 'cmake_force_configure' from command line to 'False'
[0.596s] Level 5:colcon.colcon_core.verb:set package 'config_utilities' build argument 'ament_cmake_args' from command line to 'None'
[0.596s] Level 5:colcon.colcon_core.verb:set package 'config_utilities' build argument 'catkin_cmake_args' from command line to 'None'
[0.596s] Level 5:colcon.colcon_core.verb:set package 'config_utilities' build argument 'catkin_skip_building_tests' from command line to 'False'
[0.597s] DEBUG:colcon.colcon_core.verb:Building package 'config_utilities' with the following arguments: {'ament_cmake_args': None, 'build_base': '/home/bonnie/DynOSAM/build/config_utilities', 'catkin_cmake_args': None, 'catkin_skip_building_tests': False, 'cmake_args': ['-DCMAKE_EXPORT_COMPILE_COMMANDS=ON', '-DCMAKE_BUILD_TYPE=RelWithDebinfo', '-G', 'Ninja'], 'cmake_clean_cache': False, 'cmake_clean_first': False, 'cmake_force_configure': False, 'cmake_target': None, 'cmake_target_skip_unavailable': False, 'install_base': '/home/bonnie/DynOSAM/install/config_utilities', 'merge_install': False, 'path': '/home/bonnie/DynOSAM/src/config_utilities/config_utilities', 'symlink_install': False, 'test_result_base': None}
[0.597s] Level 5:colcon.colcon_core.verb:set package 'dynamic_slam_interfaces' build argument 'cmake_args' from command line to '['-DCMAKE_EXPORT_COMPILE_COMMANDS=ON', '-DCMAKE_BUILD_TYPE=RelWithDebinfo', '-G', 'Ninja']'
[0.597s] Level 5:colcon.colcon_core.verb:set package 'dynamic_slam_interfaces' build argument 'cmake_target' from command line to 'None'
[0.597s] Level 5:colcon.colcon_core.verb:set package 'dynamic_slam_interfaces' build argument 'cmake_target_skip_unavailable' from command line to 'False'
[0.597s] Level 5:colcon.colcon_core.verb:set package 'dynamic_slam_interfaces' build argument 'cmake_clean_cache' from command line to 'False'
[0.597s] Level 5:colcon.colcon_core.verb:set package 'dynamic_slam_interfaces' build argument 'cmake_clean_first' from command line to 'False'
[0.597s] Level 5:colcon.colcon_core.verb:set package 'dynamic_slam_interfaces' build argument 'cmake_force_configure' from command line to 'False'
[0.597s] Level 5:colcon.colcon_core.verb:set package 'dynamic_slam_interfaces' build argument 'ament_cmake_args' from command line to 'None'
[0.597s] Level 5:colcon.colcon_core.verb:set package 'dynamic_slam_interfaces' build argument 'catkin_cmake_args' from command line to 'None'
[0.597s] Level 5:colcon.colcon_core.verb:set package 'dynamic_slam_interfaces' build argument 'catkin_skip_building_tests' from command line to 'False'
[0.597s] DEBUG:colcon.colcon_core.verb:Building package 'dynamic_slam_interfaces' with the following arguments: {'ament_cmake_args': None, 'build_base': '/home/bonnie/DynOSAM/build/dynamic_slam_interfaces', 'catkin_cmake_args': None, 'catkin_skip_building_tests': False, 'cmake_args': ['-DCMAKE_EXPORT_COMPILE_COMMANDS=ON', '-DCMAKE_BUILD_TYPE=RelWithDebinfo', '-G', 'Ninja'], 'cmake_clean_cache': False, 'cmake_clean_first': False, 'cmake_force_configure': False, 'cmake_target': None, 'cmake_target_skip_unavailable': False, 'install_base': '/home/bonnie/DynOSAM/install/dynamic_slam_interfaces', 'merge_install': False, 'path': '/home/bonnie/DynOSAM/src/dynamic_slam_interfaces', 'symlink_install': False, 'test_result_base': None}
[0.597s] Level 5:colcon.colcon_core.verb:set package 'dynosam' build argument 'cmake_args' from command line to '['-DCMAKE_EXPORT_COMPILE_COMMANDS=ON', '-DCMAKE_BUILD_TYPE=RelWithDebinfo', '-G', 'Ninja']'
[0.597s] Level 5:colcon.colcon_core.verb:set package 'dynosam' build argument 'cmake_target' from command line to 'None'
[0.597s] Level 5:colcon.colcon_core.verb:set package 'dynosam' build argument 'cmake_target_skip_unavailable' from command line to 'False'
[0.597s] Level 5:colcon.colcon_core.verb:set package 'dynosam' build argument 'cmake_clean_cache' from command line to 'False'
[0.597s] Level 5:colcon.colcon_core.verb:set package 'dynosam' build argument 'cmake_clean_first' from command line to 'False'
[0.598s] Level 5:colcon.colcon_core.verb:set package 'dynosam' build argument 'cmake_force_configure' from command line to 'False'
[0.598s] Level 5:colcon.colcon_core.verb:set package 'dynosam' build argument 'ament_cmake_args' from command line to 'None'
[0.598s] Level 5:colcon.colcon_core.verb:set package 'dynosam' build argument 'catkin_cmake_args' from command line to 'None'
[0.598s] Level 5:colcon.colcon_core.verb:set package 'dynosam' build argument 'catkin_skip_building_tests' from command line to 'False'
[0.598s] DEBUG:colcon.colcon_core.verb:Building package 'dynosam' with the following arguments: {'ament_cmake_args': None, 'build_base': '/home/bonnie/DynOSAM/build/dynosam', 'catkin_cmake_args': None, 'catkin_skip_building_tests': False, 'cmake_args': ['-DCMAKE_EXPORT_COMPILE_COMMANDS=ON', '-DCMAKE_BUILD_TYPE=RelWithDebinfo', '-G', 'Ninja'], 'cmake_clean_cache': False, 'cmake_clean_first': False, 'cmake_force_configure': False, 'cmake_target': None, 'cmake_target_skip_unavailable': False, 'install_base': '/home/bonnie/DynOSAM/install/dynosam', 'merge_install': False, 'path': '/home/bonnie/DynOSAM/src/dynosam', 'symlink_install': False, 'test_result_base': None}
[0.598s] Level 5:colcon.colcon_core.verb:set package 'zed_msgs' build argument 'cmake_args' from command line to '['-DCMAKE_EXPORT_COMPILE_COMMANDS=ON', '-DCMAKE_BUILD_TYPE=RelWithDebinfo', '-G', 'Ninja']'
[0.598s] Level 5:colcon.colcon_core.verb:set package 'zed_msgs' build argument 'cmake_target' from command line to 'None'
[0.598s] Level 5:colcon.colcon_core.verb:set package 'zed_msgs' build argument 'cmake_target_skip_unavailable' from command line to 'False'
[0.598s] Level 5:colcon.colcon_core.verb:set package 'zed_msgs' build argument 'cmake_clean_cache' from command line to 'False'
[0.598s] Level 5:colcon.colcon_core.verb:set package 'zed_msgs' build argument 'cmake_clean_first' from command line to 'False'
[0.598s] Level 5:colcon.colcon_core.verb:set package 'zed_msgs' build argument 'cmake_force_configure' from command line to 'False'
[0.598s] Level 5:colcon.colcon_core.verb:set package 'zed_msgs' build argument 'ament_cmake_args' from command line to 'None'
[0.598s] Level 5:colcon.colcon_core.verb:set package 'zed_msgs' build argument 'catkin_cmake_args' from command line to 'None'
[0.598s] Level 5:colcon.colcon_core.verb:set package 'zed_msgs' build argument 'catkin_skip_building_tests' from command line to 'False'
[0.598s] DEBUG:colcon.colcon_core.verb:Building package 'zed_msgs' with the following arguments: {'ament_cmake_args': None, 'build_base': '/home/bonnie/DynOSAM/build/zed_msgs', 'catkin_cmake_args': None, 'catkin_skip_building_tests': False, 'cmake_args': ['-DCMAKE_EXPORT_COMPILE_COMMANDS=ON', '-DCMAKE_BUILD_TYPE=RelWithDebinfo', '-G', 'Ninja'], 'cmake_clean_cache': False, 'cmake_clean_first': False, 'cmake_force_configure': False, 'cmake_target': None, 'cmake_target_skip_unavailable': False, 'install_base': '/home/bonnie/DynOSAM/install/zed_msgs', 'merge_install': False, 'path': '/home/bonnie/DynOSAM/src/zed-ros2-interfaces', 'symlink_install': False, 'test_result_base': None}
[0.598s] Level 5:colcon.colcon_core.verb:set package 'dynosam_ros' build argument 'cmake_args' from command line to '['-DCMAKE_EXPORT_COMPILE_COMMANDS=ON', '-DCMAKE_BUILD_TYPE=RelWithDebinfo', '-G', 'Ninja']'
[0.598s] Level 5:colcon.colcon_core.verb:set package 'dynosam_ros' build argument 'cmake_target' from command line to 'None'
[0.598s] Level 5:colcon.colcon_core.verb:set package 'dynosam_ros' build argument 'cmake_target_skip_unavailable' from command line to 'False'
[0.598s] Level 5:colcon.colcon_core.verb:set package 'dynosam_ros' build argument 'cmake_clean_cache' from command line to 'False'
[0.599s] Level 5:colcon.colcon_core.verb:set package 'dynosam_ros' build argument 'cmake_clean_first' from command line to 'False'
[0.599s] Level 5:colcon.colcon_core.verb:set package 'dynosam_ros' build argument 'cmake_force_configure' from command line to 'False'
[0.599s] Level 5:colcon.colcon_core.verb:set package 'dynosam_ros' build argument 'ament_cmake_args' from command line to 'None'
[0.599s] Level 5:colcon.colcon_core.verb:set package 'dynosam_ros' build argument 'catkin_cmake_args' from command line to 'None'
[0.599s] Level 5:colcon.colcon_core.verb:set package 'dynosam_ros' build argument 'catkin_skip_building_tests' from command line to 'False'
[0.599s] DEBUG:colcon.colcon_core.verb:Building package 'dynosam_ros' with the following arguments: {'ament_cmake_args': None, 'build_base': '/home/bonnie/DynOSAM/build/dynosam_ros', 'catkin_cmake_args': None, 'catkin_skip_building_tests': False, 'cmake_args': ['-DCMAKE_EXPORT_COMPILE_COMMANDS=ON', '-DCMAKE_BUILD_TYPE=RelWithDebinfo', '-G', 'Ninja'], 'cmake_clean_cache': False, 'cmake_clean_first': False, 'cmake_force_configure': False, 'cmake_target': None, 'cmake_target_skip_unavailable': False, 'install_base': '/home/bonnie/DynOSAM/install/dynosam_ros', 'merge_install': False, 'path': '/home/bonnie/DynOSAM/src/dynosam_ros', 'symlink_install': False, 'test_result_base': None}
[0.599s] Level 5:colcon.colcon_core.verb:set package 'dynosam_utils' build argument 'cmake_args' from command line to '['-DCMAKE_EXPORT_COMPILE_COMMANDS=ON', '-DCMAKE_BUILD_TYPE=RelWithDebinfo', '-G', 'Ninja']'
[0.599s] Level 5:colcon.colcon_core.verb:set package 'dynosam_utils' build argument 'cmake_target' from command line to 'None'
[0.599s] Level 5:colcon.colcon_core.verb:set package 'dynosam_utils' build argument 'cmake_target_skip_unavailable' from command line to 'False'
[0.599s] Level 5:colcon.colcon_core.verb:set package 'dynosam_utils' build argument 'cmake_clean_cache' from command line to 'False'
[0.599s] Level 5:colcon.colcon_core.verb:set package 'dynosam_utils' build argument 'cmake_clean_first' from command line to 'False'
[0.599s] Level 5:colcon.colcon_core.verb:set package 'dynosam_utils' build argument 'cmake_force_configure' from command line to 'False'
[0.599s] Level 5:colcon.colcon_core.verb:set package 'dynosam_utils' build argument 'ament_cmake_args' from command line to 'None'
[0.599s] Level 5:colcon.colcon_core.verb:set package 'dynosam_utils' build argument 'catkin_cmake_args' from command line to 'None'
[0.599s] Level 5:colcon.colcon_core.verb:set package 'dynosam_utils' build argument 'catkin_skip_building_tests' from command line to 'False'
[0.599s] DEBUG:colcon.colcon_core.verb:Building package 'dynosam_utils' with the following arguments: {'ament_cmake_args': None, 'build_base': '/home/bonnie/DynOSAM/build/dynosam_utils', 'catkin_cmake_args': None, 'catkin_skip_building_tests': False, 'cmake_args': ['-DCMAKE_EXPORT_COMPILE_COMMANDS=ON', '-DCMAKE_BUILD_TYPE=RelWithDebinfo', '-G', 'Ninja'], 'cmake_clean_cache': False, 'cmake_clean_first': False, 'cmake_force_configure': False, 'cmake_target': None, 'cmake_target_skip_unavailable': False, 'install_base': '/home/bonnie/DynOSAM/install/dynosam_utils', 'merge_install': False, 'path': '/home/bonnie/DynOSAM/src/dynosam_utils', 'symlink_install': False, 'test_result_base': None}
[0.599s] Level 5:colcon.colcon_core.verb:set package 'rviz_dynamic_slam_plugins' build argument 'cmake_args' from command line to '['-DCMAKE_EXPORT_COMPILE_COMMANDS=ON', '-DCMAKE_BUILD_TYPE=RelWithDebinfo', '-G', 'Ninja']'
[0.599s] Level 5:colcon.colcon_core.verb:set package 'rviz_dynamic_slam_plugins' build argument 'cmake_target' from command line to 'None'
[0.600s] Level 5:colcon.colcon_core.verb:set package 'rviz_dynamic_slam_plugins' build argument 'cmake_target_skip_unavailable' from command line to 'False'
[0.600s] Level 5:colcon.colcon_core.verb:set package 'rviz_dynamic_slam_plugins' build argument 'cmake_clean_cache' from command line to 'False'
[0.600s] Level 5:colcon.colcon_core.verb:set package 'rviz_dynamic_slam_plugins' build argument 'cmake_clean_first' from command line to 'False'
[0.600s] Level 5:colcon.colcon_core.verb:set package 'rviz_dynamic_slam_plugins' build argument 'cmake_force_configure' from command line to 'False'
[0.600s] Level 5:colcon.colcon_core.verb:set package 'rviz_dynamic_slam_plugins' build argument 'ament_cmake_args' from command line to 'None'
[0.600s] Level 5:colcon.colcon_core.verb:set package 'rviz_dynamic_slam_plugins' build argument 'catkin_cmake_args' from command line to 'None'
[0.600s] Level 5:colcon.colcon_core.verb:set package 'rviz_dynamic_slam_plugins' build argument 'catkin_skip_building_tests' from command line to 'False'
[0.600s] DEBUG:colcon.colcon_core.verb:Building package 'rviz_dynamic_slam_plugins' with the following arguments: {'ament_cmake_args': None, 'build_base': '/home/bonnie/DynOSAM/build/rviz_dynamic_slam_plugins', 'catkin_cmake_args': None, 'catkin_skip_building_tests': False, 'cmake_args': ['-DCMAKE_EXPORT_COMPILE_COMMANDS=ON', '-DCMAKE_BUILD_TYPE=RelWithDebinfo', '-G', 'Ninja'], 'cmake_clean_cache': False, 'cmake_clean_first': False, 'cmake_force_configure': False, 'cmake_target': None, 'cmake_target_skip_unavailable': False, 'install_base': '/home/bonnie/DynOSAM/install/rviz_dynamic_slam_plugins', 'merge_install': False, 'path': '/home/bonnie/DynOSAM/src/rviz_dynamic_slam_plugins', 'symlink_install': False, 'test_result_base': None}
[0.600s] INFO:colcon.colcon_core.executor:Executing jobs using 'parallel' executor
[0.601s] DEBUG:colcon.colcon_parallel_executor.executor.parallel:run_until_complete
[0.601s] INFO:colcon.colcon_ros.task.ament_cmake.build:Building ROS package in '/home/bonnie/DynOSAM/src/dynamic_slam_interfaces' with build type 'ament_cmake'
[0.601s] INFO:colcon.colcon_cmake.task.cmake.build:Building CMake package in '/home/bonnie/DynOSAM/src/dynamic_slam_interfaces'
[0.604s] INFO:colcon.colcon_core.plugin_system:Skipping extension 'colcon_core.shell.bat': Not used on non-Windows systems
[0.604s] INFO:colcon.colcon_core.shell:Skip shell extension 'powershell' for command environment: Not usable outside of PowerShell
[0.604s] DEBUG:colcon.colcon_core.shell:Skip shell extension 'dsv' for command environment
[0.608s] INFO:colcon.colcon_ros.task.ament_cmake.build:Building ROS package in '/home/bonnie/DynOSAM/src/dynosam' with build type 'ament_cmake'
[0.608s] INFO:colcon.colcon_cmake.task.cmake.build:Building CMake package in '/home/bonnie/DynOSAM/src/dynosam'
[0.608s] INFO:colcon.colcon_core.shell:Skip shell extension 'powershell' for command environment: Not usable outside of PowerShell
[0.608s] DEBUG:colcon.colcon_core.shell:Skip shell extension 'dsv' for command environment
[0.611s] INFO:colcon.colcon_ros.task.cmake.build:Building ROS package in '/home/bonnie/DynOSAM/src/config_utilities/config_utilities' with build type 'cmake'
[0.612s] INFO:colcon.colcon_cmake.task.cmake.build:Building CMake package in '/home/bonnie/DynOSAM/src/config_utilities/config_utilities'
[0.612s] INFO:colcon.colcon_core.shell:Skip shell extension 'powershell' for command environment: Not usable outside of PowerShell
[0.612s] DEBUG:colcon.colcon_core.shell:Skip shell extension 'dsv' for command environment
[0.616s] INFO:colcon.colcon_ros.task.ament_cmake.build:Building ROS package in '/home/bonnie/DynOSAM/src/zed-ros2-interfaces' with build type 'ament_cmake'
[0.616s] INFO:colcon.colcon_cmake.task.cmake.build:Building CMake package in '/home/bonnie/DynOSAM/src/zed-ros2-interfaces'
[0.616s] INFO:colcon.colcon_core.shell:Skip shell extension 'powershell' for command environment: Not usable outside of PowerShell
[0.616s] DEBUG:colcon.colcon_core.shell:Skip shell extension 'dsv' for command environment
[0.627s] DEBUG:colcon.colcon_core.event_handler.log_command:Invoking command in '/home/bonnie/DynOSAM/build/dynamic_slam_interfaces': CMAKE_PREFIX_PATH=/opt/ros/humble /usr/bin/cmake --build /home/bonnie/DynOSAM/build/dynamic_slam_interfaces -- -j16 -l16
[0.635s] DEBUG:colcon.colcon_core.event_handler.log_command:Invoking command in '/home/bonnie/DynOSAM/build/dynosam': CMAKE_PREFIX_PATH=/opt/ros/humble /usr/bin/cmake --build /home/bonnie/DynOSAM/build/dynosam -- -j16 -l16
[0.644s] DEBUG:colcon.colcon_core.event_handler.log_command:Invoking command in '/home/bonnie/DynOSAM/build/config_utilities': CMAKE_PREFIX_PATH=/opt/ros/humble /usr/bin/cmake --build /home/bonnie/DynOSAM/build/config_utilities -- -j16 -l16
[0.655s] DEBUG:colcon.colcon_core.event_handler.log_command:Invoking command in '/home/bonnie/DynOSAM/build/zed_msgs': CMAKE_PREFIX_PATH=/opt/ros/humble /usr/bin/cmake /home/bonnie/DynOSAM/src/zed-ros2-interfaces -DCMAKE_EXPORT_COMPILE_COMMANDS=ON -DCMAKE_BUILD_TYPE=RelWithDebinfo -G Ninja -DCMAKE_INSTALL_PREFIX=/home/bonnie/DynOSAM/install/zed_msgs
[0.672s] DEBUG:colcon.colcon_core.event_handler.log_command:Invoked command in '/home/bonnie/DynOSAM/build/config_utilities' returned '0': CMAKE_PREFIX_PATH=/opt/ros/humble /usr/bin/cmake --build /home/bonnie/DynOSAM/build/config_utilities -- -j16 -l16
[0.687s] DEBUG:colcon.colcon_core.event_handler.log_command:Invoking command in '/home/bonnie/DynOSAM/build/config_utilities': CMAKE_PREFIX_PATH=/opt/ros/humble /usr/bin/cmake --install /home/bonnie/DynOSAM/build/config_utilities
[0.723s] Level 1:colcon.colcon_core.shell:create_environment_hook('config_utilities', 'pkg_config_path')
[0.723s] INFO:colcon.colcon_core.shell:Creating environment hook '/home/bonnie/DynOSAM/install/config_utilities/share/config_utilities/hook/pkg_config_path.ps1'
[0.724s] DEBUG:colcon.colcon_core.event_handler.log_command:Invoked command in '/home/bonnie/DynOSAM/build/config_utilities' returned '0': CMAKE_PREFIX_PATH=/opt/ros/humble /usr/bin/cmake --install /home/bonnie/DynOSAM/build/config_utilities
[0.727s] INFO:colcon.colcon_core.shell:Creating environment descriptor '/home/bonnie/DynOSAM/install/config_utilities/share/config_utilities/hook/pkg_config_path.dsv'
[0.735s] INFO:colcon.colcon_core.shell:Creating environment hook '/home/bonnie/DynOSAM/install/config_utilities/share/config_utilities/hook/pkg_config_path.sh'
[0.745s] Level 1:colcon.colcon_core.shell:create_environment_hook('config_utilities', 'pkg_config_path_multiarch')
[0.746s] INFO:colcon.colcon_core.shell:Creating environment hook '/home/bonnie/DynOSAM/install/config_utilities/share/config_utilities/hook/pkg_config_path_multiarch.ps1'
[0.751s] INFO:colcon.colcon_core.shell:Creating environment descriptor '/home/bonnie/DynOSAM/install/config_utilities/share/config_utilities/hook/pkg_config_path_multiarch.dsv'
[0.752s] INFO:colcon.colcon_core.shell:Creating environment hook '/home/bonnie/DynOSAM/install/config_utilities/share/config_utilities/hook/pkg_config_path_multiarch.sh'
[0.754s] Level 1:colcon.colcon_core.environment:create_environment_scripts_only(config_utilities)
[0.759s] Level 1:colcon.colcon_core.environment:checking '/home/bonnie/DynOSAM/install/config_utilities' for CMake module files
[0.764s] Level 1:colcon.colcon_core.environment:checking '/home/bonnie/DynOSAM/install/config_utilities' for CMake config files
[0.764s] Level 1:colcon.colcon_core.shell:create_environment_hook('config_utilities', 'cmake_prefix_path')
[0.765s] INFO:colcon.colcon_core.shell:Creating environment hook '/home/bonnie/DynOSAM/install/config_utilities/share/config_utilities/hook/cmake_prefix_path.ps1'
[0.768s] INFO:colcon.colcon_core.shell:Creating environment descriptor '/home/bonnie/DynOSAM/install/config_utilities/share/config_utilities/hook/cmake_prefix_path.dsv'
[0.770s] INFO:colcon.colcon_core.shell:Creating environment hook '/home/bonnie/DynOSAM/install/config_utilities/share/config_utilities/hook/cmake_prefix_path.sh'
[0.771s] Level 1:colcon.colcon_core.environment:checking '/home/bonnie/DynOSAM/install/config_utilities/lib'
[0.771s] Level 1:colcon.colcon_core.shell:create_environment_hook('config_utilities', 'ld_library_path_lib')
[0.772s] INFO:colcon.colcon_core.shell:Creating environment hook '/home/bonnie/DynOSAM/install/config_utilities/share/config_utilities/hook/ld_library_path_lib.ps1'
[0.773s] INFO:colcon.colcon_core.shell:Creating environment descriptor '/home/bonnie/DynOSAM/install/config_utilities/share/config_utilities/hook/ld_library_path_lib.dsv'
[0.774s] INFO:colcon.colcon_core.shell:Creating environment hook '/home/bonnie/DynOSAM/install/config_utilities/share/config_utilities/hook/ld_library_path_lib.sh'
[0.775s] Level 1:colcon.colcon_core.environment:checking '/home/bonnie/DynOSAM/install/config_utilities/bin'
[0.776s] Level 1:colcon.colcon_core.shell:create_environment_hook('config_utilities', 'path')
[0.776s] INFO:colcon.colcon_core.shell:Creating environment hook '/home/bonnie/DynOSAM/install/config_utilities/share/config_utilities/hook/path.ps1'
[0.777s] INFO:colcon.colcon_core.shell:Creating environment descriptor '/home/bonnie/DynOSAM/install/config_utilities/share/config_utilities/hook/path.dsv'
[0.778s] INFO:colcon.colcon_core.shell:Creating environment hook '/home/bonnie/DynOSAM/install/config_utilities/share/config_utilities/hook/path.sh'
[0.778s] Level 1:colcon.colcon_core.environment:checking '/home/bonnie/DynOSAM/install/config_utilities/lib/pkgconfig/config_utilities.pc'
[0.779s] Level 1:colcon.colcon_core.environment:checking '/home/bonnie/DynOSAM/install/config_utilities/lib/python3.10/site-packages'
[0.779s] Level 1:colcon.colcon_core.environment:checking '/home/bonnie/DynOSAM/install/config_utilities/bin'
[0.779s] Level 1:colcon.colcon_core.shell:create_environment_hook('config_utilities', 'pythonscriptspath')
[0.780s] INFO:colcon.colcon_core.shell:Creating environment hook '/home/bonnie/DynOSAM/install/config_utilities/share/config_utilities/hook/pythonscriptspath.ps1'
[0.782s] INFO:colcon.colcon_core.shell:Creating environment descriptor '/home/bonnie/DynOSAM/install/config_utilities/share/config_utilities/hook/pythonscriptspath.dsv'
[0.782s] INFO:colcon.colcon_core.shell:Creating environment hook '/home/bonnie/DynOSAM/install/config_utilities/share/config_utilities/hook/pythonscriptspath.sh'
[0.784s] INFO:colcon.colcon_core.shell:Creating package script '/home/bonnie/DynOSAM/install/config_utilities/share/config_utilities/package.ps1'
[0.789s] INFO:colcon.colcon_core.shell:Creating package descriptor '/home/bonnie/DynOSAM/install/config_utilities/share/config_utilities/package.dsv'
[0.790s] INFO:colcon.colcon_core.shell:Creating package script '/home/bonnie/DynOSAM/install/config_utilities/share/config_utilities/package.sh'
[0.791s] INFO:colcon.colcon_core.shell:Creating package script '/home/bonnie/DynOSAM/install/config_utilities/share/config_utilities/package.bash'
[0.793s] INFO:colcon.colcon_core.shell:Creating package script '/home/bonnie/DynOSAM/install/config_utilities/share/config_utilities/package.zsh'
[0.794s] Level 1:colcon.colcon_core.environment:create_file_with_runtime_dependencies(/home/bonnie/DynOSAM/install/config_utilities/share/colcon-core/packages/config_utilities)
[0.804s] DEBUG:colcon.colcon_core.event_handler.log_command:Invoked command in '/home/bonnie/DynOSAM/build/dynosam' returned '0': CMAKE_PREFIX_PATH=/opt/ros/humble /usr/bin/cmake --build /home/bonnie/DynOSAM/build/dynosam -- -j16 -l16
[0.814s] DEBUG:colcon.colcon_core.event_handler.log_command:Invoking command in '/home/bonnie/DynOSAM/build/dynosam': CMAKE_PREFIX_PATH=/opt/ros/humble /usr/bin/cmake --install /home/bonnie/DynOSAM/build/dynosam
[0.871s] Level 1:colcon.colcon_core.environment:create_environment_scripts_only(dynosam)
[0.872s] Level 1:colcon.colcon_core.environment:checking '/home/bonnie/DynOSAM/install/dynosam' for CMake module files
[0.872s] DEBUG:colcon.colcon_core.event_handler.log_command:Invoked command in '/home/bonnie/DynOSAM/build/dynosam' returned '0': CMAKE_PREFIX_PATH=/opt/ros/humble /usr/bin/cmake --install /home/bonnie/DynOSAM/build/dynosam
[0.873s] Level 1:colcon.colcon_core.environment:checking '/home/bonnie/DynOSAM/install/dynosam' for CMake config files
[0.873s] Level 1:colcon.colcon_core.shell:create_environment_hook('dynosam', 'cmake_prefix_path')
[0.874s] INFO:colcon.colcon_core.shell:Creating environment hook '/home/bonnie/DynOSAM/install/dynosam/share/dynosam/hook/cmake_prefix_path.ps1'
[0.874s] INFO:colcon.colcon_core.shell:Creating environment descriptor '/home/bonnie/DynOSAM/install/dynosam/share/dynosam/hook/cmake_prefix_path.dsv'
[0.875s] INFO:colcon.colcon_core.shell:Creating environment hook '/home/bonnie/DynOSAM/install/dynosam/share/dynosam/hook/cmake_prefix_path.sh'
[0.876s] Level 1:colcon.colcon_core.environment:checking '/home/bonnie/DynOSAM/install/dynosam/lib'
[0.876s] Level 1:colcon.colcon_core.shell:create_environment_hook('dynosam', 'ld_library_path_lib')
[0.876s] INFO:colcon.colcon_core.shell:Creating environment hook '/home/bonnie/DynOSAM/install/dynosam/share/dynosam/hook/ld_library_path_lib.ps1'
[0.876s] INFO:colcon.colcon_core.shell:Creating environment descriptor '/home/bonnie/DynOSAM/install/dynosam/share/dynosam/hook/ld_library_path_lib.dsv'
[0.877s] INFO:colcon.colcon_core.shell:Creating environment hook '/home/bonnie/DynOSAM/install/dynosam/share/dynosam/hook/ld_library_path_lib.sh'
[0.877s] Level 1:colcon.colcon_core.environment:checking '/home/bonnie/DynOSAM/install/dynosam/bin'
[0.877s] Level 1:colcon.colcon_core.environment:checking '/home/bonnie/DynOSAM/install/dynosam/lib/pkgconfig/dynosam.pc'
[0.878s] Level 1:colcon.colcon_core.environment:checking '/home/bonnie/DynOSAM/install/dynosam/lib/python3.10/site-packages'
[0.878s] Level 1:colcon.colcon_core.environment:checking '/home/bonnie/DynOSAM/install/dynosam/bin'
[0.878s] INFO:colcon.colcon_core.shell:Creating package script '/home/bonnie/DynOSAM/install/dynosam/share/dynosam/package.ps1'
[0.879s] INFO:colcon.colcon_core.shell:Creating package descriptor '/home/bonnie/DynOSAM/install/dynosam/share/dynosam/package.dsv'
[0.880s] INFO:colcon.colcon_core.shell:Creating package script '/home/bonnie/DynOSAM/install/dynosam/share/dynosam/package.sh'
[0.881s] INFO:colcon.colcon_core.shell:Creating package script '/home/bonnie/DynOSAM/install/dynosam/share/dynosam/package.bash'
[0.881s] INFO:colcon.colcon_core.shell:Creating package script '/home/bonnie/DynOSAM/install/dynosam/share/dynosam/package.zsh'
[0.882s] Level 1:colcon.colcon_core.environment:create_file_with_runtime_dependencies(/home/bonnie/DynOSAM/install/dynosam/share/colcon-core/packages/dynosam)
[0.883s] Level 1:colcon.colcon_core.environment:create_environment_scripts_only(dynosam)
[0.884s] Level 1:colcon.colcon_core.environment:checking '/home/bonnie/DynOSAM/install/dynosam' for CMake module files
[0.884s] Level 1:colcon.colcon_core.environment:checking '/home/bonnie/DynOSAM/install/dynosam' for CMake config files
[0.885s] Level 1:colcon.colcon_core.shell:create_environment_hook('dynosam', 'cmake_prefix_path')
[0.885s] INFO:colcon.colcon_core.shell:Creating environment hook '/home/bonnie/DynOSAM/install/dynosam/share/dynosam/hook/cmake_prefix_path.ps1'
[0.885s] INFO:colcon.colcon_core.shell:Creating environment descriptor '/home/bonnie/DynOSAM/install/dynosam/share/dynosam/hook/cmake_prefix_path.dsv'
[0.886s] INFO:colcon.colcon_core.shell:Creating environment hook '/home/bonnie/DynOSAM/install/dynosam/share/dynosam/hook/cmake_prefix_path.sh'
[0.887s] Level 1:colcon.colcon_core.environment:checking '/home/bonnie/DynOSAM/install/dynosam/lib'
[0.887s] Level 1:colcon.colcon_core.shell:create_environment_hook('dynosam', 'ld_library_path_lib')
[0.887s] INFO:colcon.colcon_core.shell:Creating environment hook '/home/bonnie/DynOSAM/install/dynosam/share/dynosam/hook/ld_library_path_lib.ps1'
[0.888s] INFO:colcon.colcon_core.shell:Creating environment descriptor '/home/bonnie/DynOSAM/install/dynosam/share/dynosam/hook/ld_library_path_lib.dsv'
[0.888s] INFO:colcon.colcon_core.shell:Creating environment hook '/home/bonnie/DynOSAM/install/dynosam/share/dynosam/hook/ld_library_path_lib.sh'
[0.889s] Level 1:colcon.colcon_core.environment:checking '/home/bonnie/DynOSAM/install/dynosam/bin'
[0.889s] Level 1:colcon.colcon_core.environment:checking '/home/bonnie/DynOSAM/install/dynosam/lib/pkgconfig/dynosam.pc'
[0.889s] Level 1:colcon.colcon_core.environment:checking '/home/bonnie/DynOSAM/install/dynosam/lib/python3.10/site-packages'
[0.890s] Level 1:colcon.colcon_core.environment:checking '/home/bonnie/DynOSAM/install/dynosam/bin'
[0.890s] INFO:colcon.colcon_core.shell:Creating package script '/home/bonnie/DynOSAM/install/dynosam/share/dynosam/package.ps1'
[0.891s] INFO:colcon.colcon_core.shell:Creating package descriptor '/home/bonnie/DynOSAM/install/dynosam/share/dynosam/package.dsv'
[0.891s] INFO:colcon.colcon_core.shell:Creating package script '/home/bonnie/DynOSAM/install/dynosam/share/dynosam/package.sh'
[0.892s] INFO:colcon.colcon_core.shell:Creating package script '/home/bonnie/DynOSAM/install/dynosam/share/dynosam/package.bash'
[0.892s] INFO:colcon.colcon_core.shell:Creating package script '/home/bonnie/DynOSAM/install/dynosam/share/dynosam/package.zsh'
[0.893s] Level 1:colcon.colcon_core.environment:create_file_with_runtime_dependencies(/home/bonnie/DynOSAM/install/dynosam/share/colcon-core/packages/dynosam)
[0.894s] INFO:colcon.colcon_ros.task.ament_cmake.build:Building ROS package in '/home/bonnie/DynOSAM/src/dynosam_utils' with build type 'ament_cmake'
[0.894s] INFO:colcon.colcon_cmake.task.cmake.build:Building CMake package in '/home/bonnie/DynOSAM/src/dynosam_utils'
[0.894s] INFO:colcon.colcon_core.shell:Skip shell extension 'powershell' for command environment: Not usable outside of PowerShell
[0.894s] DEBUG:colcon.colcon_core.shell:Skip shell extension 'dsv' for command environment
[1.073s] DEBUG:colcon.colcon_core.event_handler.log_command:Invoking command in '/home/bonnie/DynOSAM/build/dynosam_utils': AMENT_PREFIX_PATH=/home/bonnie/DynOSAM/install/dynosam:${AMENT_PREFIX_PATH} CMAKE_PREFIX_PATH=/home/bonnie/DynOSAM/install/dynosam:/opt/ros/humble LD_LIBRARY_PATH=/home/bonnie/DynOSAM/install/dynosam/lib:${LD_LIBRARY_PATH} /usr/bin/cmake --build /home/bonnie/DynOSAM/build/dynosam_utils -- -j16 -l16
[1.134s] DEBUG:colcon.colcon_core.event_handler.log_command:Invoked command in '/home/bonnie/DynOSAM/build/dynamic_slam_interfaces' returned '0': CMAKE_PREFIX_PATH=/opt/ros/humble /usr/bin/cmake --build /home/bonnie/DynOSAM/build/dynamic_slam_interfaces -- -j16 -l16
[1.137s] DEBUG:colcon.colcon_core.event_handler.log_command:Invoking command in '/home/bonnie/DynOSAM/build/dynamic_slam_interfaces': CMAKE_PREFIX_PATH=/opt/ros/humble /usr/bin/cmake --install /home/bonnie/DynOSAM/build/dynamic_slam_interfaces
[1.227s] Level 1:colcon.colcon_core.environment:create_environment_scripts_only(dynamic_slam_interfaces)
[1.227s] Level 1:colcon.colcon_core.environment:checking '/home/bonnie/DynOSAM/install/dynamic_slam_interfaces' for CMake module files
[1.228s] DEBUG:colcon.colcon_core.event_handler.log_command:Invoked command in '/home/bonnie/DynOSAM/build/dynamic_slam_interfaces' returned '0': CMAKE_PREFIX_PATH=/opt/ros/humble /usr/bin/cmake --install /home/bonnie/DynOSAM/build/dynamic_slam_interfaces
[1.229s] Level 1:colcon.colcon_core.environment:checking '/home/bonnie/DynOSAM/install/dynamic_slam_interfaces' for CMake config files
[1.229s] Level 1:colcon.colcon_core.shell:create_environment_hook('dynamic_slam_interfaces', 'cmake_prefix_path')
[1.230s] INFO:colcon.colcon_core.shell:Creating environment hook '/home/bonnie/DynOSAM/install/dynamic_slam_interfaces/share/dynamic_slam_interfaces/hook/cmake_prefix_path.ps1'
[1.232s] INFO:colcon.colcon_core.shell:Creating environment descriptor '/home/bonnie/DynOSAM/install/dynamic_slam_interfaces/share/dynamic_slam_interfaces/hook/cmake_prefix_path.dsv'
[1.232s] INFO:colcon.colcon_core.shell:Creating environment hook '/home/bonnie/DynOSAM/install/dynamic_slam_interfaces/share/dynamic_slam_interfaces/hook/cmake_prefix_path.sh'
[1.233s] Level 1:colcon.colcon_core.environment:checking '/home/bonnie/DynOSAM/install/dynamic_slam_interfaces/lib'
[1.233s] Level 1:colcon.colcon_core.shell:create_environment_hook('dynamic_slam_interfaces', 'ld_library_path_lib')
[1.234s] INFO:colcon.colcon_core.shell:Creating environment hook '/home/bonnie/DynOSAM/install/dynamic_slam_interfaces/share/dynamic_slam_interfaces/hook/ld_library_path_lib.ps1'
[1.234s] INFO:colcon.colcon_core.shell:Creating environment descriptor '/home/bonnie/DynOSAM/install/dynamic_slam_interfaces/share/dynamic_slam_interfaces/hook/ld_library_path_lib.dsv'
[1.234s] INFO:colcon.colcon_core.shell:Creating environment hook '/home/bonnie/DynOSAM/install/dynamic_slam_interfaces/share/dynamic_slam_interfaces/hook/ld_library_path_lib.sh'
[1.235s] Level 1:colcon.colcon_core.environment:checking '/home/bonnie/DynOSAM/install/dynamic_slam_interfaces/bin'
[1.235s] Level 1:colcon.colcon_core.environment:checking '/home/bonnie/DynOSAM/install/dynamic_slam_interfaces/lib/pkgconfig/dynamic_slam_interfaces.pc'
[1.235s] Level 1:colcon.colcon_core.environment:checking '/home/bonnie/DynOSAM/install/dynamic_slam_interfaces/lib/python3.10/site-packages'
[1.235s] Level 1:colcon.colcon_core.environment:checking '/home/bonnie/DynOSAM/install/dynamic_slam_interfaces/bin'
[1.236s] INFO:colcon.colcon_core.shell:Creating package script '/home/bonnie/DynOSAM/install/dynamic_slam_interfaces/share/dynamic_slam_interfaces/package.ps1'
[1.236s] INFO:colcon.colcon_core.shell:Creating package descriptor '/home/bonnie/DynOSAM/install/dynamic_slam_interfaces/share/dynamic_slam_interfaces/package.dsv'
[1.237s] INFO:colcon.colcon_core.shell:Creating package script '/home/bonnie/DynOSAM/install/dynamic_slam_interfaces/share/dynamic_slam_interfaces/package.sh'
[1.237s] INFO:colcon.colcon_core.shell:Creating package script '/home/bonnie/DynOSAM/install/dynamic_slam_interfaces/share/dynamic_slam_interfaces/package.bash'
[1.238s] INFO:colcon.colcon_core.shell:Creating package script '/home/bonnie/DynOSAM/install/dynamic_slam_interfaces/share/dynamic_slam_interfaces/package.zsh'
[1.238s] Level 1:colcon.colcon_core.environment:create_file_with_runtime_dependencies(/home/bonnie/DynOSAM/install/dynamic_slam_interfaces/share/colcon-core/packages/dynamic_slam_interfaces)
[1.239s] Level 1:colcon.colcon_core.environment:create_environment_scripts_only(dynamic_slam_interfaces)
[1.239s] Level 1:colcon.colcon_core.environment:checking '/home/bonnie/DynOSAM/install/dynamic_slam_interfaces' for CMake module files
[1.239s] Level 1:colcon.colcon_core.environment:checking '/home/bonnie/DynOSAM/install/dynamic_slam_interfaces' for CMake config files
[1.240s] Level 1:colcon.colcon_core.shell:create_environment_hook('dynamic_slam_interfaces', 'cmake_prefix_path')
[1.240s] INFO:colcon.colcon_core.shell:Creating environment hook '/home/bonnie/DynOSAM/install/dynamic_slam_interfaces/share/dynamic_slam_interfaces/hook/cmake_prefix_path.ps1'
[1.240s] INFO:colcon.colcon_core.shell:Creating environment descriptor '/home/bonnie/DynOSAM/install/dynamic_slam_interfaces/share/dynamic_slam_interfaces/hook/cmake_prefix_path.dsv'
[1.241s] INFO:colcon.colcon_core.shell:Creating environment hook '/home/bonnie/DynOSAM/install/dynamic_slam_interfaces/share/dynamic_slam_interfaces/hook/cmake_prefix_path.sh'
[1.241s] Level 1:colcon.colcon_core.environment:checking '/home/bonnie/DynOSAM/install/dynamic_slam_interfaces/lib'
[1.241s] Level 1:colcon.colcon_core.shell:create_environment_hook('dynamic_slam_interfaces', 'ld_library_path_lib')
[1.241s] INFO:colcon.colcon_core.shell:Creating environment hook '/home/bonnie/DynOSAM/install/dynamic_slam_interfaces/share/dynamic_slam_interfaces/hook/ld_library_path_lib.ps1'
[1.242s] INFO:colcon.colcon_core.shell:Creating environment descriptor '/home/bonnie/DynOSAM/install/dynamic_slam_interfaces/share/dynamic_slam_interfaces/hook/ld_library_path_lib.dsv'
[1.242s] INFO:colcon.colcon_core.shell:Creating environment hook '/home/bonnie/DynOSAM/install/dynamic_slam_interfaces/share/dynamic_slam_interfaces/hook/ld_library_path_lib.sh'
[1.242s] Level 1:colcon.colcon_core.environment:checking '/home/bonnie/DynOSAM/install/dynamic_slam_interfaces/bin'
[1.242s] Level 1:colcon.colcon_core.environment:checking '/home/bonnie/DynOSAM/install/dynamic_slam_interfaces/lib/pkgconfig/dynamic_slam_interfaces.pc'
[1.242s] Level 1:colcon.colcon_core.environment:checking '/home/bonnie/DynOSAM/install/dynamic_slam_interfaces/lib/python3.10/site-packages'
[1.243s] Level 1:colcon.colcon_core.environment:checking '/home/bonnie/DynOSAM/install/dynamic_slam_interfaces/bin'
[1.243s] INFO:colcon.colcon_core.shell:Creating package script '/home/bonnie/DynOSAM/install/dynamic_slam_interfaces/share/dynamic_slam_interfaces/package.ps1'
[1.243s] INFO:colcon.colcon_core.shell:Creating package descriptor '/home/bonnie/DynOSAM/install/dynamic_slam_interfaces/share/dynamic_slam_interfaces/package.dsv'
[1.244s] INFO:colcon.colcon_core.shell:Creating package script '/home/bonnie/DynOSAM/install/dynamic_slam_interfaces/share/dynamic_slam_interfaces/package.sh'
[1.244s] INFO:colcon.colcon_core.shell:Creating package script '/home/bonnie/DynOSAM/install/dynamic_slam_interfaces/share/dynamic_slam_interfaces/package.bash'
[1.245s] INFO:colcon.colcon_core.shell:Creating package script '/home/bonnie/DynOSAM/install/dynamic_slam_interfaces/share/dynamic_slam_interfaces/package.zsh'
[1.245s] Level 1:colcon.colcon_core.environment:create_file_with_runtime_dependencies(/home/bonnie/DynOSAM/install/dynamic_slam_interfaces/share/colcon-core/packages/dynamic_slam_interfaces)
[1.245s] INFO:colcon.colcon_ros.task.ament_cmake.build:Building ROS package in '/home/bonnie/DynOSAM/src/dynosam_ros' with build type 'ament_cmake'
[1.245s] INFO:colcon.colcon_cmake.task.cmake.build:Building CMake package in '/home/bonnie/DynOSAM/src/dynosam_ros'
[1.247s] INFO:colcon.colcon_core.shell:Skip shell extension 'powershell' for command environment: Not usable outside of PowerShell
[1.247s] DEBUG:colcon.colcon_core.shell:Skip shell extension 'dsv' for command environment
[1.251s] INFO:colcon.colcon_ros.task.ament_cmake.build:Building ROS package in '/home/bonnie/DynOSAM/src/rviz_dynamic_slam_plugins' with build type 'ament_cmake'
[1.251s] INFO:colcon.colcon_cmake.task.cmake.build:Building CMake package in '/home/bonnie/DynOSAM/src/rviz_dynamic_slam_plugins'
[1.251s] INFO:colcon.colcon_core.shell:Skip shell extension 'powershell' for command environment: Not usable outside of PowerShell
[1.251s] DEBUG:colcon.colcon_core.shell:Skip shell extension 'dsv' for command environment
[1.398s] DEBUG:colcon.colcon_core.event_handler.log_command:Invoking command in '/home/bonnie/DynOSAM/build/rviz_dynamic_slam_plugins': AMENT_PREFIX_PATH=/home/bonnie/DynOSAM/install/dynamic_slam_interfaces:${AMENT_PREFIX_PATH} CMAKE_PREFIX_PATH=/home/bonnie/DynOSAM/install/dynamic_slam_interfaces:/opt/ros/humble LD_LIBRARY_PATH=/home/bonnie/DynOSAM/install/dynamic_slam_interfaces/lib:${LD_LIBRARY_PATH} PYTHONPATH=/home/bonnie/DynOSAM/install/dynamic_slam_interfaces/local/lib/python3.10/dist-packages:${PYTHONPATH} /usr/bin/cmake --build /home/bonnie/DynOSAM/build/rviz_dynamic_slam_plugins -- -j16 -l16
[1.455s] DEBUG:colcon.colcon_core.event_handler.log_command:Invoked command in '/home/bonnie/DynOSAM/build/dynosam_utils' returned '0': AMENT_PREFIX_PATH=/home/bonnie/DynOSAM/install/dynosam:${AMENT_PREFIX_PATH} CMAKE_PREFIX_PATH=/home/bonnie/DynOSAM/install/dynosam:/opt/ros/humble LD_LIBRARY_PATH=/home/bonnie/DynOSAM/install/dynosam/lib:${LD_LIBRARY_PATH} /usr/bin/cmake --build /home/bonnie/DynOSAM/build/dynosam_utils -- -j16 -l16
[1.457s] DEBUG:colcon.colcon_core.event_handler.log_command:Invoking command in '/home/bonnie/DynOSAM/build/dynosam_utils': AMENT_PREFIX_PATH=/home/bonnie/DynOSAM/install/dynosam:${AMENT_PREFIX_PATH} CMAKE_PREFIX_PATH=/home/bonnie/DynOSAM/install/dynosam:/opt/ros/humble LD_LIBRARY_PATH=/home/bonnie/DynOSAM/install/dynosam/lib:${LD_LIBRARY_PATH} /usr/bin/cmake --install /home/bonnie/DynOSAM/build/dynosam_utils
[1.466s] DEBUG:colcon.colcon_core.event_handler.log_command:Invoked command in '/home/bonnie/DynOSAM/build/rviz_dynamic_slam_plugins' returned '0': AMENT_PREFIX_PATH=/home/bonnie/DynOSAM/install/dynamic_slam_interfaces:${AMENT_PREFIX_PATH} CMAKE_PREFIX_PATH=/home/bonnie/DynOSAM/install/dynamic_slam_interfaces:/opt/ros/humble LD_LIBRARY_PATH=/home/bonnie/DynOSAM/install/dynamic_slam_interfaces/lib:${LD_LIBRARY_PATH} PYTHONPATH=/home/bonnie/DynOSAM/install/dynamic_slam_interfaces/local/lib/python3.10/dist-packages:${PYTHONPATH} /usr/bin/cmake --build /home/bonnie/DynOSAM/build/rviz_dynamic_slam_plugins -- -j16 -l16
[1.470s] DEBUG:colcon.colcon_core.event_handler.log_command:Invoking command in '/home/bonnie/DynOSAM/build/rviz_dynamic_slam_plugins': AMENT_PREFIX_PATH=/home/bonnie/DynOSAM/install/dynamic_slam_interfaces:${AMENT_PREFIX_PATH} CMAKE_PREFIX_PATH=/home/bonnie/DynOSAM/install/dynamic_slam_interfaces:/opt/ros/humble LD_LIBRARY_PATH=/home/bonnie/DynOSAM/install/dynamic_slam_interfaces/lib:${LD_LIBRARY_PATH} PYTHONPATH=/home/bonnie/DynOSAM/install/dynamic_slam_interfaces/local/lib/python3.10/dist-packages:${PYTHONPATH} /usr/bin/cmake --install /home/bonnie/DynOSAM/build/rviz_dynamic_slam_plugins
[1.495s] Level 1:colcon.colcon_core.environment:create_environment_scripts_only(rviz_dynamic_slam_plugins)
[1.496s] Level 1:colcon.colcon_core.environment:checking '/home/bonnie/DynOSAM/install/rviz_dynamic_slam_plugins' for CMake module files
[1.496s] DEBUG:colcon.colcon_core.event_handler.log_command:Invoked command in '/home/bonnie/DynOSAM/build/rviz_dynamic_slam_plugins' returned '0': AMENT_PREFIX_PATH=/home/bonnie/DynOSAM/install/dynamic_slam_interfaces:${AMENT_PREFIX_PATH} CMAKE_PREFIX_PATH=/home/bonnie/DynOSAM/install/dynamic_slam_interfaces:/opt/ros/humble LD_LIBRARY_PATH=/home/bonnie/DynOSAM/install/dynamic_slam_interfaces/lib:${LD_LIBRARY_PATH} PYTHONPATH=/home/bonnie/DynOSAM/install/dynamic_slam_interfaces/local/lib/python3.10/dist-packages:${PYTHONPATH} /usr/bin/cmake --install /home/bonnie/DynOSAM/build/rviz_dynamic_slam_plugins
[1.498s] Level 1:colcon.colcon_core.environment:checking '/home/bonnie/DynOSAM/install/rviz_dynamic_slam_plugins' for CMake config files
[1.499s] Level 1:colcon.colcon_core.shell:create_environment_hook('rviz_dynamic_slam_plugins', 'cmake_prefix_path')
[1.499s] INFO:colcon.colcon_core.shell:Creating environment hook '/home/bonnie/DynOSAM/install/rviz_dynamic_slam_plugins/share/rviz_dynamic_slam_plugins/hook/cmake_prefix_path.ps1'
[1.501s] INFO:colcon.colcon_core.shell:Creating environment descriptor '/home/bonnie/DynOSAM/install/rviz_dynamic_slam_plugins/share/rviz_dynamic_slam_plugins/hook/cmake_prefix_path.dsv'
[1.502s] INFO:colcon.colcon_core.shell:Creating environment hook '/home/bonnie/DynOSAM/install/rviz_dynamic_slam_plugins/share/rviz_dynamic_slam_plugins/hook/cmake_prefix_path.sh'
[1.504s] Level 1:colcon.colcon_core.environment:checking '/home/bonnie/DynOSAM/install/rviz_dynamic_slam_plugins/lib'
[1.504s] Level 1:colcon.colcon_core.shell:create_environment_hook('rviz_dynamic_slam_plugins', 'ld_library_path_lib')
[1.505s] INFO:colcon.colcon_core.shell:Creating environment hook '/home/bonnie/DynOSAM/install/rviz_dynamic_slam_plugins/share/rviz_dynamic_slam_plugins/hook/ld_library_path_lib.ps1'
[1.506s] INFO:colcon.colcon_core.shell:Creating environment descriptor '/home/bonnie/DynOSAM/install/rviz_dynamic_slam_plugins/share/rviz_dynamic_slam_plugins/hook/ld_library_path_lib.dsv'
[1.506s] INFO:colcon.colcon_core.shell:Creating environment hook '/home/bonnie/DynOSAM/install/rviz_dynamic_slam_plugins/share/rviz_dynamic_slam_plugins/hook/ld_library_path_lib.sh'
[1.507s] Level 1:colcon.colcon_core.environment:checking '/home/bonnie/DynOSAM/install/rviz_dynamic_slam_plugins/bin'
[1.507s] Level 1:colcon.colcon_core.environment:checking '/home/bonnie/DynOSAM/install/rviz_dynamic_slam_plugins/lib/pkgconfig/rviz_dynamic_slam_plugins.pc'
[1.507s] Level 1:colcon.colcon_core.environment:checking '/home/bonnie/DynOSAM/install/rviz_dynamic_slam_plugins/lib/python3.10/site-packages'
[1.507s] Level 1:colcon.colcon_core.environment:checking '/home/bonnie/DynOSAM/install/rviz_dynamic_slam_plugins/bin'
[1.508s] INFO:colcon.colcon_core.shell:Creating package script '/home/bonnie/DynOSAM/install/rviz_dynamic_slam_plugins/share/rviz_dynamic_slam_plugins/package.ps1'
[1.510s] INFO:colcon.colcon_core.shell:Creating package descriptor '/home/bonnie/DynOSAM/install/rviz_dynamic_slam_plugins/share/rviz_dynamic_slam_plugins/package.dsv'
[1.512s] INFO:colcon.colcon_core.shell:Creating package script '/home/bonnie/DynOSAM/install/rviz_dynamic_slam_plugins/share/rviz_dynamic_slam_plugins/package.sh'
[1.515s] INFO:colcon.colcon_core.shell:Creating package script '/home/bonnie/DynOSAM/install/rviz_dynamic_slam_plugins/share/rviz_dynamic_slam_plugins/package.bash'
[1.517s] INFO:colcon.colcon_core.shell:Creating package script '/home/bonnie/DynOSAM/install/rviz_dynamic_slam_plugins/share/rviz_dynamic_slam_plugins/package.zsh'
[1.518s] Level 1:colcon.colcon_core.environment:create_file_with_runtime_dependencies(/home/bonnie/DynOSAM/install/rviz_dynamic_slam_plugins/share/colcon-core/packages/rviz_dynamic_slam_plugins)
[1.519s] Level 1:colcon.colcon_core.environment:create_environment_scripts_only(rviz_dynamic_slam_plugins)
[1.520s] Level 1:colcon.colcon_core.environment:checking '/home/bonnie/DynOSAM/install/rviz_dynamic_slam_plugins' for CMake module files
[1.520s] Level 1:colcon.colcon_core.environment:checking '/home/bonnie/DynOSAM/install/rviz_dynamic_slam_plugins' for CMake config files
[1.520s] Level 1:colcon.colcon_core.shell:create_environment_hook('rviz_dynamic_slam_plugins', 'cmake_prefix_path')
[1.520s] INFO:colcon.colcon_core.shell:Creating environment hook '/home/bonnie/DynOSAM/install/rviz_dynamic_slam_plugins/share/rviz_dynamic_slam_plugins/hook/cmake_prefix_path.ps1'
[1.521s] INFO:colcon.colcon_core.shell:Creating environment descriptor '/home/bonnie/DynOSAM/install/rviz_dynamic_slam_plugins/share/rviz_dynamic_slam_plugins/hook/cmake_prefix_path.dsv'
[1.521s] INFO:colcon.colcon_core.shell:Creating environment hook '/home/bonnie/DynOSAM/install/rviz_dynamic_slam_plugins/share/rviz_dynamic_slam_plugins/hook/cmake_prefix_path.sh'
[1.522s] Level 1:colcon.colcon_core.environment:checking '/home/bonnie/DynOSAM/install/rviz_dynamic_slam_plugins/lib'
[1.522s] Level 1:colcon.colcon_core.shell:create_environment_hook('rviz_dynamic_slam_plugins', 'ld_library_path_lib')
[1.523s] INFO:colcon.colcon_core.shell:Creating environment hook '/home/bonnie/DynOSAM/install/rviz_dynamic_slam_plugins/share/rviz_dynamic_slam_plugins/hook/ld_library_path_lib.ps1'
[1.523s] INFO:colcon.colcon_core.shell:Creating environment descriptor '/home/bonnie/DynOSAM/install/rviz_dynamic_slam_plugins/share/rviz_dynamic_slam_plugins/hook/ld_library_path_lib.dsv'
[1.524s] INFO:colcon.colcon_core.shell:Creating environment hook '/home/bonnie/DynOSAM/install/rviz_dynamic_slam_plugins/share/rviz_dynamic_slam_plugins/hook/ld_library_path_lib.sh'
[1.524s] Level 1:colcon.colcon_core.environment:checking '/home/bonnie/DynOSAM/install/rviz_dynamic_slam_plugins/bin'
[1.524s] Level 1:colcon.colcon_core.environment:checking '/home/bonnie/DynOSAM/install/rviz_dynamic_slam_plugins/lib/pkgconfig/rviz_dynamic_slam_plugins.pc'
[1.524s] Level 1:colcon.colcon_core.environment:checking '/home/bonnie/DynOSAM/install/rviz_dynamic_slam_plugins/lib/python3.10/site-packages'
[1.524s] Level 1:colcon.colcon_core.environment:checking '/home/bonnie/DynOSAM/install/rviz_dynamic_slam_plugins/bin'
[1.525s] INFO:colcon.colcon_core.shell:Creating package script '/home/bonnie/DynOSAM/install/rviz_dynamic_slam_plugins/share/rviz_dynamic_slam_plugins/package.ps1'
[1.526s] INFO:colcon.colcon_core.shell:Creating package descriptor '/home/bonnie/DynOSAM/install/rviz_dynamic_slam_plugins/share/rviz_dynamic_slam_plugins/package.dsv'
[1.526s] INFO:colcon.colcon_core.shell:Creating package script '/home/bonnie/DynOSAM/install/rviz_dynamic_slam_plugins/share/rviz_dynamic_slam_plugins/package.sh'
[1.526s] INFO:colcon.colcon_core.shell:Creating package script '/home/bonnie/DynOSAM/install/rviz_dynamic_slam_plugins/share/rviz_dynamic_slam_plugins/package.bash'
[1.527s] INFO:colcon.colcon_core.shell:Creating package script '/home/bonnie/DynOSAM/install/rviz_dynamic_slam_plugins/share/rviz_dynamic_slam_plugins/package.zsh'
[1.527s] Level 1:colcon.colcon_core.environment:create_file_with_runtime_dependencies(/home/bonnie/DynOSAM/install/rviz_dynamic_slam_plugins/share/colcon-core/packages/rviz_dynamic_slam_plugins)
[1.553s] Level 1:colcon.colcon_core.environment:create_environment_scripts_only(dynosam_utils)
[1.553s] Level 1:colcon.colcon_core.environment:checking '/home/bonnie/DynOSAM/install/dynosam_utils' for CMake module files
[1.553s] DEBUG:colcon.colcon_core.event_handler.log_command:Invoked command in '/home/bonnie/DynOSAM/build/dynosam_utils' returned '0': AMENT_PREFIX_PATH=/home/bonnie/DynOSAM/install/dynosam:${AMENT_PREFIX_PATH} CMAKE_PREFIX_PATH=/home/bonnie/DynOSAM/install/dynosam:/opt/ros/humble LD_LIBRARY_PATH=/home/bonnie/DynOSAM/install/dynosam/lib:${LD_LIBRARY_PATH} /usr/bin/cmake --install /home/bonnie/DynOSAM/build/dynosam_utils
[1.554s] Level 1:colcon.colcon_core.environment:checking '/home/bonnie/DynOSAM/install/dynosam_utils' for CMake config files
[1.555s] Level 1:colcon.colcon_core.shell:create_environment_hook('dynosam_utils', 'cmake_prefix_path')
[1.555s] INFO:colcon.colcon_core.shell:Creating environment hook '/home/bonnie/DynOSAM/install/dynosam_utils/share/dynosam_utils/hook/cmake_prefix_path.ps1'
[1.556s] INFO:colcon.colcon_core.shell:Creating environment descriptor '/home/bonnie/DynOSAM/install/dynosam_utils/share/dynosam_utils/hook/cmake_prefix_path.dsv'
[1.557s] INFO:colcon.colcon_core.shell:Creating environment hook '/home/bonnie/DynOSAM/install/dynosam_utils/share/dynosam_utils/hook/cmake_prefix_path.sh'
[1.558s] Level 1:colcon.colcon_core.environment:checking '/home/bonnie/DynOSAM/install/dynosam_utils/lib'
[1.558s] Level 1:colcon.colcon_core.environment:checking '/home/bonnie/DynOSAM/install/dynosam_utils/bin'
[1.558s] Level 1:colcon.colcon_core.environment:checking '/home/bonnie/DynOSAM/install/dynosam_utils/lib/pkgconfig/dynosam_utils.pc'
[1.558s] Level 1:colcon.colcon_core.environment:checking '/home/bonnie/DynOSAM/install/dynosam_utils/lib/python3.10/site-packages'
[1.558s] Level 1:colcon.colcon_core.environment:checking '/home/bonnie/DynOSAM/install/dynosam_utils/bin'
[1.558s] INFO:colcon.colcon_core.shell:Creating package script '/home/bonnie/DynOSAM/install/dynosam_utils/share/dynosam_utils/package.ps1'
[1.559s] INFO:colcon.colcon_core.shell:Creating package descriptor '/home/bonnie/DynOSAM/install/dynosam_utils/share/dynosam_utils/package.dsv'
[1.559s] INFO:colcon.colcon_core.shell:Creating package script '/home/bonnie/DynOSAM/install/dynosam_utils/share/dynosam_utils/package.sh'
[1.559s] INFO:colcon.colcon_core.shell:Creating package script '/home/bonnie/DynOSAM/install/dynosam_utils/share/dynosam_utils/package.bash'
[1.560s] INFO:colcon.colcon_core.shell:Creating package script '/home/bonnie/DynOSAM/install/dynosam_utils/share/dynosam_utils/package.zsh'
[1.560s] Level 1:colcon.colcon_core.environment:create_file_with_runtime_dependencies(/home/bonnie/DynOSAM/install/dynosam_utils/share/colcon-core/packages/dynosam_utils)
[1.561s] Level 1:colcon.colcon_core.environment:create_environment_scripts_only(dynosam_utils)
[1.561s] Level 1:colcon.colcon_core.environment:checking '/home/bonnie/DynOSAM/install/dynosam_utils' for CMake module files
[1.561s] Level 1:colcon.colcon_core.environment:checking '/home/bonnie/DynOSAM/install/dynosam_utils' for CMake config files
[1.562s] Level 1:colcon.colcon_core.shell:create_environment_hook('dynosam_utils', 'cmake_prefix_path')
[1.562s] INFO:colcon.colcon_core.shell:Creating environment hook '/home/bonnie/DynOSAM/install/dynosam_utils/share/dynosam_utils/hook/cmake_prefix_path.ps1'
[1.562s] INFO:colcon.colcon_core.shell:Creating environment descriptor '/home/bonnie/DynOSAM/install/dynosam_utils/share/dynosam_utils/hook/cmake_prefix_path.dsv'
[1.563s] INFO:colcon.colcon_core.shell:Creating environment hook '/home/bonnie/DynOSAM/install/dynosam_utils/share/dynosam_utils/hook/cmake_prefix_path.sh'
[1.564s] Level 1:colcon.colcon_core.environment:checking '/home/bonnie/DynOSAM/install/dynosam_utils/lib'
[1.564s] Level 1:colcon.colcon_core.environment:checking '/home/bonnie/DynOSAM/install/dynosam_utils/bin'
[1.564s] Level 1:colcon.colcon_core.environment:checking '/home/bonnie/DynOSAM/install/dynosam_utils/lib/pkgconfig/dynosam_utils.pc'
[1.565s] Level 1:colcon.colcon_core.environment:checking '/home/bonnie/DynOSAM/install/dynosam_utils/lib/python3.10/site-packages'
[1.565s] Level 1:colcon.colcon_core.environment:checking '/home/bonnie/DynOSAM/install/dynosam_utils/bin'
[1.565s] INFO:colcon.colcon_core.shell:Creating package script '/home/bonnie/DynOSAM/install/dynosam_utils/share/dynosam_utils/package.ps1'
[1.566s] INFO:colcon.colcon_core.shell:Creating package descriptor '/home/bonnie/DynOSAM/install/dynosam_utils/share/dynosam_utils/package.dsv'
[1.567s] INFO:colcon.colcon_core.shell:Creating package script '/home/bonnie/DynOSAM/install/dynosam_utils/share/dynosam_utils/package.sh'
[1.567s] INFO:colcon.colcon_core.shell:Creating package script '/home/bonnie/DynOSAM/install/dynosam_utils/share/dynosam_utils/package.bash'
[1.568s] INFO:colcon.colcon_core.shell:Creating package script '/home/bonnie/DynOSAM/install/dynosam_utils/share/dynosam_utils/package.zsh'
[1.569s] Level 1:colcon.colcon_core.environment:create_file_with_runtime_dependencies(/home/bonnie/DynOSAM/install/dynosam_utils/share/colcon-core/packages/dynosam_utils)
[1.592s] DEBUG:colcon.colcon_core.event_handler.log_command:Invoking command in '/home/bonnie/DynOSAM/build/dynosam_ros': AMENT_PREFIX_PATH=/home/bonnie/DynOSAM/install/dynosam:/home/bonnie/DynOSAM/install/dynamic_slam_interfaces:${AMENT_PREFIX_PATH} CMAKE_PREFIX_PATH=/home/bonnie/DynOSAM/install/dynosam:/home/bonnie/DynOSAM/install/dynamic_slam_interfaces:/opt/ros/humble LD_LIBRARY_PATH=/home/bonnie/DynOSAM/install/dynosam/lib:/home/bonnie/DynOSAM/install/dynamic_slam_interfaces/lib:${LD_LIBRARY_PATH} PYTHONPATH=/home/bonnie/DynOSAM/install/dynamic_slam_interfaces/local/lib/python3.10/dist-packages:${PYTHONPATH} /usr/bin/cmake --build /home/bonnie/DynOSAM/build/dynosam_ros -- -j16 -l16
[6.475s] DEBUG:colcon.colcon_core.event_handler.log_command:Invoked command in '/home/bonnie/DynOSAM/build/zed_msgs' returned '0': CMAKE_PREFIX_PATH=/opt/ros/humble /usr/bin/cmake /home/bonnie/DynOSAM/src/zed-ros2-interfaces -DCMAKE_EXPORT_COMPILE_COMMANDS=ON -DCMAKE_BUILD_TYPE=RelWithDebinfo -G Ninja -DCMAKE_INSTALL_PREFIX=/home/bonnie/DynOSAM/install/zed_msgs
[6.476s] DEBUG:colcon.colcon_core.event_handler.log_command:Invoking command in '/home/bonnie/DynOSAM/build/zed_msgs': CMAKE_PREFIX_PATH=/opt/ros/humble /usr/bin/cmake --build /home/bonnie/DynOSAM/build/zed_msgs -- -j16 -l16
[28.609s] DEBUG:colcon.colcon_core.event_handler.log_command:Invoked command in '/home/bonnie/DynOSAM/build/zed_msgs' returned '0': CMAKE_PREFIX_PATH=/opt/ros/humble /usr/bin/cmake --build /home/bonnie/DynOSAM/build/zed_msgs -- -j16 -l16
[28.611s] DEBUG:colcon.colcon_core.event_handler.log_command:Invoking command in '/home/bonnie/DynOSAM/build/zed_msgs': CMAKE_PREFIX_PATH=/opt/ros/humble /usr/bin/cmake --install /home/bonnie/DynOSAM/build/zed_msgs
[28.964s] Level 1:colcon.colcon_core.environment:create_environment_scripts_only(zed_msgs)
[28.965s] Level 1:colcon.colcon_core.environment:checking '/home/bonnie/DynOSAM/install/zed_msgs' for CMake module files
[28.966s] DEBUG:colcon.colcon_core.event_handler.log_command:Invoked command in '/home/bonnie/DynOSAM/build/zed_msgs' returned '0': CMAKE_PREFIX_PATH=/opt/ros/humble /usr/bin/cmake --install /home/bonnie/DynOSAM/build/zed_msgs
[28.966s] Level 1:colcon.colcon_core.environment:checking '/home/bonnie/DynOSAM/install/zed_msgs' for CMake config files
[28.967s] Level 1:colcon.colcon_core.shell:create_environment_hook('zed_msgs', 'cmake_prefix_path')
[28.967s] INFO:colcon.colcon_core.shell:Creating environment hook '/home/bonnie/DynOSAM/install/zed_msgs/share/zed_msgs/hook/cmake_prefix_path.ps1'
[28.968s] INFO:colcon.colcon_core.shell:Creating environment descriptor '/home/bonnie/DynOSAM/install/zed_msgs/share/zed_msgs/hook/cmake_prefix_path.dsv'
[28.968s] INFO:colcon.colcon_core.shell:Creating environment hook '/home/bonnie/DynOSAM/install/zed_msgs/share/zed_msgs/hook/cmake_prefix_path.sh'
[28.968s] Level 1:colcon.colcon_core.environment:checking '/home/bonnie/DynOSAM/install/zed_msgs/lib'
[28.969s] Level 1:colcon.colcon_core.shell:create_environment_hook('zed_msgs', 'ld_library_path_lib')
[28.969s] INFO:colcon.colcon_core.shell:Creating environment hook '/home/bonnie/DynOSAM/install/zed_msgs/share/zed_msgs/hook/ld_library_path_lib.ps1'
[28.969s] INFO:colcon.colcon_core.shell:Creating environment descriptor '/home/bonnie/DynOSAM/install/zed_msgs/share/zed_msgs/hook/ld_library_path_lib.dsv'
[28.970s] INFO:colcon.colcon_core.shell:Creating environment hook '/home/bonnie/DynOSAM/install/zed_msgs/share/zed_msgs/hook/ld_library_path_lib.sh'
[28.970s] Level 1:colcon.colcon_core.environment:checking '/home/bonnie/DynOSAM/install/zed_msgs/bin'
[28.970s] Level 1:colcon.colcon_core.environment:checking '/home/bonnie/DynOSAM/install/zed_msgs/lib/pkgconfig/zed_msgs.pc'
[28.971s] Level 1:colcon.colcon_core.environment:checking '/home/bonnie/DynOSAM/install/zed_msgs/lib/python3.10/site-packages'
[28.971s] Level 1:colcon.colcon_core.environment:checking '/home/bonnie/DynOSAM/install/zed_msgs/bin'
[28.971s] INFO:colcon.colcon_core.shell:Creating package script '/home/bonnie/DynOSAM/install/zed_msgs/share/zed_msgs/package.ps1'
[28.971s] INFO:colcon.colcon_core.shell:Creating package descriptor '/home/bonnie/DynOSAM/install/zed_msgs/share/zed_msgs/package.dsv'
[28.972s] INFO:colcon.colcon_core.shell:Creating package script '/home/bonnie/DynOSAM/install/zed_msgs/share/zed_msgs/package.sh'
[28.973s] INFO:colcon.colcon_core.shell:Creating package script '/home/bonnie/DynOSAM/install/zed_msgs/share/zed_msgs/package.bash'
[28.973s] INFO:colcon.colcon_core.shell:Creating package script '/home/bonnie/DynOSAM/install/zed_msgs/share/zed_msgs/package.zsh'
[28.974s] Level 1:colcon.colcon_core.environment:create_file_with_runtime_dependencies(/home/bonnie/DynOSAM/install/zed_msgs/share/colcon-core/packages/zed_msgs)
[28.975s] Level 1:colcon.colcon_core.environment:create_environment_scripts_only(zed_msgs)
[28.975s] Level 1:colcon.colcon_core.environment:checking '/home/bonnie/DynOSAM/install/zed_msgs' for CMake module files
[28.976s] Level 1:colcon.colcon_core.environment:checking '/home/bonnie/DynOSAM/install/zed_msgs' for CMake config files
[28.976s] Level 1:colcon.colcon_core.shell:create_environment_hook('zed_msgs', 'cmake_prefix_path')
[28.976s] INFO:colcon.colcon_core.shell:Creating environment hook '/home/bonnie/DynOSAM/install/zed_msgs/share/zed_msgs/hook/cmake_prefix_path.ps1'
[28.977s] INFO:colcon.colcon_core.shell:Creating environment descriptor '/home/bonnie/DynOSAM/install/zed_msgs/share/zed_msgs/hook/cmake_prefix_path.dsv'
[28.977s] INFO:colcon.colcon_core.shell:Creating environment hook '/home/bonnie/DynOSAM/install/zed_msgs/share/zed_msgs/hook/cmake_prefix_path.sh'
[28.978s] Level 1:colcon.colcon_core.environment:checking '/home/bonnie/DynOSAM/install/zed_msgs/lib'
[28.978s] Level 1:colcon.colcon_core.shell:create_environment_hook('zed_msgs', 'ld_library_path_lib')
[28.978s] INFO:colcon.colcon_core.shell:Creating environment hook '/home/bonnie/DynOSAM/install/zed_msgs/share/zed_msgs/hook/ld_library_path_lib.ps1'
[28.978s] INFO:colcon.colcon_core.shell:Creating environment descriptor '/home/bonnie/DynOSAM/install/zed_msgs/share/zed_msgs/hook/ld_library_path_lib.dsv'
[28.979s] INFO:colcon.colcon_core.shell:Creating environment hook '/home/bonnie/DynOSAM/install/zed_msgs/share/zed_msgs/hook/ld_library_path_lib.sh'
[28.979s] Level 1:colcon.colcon_core.environment:checking '/home/bonnie/DynOSAM/install/zed_msgs/bin'
[28.979s] Level 1:colcon.colcon_core.environment:checking '/home/bonnie/DynOSAM/install/zed_msgs/lib/pkgconfig/zed_msgs.pc'
[28.979s] Level 1:colcon.colcon_core.environment:checking '/home/bonnie/DynOSAM/install/zed_msgs/lib/python3.10/site-packages'
[28.979s] Level 1:colcon.colcon_core.environment:checking '/home/bonnie/DynOSAM/install/zed_msgs/bin'
[28.980s] INFO:colcon.colcon_core.shell:Creating package script '/home/bonnie/DynOSAM/install/zed_msgs/share/zed_msgs/package.ps1'
[28.980s] INFO:colcon.colcon_core.shell:Creating package descriptor '/home/bonnie/DynOSAM/install/zed_msgs/share/zed_msgs/package.dsv'
[28.980s] INFO:colcon.colcon_core.shell:Creating package script '/home/bonnie/DynOSAM/install/zed_msgs/share/zed_msgs/package.sh'
[28.981s] INFO:colcon.colcon_core.shell:Creating package script '/home/bonnie/DynOSAM/install/zed_msgs/share/zed_msgs/package.bash'
[28.982s] INFO:colcon.colcon_core.shell:Creating package script '/home/bonnie/DynOSAM/install/zed_msgs/share/zed_msgs/package.zsh'
[28.982s] Level 1:colcon.colcon_core.environment:create_file_with_runtime_dependencies(/home/bonnie/DynOSAM/install/zed_msgs/share/colcon-core/packages/zed_msgs)
[40.395s] Level 1:colcon.colcon_core.environment:create_environment_scripts_only(dynosam_ros)
[40.395s] Level 1:colcon.colcon_core.environment:checking '/home/bonnie/DynOSAM/install/dynosam_ros' for CMake module files
[40.409s] Level 1:colcon.colcon_core.environment:checking '/home/bonnie/DynOSAM/install/dynosam_ros' for CMake config files
[40.418s] Level 1:colcon.colcon_core.shell:create_environment_hook('dynosam_ros', 'cmake_prefix_path')
[40.418s] INFO:colcon.colcon_core.shell:Creating environment hook '/home/bonnie/DynOSAM/install/dynosam_ros/share/dynosam_ros/hook/cmake_prefix_path.ps1'
[40.421s] INFO:colcon.colcon_core.shell:Creating environment descriptor '/home/bonnie/DynOSAM/install/dynosam_ros/share/dynosam_ros/hook/cmake_prefix_path.dsv'
[40.425s] INFO:colcon.colcon_core.shell:Creating environment hook '/home/bonnie/DynOSAM/install/dynosam_ros/share/dynosam_ros/hook/cmake_prefix_path.sh'
[40.427s] Level 1:colcon.colcon_core.environment:checking '/home/bonnie/DynOSAM/install/dynosam_ros/lib'
[40.428s] Level 1:colcon.colcon_core.shell:create_environment_hook('dynosam_ros', 'ld_library_path_lib')
[40.428s] INFO:colcon.colcon_core.shell:Creating environment hook '/home/bonnie/DynOSAM/install/dynosam_ros/share/dynosam_ros/hook/ld_library_path_lib.ps1'
[40.431s] INFO:colcon.colcon_core.shell:Creating environment descriptor '/home/bonnie/DynOSAM/install/dynosam_ros/share/dynosam_ros/hook/ld_library_path_lib.dsv'
[40.435s] INFO:colcon.colcon_core.shell:Creating environment hook '/home/bonnie/DynOSAM/install/dynosam_ros/share/dynosam_ros/hook/ld_library_path_lib.sh'
[40.441s] Level 1:colcon.colcon_core.environment:checking '/home/bonnie/DynOSAM/install/dynosam_ros/bin'
[40.441s] Level 1:colcon.colcon_core.environment:checking '/home/bonnie/DynOSAM/install/dynosam_ros/lib/pkgconfig/dynosam_ros.pc'
[40.441s] Level 1:colcon.colcon_core.environment:checking '/home/bonnie/DynOSAM/install/dynosam_ros/lib/python3.10/site-packages'
[40.441s] Level 1:colcon.colcon_core.environment:checking '/home/bonnie/DynOSAM/install/dynosam_ros/bin'
[40.442s] INFO:colcon.colcon_core.shell:Creating package script '/home/bonnie/DynOSAM/install/dynosam_ros/share/dynosam_ros/package.ps1'
[40.445s] INFO:colcon.colcon_core.shell:Creating package descriptor '/home/bonnie/DynOSAM/install/dynosam_ros/share/dynosam_ros/package.dsv'
[40.449s] INFO:colcon.colcon_core.shell:Creating package script '/home/bonnie/DynOSAM/install/dynosam_ros/share/dynosam_ros/package.sh'
[40.452s] INFO:colcon.colcon_core.shell:Creating package script '/home/bonnie/DynOSAM/install/dynosam_ros/share/dynosam_ros/package.bash'
[40.455s] INFO:colcon.colcon_core.shell:Creating package script '/home/bonnie/DynOSAM/install/dynosam_ros/share/dynosam_ros/package.zsh'
[40.457s] Level 1:colcon.colcon_core.environment:create_file_with_runtime_dependencies(/home/bonnie/DynOSAM/install/dynosam_ros/share/colcon-core/packages/dynosam_ros)
[40.484s] DEBUG:colcon.colcon_core.event_handler.log_command:Invoked command in '/home/bonnie/DynOSAM/build/dynosam_ros' returned '1': AMENT_PREFIX_PATH=/home/bonnie/DynOSAM/install/dynosam:/home/bonnie/DynOSAM/install/dynamic_slam_interfaces:${AMENT_PREFIX_PATH} CMAKE_PREFIX_PATH=/home/bonnie/DynOSAM/install/dynosam:/home/bonnie/DynOSAM/install/dynamic_slam_interfaces:/opt/ros/humble LD_LIBRARY_PATH=/home/bonnie/DynOSAM/install/dynosam/lib:/home/bonnie/DynOSAM/install/dynamic_slam_interfaces/lib:${LD_LIBRARY_PATH} PYTHONPATH=/home/bonnie/DynOSAM/install/dynamic_slam_interfaces/local/lib/python3.10/dist-packages:${PYTHONPATH} /usr/bin/cmake --build /home/bonnie/DynOSAM/build/dynosam_ros -- -j16 -l16
[40.492s] DEBUG:colcon.colcon_parallel_executor.executor.parallel:closing loop
[40.492s] DEBUG:colcon.colcon_parallel_executor.executor.parallel:loop closed
[40.492s] DEBUG:colcon.colcon_parallel_executor.executor.parallel:run_until_complete finished with '1'
[40.493s] DEBUG:colcon.colcon_core.event_reactor:joining thread
[40.581s] INFO:colcon.colcon_core.plugin_system:Skipping extension 'colcon_notification.desktop_notification.notify_send': Could not find 'notify-send'
[40.581s] INFO:colcon.colcon_core.plugin_system:Skipping extension 'colcon_notification.desktop_notification.terminal_notifier': Not used on non-Darwin systems
[40.581s] INFO:colcon.colcon_core.plugin_system:Skipping extension 'colcon_notification.desktop_notification.win32': Not used on non-Windows systems
[40.581s] INFO:colcon.colcon_notification.desktop_notification:Sending desktop notification using 'notify2'
[40.582s] DEBUG:colcon.colcon_notification.desktop_notification.notify2:Failed to initialize notify2: org.freedesktop.DBus.Error.FileNotFound: Failed to connect to socket /run/user/1000/bus: No such file or directory
[40.582s] DEBUG:colcon.colcon_core.event_reactor:joined thread
[40.582s] INFO:colcon.colcon_core.shell:Creating prefix script '/home/bonnie/DynOSAM/install/local_setup.ps1'
[40.583s] INFO:colcon.colcon_core.shell:Creating prefix util module '/home/bonnie/DynOSAM/install/_local_setup_util_ps1.py'
[40.584s] INFO:colcon.colcon_core.shell:Creating prefix chain script '/home/bonnie/DynOSAM/install/setup.ps1'
[40.585s] INFO:colcon.colcon_core.shell:Creating prefix script '/home/bonnie/DynOSAM/install/local_setup.sh'
[40.585s] INFO:colcon.colcon_core.shell:Creating prefix util module '/home/bonnie/DynOSAM/install/_local_setup_util_sh.py'
[40.586s] INFO:colcon.colcon_core.shell:Creating prefix chain script '/home/bonnie/DynOSAM/install/setup.sh'
[40.587s] INFO:colcon.colcon_core.shell:Creating prefix script '/home/bonnie/DynOSAM/install/local_setup.bash'
[40.588s] INFO:colcon.colcon_core.shell:Creating prefix chain script '/home/bonnie/DynOSAM/install/setup.bash'
[40.588s] INFO:colcon.colcon_core.shell:Creating prefix script '/home/bonnie/DynOSAM/install/local_setup.zsh'
[40.589s] INFO:colcon.colcon_core.shell:Creating prefix chain script '/home/bonnie/DynOSAM/install/setup.zsh'
