[0.025s] Invoking command in '/home/bonnie/DynOSAM/src/build/config_utilities': CMAKE_PREFIX_PATH=/opt/ros/humble /usr/bin/cmake --build /home/bonnie/DynOSAM/src/build/config_utilities -- -j16 -l16
[0.059s] 
[0.059s] [0/59] Building CXX object CMakeFiles/config_utilities.dir/src/asl_formatter.cpp.o[K
[0.059s] [0/59] Building CXX object CMakeFiles/config_utilities.dir/src/commandline.cpp.o[K
[0.060s] [0/59] Building CXX object CMakeFiles/config_utilities.dir/src/config_context.cpp.o[K
[0.060s] [0/59] Building CXX object CMakeFiles/config_utilities.dir/src/context.cpp.o[K
[0.061s] [0/59] Building CXX object CMakeFiles/config_utilities.dir/src/conversions.cpp.o[K
[0.061s] [0/59] Building CXX object CMakeFiles/config_utilities.dir/src/external_registry.cpp.o[K
[0.061s] [0/59] Building CXX object CMakeFiles/config_utilities.dir/src/factory.cpp.o[K
[0.062s] [0/59] Building CXX object CMakeFiles/config_utilities.dir/src/formatter.cpp.o[K
[0.062s] [0/59] Building CXX object CMakeFiles/config_utilities.dir/src/logger.cpp.o[K
[0.065s] [0/59] Building CXX object CMakeFiles/config_utilities.dir/src/log_to_stdout.cpp.o[K
[0.066s] [0/59] Building CXX object CMakeFiles/config_utilities.dir/src/meta_data.cpp.o[K
[0.066s] [0/59] Building CXX object CMakeFiles/config_utilities.dir/src/namespacing.cpp.o[K
[0.066s] [0/59] Building CXX object CMakeFiles/config_utilities.dir/src/path.cpp.o[K
[0.067s] [0/59] Building CXX object CMakeFiles/config_utilities.dir/src/settings.cpp.o[K
[0.079s] [0/59] Building CXX object CMakeFiles/config_utilities.dir/src/string_utils.cpp.o[K
[2.872s] [0/59] Building CXX object CMakeFiles/config_utilities.dir/src/substitutions.cpp.o[K
[2.875s] [1/59] Building CXX object CMakeFiles/config_utilities.dir/src/formatter.cpp.o[K
[2.900s] [1/59] Building CXX object CMakeFiles/config_utilities.dir/src/substitution_parsers.cpp.o[K
[2.900s] [2/59] Building CXX object CMakeFiles/config_utilities.dir/src/meta_data.cpp.o[K
[3.069s] [2/59] Building CXX object CMakeFiles/config_utilities.dir/src/validation.cpp.o[K
[3.069s] [3/59] Building CXX object CMakeFiles/config_utilities.dir/src/conversions.cpp.o[K
[3.228s] [3/59] Building CXX object CMakeFiles/config_utilities.dir/src/visitor.cpp.o[K
[3.228s] [4/59] Building CXX object CMakeFiles/config_utilities.dir/src/context.cpp.o[K
[3.471s] [4/59] Building CXX object CMakeFiles/config_utilities.dir/src/yaml_parser.cpp.o[K
[3.471s] [5/59] Building CXX object CMakeFiles/config_utilities.dir/src/namespacing.cpp.o[K
[4.129s] [5/59] Building CXX object CMakeFiles/config_utilities.dir/src/yaml_utils.cpp.o[K
[4.130s] [6/59] Building CXX object CMakeFiles/config_utilities.dir/src/config_context.cpp.o[K
[5.284s] [6/59] Building CXX object CMakeFiles/composite-configs.dir/app/composite_configs.cpp.o[K
[5.284s] [7/59] Building CXX object CMakeFiles/config_utilities.dir/src/path.cpp.o[K
[5.540s] [7/59] Building CXX object demos/CMakeFiles/demo_config.dir/demo_config.cpp.o[K
[5.540s] [8/59] Building CXX object CMakeFiles/config_utilities.dir/src/logger.cpp.o[K
[5.805s] [8/59] Building CXX object demos/CMakeFiles/demo_factory.dir/demo_factory.cpp.o[K
[5.814s] [9/59] Building CXX object CMakeFiles/config_utilities.dir/src/log_to_stdout.cpp.o[K
[6.033s] [9/59] Building CXX object demos/CMakeFiles/demo_inheritance.dir/demo_inheritance.cpp.o[K
[6.033s] [10/59] Building CXX object CMakeFiles/config_utilities.dir/src/settings.cpp.o[K
[6.066s] [10/59] Building CXX object test/CMakeFiles/test_config_utilities_plugins.dir/src/external_plugins.cpp.o[K
[6.069s] [11/59] Building CXX object CMakeFiles/config_utilities.dir/src/substitution_parsers.cpp.o[K
[6.090s] [11/59] Copy test resources to build directory[K
[6.124s] [12/59] Building CXX object CMakeFiles/config_utilities.dir/src/validation.cpp.o[K
[6.125s] [13/59] Copy test resources to build directory[K
[6.132s] [13/59] Building CXX object test/CMakeFiles/test_config_utilities.dir/main.cpp.o[K
[6.272s] [13/59] Building CXX object test/CMakeFiles/test_config_utilities.dir/src/default_config.cpp.o[K
[6.272s] [14/59] Building CXX object CMakeFiles/config_utilities.dir/src/factory.cpp.o[K
[7.840s] [14/59] Building CXX object test/CMakeFiles/test_config_utilities.dir/src/utils.cpp.o[K
[7.840s] [15/59] Building CXX object CMakeFiles/config_utilities.dir/src/yaml_parser.cpp.o[K
[8.488s] [15/59] Building CXX object test/CMakeFiles/test_config_utilities.dir/tests/asl_formatter.cpp.o[K
[8.488s] [16/59] Building CXX object test/CMakeFiles/test_config_utilities.dir/main.cpp.o[K
[8.710s] [16/59] Building CXX object test/CMakeFiles/test_config_utilities.dir/tests/commandline.cpp.o[K
[8.711s] [17/59] Building CXX object CMakeFiles/config_utilities.dir/src/visitor.cpp.o[K
[9.136s] [17/59] Building CXX object test/CMakeFiles/test_config_utilities.dir/tests/config_arrays.cpp.o[K
[9.136s] [18/59] Building CXX object CMakeFiles/config_utilities.dir/src/asl_formatter.cpp.o[K
[9.476s] [18/59] Building CXX object test/CMakeFiles/test_config_utilities.dir/tests/config_maps.cpp.o[K
[9.476s] [19/59] Building CXX object CMakeFiles/composite-configs.dir/app/composite_configs.cpp.o[K
[9.780s] [19/59] Building CXX object test/CMakeFiles/test_config_utilities.dir/tests/conversions.cpp.o[K
[9.780s] [20/59] Building CXX object CMakeFiles/config_utilities.dir/src/external_registry.cpp.o[K
[12.640s] [20/59] Building CXX object test/CMakeFiles/test_config_utilities.dir/tests/enums.cpp.o[K
[12.640s] [21/59] Building CXX object CMakeFiles/config_utilities.dir/src/yaml_utils.cpp.o[K
[14.115s] [21/59] Building CXX object test/CMakeFiles/test_config_utilities.dir/tests/external_registry.cpp.o[K
[14.115s] [22/59] Building CXX object CMakeFiles/config_utilities.dir/src/substitutions.cpp.o[K
[14.517s] [22/59] Building CXX object test/CMakeFiles/test_config_utilities.dir/tests/factory.cpp.o[K
[14.519s] [23/59] Building CXX object CMakeFiles/config_utilities.dir/src/string_utils.cpp.o[K
[15.576s] [23/59] Building CXX object test/CMakeFiles/test_config_utilities.dir/tests/getters.cpp.o[K
[15.576s] [24/59] Building CXX object CMakeFiles/config_utilities.dir/src/commandline.cpp.o[K
[15.889s] [24/59] Linking CXX shared library libconfig_utilities.so[K
[15.889s] ninja: build stopped: interrupted by user.
