[0.319s] DEBUG:colcon:Command line arguments: ['/usr/bin/colcon', 'build', '--cmake-args', '-DCMAKE_EXPORT_COMPILE_COMMANDS=ON', '-DCMAKE_BUILD_TYPE=RelWithDebinfo', '-G', 'Ninja']
[0.319s] DEBUG:colcon:Parsed command line arguments: Namespace(log_base=None, log_level=None, verb_name='build', build_base='build', install_base='install', merge_install=False, symlink_install=False, test_result_base=None, continue_on_error=False, executor='parallel', parallel_workers=16, event_handlers=None, ignore_user_meta=False, metas=['./colcon.meta'], base_paths=['.'], packages_ignore=None, packages_ignore_regex=None, paths=None, packages_up_to=None, packages_up_to_regex=None, packages_above=None, packages_above_and_dependencies=None, packages_above_depth=None, packages_select_by_dep=None, packages_skip_by_dep=None, packages_skip_up_to=None, packages_select_build_failed=False, packages_skip_build_finished=False, packages_select_test_failures=False, packages_skip_test_passed=False, packages_select=None, packages_skip=None, packages_select_regex=None, packages_skip_regex=None, packages_start=None, packages_end=None, allow_overriding=[], cmake_args=['-DCMAKE_EXPORT_COMPILE_COMMANDS=ON', '-DCMAKE_BUILD_TYPE=RelWithDebinfo', '-G', 'Ninja'], cmake_target=None, cmake_target_skip_unavailable=False, cmake_clean_cache=False, cmake_clean_first=False, cmake_force_configure=False, ament_cmake_args=None, catkin_cmake_args=None, catkin_skip_building_tests=False, mixin_files=None, mixin=None, verb_parser=<colcon_mixin.mixin.mixin_argument.MixinArgumentDecorator object at 0x7c44c3611330>, verb_extension=<colcon_core.verb.build.BuildVerb object at 0x7c44c36109a0>, main=<bound method BuildVerb.main of <colcon_core.verb.build.BuildVerb object at 0x7c44c36109a0>>, mixin_verb=('build',))
[0.528s] Level 1:colcon.colcon_core.package_discovery:discover_packages(colcon_meta) check parameters
[0.528s] Level 1:colcon.colcon_core.package_discovery:discover_packages(recursive) check parameters
[0.528s] Level 1:colcon.colcon_core.package_discovery:discover_packages(ignore) check parameters
[0.528s] Level 1:colcon.colcon_core.package_discovery:discover_packages(path) check parameters
[0.528s] Level 1:colcon.colcon_core.package_discovery:discover_packages(colcon_meta) discover
[0.528s] Level 1:colcon.colcon_core.package_discovery:discover_packages(recursive) discover
[0.528s] INFO:colcon.colcon_core.package_discovery:Crawling recursively for packages in '/home/bonnie/DynOSAM'
[0.528s] Level 1:colcon.colcon_core.package_identification:_identify(.) by extensions ['ignore', 'ignore_ament_install']
[0.529s] Level 1:colcon.colcon_core.package_identification:_identify(.) by extension 'ignore'
[0.529s] Level 1:colcon.colcon_core.package_identification:_identify(.) by extension 'ignore_ament_install'
[0.529s] Level 1:colcon.colcon_core.package_identification:_identify(.) by extensions ['colcon_pkg']
[0.529s] Level 1:colcon.colcon_core.package_identification:_identify(.) by extension 'colcon_pkg'
[0.529s] Level 1:colcon.colcon_core.package_identification:_identify(.) by extensions ['colcon_meta']
[0.529s] Level 1:colcon.colcon_core.package_identification:_identify(.) by extension 'colcon_meta'
[0.529s] Level 1:colcon.colcon_core.package_identification:_identify(.) by extensions ['ros']
[0.529s] Level 1:colcon.colcon_core.package_identification:_identify(.) by extension 'ros'
[0.542s] Level 1:colcon.colcon_core.package_identification:_identify(.) by extensions ['cmake', 'python']
[0.542s] Level 1:colcon.colcon_core.package_identification:_identify(.) by extension 'cmake'
[0.542s] Level 1:colcon.colcon_core.package_identification:_identify(.) by extension 'python'
[0.542s] Level 1:colcon.colcon_core.package_identification:_identify(.) by extensions ['python_setup_py']
[0.543s] Level 1:colcon.colcon_core.package_identification:_identify(.) by extension 'python_setup_py'
[0.543s] Level 1:colcon.colcon_core.package_identification:_identify(build) by extensions ['ignore', 'ignore_ament_install']
[0.543s] Level 1:colcon.colcon_core.package_identification:_identify(build) by extension 'ignore'
[0.543s] Level 1:colcon.colcon_core.package_identification:_identify(build) ignored
[0.543s] Level 1:colcon.colcon_core.package_identification:_identify(docker) by extensions ['ignore', 'ignore_ament_install']
[0.543s] Level 1:colcon.colcon_core.package_identification:_identify(docker) by extension 'ignore'
[0.543s] Level 1:colcon.colcon_core.package_identification:_identify(docker) by extension 'ignore_ament_install'
[0.543s] Level 1:colcon.colcon_core.package_identification:_identify(docker) by extensions ['colcon_pkg']
[0.543s] Level 1:colcon.colcon_core.package_identification:_identify(docker) by extension 'colcon_pkg'
[0.543s] Level 1:colcon.colcon_core.package_identification:_identify(docker) by extensions ['colcon_meta']
[0.543s] Level 1:colcon.colcon_core.package_identification:_identify(docker) by extension 'colcon_meta'
[0.543s] Level 1:colcon.colcon_core.package_identification:_identify(docker) by extensions ['ros']
[0.543s] Level 1:colcon.colcon_core.package_identification:_identify(docker) by extension 'ros'
[0.543s] Level 1:colcon.colcon_core.package_identification:_identify(docker) by extensions ['cmake', 'python']
[0.543s] Level 1:colcon.colcon_core.package_identification:_identify(docker) by extension 'cmake'
[0.543s] Level 1:colcon.colcon_core.package_identification:_identify(docker) by extension 'python'
[0.543s] Level 1:colcon.colcon_core.package_identification:_identify(docker) by extensions ['python_setup_py']
[0.543s] Level 1:colcon.colcon_core.package_identification:_identify(docker) by extension 'python_setup_py'
[0.544s] Level 1:colcon.colcon_core.package_identification:_identify(docs) by extensions ['ignore', 'ignore_ament_install']
[0.544s] Level 1:colcon.colcon_core.package_identification:_identify(docs) by extension 'ignore'
[0.544s] Level 1:colcon.colcon_core.package_identification:_identify(docs) by extension 'ignore_ament_install'
[0.544s] Level 1:colcon.colcon_core.package_identification:_identify(docs) by extensions ['colcon_pkg']
[0.544s] Level 1:colcon.colcon_core.package_identification:_identify(docs) by extension 'colcon_pkg'
[0.544s] Level 1:colcon.colcon_core.package_identification:_identify(docs) by extensions ['colcon_meta']
[0.544s] Level 1:colcon.colcon_core.package_identification:_identify(docs) by extension 'colcon_meta'
[0.544s] Level 1:colcon.colcon_core.package_identification:_identify(docs) by extensions ['ros']
[0.544s] Level 1:colcon.colcon_core.package_identification:_identify(docs) by extension 'ros'
[0.544s] Level 1:colcon.colcon_core.package_identification:_identify(docs) by extensions ['cmake', 'python']
[0.544s] Level 1:colcon.colcon_core.package_identification:_identify(docs) by extension 'cmake'
[0.544s] Level 1:colcon.colcon_core.package_identification:_identify(docs) by extension 'python'
[0.544s] Level 1:colcon.colcon_core.package_identification:_identify(docs) by extensions ['python_setup_py']
[0.544s] Level 1:colcon.colcon_core.package_identification:_identify(docs) by extension 'python_setup_py'
[0.544s] Level 1:colcon.colcon_core.package_identification:_identify(docs/media) by extensions ['ignore', 'ignore_ament_install']
[0.544s] Level 1:colcon.colcon_core.package_identification:_identify(docs/media) by extension 'ignore'
[0.544s] Level 1:colcon.colcon_core.package_identification:_identify(docs/media) by extension 'ignore_ament_install'
[0.544s] Level 1:colcon.colcon_core.package_identification:_identify(docs/media) by extensions ['colcon_pkg']
[0.544s] Level 1:colcon.colcon_core.package_identification:_identify(docs/media) by extension 'colcon_pkg'
[0.544s] Level 1:colcon.colcon_core.package_identification:_identify(docs/media) by extensions ['colcon_meta']
[0.544s] Level 1:colcon.colcon_core.package_identification:_identify(docs/media) by extension 'colcon_meta'
[0.545s] Level 1:colcon.colcon_core.package_identification:_identify(docs/media) by extensions ['ros']
[0.545s] Level 1:colcon.colcon_core.package_identification:_identify(docs/media) by extension 'ros'
[0.545s] Level 1:colcon.colcon_core.package_identification:_identify(docs/media) by extensions ['cmake', 'python']
[0.545s] Level 1:colcon.colcon_core.package_identification:_identify(docs/media) by extension 'cmake'
[0.545s] Level 1:colcon.colcon_core.package_identification:_identify(docs/media) by extension 'python'
[0.545s] Level 1:colcon.colcon_core.package_identification:_identify(docs/media) by extensions ['python_setup_py']
[0.545s] Level 1:colcon.colcon_core.package_identification:_identify(docs/media) by extension 'python_setup_py'
[0.545s] Level 1:colcon.colcon_core.package_identification:_identify(docs/media/results_example) by extensions ['ignore', 'ignore_ament_install']
[0.545s] Level 1:colcon.colcon_core.package_identification:_identify(docs/media/results_example) by extension 'ignore'
[0.545s] Level 1:colcon.colcon_core.package_identification:_identify(docs/media/results_example) by extension 'ignore_ament_install'
[0.545s] Level 1:colcon.colcon_core.package_identification:_identify(docs/media/results_example) by extensions ['colcon_pkg']
[0.545s] Level 1:colcon.colcon_core.package_identification:_identify(docs/media/results_example) by extension 'colcon_pkg'
[0.545s] Level 1:colcon.colcon_core.package_identification:_identify(docs/media/results_example) by extensions ['colcon_meta']
[0.545s] Level 1:colcon.colcon_core.package_identification:_identify(docs/media/results_example) by extension 'colcon_meta'
[0.545s] Level 1:colcon.colcon_core.package_identification:_identify(docs/media/results_example) by extensions ['ros']
[0.545s] Level 1:colcon.colcon_core.package_identification:_identify(docs/media/results_example) by extension 'ros'
[0.545s] Level 1:colcon.colcon_core.package_identification:_identify(docs/media/results_example) by extensions ['cmake', 'python']
[0.545s] Level 1:colcon.colcon_core.package_identification:_identify(docs/media/results_example) by extension 'cmake'
[0.545s] Level 1:colcon.colcon_core.package_identification:_identify(docs/media/results_example) by extension 'python'
[0.545s] Level 1:colcon.colcon_core.package_identification:_identify(docs/media/results_example) by extensions ['python_setup_py']
[0.545s] Level 1:colcon.colcon_core.package_identification:_identify(docs/media/results_example) by extension 'python_setup_py'
[0.545s] Level 1:colcon.colcon_core.package_identification:_identify(dynosam_test) by extensions ['ignore', 'ignore_ament_install']
[0.546s] Level 1:colcon.colcon_core.package_identification:_identify(dynosam_test) by extension 'ignore'
[0.546s] Level 1:colcon.colcon_core.package_identification:_identify(dynosam_test) by extension 'ignore_ament_install'
[0.546s] Level 1:colcon.colcon_core.package_identification:_identify(dynosam_test) by extensions ['colcon_pkg']
[0.546s] Level 1:colcon.colcon_core.package_identification:_identify(dynosam_test) by extension 'colcon_pkg'
[0.546s] Level 1:colcon.colcon_core.package_identification:_identify(dynosam_test) by extensions ['colcon_meta']
[0.546s] Level 1:colcon.colcon_core.package_identification:_identify(dynosam_test) by extension 'colcon_meta'
[0.546s] Level 1:colcon.colcon_core.package_identification:_identify(dynosam_test) by extensions ['ros']
[0.546s] Level 1:colcon.colcon_core.package_identification:_identify(dynosam_test) by extension 'ros'
[0.546s] Level 1:colcon.colcon_core.package_identification:_identify(dynosam_test) by extensions ['cmake', 'python']
[0.546s] Level 1:colcon.colcon_core.package_identification:_identify(dynosam_test) by extension 'cmake'
[0.546s] Level 1:colcon.colcon_core.package_identification:_identify(dynosam_test) by extension 'python'
[0.546s] Level 1:colcon.colcon_core.package_identification:_identify(dynosam_test) by extensions ['python_setup_py']
[0.546s] Level 1:colcon.colcon_core.package_identification:_identify(dynosam_test) by extension 'python_setup_py'
[0.546s] Level 1:colcon.colcon_core.package_identification:_identify(dynosam_test/csv) by extensions ['ignore', 'ignore_ament_install']
[0.546s] Level 1:colcon.colcon_core.package_identification:_identify(dynosam_test/csv) by extension 'ignore'
[0.546s] Level 1:colcon.colcon_core.package_identification:_identify(dynosam_test/csv) by extension 'ignore_ament_install'
[0.546s] Level 1:colcon.colcon_core.package_identification:_identify(dynosam_test/csv) by extensions ['colcon_pkg']
[0.547s] Level 1:colcon.colcon_core.package_identification:_identify(dynosam_test/csv) by extension 'colcon_pkg'
[0.547s] Level 1:colcon.colcon_core.package_identification:_identify(dynosam_test/csv) by extensions ['colcon_meta']
[0.547s] Level 1:colcon.colcon_core.package_identification:_identify(dynosam_test/csv) by extension 'colcon_meta'
[0.547s] Level 1:colcon.colcon_core.package_identification:_identify(dynosam_test/csv) by extensions ['ros']
[0.547s] Level 1:colcon.colcon_core.package_identification:_identify(dynosam_test/csv) by extension 'ros'
[0.547s] Level 1:colcon.colcon_core.package_identification:_identify(dynosam_test/csv) by extensions ['cmake', 'python']
[0.547s] Level 1:colcon.colcon_core.package_identification:_identify(dynosam_test/csv) by extension 'cmake'
[0.548s] Level 1:colcon.colcon_core.package_identification:_identify(dynosam_test/csv) by extension 'python'
[0.548s] Level 1:colcon.colcon_core.package_identification:_identify(dynosam_test/csv) by extensions ['python_setup_py']
[0.548s] Level 1:colcon.colcon_core.package_identification:_identify(dynosam_test/csv) by extension 'python_setup_py'
[0.548s] Level 1:colcon.colcon_core.package_identification:_identify(install) by extensions ['ignore', 'ignore_ament_install']
[0.548s] Level 1:colcon.colcon_core.package_identification:_identify(install) by extension 'ignore'
[0.548s] Level 1:colcon.colcon_core.package_identification:_identify(install) ignored
[0.548s] Level 1:colcon.colcon_core.package_identification:_identify(log) by extensions ['ignore', 'ignore_ament_install']
[0.549s] Level 1:colcon.colcon_core.package_identification:_identify(log) by extension 'ignore'
[0.549s] Level 1:colcon.colcon_core.package_identification:_identify(log) ignored
[0.549s] Level 1:colcon.colcon_core.package_identification:_identify(src) by extensions ['ignore', 'ignore_ament_install']
[0.549s] Level 1:colcon.colcon_core.package_identification:_identify(src) by extension 'ignore'
[0.549s] Level 1:colcon.colcon_core.package_identification:_identify(src) by extension 'ignore_ament_install'
[0.549s] Level 1:colcon.colcon_core.package_identification:_identify(src) by extensions ['colcon_pkg']
[0.549s] Level 1:colcon.colcon_core.package_identification:_identify(src) by extension 'colcon_pkg'
[0.549s] Level 1:colcon.colcon_core.package_identification:_identify(src) by extensions ['colcon_meta']
[0.549s] Level 1:colcon.colcon_core.package_identification:_identify(src) by extension 'colcon_meta'
[0.549s] Level 1:colcon.colcon_core.package_identification:_identify(src) by extensions ['ros']
[0.549s] Level 1:colcon.colcon_core.package_identification:_identify(src) by extension 'ros'
[0.550s] Level 1:colcon.colcon_core.package_identification:_identify(src) by extensions ['cmake', 'python']
[0.550s] Level 1:colcon.colcon_core.package_identification:_identify(src) by extension 'cmake'
[0.550s] Level 1:colcon.colcon_core.package_identification:_identify(src) by extension 'python'
[0.550s] Level 1:colcon.colcon_core.package_identification:_identify(src) by extensions ['python_setup_py']
[0.550s] Level 1:colcon.colcon_core.package_identification:_identify(src) by extension 'python_setup_py'
[0.550s] Level 1:colcon.colcon_core.package_identification:_identify(src/build) by extensions ['ignore', 'ignore_ament_install']
[0.550s] Level 1:colcon.colcon_core.package_identification:_identify(src/build) by extension 'ignore'
[0.550s] Level 1:colcon.colcon_core.package_identification:_identify(src/build) ignored
[0.550s] Level 1:colcon.colcon_core.package_identification:_identify(src/config_utilities) by extensions ['ignore', 'ignore_ament_install']
[0.550s] Level 1:colcon.colcon_core.package_identification:_identify(src/config_utilities) by extension 'ignore'
[0.550s] Level 1:colcon.colcon_core.package_identification:_identify(src/config_utilities) by extension 'ignore_ament_install'
[0.550s] Level 1:colcon.colcon_core.package_identification:_identify(src/config_utilities) by extensions ['colcon_pkg']
[0.550s] Level 1:colcon.colcon_core.package_identification:_identify(src/config_utilities) by extension 'colcon_pkg'
[0.551s] Level 1:colcon.colcon_core.package_identification:_identify(src/config_utilities) by extensions ['colcon_meta']
[0.551s] Level 1:colcon.colcon_core.package_identification:_identify(src/config_utilities) by extension 'colcon_meta'
[0.551s] Level 1:colcon.colcon_core.package_identification:_identify(src/config_utilities) by extensions ['ros']
[0.551s] Level 1:colcon.colcon_core.package_identification:_identify(src/config_utilities) by extension 'ros'
[0.551s] Level 1:colcon.colcon_core.package_identification:_identify(src/config_utilities) by extensions ['cmake', 'python']
[0.551s] Level 1:colcon.colcon_core.package_identification:_identify(src/config_utilities) by extension 'cmake'
[0.551s] Level 1:colcon.colcon_core.package_identification:_identify(src/config_utilities) by extension 'python'
[0.551s] Level 1:colcon.colcon_core.package_identification:_identify(src/config_utilities) by extensions ['python_setup_py']
[0.551s] Level 1:colcon.colcon_core.package_identification:_identify(src/config_utilities) by extension 'python_setup_py'
[0.551s] Level 1:colcon.colcon_core.package_identification:_identify(src/config_utilities/config_utilities) by extensions ['ignore', 'ignore_ament_install']
[0.551s] Level 1:colcon.colcon_core.package_identification:_identify(src/config_utilities/config_utilities) by extension 'ignore'
[0.551s] Level 1:colcon.colcon_core.package_identification:_identify(src/config_utilities/config_utilities) by extension 'ignore_ament_install'
[0.551s] Level 1:colcon.colcon_core.package_identification:_identify(src/config_utilities/config_utilities) by extensions ['colcon_pkg']
[0.551s] Level 1:colcon.colcon_core.package_identification:_identify(src/config_utilities/config_utilities) by extension 'colcon_pkg'
[0.551s] Level 1:colcon.colcon_core.package_identification:_identify(src/config_utilities/config_utilities) by extensions ['colcon_meta']
[0.551s] Level 1:colcon.colcon_core.package_identification:_identify(src/config_utilities/config_utilities) by extension 'colcon_meta'
[0.551s] Level 1:colcon.colcon_core.package_identification:_identify(src/config_utilities/config_utilities) by extensions ['ros']
[0.551s] Level 1:colcon.colcon_core.package_identification:_identify(src/config_utilities/config_utilities) by extension 'ros'
[0.554s] DEBUG:colcon.colcon_core.package_identification:Package 'src/config_utilities/config_utilities' with type 'ros.cmake' and name 'config_utilities'
[0.554s] Level 1:colcon.colcon_core.package_identification:_identify(src/config_utilities/docs) by extensions ['ignore', 'ignore_ament_install']
[0.554s] Level 1:colcon.colcon_core.package_identification:_identify(src/config_utilities/docs) by extension 'ignore'
[0.554s] Level 1:colcon.colcon_core.package_identification:_identify(src/config_utilities/docs) by extension 'ignore_ament_install'
[0.554s] Level 1:colcon.colcon_core.package_identification:_identify(src/config_utilities/docs) by extensions ['colcon_pkg']
[0.554s] Level 1:colcon.colcon_core.package_identification:_identify(src/config_utilities/docs) by extension 'colcon_pkg'
[0.554s] Level 1:colcon.colcon_core.package_identification:_identify(src/config_utilities/docs) by extensions ['colcon_meta']
[0.554s] Level 1:colcon.colcon_core.package_identification:_identify(src/config_utilities/docs) by extension 'colcon_meta'
[0.554s] Level 1:colcon.colcon_core.package_identification:_identify(src/config_utilities/docs) by extensions ['ros']
[0.554s] Level 1:colcon.colcon_core.package_identification:_identify(src/config_utilities/docs) by extension 'ros'
[0.555s] Level 1:colcon.colcon_core.package_identification:_identify(src/config_utilities/docs) by extensions ['cmake', 'python']
[0.555s] Level 1:colcon.colcon_core.package_identification:_identify(src/config_utilities/docs) by extension 'cmake'
[0.555s] Level 1:colcon.colcon_core.package_identification:_identify(src/config_utilities/docs) by extension 'python'
[0.555s] Level 1:colcon.colcon_core.package_identification:_identify(src/config_utilities/docs) by extensions ['python_setup_py']
[0.555s] Level 1:colcon.colcon_core.package_identification:_identify(src/config_utilities/docs) by extension 'python_setup_py'
[0.555s] Level 1:colcon.colcon_core.package_identification:_identify(src/dynamic_slam_interfaces) by extensions ['ignore', 'ignore_ament_install']
[0.555s] Level 1:colcon.colcon_core.package_identification:_identify(src/dynamic_slam_interfaces) by extension 'ignore'
[0.555s] Level 1:colcon.colcon_core.package_identification:_identify(src/dynamic_slam_interfaces) by extension 'ignore_ament_install'
[0.555s] Level 1:colcon.colcon_core.package_identification:_identify(src/dynamic_slam_interfaces) by extensions ['colcon_pkg']
[0.555s] Level 1:colcon.colcon_core.package_identification:_identify(src/dynamic_slam_interfaces) by extension 'colcon_pkg'
[0.555s] Level 1:colcon.colcon_core.package_identification:_identify(src/dynamic_slam_interfaces) by extensions ['colcon_meta']
[0.555s] Level 1:colcon.colcon_core.package_identification:_identify(src/dynamic_slam_interfaces) by extension 'colcon_meta'
[0.555s] Level 1:colcon.colcon_core.package_identification:_identify(src/dynamic_slam_interfaces) by extensions ['ros']
[0.555s] Level 1:colcon.colcon_core.package_identification:_identify(src/dynamic_slam_interfaces) by extension 'ros'
[0.556s] DEBUG:colcon.colcon_core.package_identification:Package 'src/dynamic_slam_interfaces' with type 'ros.ament_cmake' and name 'dynamic_slam_interfaces'
[0.556s] Level 1:colcon.colcon_core.package_identification:_identify(src/dynosam) by extensions ['ignore', 'ignore_ament_install']
[0.556s] Level 1:colcon.colcon_core.package_identification:_identify(src/dynosam) by extension 'ignore'
[0.556s] Level 1:colcon.colcon_core.package_identification:_identify(src/dynosam) by extension 'ignore_ament_install'
[0.556s] Level 1:colcon.colcon_core.package_identification:_identify(src/dynosam) by extensions ['colcon_pkg']
[0.556s] Level 1:colcon.colcon_core.package_identification:_identify(src/dynosam) by extension 'colcon_pkg'
[0.556s] Level 1:colcon.colcon_core.package_identification:_identify(src/dynosam) by extensions ['colcon_meta']
[0.556s] Level 1:colcon.colcon_core.package_identification:_identify(src/dynosam) by extension 'colcon_meta'
[0.556s] Level 1:colcon.colcon_core.package_identification:_identify(src/dynosam) by extensions ['ros']
[0.556s] Level 1:colcon.colcon_core.package_identification:_identify(src/dynosam) by extension 'ros'
[0.557s] DEBUG:colcon.colcon_core.package_identification:Package 'src/dynosam' with type 'ros.ament_cmake' and name 'dynosam'
[0.557s] Level 1:colcon.colcon_core.package_identification:_identify(src/dynosam_ros) by extensions ['ignore', 'ignore_ament_install']
[0.557s] Level 1:colcon.colcon_core.package_identification:_identify(src/dynosam_ros) by extension 'ignore'
[0.557s] Level 1:colcon.colcon_core.package_identification:_identify(src/dynosam_ros) by extension 'ignore_ament_install'
[0.557s] Level 1:colcon.colcon_core.package_identification:_identify(src/dynosam_ros) by extensions ['colcon_pkg']
[0.557s] Level 1:colcon.colcon_core.package_identification:_identify(src/dynosam_ros) by extension 'colcon_pkg'
[0.557s] Level 1:colcon.colcon_core.package_identification:_identify(src/dynosam_ros) by extensions ['colcon_meta']
[0.557s] Level 1:colcon.colcon_core.package_identification:_identify(src/dynosam_ros) by extension 'colcon_meta'
[0.557s] Level 1:colcon.colcon_core.package_identification:_identify(src/dynosam_ros) by extensions ['ros']
[0.557s] Level 1:colcon.colcon_core.package_identification:_identify(src/dynosam_ros) by extension 'ros'
[0.559s] DEBUG:colcon.colcon_core.package_identification:Package 'src/dynosam_ros' with type 'ros.ament_cmake' and name 'dynosam_ros'
[0.559s] Level 1:colcon.colcon_core.package_identification:_identify(src/dynosam_utils) by extensions ['ignore', 'ignore_ament_install']
[0.559s] Level 1:colcon.colcon_core.package_identification:_identify(src/dynosam_utils) by extension 'ignore'
[0.559s] Level 1:colcon.colcon_core.package_identification:_identify(src/dynosam_utils) by extension 'ignore_ament_install'
[0.559s] Level 1:colcon.colcon_core.package_identification:_identify(src/dynosam_utils) by extensions ['colcon_pkg']
[0.559s] Level 1:colcon.colcon_core.package_identification:_identify(src/dynosam_utils) by extension 'colcon_pkg'
[0.559s] Level 1:colcon.colcon_core.package_identification:_identify(src/dynosam_utils) by extensions ['colcon_meta']
[0.559s] Level 1:colcon.colcon_core.package_identification:_identify(src/dynosam_utils) by extension 'colcon_meta'
[0.559s] Level 1:colcon.colcon_core.package_identification:_identify(src/dynosam_utils) by extensions ['ros']
[0.559s] Level 1:colcon.colcon_core.package_identification:_identify(src/dynosam_utils) by extension 'ros'
[0.560s] DEBUG:colcon.colcon_core.package_identification:Package 'src/dynosam_utils' with type 'ros.ament_cmake' and name 'dynosam_utils'
[0.560s] Level 1:colcon.colcon_core.package_identification:_identify(src/install) by extensions ['ignore', 'ignore_ament_install']
[0.560s] Level 1:colcon.colcon_core.package_identification:_identify(src/install) by extension 'ignore'
[0.560s] Level 1:colcon.colcon_core.package_identification:_identify(src/install) ignored
[0.560s] Level 1:colcon.colcon_core.package_identification:_identify(src/log) by extensions ['ignore', 'ignore_ament_install']
[0.560s] Level 1:colcon.colcon_core.package_identification:_identify(src/log) by extension 'ignore'
[0.560s] Level 1:colcon.colcon_core.package_identification:_identify(src/log) ignored
[0.560s] Level 1:colcon.colcon_core.package_identification:_identify(src/rviz_dynamic_slam_plugins) by extensions ['ignore', 'ignore_ament_install']
[0.560s] Level 1:colcon.colcon_core.package_identification:_identify(src/rviz_dynamic_slam_plugins) by extension 'ignore'
[0.561s] Level 1:colcon.colcon_core.package_identification:_identify(src/rviz_dynamic_slam_plugins) by extension 'ignore_ament_install'
[0.561s] Level 1:colcon.colcon_core.package_identification:_identify(src/rviz_dynamic_slam_plugins) by extensions ['colcon_pkg']
[0.561s] Level 1:colcon.colcon_core.package_identification:_identify(src/rviz_dynamic_slam_plugins) by extension 'colcon_pkg'
[0.561s] Level 1:colcon.colcon_core.package_identification:_identify(src/rviz_dynamic_slam_plugins) by extensions ['colcon_meta']
[0.561s] Level 1:colcon.colcon_core.package_identification:_identify(src/rviz_dynamic_slam_plugins) by extension 'colcon_meta'
[0.561s] Level 1:colcon.colcon_core.package_identification:_identify(src/rviz_dynamic_slam_plugins) by extensions ['ros']
[0.561s] Level 1:colcon.colcon_core.package_identification:_identify(src/rviz_dynamic_slam_plugins) by extension 'ros'
[0.562s] DEBUG:colcon.colcon_core.package_identification:Package 'src/rviz_dynamic_slam_plugins' with type 'ros.ament_cmake' and name 'rviz_dynamic_slam_plugins'
[0.562s] Level 1:colcon.colcon_core.package_identification:_identify(src/zed-ros2-interfaces) by extensions ['ignore', 'ignore_ament_install']
[0.562s] Level 1:colcon.colcon_core.package_identification:_identify(src/zed-ros2-interfaces) by extension 'ignore'
[0.562s] Level 1:colcon.colcon_core.package_identification:_identify(src/zed-ros2-interfaces) by extension 'ignore_ament_install'
[0.562s] Level 1:colcon.colcon_core.package_identification:_identify(src/zed-ros2-interfaces) by extensions ['colcon_pkg']
[0.562s] Level 1:colcon.colcon_core.package_identification:_identify(src/zed-ros2-interfaces) by extension 'colcon_pkg'
[0.562s] Level 1:colcon.colcon_core.package_identification:_identify(src/zed-ros2-interfaces) by extensions ['colcon_meta']
[0.562s] Level 1:colcon.colcon_core.package_identification:_identify(src/zed-ros2-interfaces) by extension 'colcon_meta'
[0.562s] Level 1:colcon.colcon_core.package_identification:_identify(src/zed-ros2-interfaces) by extensions ['ros']
[0.562s] Level 1:colcon.colcon_core.package_identification:_identify(src/zed-ros2-interfaces) by extension 'ros'
[0.563s] DEBUG:colcon.colcon_core.package_identification:Package 'src/zed-ros2-interfaces' with type 'ros.ament_cmake' and name 'zed_msgs'
[0.563s] Level 1:colcon.colcon_core.package_discovery:discover_packages(recursive) using defaults
[0.563s] Level 1:colcon.colcon_core.package_discovery:discover_packages(ignore) discover
[0.563s] Level 1:colcon.colcon_core.package_discovery:discover_packages(ignore) using defaults
[0.563s] Level 1:colcon.colcon_core.package_discovery:discover_packages(path) discover
[0.563s] Level 1:colcon.colcon_core.package_discovery:discover_packages(path) using defaults
[0.595s] Level 1:colcon.colcon_core.package_discovery:discover_packages(prefix_path) check parameters
[0.595s] Level 1:colcon.colcon_core.package_discovery:discover_packages(prefix_path) discover
[0.598s] DEBUG:colcon.colcon_installed_package_information.package_discovery:Found 291 installed packages in /opt/ros/humble
[0.599s] Level 1:colcon.colcon_core.package_discovery:discover_packages(prefix_path) using defaults
[0.634s] Level 5:colcon.colcon_core.verb:set package 'config_utilities' build argument 'cmake_args' from command line to '['-DCMAKE_EXPORT_COMPILE_COMMANDS=ON', '-DCMAKE_BUILD_TYPE=RelWithDebinfo', '-G', 'Ninja']'
[0.634s] Level 5:colcon.colcon_core.verb:set package 'config_utilities' build argument 'cmake_target' from command line to 'None'
[0.634s] Level 5:colcon.colcon_core.verb:set package 'config_utilities' build argument 'cmake_target_skip_unavailable' from command line to 'False'
[0.634s] Level 5:colcon.colcon_core.verb:set package 'config_utilities' build argument 'cmake_clean_cache' from command line to 'False'
[0.634s] Level 5:colcon.colcon_core.verb:set package 'config_utilities' build argument 'cmake_clean_first' from command line to 'False'
[0.634s] Level 5:colcon.colcon_core.verb:set package 'config_utilities' build argument 'cmake_force_configure' from command line to 'False'
[0.634s] Level 5:colcon.colcon_core.verb:set package 'config_utilities' build argument 'ament_cmake_args' from command line to 'None'
[0.634s] Level 5:colcon.colcon_core.verb:set package 'config_utilities' build argument 'catkin_cmake_args' from command line to 'None'
[0.634s] Level 5:colcon.colcon_core.verb:set package 'config_utilities' build argument 'catkin_skip_building_tests' from command line to 'False'
[0.634s] DEBUG:colcon.colcon_core.verb:Building package 'config_utilities' with the following arguments: {'ament_cmake_args': None, 'build_base': '/home/bonnie/DynOSAM/build/config_utilities', 'catkin_cmake_args': None, 'catkin_skip_building_tests': False, 'cmake_args': ['-DCMAKE_EXPORT_COMPILE_COMMANDS=ON', '-DCMAKE_BUILD_TYPE=RelWithDebinfo', '-G', 'Ninja'], 'cmake_clean_cache': False, 'cmake_clean_first': False, 'cmake_force_configure': False, 'cmake_target': None, 'cmake_target_skip_unavailable': False, 'install_base': '/home/bonnie/DynOSAM/install/config_utilities', 'merge_install': False, 'path': '/home/bonnie/DynOSAM/src/config_utilities/config_utilities', 'symlink_install': False, 'test_result_base': None}
[0.634s] Level 5:colcon.colcon_core.verb:set package 'dynamic_slam_interfaces' build argument 'cmake_args' from command line to '['-DCMAKE_EXPORT_COMPILE_COMMANDS=ON', '-DCMAKE_BUILD_TYPE=RelWithDebinfo', '-G', 'Ninja']'
[0.634s] Level 5:colcon.colcon_core.verb:set package 'dynamic_slam_interfaces' build argument 'cmake_target' from command line to 'None'
[0.634s] Level 5:colcon.colcon_core.verb:set package 'dynamic_slam_interfaces' build argument 'cmake_target_skip_unavailable' from command line to 'False'
[0.634s] Level 5:colcon.colcon_core.verb:set package 'dynamic_slam_interfaces' build argument 'cmake_clean_cache' from command line to 'False'
[0.634s] Level 5:colcon.colcon_core.verb:set package 'dynamic_slam_interfaces' build argument 'cmake_clean_first' from command line to 'False'
[0.635s] Level 5:colcon.colcon_core.verb:set package 'dynamic_slam_interfaces' build argument 'cmake_force_configure' from command line to 'False'
[0.635s] Level 5:colcon.colcon_core.verb:set package 'dynamic_slam_interfaces' build argument 'ament_cmake_args' from command line to 'None'
[0.635s] Level 5:colcon.colcon_core.verb:set package 'dynamic_slam_interfaces' build argument 'catkin_cmake_args' from command line to 'None'
[0.635s] Level 5:colcon.colcon_core.verb:set package 'dynamic_slam_interfaces' build argument 'catkin_skip_building_tests' from command line to 'False'
[0.635s] DEBUG:colcon.colcon_core.verb:Building package 'dynamic_slam_interfaces' with the following arguments: {'ament_cmake_args': None, 'build_base': '/home/bonnie/DynOSAM/build/dynamic_slam_interfaces', 'catkin_cmake_args': None, 'catkin_skip_building_tests': False, 'cmake_args': ['-DCMAKE_EXPORT_COMPILE_COMMANDS=ON', '-DCMAKE_BUILD_TYPE=RelWithDebinfo', '-G', 'Ninja'], 'cmake_clean_cache': False, 'cmake_clean_first': False, 'cmake_force_configure': False, 'cmake_target': None, 'cmake_target_skip_unavailable': False, 'install_base': '/home/bonnie/DynOSAM/install/dynamic_slam_interfaces', 'merge_install': False, 'path': '/home/bonnie/DynOSAM/src/dynamic_slam_interfaces', 'symlink_install': False, 'test_result_base': None}
[0.635s] Level 5:colcon.colcon_core.verb:set package 'zed_msgs' build argument 'cmake_args' from command line to '['-DCMAKE_EXPORT_COMPILE_COMMANDS=ON', '-DCMAKE_BUILD_TYPE=RelWithDebinfo', '-G', 'Ninja']'
[0.635s] Level 5:colcon.colcon_core.verb:set package 'zed_msgs' build argument 'cmake_target' from command line to 'None'
[0.635s] Level 5:colcon.colcon_core.verb:set package 'zed_msgs' build argument 'cmake_target_skip_unavailable' from command line to 'False'
[0.635s] Level 5:colcon.colcon_core.verb:set package 'zed_msgs' build argument 'cmake_clean_cache' from command line to 'False'
[0.635s] Level 5:colcon.colcon_core.verb:set package 'zed_msgs' build argument 'cmake_clean_first' from command line to 'False'
[0.635s] Level 5:colcon.colcon_core.verb:set package 'zed_msgs' build argument 'cmake_force_configure' from command line to 'False'
[0.635s] Level 5:colcon.colcon_core.verb:set package 'zed_msgs' build argument 'ament_cmake_args' from command line to 'None'
[0.635s] Level 5:colcon.colcon_core.verb:set package 'zed_msgs' build argument 'catkin_cmake_args' from command line to 'None'
[0.635s] Level 5:colcon.colcon_core.verb:set package 'zed_msgs' build argument 'catkin_skip_building_tests' from command line to 'False'
[0.635s] DEBUG:colcon.colcon_core.verb:Building package 'zed_msgs' with the following arguments: {'ament_cmake_args': None, 'build_base': '/home/bonnie/DynOSAM/build/zed_msgs', 'catkin_cmake_args': None, 'catkin_skip_building_tests': False, 'cmake_args': ['-DCMAKE_EXPORT_COMPILE_COMMANDS=ON', '-DCMAKE_BUILD_TYPE=RelWithDebinfo', '-G', 'Ninja'], 'cmake_clean_cache': False, 'cmake_clean_first': False, 'cmake_force_configure': False, 'cmake_target': None, 'cmake_target_skip_unavailable': False, 'install_base': '/home/bonnie/DynOSAM/install/zed_msgs', 'merge_install': False, 'path': '/home/bonnie/DynOSAM/src/zed-ros2-interfaces', 'symlink_install': False, 'test_result_base': None}
[0.635s] Level 5:colcon.colcon_core.verb:set package 'dynosam' build argument 'cmake_args' from command line to '['-DCMAKE_EXPORT_COMPILE_COMMANDS=ON', '-DCMAKE_BUILD_TYPE=RelWithDebinfo', '-G', 'Ninja']'
[0.635s] Level 5:colcon.colcon_core.verb:set package 'dynosam' build argument 'cmake_target' from command line to 'None'
[0.635s] Level 5:colcon.colcon_core.verb:set package 'dynosam' build argument 'cmake_target_skip_unavailable' from command line to 'False'
[0.635s] Level 5:colcon.colcon_core.verb:set package 'dynosam' build argument 'cmake_clean_cache' from command line to 'False'
[0.635s] Level 5:colcon.colcon_core.verb:set package 'dynosam' build argument 'cmake_clean_first' from command line to 'False'
[0.635s] Level 5:colcon.colcon_core.verb:set package 'dynosam' build argument 'cmake_force_configure' from command line to 'False'
[0.636s] Level 5:colcon.colcon_core.verb:set package 'dynosam' build argument 'ament_cmake_args' from command line to 'None'
[0.636s] Level 5:colcon.colcon_core.verb:set package 'dynosam' build argument 'catkin_cmake_args' from command line to 'None'
[0.636s] Level 5:colcon.colcon_core.verb:set package 'dynosam' build argument 'catkin_skip_building_tests' from command line to 'False'
[0.636s] DEBUG:colcon.colcon_core.verb:Building package 'dynosam' with the following arguments: {'ament_cmake_args': None, 'build_base': '/home/bonnie/DynOSAM/build/dynosam', 'catkin_cmake_args': None, 'catkin_skip_building_tests': False, 'cmake_args': ['-DCMAKE_EXPORT_COMPILE_COMMANDS=ON', '-DCMAKE_BUILD_TYPE=RelWithDebinfo', '-G', 'Ninja'], 'cmake_clean_cache': False, 'cmake_clean_first': False, 'cmake_force_configure': False, 'cmake_target': None, 'cmake_target_skip_unavailable': False, 'install_base': '/home/bonnie/DynOSAM/install/dynosam', 'merge_install': False, 'path': '/home/bonnie/DynOSAM/src/dynosam', 'symlink_install': False, 'test_result_base': None}
[0.636s] Level 5:colcon.colcon_core.verb:set package 'rviz_dynamic_slam_plugins' build argument 'cmake_args' from command line to '['-DCMAKE_EXPORT_COMPILE_COMMANDS=ON', '-DCMAKE_BUILD_TYPE=RelWithDebinfo', '-G', 'Ninja']'
[0.636s] Level 5:colcon.colcon_core.verb:set package 'rviz_dynamic_slam_plugins' build argument 'cmake_target' from command line to 'None'
[0.636s] Level 5:colcon.colcon_core.verb:set package 'rviz_dynamic_slam_plugins' build argument 'cmake_target_skip_unavailable' from command line to 'False'
[0.636s] Level 5:colcon.colcon_core.verb:set package 'rviz_dynamic_slam_plugins' build argument 'cmake_clean_cache' from command line to 'False'
[0.636s] Level 5:colcon.colcon_core.verb:set package 'rviz_dynamic_slam_plugins' build argument 'cmake_clean_first' from command line to 'False'
[0.636s] Level 5:colcon.colcon_core.verb:set package 'rviz_dynamic_slam_plugins' build argument 'cmake_force_configure' from command line to 'False'
[0.636s] Level 5:colcon.colcon_core.verb:set package 'rviz_dynamic_slam_plugins' build argument 'ament_cmake_args' from command line to 'None'
[0.636s] Level 5:colcon.colcon_core.verb:set package 'rviz_dynamic_slam_plugins' build argument 'catkin_cmake_args' from command line to 'None'
[0.636s] Level 5:colcon.colcon_core.verb:set package 'rviz_dynamic_slam_plugins' build argument 'catkin_skip_building_tests' from command line to 'False'
[0.636s] DEBUG:colcon.colcon_core.verb:Building package 'rviz_dynamic_slam_plugins' with the following arguments: {'ament_cmake_args': None, 'build_base': '/home/bonnie/DynOSAM/build/rviz_dynamic_slam_plugins', 'catkin_cmake_args': None, 'catkin_skip_building_tests': False, 'cmake_args': ['-DCMAKE_EXPORT_COMPILE_COMMANDS=ON', '-DCMAKE_BUILD_TYPE=RelWithDebinfo', '-G', 'Ninja'], 'cmake_clean_cache': False, 'cmake_clean_first': False, 'cmake_force_configure': False, 'cmake_target': None, 'cmake_target_skip_unavailable': False, 'install_base': '/home/bonnie/DynOSAM/install/rviz_dynamic_slam_plugins', 'merge_install': False, 'path': '/home/bonnie/DynOSAM/src/rviz_dynamic_slam_plugins', 'symlink_install': False, 'test_result_base': None}
[0.636s] Level 5:colcon.colcon_core.verb:set package 'dynosam_ros' build argument 'cmake_args' from command line to '['-DCMAKE_EXPORT_COMPILE_COMMANDS=ON', '-DCMAKE_BUILD_TYPE=RelWithDebinfo', '-G', 'Ninja']'
[0.636s] Level 5:colcon.colcon_core.verb:set package 'dynosam_ros' build argument 'cmake_target' from command line to 'None'
[0.636s] Level 5:colcon.colcon_core.verb:set package 'dynosam_ros' build argument 'cmake_target_skip_unavailable' from command line to 'False'
[0.636s] Level 5:colcon.colcon_core.verb:set package 'dynosam_ros' build argument 'cmake_clean_cache' from command line to 'False'
[0.636s] Level 5:colcon.colcon_core.verb:set package 'dynosam_ros' build argument 'cmake_clean_first' from command line to 'False'
[0.636s] Level 5:colcon.colcon_core.verb:set package 'dynosam_ros' build argument 'cmake_force_configure' from command line to 'False'
[0.636s] Level 5:colcon.colcon_core.verb:set package 'dynosam_ros' build argument 'ament_cmake_args' from command line to 'None'
[0.636s] Level 5:colcon.colcon_core.verb:set package 'dynosam_ros' build argument 'catkin_cmake_args' from command line to 'None'
[0.636s] Level 5:colcon.colcon_core.verb:set package 'dynosam_ros' build argument 'catkin_skip_building_tests' from command line to 'False'
[0.637s] DEBUG:colcon.colcon_core.verb:Building package 'dynosam_ros' with the following arguments: {'ament_cmake_args': None, 'build_base': '/home/bonnie/DynOSAM/build/dynosam_ros', 'catkin_cmake_args': None, 'catkin_skip_building_tests': False, 'cmake_args': ['-DCMAKE_EXPORT_COMPILE_COMMANDS=ON', '-DCMAKE_BUILD_TYPE=RelWithDebinfo', '-G', 'Ninja'], 'cmake_clean_cache': False, 'cmake_clean_first': False, 'cmake_force_configure': False, 'cmake_target': None, 'cmake_target_skip_unavailable': False, 'install_base': '/home/bonnie/DynOSAM/install/dynosam_ros', 'merge_install': False, 'path': '/home/bonnie/DynOSAM/src/dynosam_ros', 'symlink_install': False, 'test_result_base': None}
[0.637s] Level 5:colcon.colcon_core.verb:set package 'dynosam_utils' build argument 'cmake_args' from command line to '['-DCMAKE_EXPORT_COMPILE_COMMANDS=ON', '-DCMAKE_BUILD_TYPE=RelWithDebinfo', '-G', 'Ninja']'
[0.637s] Level 5:colcon.colcon_core.verb:set package 'dynosam_utils' build argument 'cmake_target' from command line to 'None'
[0.637s] Level 5:colcon.colcon_core.verb:set package 'dynosam_utils' build argument 'cmake_target_skip_unavailable' from command line to 'False'
[0.637s] Level 5:colcon.colcon_core.verb:set package 'dynosam_utils' build argument 'cmake_clean_cache' from command line to 'False'
[0.637s] Level 5:colcon.colcon_core.verb:set package 'dynosam_utils' build argument 'cmake_clean_first' from command line to 'False'
[0.637s] Level 5:colcon.colcon_core.verb:set package 'dynosam_utils' build argument 'cmake_force_configure' from command line to 'False'
[0.637s] Level 5:colcon.colcon_core.verb:set package 'dynosam_utils' build argument 'ament_cmake_args' from command line to 'None'
[0.637s] Level 5:colcon.colcon_core.verb:set package 'dynosam_utils' build argument 'catkin_cmake_args' from command line to 'None'
[0.637s] Level 5:colcon.colcon_core.verb:set package 'dynosam_utils' build argument 'catkin_skip_building_tests' from command line to 'False'
[0.637s] DEBUG:colcon.colcon_core.verb:Building package 'dynosam_utils' with the following arguments: {'ament_cmake_args': None, 'build_base': '/home/bonnie/DynOSAM/build/dynosam_utils', 'catkin_cmake_args': None, 'catkin_skip_building_tests': False, 'cmake_args': ['-DCMAKE_EXPORT_COMPILE_COMMANDS=ON', '-DCMAKE_BUILD_TYPE=RelWithDebinfo', '-G', 'Ninja'], 'cmake_clean_cache': False, 'cmake_clean_first': False, 'cmake_force_configure': False, 'cmake_target': None, 'cmake_target_skip_unavailable': False, 'install_base': '/home/bonnie/DynOSAM/install/dynosam_utils', 'merge_install': False, 'path': '/home/bonnie/DynOSAM/src/dynosam_utils', 'symlink_install': False, 'test_result_base': None}
[0.637s] INFO:colcon.colcon_core.executor:Executing jobs using 'parallel' executor
[0.639s] DEBUG:colcon.colcon_parallel_executor.executor.parallel:run_until_complete
[0.639s] INFO:colcon.colcon_ros.task.ament_cmake.build:Building ROS package in '/home/bonnie/DynOSAM/src/zed-ros2-interfaces' with build type 'ament_cmake'
[0.639s] INFO:colcon.colcon_cmake.task.cmake.build:Building CMake package in '/home/bonnie/DynOSAM/src/zed-ros2-interfaces'
[0.642s] INFO:colcon.colcon_core.plugin_system:Skipping extension 'colcon_core.shell.bat': Not used on non-Windows systems
[0.642s] INFO:colcon.colcon_core.shell:Skip shell extension 'powershell' for command environment: Not usable outside of PowerShell
[0.642s] DEBUG:colcon.colcon_core.shell:Skip shell extension 'dsv' for command environment
[0.645s] INFO:colcon.colcon_ros.task.ament_cmake.build:Building ROS package in '/home/bonnie/DynOSAM/src/dynamic_slam_interfaces' with build type 'ament_cmake'
[0.645s] INFO:colcon.colcon_cmake.task.cmake.build:Building CMake package in '/home/bonnie/DynOSAM/src/dynamic_slam_interfaces'
[0.645s] INFO:colcon.colcon_core.shell:Skip shell extension 'powershell' for command environment: Not usable outside of PowerShell
[0.645s] DEBUG:colcon.colcon_core.shell:Skip shell extension 'dsv' for command environment
[0.649s] INFO:colcon.colcon_ros.task.cmake.build:Building ROS package in '/home/bonnie/DynOSAM/src/config_utilities/config_utilities' with build type 'cmake'
[0.649s] INFO:colcon.colcon_cmake.task.cmake.build:Building CMake package in '/home/bonnie/DynOSAM/src/config_utilities/config_utilities'
[0.650s] INFO:colcon.colcon_core.shell:Skip shell extension 'powershell' for command environment: Not usable outside of PowerShell
[0.650s] DEBUG:colcon.colcon_core.shell:Skip shell extension 'dsv' for command environment
[0.660s] DEBUG:colcon.colcon_core.event_handler.log_command:Invoking command in '/home/bonnie/DynOSAM/build/zed_msgs': CMAKE_PREFIX_PATH=/opt/ros/humble /usr/bin/cmake --build /home/bonnie/DynOSAM/build/zed_msgs -- -j16 -l16
[0.664s] DEBUG:colcon.colcon_core.event_handler.log_command:Invoking command in '/home/bonnie/DynOSAM/build/dynamic_slam_interfaces': CMAKE_PREFIX_PATH=/opt/ros/humble /usr/bin/cmake --build /home/bonnie/DynOSAM/build/dynamic_slam_interfaces -- -j16 -l16
[0.670s] DEBUG:colcon.colcon_core.event_handler.log_command:Invoking command in '/home/bonnie/DynOSAM/build/config_utilities': CMAKE_PREFIX_PATH=/opt/ros/humble /usr/bin/cmake --build /home/bonnie/DynOSAM/build/config_utilities -- -j16 -l16
[0.695s] DEBUG:colcon.colcon_core.event_handler.log_command:Invoked command in '/home/bonnie/DynOSAM/build/config_utilities' returned '0': CMAKE_PREFIX_PATH=/opt/ros/humble /usr/bin/cmake --build /home/bonnie/DynOSAM/build/config_utilities -- -j16 -l16
[0.707s] DEBUG:colcon.colcon_core.event_handler.log_command:Invoking command in '/home/bonnie/DynOSAM/build/config_utilities': CMAKE_PREFIX_PATH=/opt/ros/humble /usr/bin/cmake --install /home/bonnie/DynOSAM/build/config_utilities
[0.726s] DEBUG:colcon.colcon_core.event_handler.log_command:Invoked command in '/home/bonnie/DynOSAM/build/config_utilities' returned '0': CMAKE_PREFIX_PATH=/opt/ros/humble /usr/bin/cmake --install /home/bonnie/DynOSAM/build/config_utilities
[0.726s] Level 1:colcon.colcon_core.shell:create_environment_hook('config_utilities', 'pkg_config_path')
[0.726s] INFO:colcon.colcon_core.shell:Creating environment hook '/home/bonnie/DynOSAM/install/config_utilities/share/config_utilities/hook/pkg_config_path.ps1'
[0.727s] INFO:colcon.colcon_core.shell:Creating environment descriptor '/home/bonnie/DynOSAM/install/config_utilities/share/config_utilities/hook/pkg_config_path.dsv'
[0.727s] INFO:colcon.colcon_core.shell:Creating environment hook '/home/bonnie/DynOSAM/install/config_utilities/share/config_utilities/hook/pkg_config_path.sh'
[0.730s] Level 1:colcon.colcon_core.shell:create_environment_hook('config_utilities', 'pkg_config_path_multiarch')
[0.731s] INFO:colcon.colcon_core.shell:Creating environment hook '/home/bonnie/DynOSAM/install/config_utilities/share/config_utilities/hook/pkg_config_path_multiarch.ps1'
[0.731s] INFO:colcon.colcon_core.shell:Creating environment descriptor '/home/bonnie/DynOSAM/install/config_utilities/share/config_utilities/hook/pkg_config_path_multiarch.dsv'
[0.732s] INFO:colcon.colcon_core.shell:Creating environment hook '/home/bonnie/DynOSAM/install/config_utilities/share/config_utilities/hook/pkg_config_path_multiarch.sh'
[0.732s] Level 1:colcon.colcon_core.environment:create_environment_scripts_only(config_utilities)
[0.735s] Level 1:colcon.colcon_core.environment:checking '/home/bonnie/DynOSAM/install/config_utilities' for CMake module files
[0.736s] Level 1:colcon.colcon_core.environment:checking '/home/bonnie/DynOSAM/install/config_utilities' for CMake config files
[0.736s] Level 1:colcon.colcon_core.shell:create_environment_hook('config_utilities', 'cmake_prefix_path')
[0.736s] INFO:colcon.colcon_core.shell:Creating environment hook '/home/bonnie/DynOSAM/install/config_utilities/share/config_utilities/hook/cmake_prefix_path.ps1'
[0.737s] INFO:colcon.colcon_core.shell:Creating environment descriptor '/home/bonnie/DynOSAM/install/config_utilities/share/config_utilities/hook/cmake_prefix_path.dsv'
[0.737s] INFO:colcon.colcon_core.shell:Creating environment hook '/home/bonnie/DynOSAM/install/config_utilities/share/config_utilities/hook/cmake_prefix_path.sh'
[0.737s] Level 1:colcon.colcon_core.environment:checking '/home/bonnie/DynOSAM/install/config_utilities/lib'
[0.738s] Level 1:colcon.colcon_core.shell:create_environment_hook('config_utilities', 'ld_library_path_lib')
[0.738s] INFO:colcon.colcon_core.shell:Creating environment hook '/home/bonnie/DynOSAM/install/config_utilities/share/config_utilities/hook/ld_library_path_lib.ps1'
[0.739s] INFO:colcon.colcon_core.shell:Creating environment descriptor '/home/bonnie/DynOSAM/install/config_utilities/share/config_utilities/hook/ld_library_path_lib.dsv'
[0.739s] INFO:colcon.colcon_core.shell:Creating environment hook '/home/bonnie/DynOSAM/install/config_utilities/share/config_utilities/hook/ld_library_path_lib.sh'
[0.740s] Level 1:colcon.colcon_core.environment:checking '/home/bonnie/DynOSAM/install/config_utilities/bin'
[0.740s] Level 1:colcon.colcon_core.shell:create_environment_hook('config_utilities', 'path')
[0.740s] INFO:colcon.colcon_core.shell:Creating environment hook '/home/bonnie/DynOSAM/install/config_utilities/share/config_utilities/hook/path.ps1'
[0.741s] INFO:colcon.colcon_core.shell:Creating environment descriptor '/home/bonnie/DynOSAM/install/config_utilities/share/config_utilities/hook/path.dsv'
[0.741s] INFO:colcon.colcon_core.shell:Creating environment hook '/home/bonnie/DynOSAM/install/config_utilities/share/config_utilities/hook/path.sh'
[0.742s] Level 1:colcon.colcon_core.environment:checking '/home/bonnie/DynOSAM/install/config_utilities/lib/pkgconfig/config_utilities.pc'
[0.742s] Level 1:colcon.colcon_core.environment:checking '/home/bonnie/DynOSAM/install/config_utilities/lib/python3.10/site-packages'
[0.742s] Level 1:colcon.colcon_core.environment:checking '/home/bonnie/DynOSAM/install/config_utilities/bin'
[0.742s] Level 1:colcon.colcon_core.shell:create_environment_hook('config_utilities', 'pythonscriptspath')
[0.742s] INFO:colcon.colcon_core.shell:Creating environment hook '/home/bonnie/DynOSAM/install/config_utilities/share/config_utilities/hook/pythonscriptspath.ps1'
[0.743s] INFO:colcon.colcon_core.shell:Creating environment descriptor '/home/bonnie/DynOSAM/install/config_utilities/share/config_utilities/hook/pythonscriptspath.dsv'
[0.743s] INFO:colcon.colcon_core.shell:Creating environment hook '/home/bonnie/DynOSAM/install/config_utilities/share/config_utilities/hook/pythonscriptspath.sh'
[0.744s] INFO:colcon.colcon_core.shell:Creating package script '/home/bonnie/DynOSAM/install/config_utilities/share/config_utilities/package.ps1'
[0.745s] INFO:colcon.colcon_core.shell:Creating package descriptor '/home/bonnie/DynOSAM/install/config_utilities/share/config_utilities/package.dsv'
[0.746s] INFO:colcon.colcon_core.shell:Creating package script '/home/bonnie/DynOSAM/install/config_utilities/share/config_utilities/package.sh'
[0.746s] INFO:colcon.colcon_core.shell:Creating package script '/home/bonnie/DynOSAM/install/config_utilities/share/config_utilities/package.bash'
[0.747s] INFO:colcon.colcon_core.shell:Creating package script '/home/bonnie/DynOSAM/install/config_utilities/share/config_utilities/package.zsh'
[0.748s] Level 1:colcon.colcon_core.environment:create_file_with_runtime_dependencies(/home/bonnie/DynOSAM/install/config_utilities/share/colcon-core/packages/config_utilities)
[0.947s] DEBUG:colcon.colcon_core.event_handler.log_command:Invoked command in '/home/bonnie/DynOSAM/build/dynamic_slam_interfaces' returned '0': CMAKE_PREFIX_PATH=/opt/ros/humble /usr/bin/cmake --build /home/bonnie/DynOSAM/build/dynamic_slam_interfaces -- -j16 -l16
[0.950s] DEBUG:colcon.colcon_core.event_handler.log_command:Invoking command in '/home/bonnie/DynOSAM/build/dynamic_slam_interfaces': CMAKE_PREFIX_PATH=/opt/ros/humble /usr/bin/cmake --install /home/bonnie/DynOSAM/build/dynamic_slam_interfaces
[0.993s] DEBUG:colcon.colcon_core.event_handler.log_command:Invoked command in '/home/bonnie/DynOSAM/build/zed_msgs' returned '0': CMAKE_PREFIX_PATH=/opt/ros/humble /usr/bin/cmake --build /home/bonnie/DynOSAM/build/zed_msgs -- -j16 -l16
[0.995s] DEBUG:colcon.colcon_core.event_handler.log_command:Invoking command in '/home/bonnie/DynOSAM/build/zed_msgs': CMAKE_PREFIX_PATH=/opt/ros/humble /usr/bin/cmake --install /home/bonnie/DynOSAM/build/zed_msgs
[1.020s] Level 1:colcon.colcon_core.environment:create_environment_scripts_only(dynamic_slam_interfaces)
[1.021s] Level 1:colcon.colcon_core.environment:checking '/home/bonnie/DynOSAM/install/dynamic_slam_interfaces' for CMake module files
[1.029s] Level 1:colcon.colcon_core.environment:checking '/home/bonnie/DynOSAM/install/dynamic_slam_interfaces' for CMake config files
[1.050s] Level 1:colcon.colcon_core.shell:create_environment_hook('dynamic_slam_interfaces', 'cmake_prefix_path')
[1.050s] INFO:colcon.colcon_core.shell:Creating environment hook '/home/bonnie/DynOSAM/install/dynamic_slam_interfaces/share/dynamic_slam_interfaces/hook/cmake_prefix_path.ps1'
[1.052s] INFO:colcon.colcon_core.shell:Creating environment descriptor '/home/bonnie/DynOSAM/install/dynamic_slam_interfaces/share/dynamic_slam_interfaces/hook/cmake_prefix_path.dsv'
[1.055s] INFO:colcon.colcon_core.shell:Creating environment hook '/home/bonnie/DynOSAM/install/dynamic_slam_interfaces/share/dynamic_slam_interfaces/hook/cmake_prefix_path.sh'
[1.057s] Level 1:colcon.colcon_core.environment:checking '/home/bonnie/DynOSAM/install/dynamic_slam_interfaces/lib'
[1.060s] Level 1:colcon.colcon_core.shell:create_environment_hook('dynamic_slam_interfaces', 'ld_library_path_lib')
[1.061s] INFO:colcon.colcon_core.shell:Creating environment hook '/home/bonnie/DynOSAM/install/dynamic_slam_interfaces/share/dynamic_slam_interfaces/hook/ld_library_path_lib.ps1'
[1.062s] DEBUG:colcon.colcon_core.event_handler.log_command:Invoked command in '/home/bonnie/DynOSAM/build/dynamic_slam_interfaces' returned '0': CMAKE_PREFIX_PATH=/opt/ros/humble /usr/bin/cmake --install /home/bonnie/DynOSAM/build/dynamic_slam_interfaces
[1.064s] INFO:colcon.colcon_core.shell:Creating environment descriptor '/home/bonnie/DynOSAM/install/dynamic_slam_interfaces/share/dynamic_slam_interfaces/hook/ld_library_path_lib.dsv'
[1.069s] INFO:colcon.colcon_core.shell:Creating environment hook '/home/bonnie/DynOSAM/install/dynamic_slam_interfaces/share/dynamic_slam_interfaces/hook/ld_library_path_lib.sh'
[1.071s] Level 1:colcon.colcon_core.environment:checking '/home/bonnie/DynOSAM/install/dynamic_slam_interfaces/bin'
[1.071s] Level 1:colcon.colcon_core.environment:checking '/home/bonnie/DynOSAM/install/dynamic_slam_interfaces/lib/pkgconfig/dynamic_slam_interfaces.pc'
[1.071s] Level 1:colcon.colcon_core.environment:checking '/home/bonnie/DynOSAM/install/dynamic_slam_interfaces/lib/python3.10/site-packages'
[1.072s] Level 1:colcon.colcon_core.environment:checking '/home/bonnie/DynOSAM/install/dynamic_slam_interfaces/bin'
[1.072s] INFO:colcon.colcon_core.shell:Creating package script '/home/bonnie/DynOSAM/install/dynamic_slam_interfaces/share/dynamic_slam_interfaces/package.ps1'
[1.076s] INFO:colcon.colcon_core.shell:Creating package descriptor '/home/bonnie/DynOSAM/install/dynamic_slam_interfaces/share/dynamic_slam_interfaces/package.dsv'
[1.078s] INFO:colcon.colcon_core.shell:Creating package script '/home/bonnie/DynOSAM/install/dynamic_slam_interfaces/share/dynamic_slam_interfaces/package.sh'
[1.084s] INFO:colcon.colcon_core.shell:Creating package script '/home/bonnie/DynOSAM/install/dynamic_slam_interfaces/share/dynamic_slam_interfaces/package.bash'
[1.085s] INFO:colcon.colcon_core.shell:Creating package script '/home/bonnie/DynOSAM/install/dynamic_slam_interfaces/share/dynamic_slam_interfaces/package.zsh'
[1.089s] Level 1:colcon.colcon_core.environment:create_file_with_runtime_dependencies(/home/bonnie/DynOSAM/install/dynamic_slam_interfaces/share/colcon-core/packages/dynamic_slam_interfaces)
[1.093s] Level 1:colcon.colcon_core.environment:create_environment_scripts_only(dynamic_slam_interfaces)
[1.093s] Level 1:colcon.colcon_core.environment:checking '/home/bonnie/DynOSAM/install/dynamic_slam_interfaces' for CMake module files
[1.106s] Level 1:colcon.colcon_core.environment:checking '/home/bonnie/DynOSAM/install/dynamic_slam_interfaces' for CMake config files
[1.124s] Level 1:colcon.colcon_core.shell:create_environment_hook('dynamic_slam_interfaces', 'cmake_prefix_path')
[1.124s] INFO:colcon.colcon_core.shell:Creating environment hook '/home/bonnie/DynOSAM/install/dynamic_slam_interfaces/share/dynamic_slam_interfaces/hook/cmake_prefix_path.ps1'
[1.127s] INFO:colcon.colcon_core.shell:Creating environment descriptor '/home/bonnie/DynOSAM/install/dynamic_slam_interfaces/share/dynamic_slam_interfaces/hook/cmake_prefix_path.dsv'
[1.130s] INFO:colcon.colcon_core.shell:Creating environment hook '/home/bonnie/DynOSAM/install/dynamic_slam_interfaces/share/dynamic_slam_interfaces/hook/cmake_prefix_path.sh'
[1.134s] Level 1:colcon.colcon_core.environment:checking '/home/bonnie/DynOSAM/install/dynamic_slam_interfaces/lib'
[1.134s] Level 1:colcon.colcon_core.shell:create_environment_hook('dynamic_slam_interfaces', 'ld_library_path_lib')
[1.134s] INFO:colcon.colcon_core.shell:Creating environment hook '/home/bonnie/DynOSAM/install/dynamic_slam_interfaces/share/dynamic_slam_interfaces/hook/ld_library_path_lib.ps1'
[1.134s] INFO:colcon.colcon_core.shell:Creating environment descriptor '/home/bonnie/DynOSAM/install/dynamic_slam_interfaces/share/dynamic_slam_interfaces/hook/ld_library_path_lib.dsv'
[1.135s] INFO:colcon.colcon_core.shell:Creating environment hook '/home/bonnie/DynOSAM/install/dynamic_slam_interfaces/share/dynamic_slam_interfaces/hook/ld_library_path_lib.sh'
[1.135s] Level 1:colcon.colcon_core.environment:checking '/home/bonnie/DynOSAM/install/dynamic_slam_interfaces/bin'
[1.135s] Level 1:colcon.colcon_core.environment:checking '/home/bonnie/DynOSAM/install/dynamic_slam_interfaces/lib/pkgconfig/dynamic_slam_interfaces.pc'
[1.135s] Level 1:colcon.colcon_core.environment:checking '/home/bonnie/DynOSAM/install/dynamic_slam_interfaces/lib/python3.10/site-packages'
[1.136s] Level 1:colcon.colcon_core.environment:checking '/home/bonnie/DynOSAM/install/dynamic_slam_interfaces/bin'
[1.136s] INFO:colcon.colcon_core.shell:Creating package script '/home/bonnie/DynOSAM/install/dynamic_slam_interfaces/share/dynamic_slam_interfaces/package.ps1'
[1.136s] INFO:colcon.colcon_core.shell:Creating package descriptor '/home/bonnie/DynOSAM/install/dynamic_slam_interfaces/share/dynamic_slam_interfaces/package.dsv'
[1.137s] INFO:colcon.colcon_core.shell:Creating package script '/home/bonnie/DynOSAM/install/dynamic_slam_interfaces/share/dynamic_slam_interfaces/package.sh'
[1.137s] INFO:colcon.colcon_core.shell:Creating package script '/home/bonnie/DynOSAM/install/dynamic_slam_interfaces/share/dynamic_slam_interfaces/package.bash'
[1.138s] INFO:colcon.colcon_core.shell:Creating package script '/home/bonnie/DynOSAM/install/dynamic_slam_interfaces/share/dynamic_slam_interfaces/package.zsh'
[1.138s] Level 1:colcon.colcon_core.environment:create_file_with_runtime_dependencies(/home/bonnie/DynOSAM/install/dynamic_slam_interfaces/share/colcon-core/packages/dynamic_slam_interfaces)
[1.139s] INFO:colcon.colcon_ros.task.ament_cmake.build:Building ROS package in '/home/bonnie/DynOSAM/src/rviz_dynamic_slam_plugins' with build type 'ament_cmake'
[1.139s] INFO:colcon.colcon_cmake.task.cmake.build:Building CMake package in '/home/bonnie/DynOSAM/src/rviz_dynamic_slam_plugins'
[1.140s] INFO:colcon.colcon_core.shell:Skip shell extension 'powershell' for command environment: Not usable outside of PowerShell
[1.140s] DEBUG:colcon.colcon_core.shell:Skip shell extension 'dsv' for command environment
[1.145s] Level 1:colcon.colcon_core.environment:create_environment_scripts_only(zed_msgs)
[1.146s] Level 1:colcon.colcon_core.environment:checking '/home/bonnie/DynOSAM/install/zed_msgs' for CMake module files
[1.146s] DEBUG:colcon.colcon_core.event_handler.log_command:Invoked command in '/home/bonnie/DynOSAM/build/zed_msgs' returned '0': CMAKE_PREFIX_PATH=/opt/ros/humble /usr/bin/cmake --install /home/bonnie/DynOSAM/build/zed_msgs
[1.147s] Level 1:colcon.colcon_core.environment:checking '/home/bonnie/DynOSAM/install/zed_msgs' for CMake config files
[1.148s] Level 1:colcon.colcon_core.shell:create_environment_hook('zed_msgs', 'cmake_prefix_path')
[1.148s] INFO:colcon.colcon_core.shell:Creating environment hook '/home/bonnie/DynOSAM/install/zed_msgs/share/zed_msgs/hook/cmake_prefix_path.ps1'
[1.150s] INFO:colcon.colcon_core.shell:Creating environment descriptor '/home/bonnie/DynOSAM/install/zed_msgs/share/zed_msgs/hook/cmake_prefix_path.dsv'
[1.151s] INFO:colcon.colcon_core.shell:Creating environment hook '/home/bonnie/DynOSAM/install/zed_msgs/share/zed_msgs/hook/cmake_prefix_path.sh'
[1.152s] Level 1:colcon.colcon_core.environment:checking '/home/bonnie/DynOSAM/install/zed_msgs/lib'
[1.152s] Level 1:colcon.colcon_core.shell:create_environment_hook('zed_msgs', 'ld_library_path_lib')
[1.153s] INFO:colcon.colcon_core.shell:Creating environment hook '/home/bonnie/DynOSAM/install/zed_msgs/share/zed_msgs/hook/ld_library_path_lib.ps1'
[1.153s] INFO:colcon.colcon_core.shell:Creating environment descriptor '/home/bonnie/DynOSAM/install/zed_msgs/share/zed_msgs/hook/ld_library_path_lib.dsv'
[1.154s] INFO:colcon.colcon_core.shell:Creating environment hook '/home/bonnie/DynOSAM/install/zed_msgs/share/zed_msgs/hook/ld_library_path_lib.sh'
[1.154s] Level 1:colcon.colcon_core.environment:checking '/home/bonnie/DynOSAM/install/zed_msgs/bin'
[1.154s] Level 1:colcon.colcon_core.environment:checking '/home/bonnie/DynOSAM/install/zed_msgs/lib/pkgconfig/zed_msgs.pc'
[1.155s] Level 1:colcon.colcon_core.environment:checking '/home/bonnie/DynOSAM/install/zed_msgs/lib/python3.10/site-packages'
[1.155s] Level 1:colcon.colcon_core.environment:checking '/home/bonnie/DynOSAM/install/zed_msgs/bin'
[1.156s] INFO:colcon.colcon_core.shell:Creating package script '/home/bonnie/DynOSAM/install/zed_msgs/share/zed_msgs/package.ps1'
[1.157s] INFO:colcon.colcon_core.shell:Creating package descriptor '/home/bonnie/DynOSAM/install/zed_msgs/share/zed_msgs/package.dsv'
[1.157s] INFO:colcon.colcon_core.shell:Creating package script '/home/bonnie/DynOSAM/install/zed_msgs/share/zed_msgs/package.sh'
[1.158s] INFO:colcon.colcon_core.shell:Creating package script '/home/bonnie/DynOSAM/install/zed_msgs/share/zed_msgs/package.bash'
[1.158s] INFO:colcon.colcon_core.shell:Creating package script '/home/bonnie/DynOSAM/install/zed_msgs/share/zed_msgs/package.zsh'
[1.158s] Level 1:colcon.colcon_core.environment:create_file_with_runtime_dependencies(/home/bonnie/DynOSAM/install/zed_msgs/share/colcon-core/packages/zed_msgs)
[1.159s] Level 1:colcon.colcon_core.environment:create_environment_scripts_only(zed_msgs)
[1.159s] Level 1:colcon.colcon_core.environment:checking '/home/bonnie/DynOSAM/install/zed_msgs' for CMake module files
[1.160s] Level 1:colcon.colcon_core.environment:checking '/home/bonnie/DynOSAM/install/zed_msgs' for CMake config files
[1.160s] Level 1:colcon.colcon_core.shell:create_environment_hook('zed_msgs', 'cmake_prefix_path')
[1.161s] INFO:colcon.colcon_core.shell:Creating environment hook '/home/bonnie/DynOSAM/install/zed_msgs/share/zed_msgs/hook/cmake_prefix_path.ps1'
[1.161s] INFO:colcon.colcon_core.shell:Creating environment descriptor '/home/bonnie/DynOSAM/install/zed_msgs/share/zed_msgs/hook/cmake_prefix_path.dsv'
[1.161s] INFO:colcon.colcon_core.shell:Creating environment hook '/home/bonnie/DynOSAM/install/zed_msgs/share/zed_msgs/hook/cmake_prefix_path.sh'
[1.162s] Level 1:colcon.colcon_core.environment:checking '/home/bonnie/DynOSAM/install/zed_msgs/lib'
[1.162s] Level 1:colcon.colcon_core.shell:create_environment_hook('zed_msgs', 'ld_library_path_lib')
[1.162s] INFO:colcon.colcon_core.shell:Creating environment hook '/home/bonnie/DynOSAM/install/zed_msgs/share/zed_msgs/hook/ld_library_path_lib.ps1'
[1.163s] INFO:colcon.colcon_core.shell:Creating environment descriptor '/home/bonnie/DynOSAM/install/zed_msgs/share/zed_msgs/hook/ld_library_path_lib.dsv'
[1.163s] INFO:colcon.colcon_core.shell:Creating environment hook '/home/bonnie/DynOSAM/install/zed_msgs/share/zed_msgs/hook/ld_library_path_lib.sh'
[1.163s] Level 1:colcon.colcon_core.environment:checking '/home/bonnie/DynOSAM/install/zed_msgs/bin'
[1.163s] Level 1:colcon.colcon_core.environment:checking '/home/bonnie/DynOSAM/install/zed_msgs/lib/pkgconfig/zed_msgs.pc'
[1.164s] Level 1:colcon.colcon_core.environment:checking '/home/bonnie/DynOSAM/install/zed_msgs/lib/python3.10/site-packages'
[1.164s] Level 1:colcon.colcon_core.environment:checking '/home/bonnie/DynOSAM/install/zed_msgs/bin'
[1.164s] INFO:colcon.colcon_core.shell:Creating package script '/home/bonnie/DynOSAM/install/zed_msgs/share/zed_msgs/package.ps1'
[1.165s] INFO:colcon.colcon_core.shell:Creating package descriptor '/home/bonnie/DynOSAM/install/zed_msgs/share/zed_msgs/package.dsv'
[1.165s] INFO:colcon.colcon_core.shell:Creating package script '/home/bonnie/DynOSAM/install/zed_msgs/share/zed_msgs/package.sh'
[1.167s] INFO:colcon.colcon_core.shell:Creating package script '/home/bonnie/DynOSAM/install/zed_msgs/share/zed_msgs/package.bash'
[1.168s] INFO:colcon.colcon_core.shell:Creating package script '/home/bonnie/DynOSAM/install/zed_msgs/share/zed_msgs/package.zsh'
[1.168s] Level 1:colcon.colcon_core.environment:create_file_with_runtime_dependencies(/home/bonnie/DynOSAM/install/zed_msgs/share/colcon-core/packages/zed_msgs)
[1.169s] INFO:colcon.colcon_ros.task.ament_cmake.build:Building ROS package in '/home/bonnie/DynOSAM/src/dynosam' with build type 'ament_cmake'
[1.169s] INFO:colcon.colcon_cmake.task.cmake.build:Building CMake package in '/home/bonnie/DynOSAM/src/dynosam'
[1.169s] INFO:colcon.colcon_core.shell:Skip shell extension 'powershell' for command environment: Not usable outside of PowerShell
[1.169s] DEBUG:colcon.colcon_core.shell:Skip shell extension 'dsv' for command environment
[1.295s] DEBUG:colcon.colcon_core.event_handler.log_command:Invoking command in '/home/bonnie/DynOSAM/build/rviz_dynamic_slam_plugins': AMENT_PREFIX_PATH=/home/bonnie/DynOSAM/install/dynamic_slam_interfaces:${AMENT_PREFIX_PATH} CMAKE_PREFIX_PATH=/home/bonnie/DynOSAM/install/dynamic_slam_interfaces:/opt/ros/humble LD_LIBRARY_PATH=/home/bonnie/DynOSAM/install/dynamic_slam_interfaces/lib:${LD_LIBRARY_PATH} PYTHONPATH=/home/bonnie/DynOSAM/install/dynamic_slam_interfaces/local/lib/python3.10/dist-packages:${PYTHONPATH} /usr/bin/cmake --build /home/bonnie/DynOSAM/build/rviz_dynamic_slam_plugins -- -j16 -l16
[1.320s] DEBUG:colcon.colcon_core.event_handler.log_command:Invoking command in '/home/bonnie/DynOSAM/build/dynosam': AMENT_PREFIX_PATH=/home/bonnie/DynOSAM/install/zed_msgs:${AMENT_PREFIX_PATH} CMAKE_PREFIX_PATH=/home/bonnie/DynOSAM/install/zed_msgs:/opt/ros/humble LD_LIBRARY_PATH=/home/bonnie/DynOSAM/install/zed_msgs/lib:${LD_LIBRARY_PATH} PYTHONPATH=/home/bonnie/DynOSAM/install/zed_msgs/local/lib/python3.10/dist-packages:${PYTHONPATH} /usr/bin/cmake --build /home/bonnie/DynOSAM/build/dynosam -- -j16 -l16
[1.322s] DEBUG:colcon.colcon_core.event_handler.log_command:Invoked command in '/home/bonnie/DynOSAM/build/rviz_dynamic_slam_plugins' returned '0': AMENT_PREFIX_PATH=/home/bonnie/DynOSAM/install/dynamic_slam_interfaces:${AMENT_PREFIX_PATH} CMAKE_PREFIX_PATH=/home/bonnie/DynOSAM/install/dynamic_slam_interfaces:/opt/ros/humble LD_LIBRARY_PATH=/home/bonnie/DynOSAM/install/dynamic_slam_interfaces/lib:${LD_LIBRARY_PATH} PYTHONPATH=/home/bonnie/DynOSAM/install/dynamic_slam_interfaces/local/lib/python3.10/dist-packages:${PYTHONPATH} /usr/bin/cmake --build /home/bonnie/DynOSAM/build/rviz_dynamic_slam_plugins -- -j16 -l16
[1.323s] DEBUG:colcon.colcon_core.event_handler.log_command:Invoking command in '/home/bonnie/DynOSAM/build/rviz_dynamic_slam_plugins': AMENT_PREFIX_PATH=/home/bonnie/DynOSAM/install/dynamic_slam_interfaces:${AMENT_PREFIX_PATH} CMAKE_PREFIX_PATH=/home/bonnie/DynOSAM/install/dynamic_slam_interfaces:/opt/ros/humble LD_LIBRARY_PATH=/home/bonnie/DynOSAM/install/dynamic_slam_interfaces/lib:${LD_LIBRARY_PATH} PYTHONPATH=/home/bonnie/DynOSAM/install/dynamic_slam_interfaces/local/lib/python3.10/dist-packages:${PYTHONPATH} /usr/bin/cmake --install /home/bonnie/DynOSAM/build/rviz_dynamic_slam_plugins
[1.337s] Level 1:colcon.colcon_core.environment:create_environment_scripts_only(rviz_dynamic_slam_plugins)
[1.338s] DEBUG:colcon.colcon_core.event_handler.log_command:Invoked command in '/home/bonnie/DynOSAM/build/rviz_dynamic_slam_plugins' returned '0': AMENT_PREFIX_PATH=/home/bonnie/DynOSAM/install/dynamic_slam_interfaces:${AMENT_PREFIX_PATH} CMAKE_PREFIX_PATH=/home/bonnie/DynOSAM/install/dynamic_slam_interfaces:/opt/ros/humble LD_LIBRARY_PATH=/home/bonnie/DynOSAM/install/dynamic_slam_interfaces/lib:${LD_LIBRARY_PATH} PYTHONPATH=/home/bonnie/DynOSAM/install/dynamic_slam_interfaces/local/lib/python3.10/dist-packages:${PYTHONPATH} /usr/bin/cmake --install /home/bonnie/DynOSAM/build/rviz_dynamic_slam_plugins
[1.338s] Level 1:colcon.colcon_core.environment:checking '/home/bonnie/DynOSAM/install/rviz_dynamic_slam_plugins' for CMake module files
[1.339s] Level 1:colcon.colcon_core.environment:checking '/home/bonnie/DynOSAM/install/rviz_dynamic_slam_plugins' for CMake config files
[1.339s] Level 1:colcon.colcon_core.shell:create_environment_hook('rviz_dynamic_slam_plugins', 'cmake_prefix_path')
[1.339s] INFO:colcon.colcon_core.shell:Creating environment hook '/home/bonnie/DynOSAM/install/rviz_dynamic_slam_plugins/share/rviz_dynamic_slam_plugins/hook/cmake_prefix_path.ps1'
[1.340s] INFO:colcon.colcon_core.shell:Creating environment descriptor '/home/bonnie/DynOSAM/install/rviz_dynamic_slam_plugins/share/rviz_dynamic_slam_plugins/hook/cmake_prefix_path.dsv'
[1.340s] INFO:colcon.colcon_core.shell:Creating environment hook '/home/bonnie/DynOSAM/install/rviz_dynamic_slam_plugins/share/rviz_dynamic_slam_plugins/hook/cmake_prefix_path.sh'
[1.341s] Level 1:colcon.colcon_core.environment:checking '/home/bonnie/DynOSAM/install/rviz_dynamic_slam_plugins/lib'
[1.341s] Level 1:colcon.colcon_core.shell:create_environment_hook('rviz_dynamic_slam_plugins', 'ld_library_path_lib')
[1.341s] INFO:colcon.colcon_core.shell:Creating environment hook '/home/bonnie/DynOSAM/install/rviz_dynamic_slam_plugins/share/rviz_dynamic_slam_plugins/hook/ld_library_path_lib.ps1'
[1.342s] INFO:colcon.colcon_core.shell:Creating environment descriptor '/home/bonnie/DynOSAM/install/rviz_dynamic_slam_plugins/share/rviz_dynamic_slam_plugins/hook/ld_library_path_lib.dsv'
[1.342s] INFO:colcon.colcon_core.shell:Creating environment hook '/home/bonnie/DynOSAM/install/rviz_dynamic_slam_plugins/share/rviz_dynamic_slam_plugins/hook/ld_library_path_lib.sh'
[1.342s] Level 1:colcon.colcon_core.environment:checking '/home/bonnie/DynOSAM/install/rviz_dynamic_slam_plugins/bin'
[1.343s] Level 1:colcon.colcon_core.environment:checking '/home/bonnie/DynOSAM/install/rviz_dynamic_slam_plugins/lib/pkgconfig/rviz_dynamic_slam_plugins.pc'
[1.343s] Level 1:colcon.colcon_core.environment:checking '/home/bonnie/DynOSAM/install/rviz_dynamic_slam_plugins/lib/python3.10/site-packages'
[1.343s] Level 1:colcon.colcon_core.environment:checking '/home/bonnie/DynOSAM/install/rviz_dynamic_slam_plugins/bin'
[1.343s] INFO:colcon.colcon_core.shell:Creating package script '/home/bonnie/DynOSAM/install/rviz_dynamic_slam_plugins/share/rviz_dynamic_slam_plugins/package.ps1'
[1.344s] INFO:colcon.colcon_core.shell:Creating package descriptor '/home/bonnie/DynOSAM/install/rviz_dynamic_slam_plugins/share/rviz_dynamic_slam_plugins/package.dsv'
[1.344s] INFO:colcon.colcon_core.shell:Creating package script '/home/bonnie/DynOSAM/install/rviz_dynamic_slam_plugins/share/rviz_dynamic_slam_plugins/package.sh'
[1.344s] INFO:colcon.colcon_core.shell:Creating package script '/home/bonnie/DynOSAM/install/rviz_dynamic_slam_plugins/share/rviz_dynamic_slam_plugins/package.bash'
[1.345s] INFO:colcon.colcon_core.shell:Creating package script '/home/bonnie/DynOSAM/install/rviz_dynamic_slam_plugins/share/rviz_dynamic_slam_plugins/package.zsh'
[1.345s] Level 1:colcon.colcon_core.environment:create_file_with_runtime_dependencies(/home/bonnie/DynOSAM/install/rviz_dynamic_slam_plugins/share/colcon-core/packages/rviz_dynamic_slam_plugins)
[1.346s] Level 1:colcon.colcon_core.environment:create_environment_scripts_only(rviz_dynamic_slam_plugins)
[1.346s] Level 1:colcon.colcon_core.environment:checking '/home/bonnie/DynOSAM/install/rviz_dynamic_slam_plugins' for CMake module files
[1.346s] Level 1:colcon.colcon_core.environment:checking '/home/bonnie/DynOSAM/install/rviz_dynamic_slam_plugins' for CMake config files
[1.346s] Level 1:colcon.colcon_core.shell:create_environment_hook('rviz_dynamic_slam_plugins', 'cmake_prefix_path')
[1.347s] INFO:colcon.colcon_core.shell:Creating environment hook '/home/bonnie/DynOSAM/install/rviz_dynamic_slam_plugins/share/rviz_dynamic_slam_plugins/hook/cmake_prefix_path.ps1'
[1.347s] INFO:colcon.colcon_core.shell:Creating environment descriptor '/home/bonnie/DynOSAM/install/rviz_dynamic_slam_plugins/share/rviz_dynamic_slam_plugins/hook/cmake_prefix_path.dsv'
[1.347s] INFO:colcon.colcon_core.shell:Creating environment hook '/home/bonnie/DynOSAM/install/rviz_dynamic_slam_plugins/share/rviz_dynamic_slam_plugins/hook/cmake_prefix_path.sh'
[1.348s] Level 1:colcon.colcon_core.environment:checking '/home/bonnie/DynOSAM/install/rviz_dynamic_slam_plugins/lib'
[1.348s] Level 1:colcon.colcon_core.shell:create_environment_hook('rviz_dynamic_slam_plugins', 'ld_library_path_lib')
[1.348s] INFO:colcon.colcon_core.shell:Creating environment hook '/home/bonnie/DynOSAM/install/rviz_dynamic_slam_plugins/share/rviz_dynamic_slam_plugins/hook/ld_library_path_lib.ps1'
[1.348s] INFO:colcon.colcon_core.shell:Creating environment descriptor '/home/bonnie/DynOSAM/install/rviz_dynamic_slam_plugins/share/rviz_dynamic_slam_plugins/hook/ld_library_path_lib.dsv'
[1.349s] INFO:colcon.colcon_core.shell:Creating environment hook '/home/bonnie/DynOSAM/install/rviz_dynamic_slam_plugins/share/rviz_dynamic_slam_plugins/hook/ld_library_path_lib.sh'
[1.349s] Level 1:colcon.colcon_core.environment:checking '/home/bonnie/DynOSAM/install/rviz_dynamic_slam_plugins/bin'
[1.350s] Level 1:colcon.colcon_core.environment:checking '/home/bonnie/DynOSAM/install/rviz_dynamic_slam_plugins/lib/pkgconfig/rviz_dynamic_slam_plugins.pc'
[1.350s] Level 1:colcon.colcon_core.environment:checking '/home/bonnie/DynOSAM/install/rviz_dynamic_slam_plugins/lib/python3.10/site-packages'
[1.350s] Level 1:colcon.colcon_core.environment:checking '/home/bonnie/DynOSAM/install/rviz_dynamic_slam_plugins/bin'
[1.351s] INFO:colcon.colcon_core.shell:Creating package script '/home/bonnie/DynOSAM/install/rviz_dynamic_slam_plugins/share/rviz_dynamic_slam_plugins/package.ps1'
[1.352s] INFO:colcon.colcon_core.shell:Creating package descriptor '/home/bonnie/DynOSAM/install/rviz_dynamic_slam_plugins/share/rviz_dynamic_slam_plugins/package.dsv'
[1.352s] INFO:colcon.colcon_core.shell:Creating package script '/home/bonnie/DynOSAM/install/rviz_dynamic_slam_plugins/share/rviz_dynamic_slam_plugins/package.sh'
[1.352s] INFO:colcon.colcon_core.shell:Creating package script '/home/bonnie/DynOSAM/install/rviz_dynamic_slam_plugins/share/rviz_dynamic_slam_plugins/package.bash'
[1.353s] INFO:colcon.colcon_core.shell:Creating package script '/home/bonnie/DynOSAM/install/rviz_dynamic_slam_plugins/share/rviz_dynamic_slam_plugins/package.zsh'
[1.353s] Level 1:colcon.colcon_core.environment:create_file_with_runtime_dependencies(/home/bonnie/DynOSAM/install/rviz_dynamic_slam_plugins/share/colcon-core/packages/rviz_dynamic_slam_plugins)
[392.317s] DEBUG:colcon.colcon_core.event_handler.log_command:Invoked command in '/home/bonnie/DynOSAM/build/dynosam' returned '1': AMENT_PREFIX_PATH=/home/bonnie/DynOSAM/install/zed_msgs:${AMENT_PREFIX_PATH} CMAKE_PREFIX_PATH=/home/bonnie/DynOSAM/install/zed_msgs:/opt/ros/humble LD_LIBRARY_PATH=/home/bonnie/DynOSAM/install/zed_msgs/lib:${LD_LIBRARY_PATH} PYTHONPATH=/home/bonnie/DynOSAM/install/zed_msgs/local/lib/python3.10/dist-packages:${PYTHONPATH} /usr/bin/cmake --build /home/bonnie/DynOSAM/build/dynosam -- -j16 -l16
[392.323s] Level 1:colcon.colcon_core.environment:create_environment_scripts_only(dynosam)
[392.324s] Level 1:colcon.colcon_core.environment:checking '/home/bonnie/DynOSAM/install/dynosam' for CMake module files
[392.327s] Level 1:colcon.colcon_core.environment:checking '/home/bonnie/DynOSAM/install/dynosam' for CMake config files
[392.328s] Level 1:colcon.colcon_core.shell:create_environment_hook('dynosam', 'cmake_prefix_path')
[392.329s] INFO:colcon.colcon_core.shell:Creating environment hook '/home/bonnie/DynOSAM/install/dynosam/share/dynosam/hook/cmake_prefix_path.ps1'
[392.334s] INFO:colcon.colcon_core.shell:Creating environment descriptor '/home/bonnie/DynOSAM/install/dynosam/share/dynosam/hook/cmake_prefix_path.dsv'
[392.337s] INFO:colcon.colcon_core.shell:Creating environment hook '/home/bonnie/DynOSAM/install/dynosam/share/dynosam/hook/cmake_prefix_path.sh'
[392.338s] Level 1:colcon.colcon_core.environment:checking '/home/bonnie/DynOSAM/install/dynosam/lib'
[392.339s] Level 1:colcon.colcon_core.shell:create_environment_hook('dynosam', 'ld_library_path_lib')
[392.339s] INFO:colcon.colcon_core.shell:Creating environment hook '/home/bonnie/DynOSAM/install/dynosam/share/dynosam/hook/ld_library_path_lib.ps1'
[392.339s] INFO:colcon.colcon_core.shell:Creating environment descriptor '/home/bonnie/DynOSAM/install/dynosam/share/dynosam/hook/ld_library_path_lib.dsv'
[392.340s] INFO:colcon.colcon_core.shell:Creating environment hook '/home/bonnie/DynOSAM/install/dynosam/share/dynosam/hook/ld_library_path_lib.sh'
[392.340s] Level 1:colcon.colcon_core.environment:checking '/home/bonnie/DynOSAM/install/dynosam/bin'
[392.340s] Level 1:colcon.colcon_core.environment:checking '/home/bonnie/DynOSAM/install/dynosam/lib/pkgconfig/dynosam.pc'
[392.342s] Level 1:colcon.colcon_core.environment:checking '/home/bonnie/DynOSAM/install/dynosam/lib/python3.10/site-packages'
[392.342s] Level 1:colcon.colcon_core.environment:checking '/home/bonnie/DynOSAM/install/dynosam/bin'
[392.342s] INFO:colcon.colcon_core.shell:Creating package script '/home/bonnie/DynOSAM/install/dynosam/share/dynosam/package.ps1'
[392.344s] INFO:colcon.colcon_core.shell:Creating package descriptor '/home/bonnie/DynOSAM/install/dynosam/share/dynosam/package.dsv'
[392.344s] INFO:colcon.colcon_core.shell:Creating package script '/home/bonnie/DynOSAM/install/dynosam/share/dynosam/package.sh'
[392.345s] INFO:colcon.colcon_core.shell:Creating package script '/home/bonnie/DynOSAM/install/dynosam/share/dynosam/package.bash'
[392.347s] INFO:colcon.colcon_core.shell:Creating package script '/home/bonnie/DynOSAM/install/dynosam/share/dynosam/package.zsh'
[392.349s] Level 1:colcon.colcon_core.environment:create_file_with_runtime_dependencies(/home/bonnie/DynOSAM/install/dynosam/share/colcon-core/packages/dynosam)
[392.352s] DEBUG:colcon.colcon_parallel_executor.executor.parallel:closing loop
[392.353s] DEBUG:colcon.colcon_parallel_executor.executor.parallel:loop closed
[392.353s] DEBUG:colcon.colcon_parallel_executor.executor.parallel:run_until_complete finished with '1'
[392.353s] DEBUG:colcon.colcon_core.event_reactor:joining thread
[392.469s] INFO:colcon.colcon_core.plugin_system:Skipping extension 'colcon_notification.desktop_notification.notify_send': Could not find 'notify-send'
[392.469s] INFO:colcon.colcon_core.plugin_system:Skipping extension 'colcon_notification.desktop_notification.terminal_notifier': Not used on non-Darwin systems
[392.469s] INFO:colcon.colcon_core.plugin_system:Skipping extension 'colcon_notification.desktop_notification.win32': Not used on non-Windows systems
[392.469s] INFO:colcon.colcon_notification.desktop_notification:Sending desktop notification using 'notify2'
[392.469s] DEBUG:colcon.colcon_notification.desktop_notification.notify2:Failed to initialize notify2: org.freedesktop.DBus.Error.FileNotFound: Failed to connect to socket /run/user/1000/bus: No such file or directory
[392.470s] DEBUG:colcon.colcon_core.event_reactor:joined thread
[392.470s] INFO:colcon.colcon_core.shell:Creating prefix script '/home/bonnie/DynOSAM/install/local_setup.ps1'
[392.472s] INFO:colcon.colcon_core.shell:Creating prefix util module '/home/bonnie/DynOSAM/install/_local_setup_util_ps1.py'
[392.473s] INFO:colcon.colcon_core.shell:Creating prefix chain script '/home/bonnie/DynOSAM/install/setup.ps1'
[392.475s] INFO:colcon.colcon_core.shell:Creating prefix script '/home/bonnie/DynOSAM/install/local_setup.sh'
[392.476s] INFO:colcon.colcon_core.shell:Creating prefix util module '/home/bonnie/DynOSAM/install/_local_setup_util_sh.py'
[392.476s] INFO:colcon.colcon_core.shell:Creating prefix chain script '/home/bonnie/DynOSAM/install/setup.sh'
[392.477s] INFO:colcon.colcon_core.shell:Creating prefix script '/home/bonnie/DynOSAM/install/local_setup.bash'
[392.478s] INFO:colcon.colcon_core.shell:Creating prefix chain script '/home/bonnie/DynOSAM/install/setup.bash'
[392.481s] INFO:colcon.colcon_core.shell:Creating prefix script '/home/bonnie/DynOSAM/install/local_setup.zsh'
[392.482s] INFO:colcon.colcon_core.shell:Creating prefix chain script '/home/bonnie/DynOSAM/install/setup.zsh'
