[0.027s] Invoking command in '/home/bonnie/DynOSAM/build/dynamic_slam_interfaces': CMAKE_PREFIX_PATH=/opt/ros/humble /usr/bin/cmake --build /home/bonnie/DynOSAM/build/dynamic_slam_interfaces -- -j16 -l16
[0.085s] 
[0.108s] [0/2] cd /home/bonnie/DynOSAM/build/dynamic_slam_interfaces && /usr/bin/cmake -E copy_directory /home/bonnie/DynOSAM/build/dynamic_slam_interfaces/rosidl_generator_py/dynamic_slam_interfaces /home/bonnie/DynOSAM/build/dynamic_slam_interfaces/ament_cmake_python/dynamic_slam_interfaces/dynamic_slam_interfaces[K
[0.109s] [1/2] cd /home/bonnie/DynOSAM/build/dynamic_slam_interfaces && /usr/bin/cmake -E copy_directory /home/bonnie/DynOSAM/build/dynamic_slam_interfaces/rosidl_generator_py/dynamic_slam_interfaces /home/bonnie/DynOSAM/build/dynamic_slam_interfaces/ament_cmake_python/dynamic_slam_interfaces/dynamic_slam_interfaces[K
[0.385s] [1/2] cd /home/bonnie/DynOSAM/build/dynamic_slam_interfaces/ament_cmake_python/dynamic_slam_interfaces && /usr/bin/python3 setup.py egg_info[K
[0.386s] [2/2] cd /home/bonnie/DynOSAM/build/dynamic_slam_interfaces/ament_cmake_python/dynamic_slam_interfaces && /usr/bin/python3 setup.py egg_info[K
[0.386s] running egg_info
[0.386s] writing dynamic_slam_interfaces.egg-info/PKG-INFO
[0.386s] writing dependency_links to dynamic_slam_interfaces.egg-info/dependency_links.txt
[0.386s] writing top-level names to dynamic_slam_interfaces.egg-info/top_level.txt
[0.386s] reading manifest file 'dynamic_slam_interfaces.egg-info/SOURCES.txt'
[0.386s] writing manifest file 'dynamic_slam_interfaces.egg-info/SOURCES.txt'
[0.389s] Invoked command in '/home/bonnie/DynOSAM/build/dynamic_slam_interfaces' returned '0': CMAKE_PREFIX_PATH=/opt/ros/humble /usr/bin/cmake --build /home/bonnie/DynOSAM/build/dynamic_slam_interfaces -- -j16 -l16
[0.393s] Invoking command in '/home/bonnie/DynOSAM/build/dynamic_slam_interfaces': CMAKE_PREFIX_PATH=/opt/ros/humble /usr/bin/cmake --install /home/bonnie/DynOSAM/build/dynamic_slam_interfaces
[0.402s] -- Install configuration: "RelWithDebinfo"
[0.403s] -- Up-to-date: /home/bonnie/DynOSAM/install/dynamic_slam_interfaces/share/ament_index/resource_index/rosidl_interfaces/dynamic_slam_interfaces
[0.403s] -- Up-to-date: /home/bonnie/DynOSAM/install/dynamic_slam_interfaces/include/dynamic_slam_interfaces/dynamic_slam_interfaces
[0.403s] -- Up-to-date: /home/bonnie/DynOSAM/install/dynamic_slam_interfaces/include/dynamic_slam_interfaces/dynamic_slam_interfaces/msg
[0.404s] -- Up-to-date: /home/bonnie/DynOSAM/install/dynamic_slam_interfaces/include/dynamic_slam_interfaces/dynamic_slam_interfaces/msg/object_odometry_path.h
[0.404s] -- Up-to-date: /home/bonnie/DynOSAM/install/dynamic_slam_interfaces/include/dynamic_slam_interfaces/dynamic_slam_interfaces/msg/multi_object_odometry_path.h
[0.404s] -- Up-to-date: /home/bonnie/DynOSAM/install/dynamic_slam_interfaces/include/dynamic_slam_interfaces/dynamic_slam_interfaces/msg/object_odometry.h
[0.404s] -- Up-to-date: /home/bonnie/DynOSAM/install/dynamic_slam_interfaces/include/dynamic_slam_interfaces/dynamic_slam_interfaces/msg/rosidl_generator_c__visibility_control.h
[0.404s] -- Up-to-date: /home/bonnie/DynOSAM/install/dynamic_slam_interfaces/include/dynamic_slam_interfaces/dynamic_slam_interfaces/msg/detail
[0.404s] -- Up-to-date: /home/bonnie/DynOSAM/install/dynamic_slam_interfaces/include/dynamic_slam_interfaces/dynamic_slam_interfaces/msg/detail/object_odometry_path__struct.h
[0.404s] -- Up-to-date: /home/bonnie/DynOSAM/install/dynamic_slam_interfaces/include/dynamic_slam_interfaces/dynamic_slam_interfaces/msg/detail/object_odometry_path__functions.h
[0.405s] -- Up-to-date: /home/bonnie/DynOSAM/install/dynamic_slam_interfaces/include/dynamic_slam_interfaces/dynamic_slam_interfaces/msg/detail/multi_object_odometry_path__struct.h
[0.405s] -- Up-to-date: /home/bonnie/DynOSAM/install/dynamic_slam_interfaces/include/dynamic_slam_interfaces/dynamic_slam_interfaces/msg/detail/object_odometry_path__functions.c
[0.405s] -- Up-to-date: /home/bonnie/DynOSAM/install/dynamic_slam_interfaces/include/dynamic_slam_interfaces/dynamic_slam_interfaces/msg/detail/object_odometry_path__type_support.h
[0.405s] -- Up-to-date: /home/bonnie/DynOSAM/install/dynamic_slam_interfaces/include/dynamic_slam_interfaces/dynamic_slam_interfaces/msg/detail/object_odometry__type_support.h
[0.405s] -- Up-to-date: /home/bonnie/DynOSAM/install/dynamic_slam_interfaces/include/dynamic_slam_interfaces/dynamic_slam_interfaces/msg/detail/multi_object_odometry_path__functions.h
[0.405s] -- Up-to-date: /home/bonnie/DynOSAM/install/dynamic_slam_interfaces/include/dynamic_slam_interfaces/dynamic_slam_interfaces/msg/detail/multi_object_odometry_path__functions.c
[0.405s] -- Up-to-date: /home/bonnie/DynOSAM/install/dynamic_slam_interfaces/include/dynamic_slam_interfaces/dynamic_slam_interfaces/msg/detail/object_odometry__struct.h
[0.405s] -- Up-to-date: /home/bonnie/DynOSAM/install/dynamic_slam_interfaces/include/dynamic_slam_interfaces/dynamic_slam_interfaces/msg/detail/object_odometry__functions.h
[0.405s] -- Up-to-date: /home/bonnie/DynOSAM/install/dynamic_slam_interfaces/include/dynamic_slam_interfaces/dynamic_slam_interfaces/msg/detail/multi_object_odometry_path__type_support.h
[0.405s] -- Up-to-date: /home/bonnie/DynOSAM/install/dynamic_slam_interfaces/include/dynamic_slam_interfaces/dynamic_slam_interfaces/msg/detail/object_odometry__functions.c
[0.405s] -- Up-to-date: /home/bonnie/DynOSAM/install/dynamic_slam_interfaces/share/dynamic_slam_interfaces/environment/library_path.sh
[0.405s] -- Up-to-date: /home/bonnie/DynOSAM/install/dynamic_slam_interfaces/share/dynamic_slam_interfaces/environment/library_path.dsv
[0.406s] -- Up-to-date: /home/bonnie/DynOSAM/install/dynamic_slam_interfaces/lib/libdynamic_slam_interfaces__rosidl_generator_c.so
[0.406s] -- Up-to-date: /home/bonnie/DynOSAM/install/dynamic_slam_interfaces/include/dynamic_slam_interfaces/dynamic_slam_interfaces
[0.406s] -- Up-to-date: /home/bonnie/DynOSAM/install/dynamic_slam_interfaces/include/dynamic_slam_interfaces/dynamic_slam_interfaces/msg
[0.406s] -- Up-to-date: /home/bonnie/DynOSAM/install/dynamic_slam_interfaces/include/dynamic_slam_interfaces/dynamic_slam_interfaces/msg/rosidl_typesupport_fastrtps_c__visibility_control.h
[0.406s] -- Up-to-date: /home/bonnie/DynOSAM/install/dynamic_slam_interfaces/include/dynamic_slam_interfaces/dynamic_slam_interfaces/msg/detail
[0.407s] -- Up-to-date: /home/bonnie/DynOSAM/install/dynamic_slam_interfaces/include/dynamic_slam_interfaces/dynamic_slam_interfaces/msg/detail/object_odometry_path__rosidl_typesupport_fastrtps_c.h
[0.407s] -- Up-to-date: /home/bonnie/DynOSAM/install/dynamic_slam_interfaces/include/dynamic_slam_interfaces/dynamic_slam_interfaces/msg/detail/multi_object_odometry_path__rosidl_typesupport_fastrtps_c.h
[0.407s] -- Up-to-date: /home/bonnie/DynOSAM/install/dynamic_slam_interfaces/include/dynamic_slam_interfaces/dynamic_slam_interfaces/msg/detail/object_odometry__rosidl_typesupport_fastrtps_c.h
[0.408s] -- Up-to-date: /home/bonnie/DynOSAM/install/dynamic_slam_interfaces/lib/libdynamic_slam_interfaces__rosidl_typesupport_fastrtps_c.so
[0.408s] -- Up-to-date: /home/bonnie/DynOSAM/install/dynamic_slam_interfaces/include/dynamic_slam_interfaces/dynamic_slam_interfaces
[0.409s] -- Up-to-date: /home/bonnie/DynOSAM/install/dynamic_slam_interfaces/include/dynamic_slam_interfaces/dynamic_slam_interfaces/msg
[0.409s] -- Up-to-date: /home/bonnie/DynOSAM/install/dynamic_slam_interfaces/include/dynamic_slam_interfaces/dynamic_slam_interfaces/msg/rosidl_generator_cpp__visibility_control.hpp
[0.413s] -- Up-to-date: /home/bonnie/DynOSAM/install/dynamic_slam_interfaces/include/dynamic_slam_interfaces/dynamic_slam_interfaces/msg/object_odometry_path.hpp
[0.413s] -- Up-to-date: /home/bonnie/DynOSAM/install/dynamic_slam_interfaces/include/dynamic_slam_interfaces/dynamic_slam_interfaces/msg/multi_object_odometry_path.hpp
[0.413s] -- Up-to-date: /home/bonnie/DynOSAM/install/dynamic_slam_interfaces/include/dynamic_slam_interfaces/dynamic_slam_interfaces/msg/object_odometry.hpp
[0.413s] -- Up-to-date: /home/bonnie/DynOSAM/install/dynamic_slam_interfaces/include/dynamic_slam_interfaces/dynamic_slam_interfaces/msg/detail
[0.421s] -- Up-to-date: /home/bonnie/DynOSAM/install/dynamic_slam_interfaces/include/dynamic_slam_interfaces/dynamic_slam_interfaces/msg/detail/object_odometry_path__traits.hpp
[0.421s] -- Up-to-date: /home/bonnie/DynOSAM/install/dynamic_slam_interfaces/include/dynamic_slam_interfaces/dynamic_slam_interfaces/msg/detail/multi_object_odometry_path__traits.hpp
[0.421s] -- Up-to-date: /home/bonnie/DynOSAM/install/dynamic_slam_interfaces/include/dynamic_slam_interfaces/dynamic_slam_interfaces/msg/detail/multi_object_odometry_path__builder.hpp
[0.422s] -- Up-to-date: /home/bonnie/DynOSAM/install/dynamic_slam_interfaces/include/dynamic_slam_interfaces/dynamic_slam_interfaces/msg/detail/object_odometry_path__struct.hpp
[0.422s] -- Up-to-date: /home/bonnie/DynOSAM/install/dynamic_slam_interfaces/include/dynamic_slam_interfaces/dynamic_slam_interfaces/msg/detail/multi_object_odometry_path__type_support.hpp
[0.422s] -- Up-to-date: /home/bonnie/DynOSAM/install/dynamic_slam_interfaces/include/dynamic_slam_interfaces/dynamic_slam_interfaces/msg/detail/object_odometry__struct.hpp
[0.422s] -- Up-to-date: /home/bonnie/DynOSAM/install/dynamic_slam_interfaces/include/dynamic_slam_interfaces/dynamic_slam_interfaces/msg/detail/object_odometry__traits.hpp
[0.423s] -- Up-to-date: /home/bonnie/DynOSAM/install/dynamic_slam_interfaces/include/dynamic_slam_interfaces/dynamic_slam_interfaces/msg/detail/object_odometry_path__type_support.hpp
[0.423s] -- Up-to-date: /home/bonnie/DynOSAM/install/dynamic_slam_interfaces/include/dynamic_slam_interfaces/dynamic_slam_interfaces/msg/detail/multi_object_odometry_path__struct.hpp
[0.423s] -- Up-to-date: /home/bonnie/DynOSAM/install/dynamic_slam_interfaces/include/dynamic_slam_interfaces/dynamic_slam_interfaces/msg/detail/object_odometry__type_support.hpp
[0.423s] -- Up-to-date: /home/bonnie/DynOSAM/install/dynamic_slam_interfaces/include/dynamic_slam_interfaces/dynamic_slam_interfaces/msg/detail/object_odometry__builder.hpp
[0.423s] -- Up-to-date: /home/bonnie/DynOSAM/install/dynamic_slam_interfaces/include/dynamic_slam_interfaces/dynamic_slam_interfaces/msg/detail/object_odometry_path__builder.hpp
[0.424s] -- Up-to-date: /home/bonnie/DynOSAM/install/dynamic_slam_interfaces/include/dynamic_slam_interfaces/dynamic_slam_interfaces
[0.424s] -- Up-to-date: /home/bonnie/DynOSAM/install/dynamic_slam_interfaces/include/dynamic_slam_interfaces/dynamic_slam_interfaces/msg
[0.424s] -- Up-to-date: /home/bonnie/DynOSAM/install/dynamic_slam_interfaces/include/dynamic_slam_interfaces/dynamic_slam_interfaces/msg/rosidl_typesupport_fastrtps_cpp__visibility_control.h
[0.424s] -- Up-to-date: /home/bonnie/DynOSAM/install/dynamic_slam_interfaces/include/dynamic_slam_interfaces/dynamic_slam_interfaces/msg/detail
[0.424s] -- Up-to-date: /home/bonnie/DynOSAM/install/dynamic_slam_interfaces/include/dynamic_slam_interfaces/dynamic_slam_interfaces/msg/detail/object_odometry_path__rosidl_typesupport_fastrtps_cpp.hpp
[0.425s] -- Up-to-date: /home/bonnie/DynOSAM/install/dynamic_slam_interfaces/include/dynamic_slam_interfaces/dynamic_slam_interfaces/msg/detail/object_odometry__rosidl_typesupport_fastrtps_cpp.hpp
[0.425s] -- Up-to-date: /home/bonnie/DynOSAM/install/dynamic_slam_interfaces/include/dynamic_slam_interfaces/dynamic_slam_interfaces/msg/detail/dds_fastrtps
[0.425s] -- Up-to-date: /home/bonnie/DynOSAM/install/dynamic_slam_interfaces/include/dynamic_slam_interfaces/dynamic_slam_interfaces/msg/detail/multi_object_odometry_path__rosidl_typesupport_fastrtps_cpp.hpp
[0.425s] -- Up-to-date: /home/bonnie/DynOSAM/install/dynamic_slam_interfaces/lib/libdynamic_slam_interfaces__rosidl_typesupport_fastrtps_cpp.so
[0.426s] -- Up-to-date: /home/bonnie/DynOSAM/install/dynamic_slam_interfaces/include/dynamic_slam_interfaces/dynamic_slam_interfaces
[0.426s] -- Up-to-date: /home/bonnie/DynOSAM/install/dynamic_slam_interfaces/include/dynamic_slam_interfaces/dynamic_slam_interfaces/msg
[0.426s] -- Up-to-date: /home/bonnie/DynOSAM/install/dynamic_slam_interfaces/include/dynamic_slam_interfaces/dynamic_slam_interfaces/msg/rosidl_typesupport_introspection_c__visibility_control.h
[0.426s] -- Up-to-date: /home/bonnie/DynOSAM/install/dynamic_slam_interfaces/include/dynamic_slam_interfaces/dynamic_slam_interfaces/msg/detail
[0.426s] -- Up-to-date: /home/bonnie/DynOSAM/install/dynamic_slam_interfaces/include/dynamic_slam_interfaces/dynamic_slam_interfaces/msg/detail/multi_object_odometry_path__type_support.c
[0.427s] -- Up-to-date: /home/bonnie/DynOSAM/install/dynamic_slam_interfaces/include/dynamic_slam_interfaces/dynamic_slam_interfaces/msg/detail/object_odometry__type_support.c
[0.427s] -- Up-to-date: /home/bonnie/DynOSAM/install/dynamic_slam_interfaces/include/dynamic_slam_interfaces/dynamic_slam_interfaces/msg/detail/object_odometry__rosidl_typesupport_introspection_c.h
[0.427s] -- Up-to-date: /home/bonnie/DynOSAM/install/dynamic_slam_interfaces/include/dynamic_slam_interfaces/dynamic_slam_interfaces/msg/detail/object_odometry_path__type_support.c
[0.427s] -- Up-to-date: /home/bonnie/DynOSAM/install/dynamic_slam_interfaces/include/dynamic_slam_interfaces/dynamic_slam_interfaces/msg/detail/object_odometry_path__rosidl_typesupport_introspection_c.h
[0.427s] -- Up-to-date: /home/bonnie/DynOSAM/install/dynamic_slam_interfaces/include/dynamic_slam_interfaces/dynamic_slam_interfaces/msg/detail/multi_object_odometry_path__rosidl_typesupport_introspection_c.h
[0.433s] -- Up-to-date: /home/bonnie/DynOSAM/install/dynamic_slam_interfaces/lib/libdynamic_slam_interfaces__rosidl_typesupport_introspection_c.so
[0.440s] -- Up-to-date: /home/bonnie/DynOSAM/install/dynamic_slam_interfaces/lib/libdynamic_slam_interfaces__rosidl_typesupport_c.so
[0.440s] -- Up-to-date: /home/bonnie/DynOSAM/install/dynamic_slam_interfaces/include/dynamic_slam_interfaces/dynamic_slam_interfaces
[0.440s] -- Up-to-date: /home/bonnie/DynOSAM/install/dynamic_slam_interfaces/include/dynamic_slam_interfaces/dynamic_slam_interfaces/msg
[0.440s] -- Up-to-date: /home/bonnie/DynOSAM/install/dynamic_slam_interfaces/include/dynamic_slam_interfaces/dynamic_slam_interfaces/msg/detail
[0.440s] -- Up-to-date: /home/bonnie/DynOSAM/install/dynamic_slam_interfaces/include/dynamic_slam_interfaces/dynamic_slam_interfaces/msg/detail/object_odometry_path__rosidl_typesupport_introspection_cpp.hpp
[0.440s] -- Up-to-date: /home/bonnie/DynOSAM/install/dynamic_slam_interfaces/include/dynamic_slam_interfaces/dynamic_slam_interfaces/msg/detail/multi_object_odometry_path__type_support.cpp
[0.440s] -- Up-to-date: /home/bonnie/DynOSAM/install/dynamic_slam_interfaces/include/dynamic_slam_interfaces/dynamic_slam_interfaces/msg/detail/multi_object_odometry_path__rosidl_typesupport_introspection_cpp.hpp
[0.440s] -- Up-to-date: /home/bonnie/DynOSAM/install/dynamic_slam_interfaces/include/dynamic_slam_interfaces/dynamic_slam_interfaces/msg/detail/object_odometry__rosidl_typesupport_introspection_cpp.hpp
[0.440s] -- Up-to-date: /home/bonnie/DynOSAM/install/dynamic_slam_interfaces/include/dynamic_slam_interfaces/dynamic_slam_interfaces/msg/detail/object_odometry_path__type_support.cpp
[0.440s] -- Up-to-date: /home/bonnie/DynOSAM/install/dynamic_slam_interfaces/include/dynamic_slam_interfaces/dynamic_slam_interfaces/msg/detail/object_odometry__type_support.cpp
[0.440s] -- Up-to-date: /home/bonnie/DynOSAM/install/dynamic_slam_interfaces/lib/libdynamic_slam_interfaces__rosidl_typesupport_introspection_cpp.so
[0.442s] -- Up-to-date: /home/bonnie/DynOSAM/install/dynamic_slam_interfaces/lib/libdynamic_slam_interfaces__rosidl_typesupport_cpp.so
[0.442s] -- Up-to-date: /home/bonnie/DynOSAM/install/dynamic_slam_interfaces/share/dynamic_slam_interfaces/environment/pythonpath.sh
[0.443s] -- Up-to-date: /home/bonnie/DynOSAM/install/dynamic_slam_interfaces/share/dynamic_slam_interfaces/environment/pythonpath.dsv
[0.443s] -- Up-to-date: /home/bonnie/DynOSAM/install/dynamic_slam_interfaces/local/lib/python3.10/dist-packages/dynamic_slam_interfaces-1.0.0-py3.10.egg-info
[0.443s] -- Installing: /home/bonnie/DynOSAM/install/dynamic_slam_interfaces/local/lib/python3.10/dist-packages/dynamic_slam_interfaces-1.0.0-py3.10.egg-info/top_level.txt
[0.443s] -- Installing: /home/bonnie/DynOSAM/install/dynamic_slam_interfaces/local/lib/python3.10/dist-packages/dynamic_slam_interfaces-1.0.0-py3.10.egg-info/dependency_links.txt
[0.443s] -- Installing: /home/bonnie/DynOSAM/install/dynamic_slam_interfaces/local/lib/python3.10/dist-packages/dynamic_slam_interfaces-1.0.0-py3.10.egg-info/PKG-INFO
[0.443s] -- Installing: /home/bonnie/DynOSAM/install/dynamic_slam_interfaces/local/lib/python3.10/dist-packages/dynamic_slam_interfaces-1.0.0-py3.10.egg-info/SOURCES.txt
[0.443s] -- Up-to-date: /home/bonnie/DynOSAM/install/dynamic_slam_interfaces/local/lib/python3.10/dist-packages/dynamic_slam_interfaces
[0.443s] -- Up-to-date: /home/bonnie/DynOSAM/install/dynamic_slam_interfaces/local/lib/python3.10/dist-packages/dynamic_slam_interfaces/_dynamic_slam_interfaces_s.ep.rosidl_typesupport_c.c
[0.443s] -- Up-to-date: /home/bonnie/DynOSAM/install/dynamic_slam_interfaces/local/lib/python3.10/dist-packages/dynamic_slam_interfaces/dynamic_slam_interfaces_s__rosidl_typesupport_c.cpython-310-x86_64-linux-gnu.so
[0.443s] -- Up-to-date: /home/bonnie/DynOSAM/install/dynamic_slam_interfaces/local/lib/python3.10/dist-packages/dynamic_slam_interfaces/_dynamic_slam_interfaces_s.ep.rosidl_typesupport_introspection_c.c
[0.443s] -- Up-to-date: /home/bonnie/DynOSAM/install/dynamic_slam_interfaces/local/lib/python3.10/dist-packages/dynamic_slam_interfaces/libdynamic_slam_interfaces__rosidl_generator_py.so
[0.443s] -- Up-to-date: /home/bonnie/DynOSAM/install/dynamic_slam_interfaces/local/lib/python3.10/dist-packages/dynamic_slam_interfaces/dynamic_slam_interfaces_s__rosidl_typesupport_fastrtps_c.cpython-310-x86_64-linux-gnu.so
[0.443s] -- Up-to-date: /home/bonnie/DynOSAM/install/dynamic_slam_interfaces/local/lib/python3.10/dist-packages/dynamic_slam_interfaces/_dynamic_slam_interfaces_s.ep.rosidl_typesupport_fastrtps_c.c
[0.443s] -- Up-to-date: /home/bonnie/DynOSAM/install/dynamic_slam_interfaces/local/lib/python3.10/dist-packages/dynamic_slam_interfaces/dynamic_slam_interfaces_s__rosidl_typesupport_introspection_c.cpython-310-x86_64-linux-gnu.so
[0.444s] -- Up-to-date: /home/bonnie/DynOSAM/install/dynamic_slam_interfaces/local/lib/python3.10/dist-packages/dynamic_slam_interfaces/msg
[0.444s] -- Up-to-date: /home/bonnie/DynOSAM/install/dynamic_slam_interfaces/local/lib/python3.10/dist-packages/dynamic_slam_interfaces/msg/_object_odometry_s.c
[0.444s] -- Up-to-date: /home/bonnie/DynOSAM/install/dynamic_slam_interfaces/local/lib/python3.10/dist-packages/dynamic_slam_interfaces/msg/_object_odometry.py
[0.444s] -- Up-to-date: /home/bonnie/DynOSAM/install/dynamic_slam_interfaces/local/lib/python3.10/dist-packages/dynamic_slam_interfaces/msg/_object_odometry_path.py
[0.444s] -- Up-to-date: /home/bonnie/DynOSAM/install/dynamic_slam_interfaces/local/lib/python3.10/dist-packages/dynamic_slam_interfaces/msg/_multi_object_odometry_path.py
[0.444s] -- Up-to-date: /home/bonnie/DynOSAM/install/dynamic_slam_interfaces/local/lib/python3.10/dist-packages/dynamic_slam_interfaces/msg/_multi_object_odometry_path_s.c
[0.444s] -- Up-to-date: /home/bonnie/DynOSAM/install/dynamic_slam_interfaces/local/lib/python3.10/dist-packages/dynamic_slam_interfaces/msg/_object_odometry_path_s.c
[0.444s] -- Up-to-date: /home/bonnie/DynOSAM/install/dynamic_slam_interfaces/local/lib/python3.10/dist-packages/dynamic_slam_interfaces/msg/__init__.py
[0.444s] -- Up-to-date: /home/bonnie/DynOSAM/install/dynamic_slam_interfaces/local/lib/python3.10/dist-packages/dynamic_slam_interfaces/__init__.py
[0.469s] Listing '/home/bonnie/DynOSAM/install/dynamic_slam_interfaces/local/lib/python3.10/dist-packages/dynamic_slam_interfaces'...
[0.469s] Listing '/home/bonnie/DynOSAM/install/dynamic_slam_interfaces/local/lib/python3.10/dist-packages/dynamic_slam_interfaces/msg'...
[0.469s] -- Up-to-date: /home/bonnie/DynOSAM/install/dynamic_slam_interfaces/local/lib/python3.10/dist-packages/dynamic_slam_interfaces/dynamic_slam_interfaces_s__rosidl_typesupport_fastrtps_c.cpython-310-x86_64-linux-gnu.so
[0.470s] -- Up-to-date: /home/bonnie/DynOSAM/install/dynamic_slam_interfaces/local/lib/python3.10/dist-packages/dynamic_slam_interfaces/dynamic_slam_interfaces_s__rosidl_typesupport_introspection_c.cpython-310-x86_64-linux-gnu.so
[0.470s] -- Up-to-date: /home/bonnie/DynOSAM/install/dynamic_slam_interfaces/local/lib/python3.10/dist-packages/dynamic_slam_interfaces/dynamic_slam_interfaces_s__rosidl_typesupport_c.cpython-310-x86_64-linux-gnu.so
[0.470s] -- Up-to-date: /home/bonnie/DynOSAM/install/dynamic_slam_interfaces/lib/libdynamic_slam_interfaces__rosidl_generator_py.so
[0.470s] -- Up-to-date: /home/bonnie/DynOSAM/install/dynamic_slam_interfaces/share/dynamic_slam_interfaces/msg/ObjectOdometry.idl
[0.470s] -- Up-to-date: /home/bonnie/DynOSAM/install/dynamic_slam_interfaces/share/dynamic_slam_interfaces/msg/ObjectOdometryPath.idl
[0.471s] -- Up-to-date: /home/bonnie/DynOSAM/install/dynamic_slam_interfaces/share/dynamic_slam_interfaces/msg/MultiObjectOdometryPath.idl
[0.471s] -- Up-to-date: /home/bonnie/DynOSAM/install/dynamic_slam_interfaces/share/dynamic_slam_interfaces/msg/ObjectOdometry.msg
[0.471s] -- Up-to-date: /home/bonnie/DynOSAM/install/dynamic_slam_interfaces/share/dynamic_slam_interfaces/msg/ObjectOdometryPath.msg
[0.471s] -- Up-to-date: /home/bonnie/DynOSAM/install/dynamic_slam_interfaces/share/dynamic_slam_interfaces/msg/MultiObjectOdometryPath.msg
[0.471s] -- Up-to-date: /home/bonnie/DynOSAM/install/dynamic_slam_interfaces/include/dynamic_slam_interfaces
[0.471s] -- Up-to-date: /home/bonnie/DynOSAM/install/dynamic_slam_interfaces/include/dynamic_slam_interfaces/dynamic_slam_interfaces
[0.471s] -- Up-to-date: /home/bonnie/DynOSAM/install/dynamic_slam_interfaces/include/dynamic_slam_interfaces/dynamic_slam_interfaces/message_traits.hpp
[0.471s] -- Up-to-date: /home/bonnie/DynOSAM/install/dynamic_slam_interfaces/share/ament_index/resource_index/package_run_dependencies/dynamic_slam_interfaces
[0.471s] -- Up-to-date: /home/bonnie/DynOSAM/install/dynamic_slam_interfaces/share/ament_index/resource_index/parent_prefix_path/dynamic_slam_interfaces
[0.471s] -- Up-to-date: /home/bonnie/DynOSAM/install/dynamic_slam_interfaces/share/dynamic_slam_interfaces/environment/ament_prefix_path.sh
[0.471s] -- Up-to-date: /home/bonnie/DynOSAM/install/dynamic_slam_interfaces/share/dynamic_slam_interfaces/environment/ament_prefix_path.dsv
[0.471s] -- Up-to-date: /home/bonnie/DynOSAM/install/dynamic_slam_interfaces/share/dynamic_slam_interfaces/environment/path.sh
[0.471s] -- Up-to-date: /home/bonnie/DynOSAM/install/dynamic_slam_interfaces/share/dynamic_slam_interfaces/environment/path.dsv
[0.471s] -- Up-to-date: /home/bonnie/DynOSAM/install/dynamic_slam_interfaces/share/dynamic_slam_interfaces/local_setup.bash
[0.471s] -- Up-to-date: /home/bonnie/DynOSAM/install/dynamic_slam_interfaces/share/dynamic_slam_interfaces/local_setup.sh
[0.472s] -- Up-to-date: /home/bonnie/DynOSAM/install/dynamic_slam_interfaces/share/dynamic_slam_interfaces/local_setup.zsh
[0.472s] -- Up-to-date: /home/bonnie/DynOSAM/install/dynamic_slam_interfaces/share/dynamic_slam_interfaces/local_setup.dsv
[0.472s] -- Installing: /home/bonnie/DynOSAM/install/dynamic_slam_interfaces/share/dynamic_slam_interfaces/package.dsv
[0.472s] -- Up-to-date: /home/bonnie/DynOSAM/install/dynamic_slam_interfaces/share/ament_index/resource_index/packages/dynamic_slam_interfaces
[0.472s] -- Up-to-date: /home/bonnie/DynOSAM/install/dynamic_slam_interfaces/share/dynamic_slam_interfaces/cmake/export_dynamic_slam_interfaces__rosidl_generator_cExport.cmake
[0.472s] -- Up-to-date: /home/bonnie/DynOSAM/install/dynamic_slam_interfaces/share/dynamic_slam_interfaces/cmake/export_dynamic_slam_interfaces__rosidl_generator_cExport-relwithdebinfo.cmake
[0.472s] -- Up-to-date: /home/bonnie/DynOSAM/install/dynamic_slam_interfaces/share/dynamic_slam_interfaces/cmake/export_dynamic_slam_interfaces__rosidl_typesupport_fastrtps_cExport.cmake
[0.472s] -- Up-to-date: /home/bonnie/DynOSAM/install/dynamic_slam_interfaces/share/dynamic_slam_interfaces/cmake/export_dynamic_slam_interfaces__rosidl_typesupport_fastrtps_cExport-relwithdebinfo.cmake
[0.472s] -- Up-to-date: /home/bonnie/DynOSAM/install/dynamic_slam_interfaces/share/dynamic_slam_interfaces/cmake/export_dynamic_slam_interfaces__rosidl_generator_cppExport.cmake
[0.472s] -- Up-to-date: /home/bonnie/DynOSAM/install/dynamic_slam_interfaces/share/dynamic_slam_interfaces/cmake/export_dynamic_slam_interfaces__rosidl_typesupport_fastrtps_cppExport.cmake
[0.472s] -- Up-to-date: /home/bonnie/DynOSAM/install/dynamic_slam_interfaces/share/dynamic_slam_interfaces/cmake/export_dynamic_slam_interfaces__rosidl_typesupport_fastrtps_cppExport-relwithdebinfo.cmake
[0.472s] -- Up-to-date: /home/bonnie/DynOSAM/install/dynamic_slam_interfaces/share/dynamic_slam_interfaces/cmake/dynamic_slam_interfaces__rosidl_typesupport_introspection_cExport.cmake
[0.472s] -- Up-to-date: /home/bonnie/DynOSAM/install/dynamic_slam_interfaces/share/dynamic_slam_interfaces/cmake/dynamic_slam_interfaces__rosidl_typesupport_introspection_cExport-relwithdebinfo.cmake
[0.473s] -- Up-to-date: /home/bonnie/DynOSAM/install/dynamic_slam_interfaces/share/dynamic_slam_interfaces/cmake/dynamic_slam_interfaces__rosidl_typesupport_cExport.cmake
[0.473s] -- Up-to-date: /home/bonnie/DynOSAM/install/dynamic_slam_interfaces/share/dynamic_slam_interfaces/cmake/dynamic_slam_interfaces__rosidl_typesupport_cExport-relwithdebinfo.cmake
[0.473s] -- Up-to-date: /home/bonnie/DynOSAM/install/dynamic_slam_interfaces/share/dynamic_slam_interfaces/cmake/dynamic_slam_interfaces__rosidl_typesupport_introspection_cppExport.cmake
[0.473s] -- Up-to-date: /home/bonnie/DynOSAM/install/dynamic_slam_interfaces/share/dynamic_slam_interfaces/cmake/dynamic_slam_interfaces__rosidl_typesupport_introspection_cppExport-relwithdebinfo.cmake
[0.473s] -- Up-to-date: /home/bonnie/DynOSAM/install/dynamic_slam_interfaces/share/dynamic_slam_interfaces/cmake/dynamic_slam_interfaces__rosidl_typesupport_cppExport.cmake
[0.474s] -- Up-to-date: /home/bonnie/DynOSAM/install/dynamic_slam_interfaces/share/dynamic_slam_interfaces/cmake/dynamic_slam_interfaces__rosidl_typesupport_cppExport-relwithdebinfo.cmake
[0.474s] -- Up-to-date: /home/bonnie/DynOSAM/install/dynamic_slam_interfaces/share/dynamic_slam_interfaces/cmake/export_dynamic_slam_interfaces__rosidl_generator_pyExport.cmake
[0.475s] -- Up-to-date: /home/bonnie/DynOSAM/install/dynamic_slam_interfaces/share/dynamic_slam_interfaces/cmake/export_dynamic_slam_interfaces__rosidl_generator_pyExport-relwithdebinfo.cmake
[0.475s] -- Up-to-date: /home/bonnie/DynOSAM/install/dynamic_slam_interfaces/share/dynamic_slam_interfaces/cmake/export_dynamic_slam_interfacesExport.cmake
[0.475s] -- Up-to-date: /home/bonnie/DynOSAM/install/dynamic_slam_interfaces/share/dynamic_slam_interfaces/cmake/rosidl_cmake-extras.cmake
[0.475s] -- Up-to-date: /home/bonnie/DynOSAM/install/dynamic_slam_interfaces/share/dynamic_slam_interfaces/cmake/ament_cmake_export_dependencies-extras.cmake
[0.475s] -- Up-to-date: /home/bonnie/DynOSAM/install/dynamic_slam_interfaces/share/dynamic_slam_interfaces/cmake/ament_cmake_export_include_directories-extras.cmake
[0.475s] -- Up-to-date: /home/bonnie/DynOSAM/install/dynamic_slam_interfaces/share/dynamic_slam_interfaces/cmake/ament_cmake_export_libraries-extras.cmake
[0.476s] -- Up-to-date: /home/bonnie/DynOSAM/install/dynamic_slam_interfaces/share/dynamic_slam_interfaces/cmake/ament_cmake_export_targets-extras.cmake
[0.476s] -- Up-to-date: /home/bonnie/DynOSAM/install/dynamic_slam_interfaces/share/dynamic_slam_interfaces/cmake/rosidl_cmake_export_typesupport_targets-extras.cmake
[0.476s] -- Up-to-date: /home/bonnie/DynOSAM/install/dynamic_slam_interfaces/share/dynamic_slam_interfaces/cmake/rosidl_cmake_export_typesupport_libraries-extras.cmake
[0.476s] -- Up-to-date: /home/bonnie/DynOSAM/install/dynamic_slam_interfaces/share/dynamic_slam_interfaces/cmake/dynamic_slam_interfacesConfig.cmake
[0.476s] -- Up-to-date: /home/bonnie/DynOSAM/install/dynamic_slam_interfaces/share/dynamic_slam_interfaces/cmake/dynamic_slam_interfacesConfig-version.cmake
[0.476s] -- Up-to-date: /home/bonnie/DynOSAM/install/dynamic_slam_interfaces/share/dynamic_slam_interfaces/package.xml
[0.478s] Invoked command in '/home/bonnie/DynOSAM/build/dynamic_slam_interfaces' returned '0': CMAKE_PREFIX_PATH=/opt/ros/humble /usr/bin/cmake --install /home/bonnie/DynOSAM/build/dynamic_slam_interfaces
